ERROR - 2017-09-19 00:02:50 --> Severity: Warning --> Invalid argument supplied for foreach() /home/standard_digital/httpdocs/evewoman/application/views/desktop/modules/childCategory.php 21
ERROR - 2017-09-19 00:06:11 --> Severity: Warning --> Invalid argument supplied for foreach() /home/standard_digital/httpdocs/evewoman/application/views/desktop/modules/childCategory.php 21
ERROR - 2017-09-19 00:10:01 --> Severity: Warning --> Invalid argument supplied for foreach() /home/standard_digital/httpdocs/evewoman/application/views/desktop/modules/childCategory.php 21
ERROR - 2017-09-19 00:15:18 --> Severity: Warning --> Invalid argument supplied for foreach() /home/standard_digital/httpdocs/evewoman/application/views/desktop/modules/childCategory.php 21
ERROR - 2017-09-19 00:15:58 --> Severity: Warning --> Invalid argument supplied for foreach() /home/standard_digital/httpdocs/evewoman/application/views/desktop/modules/childCategory.php 21
ERROR - 2017-09-19 00:17:59 --> Severity: Warning --> Invalid argument supplied for foreach() /home/standard_digital/httpdocs/evewoman/application/views/desktop/modules/childCategory.php 21
ERROR - 2017-09-19 00:22:38 --> Severity: Warning --> Invalid argument supplied for foreach() /home/standard_digital/httpdocs/evewoman/application/views/desktop/modules/childCategory.php 21
ERROR - 2017-09-19 00:23:02 --> Severity: Warning --> Invalid argument supplied for foreach() /home/standard_digital/httpdocs/evewoman/application/views/desktop/modules/childCategory.php 21
ERROR - 2017-09-19 00:23:24 --> Severity: Warning --> Invalid argument supplied for foreach() /home/standard_digital/httpdocs/evewoman/application/views/desktop/modules/childCategory.php 21
ERROR - 2017-09-19 00:25:09 --> Severity: Warning --> Invalid argument supplied for foreach() /home/standard_digital/httpdocs/evewoman/application/views/desktop/modules/childCategory.php 21
ERROR - 2017-09-19 00:25:30 --> Severity: Warning --> Invalid argument supplied for foreach() /home/standard_digital/httpdocs/evewoman/application/views/desktop/modules/childCategory.php 21
ERROR - 2017-09-19 00:30:28 --> Severity: Warning --> Invalid argument supplied for foreach() /home/standard_digital/httpdocs/evewoman/application/views/desktop/modules/childCategory.php 21
ERROR - 2017-09-19 00:31:39 --> Query error: Column 'id' in where clause is ambiguous - Invalid query: SELECT `ktn_video`.`title`, `ktn_video`.`videoURL`, `ktn_video`.`id`, `ktn_video_category`.`name`, `ktn_video`.`publishdate`, `ktn_video`.`description`
FROM `ktn_video`
JOIN `ktn_video_category` ON `ktn_video_category`.`id`=`ktn_video`.`categoryid`
WHERE `id` = '2000114478'
ERROR - 2017-09-19 00:31:39 --> Severity: Error --> Call to a member function num_rows() on a non-object /home/standard_digital/httpdocs/evewoman/application/models/Article_model.php 197
ERROR - 2017-09-19 00:38:03 --> Severity: Warning --> Invalid argument supplied for foreach() /home/standard_digital/httpdocs/evewoman/application/views/desktop/modules/childCategory.php 21
ERROR - 2017-09-19 00:41:26 --> Severity: Warning --> Invalid argument supplied for foreach() /home/standard_digital/httpdocs/evewoman/application/views/desktop/modules/childCategory.php 21
ERROR - 2017-09-19 00:46:53 --> Severity: Warning --> Invalid argument supplied for foreach() /home/standard_digital/httpdocs/evewoman/application/views/desktop/modules/childCategory.php 21
ERROR - 2017-09-19 00:47:07 --> Severity: Warning --> Invalid argument supplied for foreach() /home/standard_digital/httpdocs/evewoman/application/views/desktop/modules/childCategory.php 21
ERROR - 2017-09-19 00:47:53 --> Severity: Warning --> Invalid argument supplied for foreach() /home/standard_digital/httpdocs/evewoman/application/views/mobile/modules/childCategory.php 12
ERROR - 2017-09-19 00:47:55 --> Severity: Warning --> Invalid argument supplied for foreach() /home/standard_digital/httpdocs/evewoman/application/views/mobile/modules/childCategory.php 12
ERROR - 2017-09-19 00:50:04 --> Severity: Warning --> Invalid argument supplied for foreach() /home/standard_digital/httpdocs/evewoman/application/views/mobile/modules/childCategory.php 12
ERROR - 2017-09-19 00:50:05 --> Severity: Warning --> Invalid argument supplied for foreach() /home/standard_digital/httpdocs/evewoman/application/views/mobile/modules/childCategory.php 12
ERROR - 2017-09-19 00:50:05 --> Severity: Warning --> Invalid argument supplied for foreach() /home/standard_digital/httpdocs/evewoman/application/views/mobile/modules/childCategory.php 12
ERROR - 2017-09-19 01:13:04 --> Severity: Warning --> Invalid argument supplied for foreach() /home/standard_digital/httpdocs/evewoman/application/views/desktop/modules/childCategory.php 21
ERROR - 2017-09-19 01:20:53 --> Severity: Warning --> Invalid argument supplied for foreach() /home/standard_digital/httpdocs/evewoman/application/views/desktop/modules/childCategory.php 21
ERROR - 2017-09-19 01:32:57 --> Severity: Warning --> Invalid argument supplied for foreach() /home/standard_digital/httpdocs/evewoman/application/views/desktop/modules/childCategory.php 21
ERROR - 2017-09-19 01:42:09 --> Severity: Warning --> Invalid argument supplied for foreach() /home/standard_digital/httpdocs/evewoman/application/views/desktop/modules/childCategory.php 21
ERROR - 2017-09-19 01:43:46 --> Severity: Warning --> Invalid argument supplied for foreach() /home/standard_digital/httpdocs/evewoman/application/views/desktop/modules/childCategory.php 21
ERROR - 2017-09-19 01:43:51 --> Severity: Warning --> Invalid argument supplied for foreach() /home/standard_digital/httpdocs/evewoman/application/views/desktop/modules/childCategory.php 21
ERROR - 2017-09-19 01:43:55 --> Severity: Warning --> Invalid argument supplied for foreach() /home/standard_digital/httpdocs/evewoman/application/views/desktop/modules/childCategory.php 21
ERROR - 2017-09-19 01:55:34 --> Severity: Warning --> Invalid argument supplied for foreach() /home/standard_digital/httpdocs/evewoman/application/views/mobile/modules/childCategory.php 12
ERROR - 2017-09-19 02:00:16 --> Severity: Warning --> Invalid argument supplied for foreach() /home/standard_digital/httpdocs/evewoman/application/views/desktop/modules/childCategory.php 21
ERROR - 2017-09-19 02:00:38 --> Severity: Warning --> Invalid argument supplied for foreach() /home/standard_digital/httpdocs/evewoman/application/views/desktop/modules/childCategory.php 21
ERROR - 2017-09-19 02:01:47 --> Severity: Warning --> Invalid argument supplied for foreach() /home/standard_digital/httpdocs/evewoman/application/views/desktop/modules/childCategory.php 21
ERROR - 2017-09-19 02:14:42 --> Severity: Warning --> Invalid argument supplied for foreach() /home/standard_digital/httpdocs/evewoman/application/views/desktop/modules/childCategory.php 21
ERROR - 2017-09-19 02:14:52 --> Severity: Warning --> Invalid argument supplied for foreach() /home/standard_digital/httpdocs/evewoman/application/views/desktop/modules/childCategory.php 21
ERROR - 2017-09-19 02:17:19 --> Severity: Warning --> Invalid argument supplied for foreach() /home/standard_digital/httpdocs/evewoman/application/views/desktop/modules/childCategory.php 21
ERROR - 2017-09-19 02:27:42 --> Severity: Warning --> Invalid argument supplied for foreach() /home/standard_digital/httpdocs/evewoman/application/views/desktop/modules/childCategory.php 21
ERROR - 2017-09-19 02:36:12 --> Severity: Warning --> Invalid argument supplied for foreach() /home/standard_digital/httpdocs/evewoman/application/views/mobile/modules/childCategory.php 12
ERROR - 2017-09-19 02:37:18 --> Severity: Warning --> Invalid argument supplied for foreach() /home/standard_digital/httpdocs/evewoman/application/views/mobile/modules/childCategory.php 12
ERROR - 2017-09-19 02:40:21 --> Query error: Query execution was interrupted - Invalid query: DELETE FROM `std_article_trends`
WHERE `std_trend_timestamp` <= '2017-09-19 02:30:00'
ERROR - 2017-09-19 02:40:49 --> Query error: Query execution was interrupted - Invalid query: DELETE FROM `std_article_trends`
WHERE `std_trend_timestamp` <= '2017-09-19 02:29:00'
ERROR - 2017-09-19 02:40:49 --> Query error: MySQL server has gone away - Invalid query: SELECT *
FROM `std_category`
WHERE `refer_id` = '350'
AND `refer_id` !=0
AND `site` = 'evewoman'
ERROR - 2017-09-19 02:40:49 --> Severity: Error --> Call to a member function num_rows() on a non-object /home/standard_digital/httpdocs/evewoman/application/models/Category_model.php 65
ERROR - 2017-09-19 02:40:49 --> Query error: MySQL server has gone away - Invalid query: SELECT *
FROM `std_category`
WHERE `refer_id` = '11'
AND `refer_id` !=0
AND `site` = 'evewoman'
ERROR - 2017-09-19 02:40:49 --> Severity: Error --> Call to a member function num_rows() on a non-object /home/standard_digital/httpdocs/evewoman/application/models/Category_model.php 65
ERROR - 2017-09-19 02:40:49 --> Query error: MySQL server has gone away - Invalid query: SELECT *
FROM `std_category`
WHERE `refer_id` = '20'
AND `refer_id` !=0
AND `site` = 'evewoman'
ERROR - 2017-09-19 02:40:49 --> Severity: Error --> Call to a member function num_rows() on a non-object /home/standard_digital/httpdocs/evewoman/application/models/Category_model.php 65
ERROR - 2017-09-19 02:40:49 --> Query error: MySQL server has gone away - Invalid query: SELECT *
FROM `std_category`
WHERE `refer_id` = '3'
AND `refer_id` !=0
AND `site` = 'evewoman'
ERROR - 2017-09-19 02:40:49 --> Severity: Error --> Call to a member function num_rows() on a non-object /home/standard_digital/httpdocs/evewoman/application/models/Category_model.php 65
ERROR - 2017-09-19 02:41:38 --> Severity: Warning --> Invalid argument supplied for foreach() /home/standard_digital/httpdocs/evewoman/application/views/desktop/modules/childCategory.php 21
ERROR - 2017-09-19 02:53:05 --> Severity: Warning --> Invalid argument supplied for foreach() /home/standard_digital/httpdocs/evewoman/application/views/desktop/modules/childCategory.php 21
ERROR - 2017-09-19 03:07:14 --> Severity: Warning --> Invalid argument supplied for foreach() /home/standard_digital/httpdocs/evewoman/application/views/desktop/modules/childCategory.php 21
ERROR - 2017-09-19 03:14:23 --> Severity: Warning --> Invalid argument supplied for foreach() /home/standard_digital/httpdocs/evewoman/application/views/mobile/modules/childCategory.php 12
ERROR - 2017-09-19 03:14:23 --> Severity: Warning --> Invalid argument supplied for foreach() /home/standard_digital/httpdocs/evewoman/application/views/mobile/modules/childCategory.php 12
ERROR - 2017-09-19 03:14:26 --> Severity: Warning --> Invalid argument supplied for foreach() /home/standard_digital/httpdocs/evewoman/application/views/mobile/modules/childCategory.php 12
ERROR - 2017-09-19 03:20:13 --> Severity: Warning --> Invalid argument supplied for foreach() /home/standard_digital/httpdocs/evewoman/application/views/desktop/modules/childCategory.php 21
ERROR - 2017-09-19 03:29:08 --> Severity: Warning --> Invalid argument supplied for foreach() /home/standard_digital/httpdocs/evewoman/application/views/desktop/modules/childCategory.php 21
ERROR - 2017-09-19 03:31:08 --> Severity: Warning --> Invalid argument supplied for foreach() /home/standard_digital/httpdocs/evewoman/application/views/desktop/modules/childCategory.php 21
ERROR - 2017-09-19 03:53:50 --> Severity: Warning --> Invalid argument supplied for foreach() /home/standard_digital/httpdocs/evewoman/application/views/desktop/modules/childCategory.php 21
ERROR - 2017-09-19 03:58:29 --> Severity: Warning --> Invalid argument supplied for foreach() /home/standard_digital/httpdocs/evewoman/application/views/desktop/modules/childCategory.php 21
ERROR - 2017-09-19 04:12:37 --> Severity: Warning --> Invalid argument supplied for foreach() /home/standard_digital/httpdocs/evewoman/application/views/desktop/modules/childCategory.php 21
ERROR - 2017-09-19 04:14:28 --> Severity: Warning --> Invalid argument supplied for foreach() /home/standard_digital/httpdocs/evewoman/application/views/desktop/modules/childCategory.php 21
ERROR - 2017-09-19 04:17:40 --> Severity: Warning --> Invalid argument supplied for foreach() /home/standard_digital/httpdocs/evewoman/application/views/desktop/modules/childCategory.php 21
ERROR - 2017-09-19 04:21:59 --> Severity: Warning --> Invalid argument supplied for foreach() /home/standard_digital/httpdocs/evewoman/application/views/desktop/modules/childCategory.php 21
ERROR - 2017-09-19 04:21:59 --> Severity: Warning --> Invalid argument supplied for foreach() /home/standard_digital/httpdocs/evewoman/application/views/mobile/modules/childCategory.php 12
ERROR - 2017-09-19 04:26:53 --> Severity: Warning --> Invalid argument supplied for foreach() /home/standard_digital/httpdocs/evewoman/application/views/desktop/modules/childCategory.php 21
ERROR - 2017-09-19 04:28:18 --> Severity: Warning --> Invalid argument supplied for foreach() /home/standard_digital/httpdocs/evewoman/application/views/desktop/modules/childCategory.php 21
ERROR - 2017-09-19 04:28:44 --> Severity: Warning --> Invalid argument supplied for foreach() /home/standard_digital/httpdocs/evewoman/application/views/desktop/modules/childCategory.php 21
ERROR - 2017-09-19 04:28:45 --> Severity: Warning --> Invalid argument supplied for foreach() /home/standard_digital/httpdocs/evewoman/application/views/mobile/modules/childCategory.php 12
ERROR - 2017-09-19 04:31:55 --> Severity: Warning --> Invalid argument supplied for foreach() /home/standard_digital/httpdocs/evewoman/application/views/mobile/modules/childCategory.php 12
ERROR - 2017-09-19 04:42:00 --> Severity: Warning --> Invalid argument supplied for foreach() /home/standard_digital/httpdocs/evewoman/application/views/desktop/modules/childCategory.php 21
ERROR - 2017-09-19 04:45:36 --> Severity: Warning --> Invalid argument supplied for foreach() /home/standard_digital/httpdocs/evewoman/application/views/desktop/modules/childCategory.php 21
ERROR - 2017-09-19 04:47:03 --> Severity: Warning --> Invalid argument supplied for foreach() /home/standard_digital/httpdocs/evewoman/application/views/mobile/modules/childCategory.php 12
ERROR - 2017-09-19 04:47:17 --> Severity: Warning --> Invalid argument supplied for foreach() /home/standard_digital/httpdocs/evewoman/application/views/desktop/modules/childCategory.php 21
ERROR - 2017-09-19 04:58:47 --> Severity: Warning --> Invalid argument supplied for foreach() /home/standard_digital/httpdocs/evewoman/application/views/desktop/modules/childCategory.php 21
ERROR - 2017-09-19 05:03:04 --> Severity: Warning --> Invalid argument supplied for foreach() /home/standard_digital/httpdocs/evewoman/application/views/desktop/modules/childCategory.php 21
ERROR - 2017-09-19 05:05:21 --> Severity: Warning --> Invalid argument supplied for foreach() /home/standard_digital/httpdocs/evewoman/application/views/desktop/modules/childCategory.php 21
ERROR - 2017-09-19 05:07:25 --> Severity: Warning --> Invalid argument supplied for foreach() /home/standard_digital/httpdocs/evewoman/application/views/desktop/modules/childCategory.php 21
ERROR - 2017-09-19 05:22:11 --> Severity: Warning --> Invalid argument supplied for foreach() /home/standard_digital/httpdocs/evewoman/application/views/mobile/modules/childCategory.php 12
ERROR - 2017-09-19 05:23:35 --> Severity: Warning --> Invalid argument supplied for foreach() /home/standard_digital/httpdocs/evewoman/application/views/desktop/modules/childCategory.php 21
ERROR - 2017-09-19 05:29:47 --> Severity: Warning --> Invalid argument supplied for foreach() /home/standard_digital/httpdocs/evewoman/application/views/mobile/modules/childCategory.php 12
ERROR - 2017-09-19 05:40:00 --> Severity: Warning --> Invalid argument supplied for foreach() /home/standard_digital/httpdocs/evewoman/application/views/desktop/modules/childCategory.php 21
ERROR - 2017-09-19 06:01:47 --> Severity: Warning --> Invalid argument supplied for foreach() /home/standard_digital/httpdocs/evewoman/application/views/desktop/modules/childCategory.php 21
ERROR - 2017-09-19 06:11:46 --> Severity: Warning --> Invalid argument supplied for foreach() /home/standard_digital/httpdocs/evewoman/application/views/desktop/modules/childCategory.php 21
ERROR - 2017-09-19 06:19:17 --> Severity: Warning --> Invalid argument supplied for foreach() /home/standard_digital/httpdocs/evewoman/application/views/mobile/modules/childCategory.php 12
ERROR - 2017-09-19 06:48:23 --> Severity: Warning --> Invalid argument supplied for foreach() /home/standard_digital/httpdocs/evewoman/application/views/desktop/modules/childCategory.php 21
ERROR - 2017-09-19 06:53:17 --> Severity: Warning --> Invalid argument supplied for foreach() /home/standard_digital/httpdocs/evewoman/application/views/desktop/modules/childCategory.php 21
ERROR - 2017-09-19 06:58:07 --> Query error: Column 'id' in where clause is ambiguous - Invalid query: SELECT `ktn_video`.`title`, `ktn_video`.`videoURL`, `ktn_video`.`id`, `ktn_video_category`.`name`, `ktn_video`.`publishdate`, `ktn_video`.`description`
FROM `ktn_video`
JOIN `ktn_video_category` ON `ktn_video_category`.`id`=`ktn_video`.`categoryid`
WHERE `id` = '2000115188'
ERROR - 2017-09-19 06:58:07 --> Severity: Error --> Call to a member function num_rows() on a non-object /home/standard_digital/httpdocs/evewoman/application/models/Article_model.php 197
ERROR - 2017-09-19 07:12:23 --> Severity: Warning --> Invalid argument supplied for foreach() /home/standard_digital/httpdocs/evewoman/application/views/desktop/modules/childCategory.php 21
ERROR - 2017-09-19 07:18:36 --> Severity: Warning --> Invalid argument supplied for foreach() /home/standard_digital/httpdocs/evewoman/application/views/desktop/modules/childCategory.php 21
ERROR - 2017-09-19 07:21:54 --> Severity: Warning --> Invalid argument supplied for foreach() /home/standard_digital/httpdocs/evewoman/application/views/desktop/modules/childCategory.php 21
ERROR - 2017-09-19 07:24:44 --> Severity: Warning --> Invalid argument supplied for foreach() /home/standard_digital/httpdocs/evewoman/application/views/mobile/modules/childCategory.php 12
ERROR - 2017-09-19 07:26:15 --> Severity: Warning --> Invalid argument supplied for foreach() /home/standard_digital/httpdocs/evewoman/application/views/desktop/modules/childCategory.php 21
ERROR - 2017-09-19 07:30:37 --> Severity: Warning --> Invalid argument supplied for foreach() /home/standard_digital/httpdocs/evewoman/application/views/desktop/modules/childCategory.php 21
ERROR - 2017-09-19 07:30:56 --> Severity: Warning --> Invalid argument supplied for foreach() /home/standard_digital/httpdocs/evewoman/application/views/desktop/modules/childCategory.php 21
ERROR - 2017-09-19 07:35:04 --> Severity: Warning --> Invalid argument supplied for foreach() /home/standard_digital/httpdocs/evewoman/application/views/desktop/modules/childCategory.php 21
ERROR - 2017-09-19 07:35:15 --> Severity: Warning --> Invalid argument supplied for foreach() /home/standard_digital/httpdocs/evewoman/application/views/desktop/modules/childCategory.php 21
ERROR - 2017-09-19 07:46:51 --> Severity: Warning --> Invalid argument supplied for foreach() /home/standard_digital/httpdocs/evewoman/application/views/mobile/modules/childCategory.php 12
ERROR - 2017-09-19 07:49:33 --> Severity: Warning --> Invalid argument supplied for foreach() /home/standard_digital/httpdocs/evewoman/application/views/desktop/modules/childCategory.php 21
ERROR - 2017-09-19 07:50:17 --> Severity: Warning --> Invalid argument supplied for foreach() /home/standard_digital/httpdocs/evewoman/application/views/mobile/modules/childCategory.php 12
ERROR - 2017-09-19 08:26:48 --> Severity: Warning --> Invalid argument supplied for foreach() /home/standard_digital/httpdocs/evewoman/application/views/desktop/modules/childCategory.php 21
ERROR - 2017-09-19 08:38:58 --> Severity: Warning --> Invalid argument supplied for foreach() /home/standard_digital/httpdocs/evewoman/application/views/desktop/modules/childCategory.php 21
ERROR - 2017-09-19 08:41:32 --> Severity: Warning --> Invalid argument supplied for foreach() /home/standard_digital/httpdocs/evewoman/application/views/desktop/modules/childCategory.php 21
ERROR - 2017-09-19 08:41:52 --> Severity: Warning --> Invalid argument supplied for foreach() /home/standard_digital/httpdocs/evewoman/application/views/desktop/modules/childCategory.php 21
ERROR - 2017-09-19 08:44:58 --> Severity: Warning --> Invalid argument supplied for foreach() /home/standard_digital/httpdocs/evewoman/application/views/desktop/modules/childCategory.php 21
ERROR - 2017-09-19 08:49:26 --> Severity: Warning --> Invalid argument supplied for foreach() /home/standard_digital/httpdocs/evewoman/application/views/desktop/modules/childCategory.php 21
ERROR - 2017-09-19 08:53:00 --> Severity: Warning --> Invalid argument supplied for foreach() /home/standard_digital/httpdocs/evewoman/application/views/mobile/modules/childCategory.php 12
ERROR - 2017-09-19 08:53:01 --> Severity: Warning --> Invalid argument supplied for foreach() /home/standard_digital/httpdocs/evewoman/application/views/mobile/modules/childCategory.php 12
ERROR - 2017-09-19 08:53:01 --> Severity: Warning --> Invalid argument supplied for foreach() /home/standard_digital/httpdocs/evewoman/application/views/mobile/modules/childCategory.php 12
ERROR - 2017-09-19 08:55:17 --> Severity: Warning --> Invalid argument supplied for foreach() /home/standard_digital/httpdocs/evewoman/application/views/desktop/modules/childCategory.php 21
ERROR - 2017-09-19 09:06:16 --> Severity: Warning --> Invalid argument supplied for foreach() /home/standard_digital/httpdocs/evewoman/application/views/desktop/modules/childCategory.php 21
ERROR - 2017-09-19 09:06:26 --> Query error: Column 'id' in where clause is ambiguous - Invalid query: SELECT `ktn_video`.`title`, `ktn_video`.`videoURL`, `ktn_video`.`id`, `ktn_video_category`.`name`, `ktn_video`.`publishdate`, `ktn_video`.`description`
FROM `ktn_video`
JOIN `ktn_video_category` ON `ktn_video_category`.`id`=`ktn_video`.`categoryid`
WHERE `id` = '2000115188'
ERROR - 2017-09-19 09:06:26 --> Severity: Error --> Call to a member function num_rows() on a non-object /home/standard_digital/httpdocs/evewoman/application/models/Article_model.php 197
ERROR - 2017-09-19 09:07:49 --> Severity: Warning --> Invalid argument supplied for foreach() /home/standard_digital/httpdocs/evewoman/application/views/desktop/modules/childCategory.php 21
ERROR - 2017-09-19 09:09:05 --> Severity: Warning --> Invalid argument supplied for foreach() /home/standard_digital/httpdocs/evewoman/application/views/mobile/modules/childCategory.php 12
ERROR - 2017-09-19 09:09:57 --> Severity: Warning --> Invalid argument supplied for foreach() /home/standard_digital/httpdocs/evewoman/application/views/mobile/modules/childCategory.php 12
ERROR - 2017-09-19 09:14:57 --> Severity: Warning --> Invalid argument supplied for foreach() /home/standard_digital/httpdocs/evewoman/application/views/desktop/modules/childCategory.php 21
ERROR - 2017-09-19 09:16:06 --> Severity: Warning --> Invalid argument supplied for foreach() /home/standard_digital/httpdocs/evewoman/application/views/desktop/modules/childCategory.php 21
ERROR - 2017-09-19 09:16:07 --> Severity: Warning --> Invalid argument supplied for foreach() /home/standard_digital/httpdocs/evewoman/application/views/mobile/modules/childCategory.php 12
ERROR - 2017-09-19 09:16:07 --> Severity: Warning --> Invalid argument supplied for foreach() /home/standard_digital/httpdocs/evewoman/application/views/mobile/modules/childCategory.php 12
ERROR - 2017-09-19 09:16:07 --> Severity: Warning --> Invalid argument supplied for foreach() /home/standard_digital/httpdocs/evewoman/application/views/mobile/modules/childCategory.php 12
ERROR - 2017-09-19 09:19:29 --> Severity: Warning --> Invalid argument supplied for foreach() /home/standard_digital/httpdocs/evewoman/application/views/desktop/modules/childCategory.php 21
ERROR - 2017-09-19 09:22:48 --> Severity: Warning --> Invalid argument supplied for foreach() /home/standard_digital/httpdocs/evewoman/application/views/desktop/modules/childCategory.php 21
ERROR - 2017-09-19 09:31:58 --> Severity: Warning --> Invalid argument supplied for foreach() /home/standard_digital/httpdocs/evewoman/application/views/desktop/modules/childCategory.php 21
ERROR - 2017-09-19 09:34:44 --> Severity: Warning --> Invalid argument supplied for foreach() /home/standard_digital/httpdocs/evewoman/application/views/desktop/modules/childCategory.php 21
ERROR - 2017-09-19 09:46:43 --> Severity: Warning --> Invalid argument supplied for foreach() /home/standard_digital/httpdocs/evewoman/application/views/mobile/modules/childCategory.php 12
ERROR - 2017-09-19 09:54:45 --> Severity: Warning --> Invalid argument supplied for foreach() /home/standard_digital/httpdocs/evewoman/application/views/desktop/modules/childCategory.php 21
ERROR - 2017-09-19 09:55:41 --> Severity: Warning --> Invalid argument supplied for foreach() /home/standard_digital/httpdocs/evewoman/application/views/mobile/modules/childCategory.php 12
ERROR - 2017-09-19 10:05:30 --> Severity: Warning --> Invalid argument supplied for foreach() /home/standard_digital/httpdocs/evewoman/application/views/mobile/modules/childCategory.php 12
ERROR - 2017-09-19 10:08:18 --> Severity: Warning --> Invalid argument supplied for foreach() /home/standard_digital/httpdocs/evewoman/application/views/desktop/modules/childCategory.php 21
ERROR - 2017-09-19 10:09:05 --> Severity: Warning --> Invalid argument supplied for foreach() /home/standard_digital/httpdocs/evewoman/application/views/desktop/modules/childCategory.php 21
ERROR - 2017-09-19 10:09:40 --> Severity: Warning --> Invalid argument supplied for foreach() /home/standard_digital/httpdocs/evewoman/application/views/desktop/modules/childCategory.php 21
ERROR - 2017-09-19 10:10:00 --> Severity: Warning --> Invalid argument supplied for foreach() /home/standard_digital/httpdocs/evewoman/application/views/desktop/modules/childCategory.php 21
ERROR - 2017-09-19 10:17:48 --> Severity: Warning --> Invalid argument supplied for foreach() /home/standard_digital/httpdocs/evewoman/application/views/mobile/modules/childCategory.php 12
ERROR - 2017-09-19 10:19:23 --> Severity: Warning --> Invalid argument supplied for foreach() /home/standard_digital/httpdocs/evewoman/application/views/desktop/modules/childCategory.php 21
ERROR - 2017-09-19 10:21:22 --> Severity: Warning --> Invalid argument supplied for foreach() /home/standard_digital/httpdocs/evewoman/application/views/mobile/modules/childCategory.php 12
ERROR - 2017-09-19 10:21:50 --> Severity: Warning --> Invalid argument supplied for foreach() /home/standard_digital/httpdocs/evewoman/application/views/desktop/modules/childCategory.php 21
ERROR - 2017-09-19 10:27:24 --> Severity: Warning --> Invalid argument supplied for foreach() /home/standard_digital/httpdocs/evewoman/application/views/mobile/modules/childCategory.php 12
ERROR - 2017-09-19 10:34:20 --> Severity: Warning --> Invalid argument supplied for foreach() /home/standard_digital/httpdocs/evewoman/application/views/desktop/modules/childCategory.php 21
ERROR - 2017-09-19 10:37:15 --> Severity: Warning --> Invalid argument supplied for foreach() /home/standard_digital/httpdocs/evewoman/application/views/mobile/modules/childCategory.php 12
ERROR - 2017-09-19 10:44:04 --> Severity: Warning --> Invalid argument supplied for foreach() /home/standard_digital/httpdocs/evewoman/application/views/desktop/modules/childCategory.php 21
ERROR - 2017-09-19 10:45:55 --> Severity: Warning --> Invalid argument supplied for foreach() /home/standard_digital/httpdocs/evewoman/application/views/mobile/modules/childCategory.php 12
ERROR - 2017-09-19 10:45:56 --> Severity: Warning --> Invalid argument supplied for foreach() /home/standard_digital/httpdocs/evewoman/application/views/mobile/modules/childCategory.php 12
ERROR - 2017-09-19 10:45:57 --> Severity: Warning --> Invalid argument supplied for foreach() /home/standard_digital/httpdocs/evewoman/application/views/mobile/modules/childCategory.php 12
ERROR - 2017-09-19 10:53:42 --> Severity: Warning --> Invalid argument supplied for foreach() /home/standard_digital/httpdocs/evewoman/application/views/mobile/modules/childCategory.php 12
ERROR - 2017-09-19 10:53:43 --> Severity: Warning --> Invalid argument supplied for foreach() /home/standard_digital/httpdocs/evewoman/application/views/mobile/modules/childCategory.php 12
ERROR - 2017-09-19 10:53:49 --> Severity: Warning --> Invalid argument supplied for foreach() /home/standard_digital/httpdocs/evewoman/application/views/desktop/modules/childCategory.php 21
ERROR - 2017-09-19 10:59:26 --> Severity: Warning --> Invalid argument supplied for foreach() /home/standard_digital/httpdocs/evewoman/application/views/mobile/modules/childCategory.php 12
ERROR - 2017-09-19 11:03:02 --> Severity: Warning --> Invalid argument supplied for foreach() /home/standard_digital/httpdocs/evewoman/application/views/mobile/modules/childCategory.php 12
ERROR - 2017-09-19 11:12:21 --> Severity: Warning --> Invalid argument supplied for foreach() /home/standard_digital/httpdocs/evewoman/application/views/mobile/modules/childCategory.php 12
ERROR - 2017-09-19 11:21:40 --> Severity: Warning --> Invalid argument supplied for foreach() /home/standard_digital/httpdocs/evewoman/application/views/desktop/modules/childCategory.php 21
ERROR - 2017-09-19 11:22:12 --> Severity: Warning --> Invalid argument supplied for foreach() /home/standard_digital/httpdocs/evewoman/application/views/desktop/modules/childCategory.php 21
ERROR - 2017-09-19 11:25:31 --> Severity: Warning --> Invalid argument supplied for foreach() /home/standard_digital/httpdocs/evewoman/application/views/desktop/modules/childCategory.php 21
ERROR - 2017-09-19 11:41:56 --> Severity: Warning --> Invalid argument supplied for foreach() /home/standard_digital/httpdocs/evewoman/application/views/desktop/modules/childCategory.php 21
ERROR - 2017-09-19 11:42:30 --> Severity: Warning --> Invalid argument supplied for foreach() /home/standard_digital/httpdocs/evewoman/application/views/desktop/modules/childCategory.php 21
ERROR - 2017-09-19 11:44:57 --> Severity: Warning --> Invalid argument supplied for foreach() /home/standard_digital/httpdocs/evewoman/application/views/desktop/modules/childCategory.php 21
ERROR - 2017-09-19 11:45:14 --> Severity: Warning --> Invalid argument supplied for foreach() /home/standard_digital/httpdocs/evewoman/application/views/desktop/modules/childCategory.php 21
ERROR - 2017-09-19 11:53:04 --> Severity: Warning --> Invalid argument supplied for foreach() /home/standard_digital/httpdocs/evewoman/application/views/desktop/modules/childCategory.php 21
ERROR - 2017-09-19 11:58:48 --> Severity: Warning --> Invalid argument supplied for foreach() /home/standard_digital/httpdocs/evewoman/application/views/desktop/modules/childCategory.php 21
ERROR - 2017-09-19 11:59:17 --> Severity: Warning --> Invalid argument supplied for foreach() /home/standard_digital/httpdocs/evewoman/application/views/mobile/modules/childCategory.php 12
ERROR - 2017-09-19 12:02:59 --> Severity: Warning --> Invalid argument supplied for foreach() /home/standard_digital/httpdocs/evewoman/application/views/mobile/modules/childCategory.php 12
ERROR - 2017-09-19 12:03:00 --> Severity: Warning --> Invalid argument supplied for foreach() /home/standard_digital/httpdocs/evewoman/application/views/mobile/modules/childCategory.php 12
ERROR - 2017-09-19 12:03:02 --> Severity: Warning --> Invalid argument supplied for foreach() /home/standard_digital/httpdocs/evewoman/application/views/mobile/modules/childCategory.php 12
ERROR - 2017-09-19 12:03:34 --> Severity: Warning --> Invalid argument supplied for foreach() /home/standard_digital/httpdocs/evewoman/application/views/desktop/modules/childCategory.php 21
ERROR - 2017-09-19 12:04:05 --> Severity: Warning --> Invalid argument supplied for foreach() /home/standard_digital/httpdocs/evewoman/application/views/desktop/modules/childCategory.php 21
ERROR - 2017-09-19 12:07:59 --> Severity: Warning --> Invalid argument supplied for foreach() /home/standard_digital/httpdocs/evewoman/application/views/desktop/modules/childCategory.php 21
ERROR - 2017-09-19 12:09:58 --> Severity: Warning --> Invalid argument supplied for foreach() /home/standard_digital/httpdocs/evewoman/application/views/desktop/modules/childCategory.php 21
ERROR - 2017-09-19 12:10:32 --> Severity: Warning --> Invalid argument supplied for foreach() /home/standard_digital/httpdocs/evewoman/application/views/mobile/modules/childCategory.php 12
ERROR - 2017-09-19 12:10:32 --> Severity: Warning --> Invalid argument supplied for foreach() /home/standard_digital/httpdocs/evewoman/application/views/mobile/modules/childCategory.php 12
ERROR - 2017-09-19 12:10:33 --> Severity: Warning --> Invalid argument supplied for foreach() /home/standard_digital/httpdocs/evewoman/application/views/mobile/modules/childCategory.php 12
ERROR - 2017-09-19 12:12:33 --> Severity: Warning --> Invalid argument supplied for foreach() /home/standard_digital/httpdocs/evewoman/application/views/desktop/modules/childCategory.php 21
ERROR - 2017-09-19 12:25:43 --> Severity: Warning --> Invalid argument supplied for foreach() /home/standard_digital/httpdocs/evewoman/application/views/desktop/modules/childCategory.php 21
ERROR - 2017-09-19 12:55:21 --> Severity: Warning --> Invalid argument supplied for foreach() /home/standard_digital/httpdocs/evewoman/application/views/desktop/modules/childCategory.php 21
ERROR - 2017-09-19 12:57:03 --> Query error: Column 'id' in where clause is ambiguous - Invalid query: SELECT `ktn_video`.`title`, `ktn_video`.`videoURL`, `ktn_video`.`id`, `ktn_video_category`.`name`, `ktn_video`.`publishdate`, `ktn_video`.`description`
FROM `ktn_video`
JOIN `ktn_video_category` ON `ktn_video_category`.`id`=`ktn_video`.`categoryid`
WHERE `id` = '2000115190'
ERROR - 2017-09-19 12:57:03 --> Severity: Error --> Call to a member function num_rows() on a non-object /home/standard_digital/httpdocs/evewoman/application/models/Article_model.php 197
ERROR - 2017-09-19 12:57:29 --> Severity: Warning --> Invalid argument supplied for foreach() /home/standard_digital/httpdocs/evewoman/application/views/desktop/modules/childCategory.php 21
ERROR - 2017-09-19 13:00:18 --> Severity: Warning --> Invalid argument supplied for foreach() /home/standard_digital/httpdocs/evewoman/application/views/desktop/modules/childCategory.php 21
ERROR - 2017-09-19 13:01:23 --> Severity: Warning --> Invalid argument supplied for foreach() /home/standard_digital/httpdocs/evewoman/application/views/desktop/modules/childCategory.php 21
ERROR - 2017-09-19 13:01:57 --> Severity: Warning --> Invalid argument supplied for foreach() /home/standard_digital/httpdocs/evewoman/application/views/desktop/modules/childCategory.php 21
ERROR - 2017-09-19 13:07:41 --> Severity: Warning --> Invalid argument supplied for foreach() /home/standard_digital/httpdocs/evewoman/application/views/mobile/modules/childCategory.php 12
ERROR - 2017-09-19 13:10:10 --> Severity: Warning --> Invalid argument supplied for foreach() /home/standard_digital/httpdocs/evewoman/application/views/desktop/modules/childCategory.php 21
ERROR - 2017-09-19 13:17:32 --> Severity: Warning --> Invalid argument supplied for foreach() /home/standard_digital/httpdocs/evewoman/application/views/mobile/modules/childCategory.php 12
ERROR - 2017-09-19 13:18:58 --> Severity: Warning --> Invalid argument supplied for foreach() /home/standard_digital/httpdocs/evewoman/application/views/desktop/modules/childCategory.php 21
ERROR - 2017-09-19 13:31:17 --> Severity: Warning --> Invalid argument supplied for foreach() /home/standard_digital/httpdocs/evewoman/application/views/mobile/modules/childCategory.php 12
ERROR - 2017-09-19 13:35:34 --> Severity: Warning --> Invalid argument supplied for foreach() /home/standard_digital/httpdocs/evewoman/application/views/desktop/modules/childCategory.php 21
ERROR - 2017-09-19 13:37:44 --> Severity: Warning --> Invalid argument supplied for foreach() /home/standard_digital/httpdocs/evewoman/application/views/mobile/modules/childCategory.php 12
ERROR - 2017-09-19 13:38:00 --> Severity: Warning --> Invalid argument supplied for foreach() /home/standard_digital/httpdocs/evewoman/application/views/desktop/modules/childCategory.php 21
ERROR - 2017-09-19 13:38:53 --> Severity: Warning --> Invalid argument supplied for foreach() /home/standard_digital/httpdocs/evewoman/application/views/mobile/modules/childCategory.php 12
ERROR - 2017-09-19 13:47:03 --> Severity: Warning --> Invalid argument supplied for foreach() /home/standard_digital/httpdocs/evewoman/application/views/desktop/modules/childCategory.php 21
ERROR - 2017-09-19 13:49:12 --> Severity: Warning --> Invalid argument supplied for foreach() /home/standard_digital/httpdocs/evewoman/application/views/desktop/modules/childCategory.php 21
ERROR - 2017-09-19 13:49:53 --> Severity: Warning --> Invalid argument supplied for foreach() /home/standard_digital/httpdocs/evewoman/application/views/desktop/modules/childCategory.php 21
ERROR - 2017-09-19 13:59:07 --> Severity: Warning --> Invalid argument supplied for foreach() /home/standard_digital/httpdocs/evewoman/application/views/mobile/modules/childCategory.php 12
ERROR - 2017-09-19 13:59:07 --> Severity: Warning --> Invalid argument supplied for foreach() /home/standard_digital/httpdocs/evewoman/application/views/mobile/modules/childCategory.php 12
ERROR - 2017-09-19 14:02:56 --> Severity: Warning --> Invalid argument supplied for foreach() /home/standard_digital/httpdocs/evewoman/application/views/desktop/modules/childCategory.php 21
ERROR - 2017-09-19 14:12:28 --> Severity: Warning --> Invalid argument supplied for foreach() /home/standard_digital/httpdocs/evewoman/application/views/desktop/modules/childCategory.php 21
ERROR - 2017-09-19 14:13:24 --> Severity: Warning --> Invalid argument supplied for foreach() /home/standard_digital/httpdocs/evewoman/application/views/mobile/modules/childCategory.php 12
ERROR - 2017-09-19 14:13:24 --> Severity: Warning --> Invalid argument supplied for foreach() /home/standard_digital/httpdocs/evewoman/application/views/mobile/modules/childCategory.php 12
ERROR - 2017-09-19 14:13:24 --> Severity: Warning --> Invalid argument supplied for foreach() /home/standard_digital/httpdocs/evewoman/application/views/mobile/modules/childCategory.php 12
ERROR - 2017-09-19 14:41:47 --> Severity: Warning --> Invalid argument supplied for foreach() /home/standard_digital/httpdocs/evewoman/application/views/mobile/modules/childCategory.php 12
ERROR - 2017-09-19 14:41:48 --> Severity: Warning --> Invalid argument supplied for foreach() /home/standard_digital/httpdocs/evewoman/application/views/mobile/modules/childCategory.php 12
ERROR - 2017-09-19 14:41:48 --> Severity: Warning --> Invalid argument supplied for foreach() /home/standard_digital/httpdocs/evewoman/application/views/mobile/modules/childCategory.php 12
ERROR - 2017-09-19 14:45:03 --> Severity: Warning --> Invalid argument supplied for foreach() /home/standard_digital/httpdocs/evewoman/application/views/mobile/modules/childCategory.php 12
ERROR - 2017-09-19 14:52:00 --> Severity: Warning --> Invalid argument supplied for foreach() /home/standard_digital/httpdocs/evewoman/application/views/mobile/modules/childCategory.php 12
ERROR - 2017-09-19 14:52:01 --> Severity: Warning --> Invalid argument supplied for foreach() /home/standard_digital/httpdocs/evewoman/application/views/mobile/modules/childCategory.php 12
ERROR - 2017-09-19 14:54:47 --> Severity: Notice --> Undefined index: HTTP_USER_AGENT /home/standard_digital/httpdocs/evewoman/application/libraries/Assist.php 149
ERROR - 2017-09-19 14:55:33 --> Severity: Warning --> Invalid argument supplied for foreach() /home/standard_digital/httpdocs/evewoman/application/views/desktop/modules/childCategory.php 21
ERROR - 2017-09-19 14:55:43 --> Severity: Notice --> Undefined index: HTTP_USER_AGENT /home/standard_digital/httpdocs/evewoman/application/libraries/Assist.php 149
ERROR - 2017-09-19 14:55:57 --> Severity: Notice --> Undefined index: HTTP_USER_AGENT /home/standard_digital/httpdocs/evewoman/application/libraries/Assist.php 149
ERROR - 2017-09-19 14:56:38 --> Severity: Warning --> Invalid argument supplied for foreach() /home/standard_digital/httpdocs/evewoman/application/views/mobile/modules/childCategory.php 12
ERROR - 2017-09-19 14:57:49 --> Severity: Notice --> Undefined index: HTTP_USER_AGENT /home/standard_digital/httpdocs/evewoman/application/libraries/Assist.php 149
ERROR - 2017-09-19 14:59:30 --> Severity: Warning --> Invalid argument supplied for foreach() /home/standard_digital/httpdocs/evewoman/application/views/mobile/modules/childCategory.php 12
ERROR - 2017-09-19 14:59:30 --> Severity: Warning --> Invalid argument supplied for foreach() /home/standard_digital/httpdocs/evewoman/application/views/mobile/modules/childCategory.php 12
ERROR - 2017-09-19 14:59:49 --> Severity: Notice --> Undefined index: HTTP_USER_AGENT /home/standard_digital/httpdocs/evewoman/application/libraries/Assist.php 149
ERROR - 2017-09-19 15:00:53 --> Severity: Notice --> Undefined index: HTTP_USER_AGENT /home/standard_digital/httpdocs/evewoman/application/libraries/Assist.php 149
ERROR - 2017-09-19 15:01:56 --> Severity: Notice --> Undefined index: HTTP_USER_AGENT /home/standard_digital/httpdocs/evewoman/application/libraries/Assist.php 149
ERROR - 2017-09-19 15:02:00 --> Severity: Notice --> Undefined index: HTTP_USER_AGENT /home/standard_digital/httpdocs/evewoman/application/libraries/Assist.php 149
ERROR - 2017-09-19 15:02:05 --> Severity: Warning --> Invalid argument supplied for foreach() /home/standard_digital/httpdocs/evewoman/application/views/desktop/modules/childCategory.php 21
ERROR - 2017-09-19 15:02:32 --> Severity: Warning --> Invalid argument supplied for foreach() /home/standard_digital/httpdocs/evewoman/application/views/mobile/modules/childCategory.php 12
ERROR - 2017-09-19 15:02:33 --> Severity: Warning --> Invalid argument supplied for foreach() /home/standard_digital/httpdocs/evewoman/application/views/mobile/modules/childCategory.php 12
ERROR - 2017-09-19 15:02:48 --> Severity: Notice --> Undefined index: HTTP_USER_AGENT /home/standard_digital/httpdocs/evewoman/application/libraries/Assist.php 149
ERROR - 2017-09-19 15:06:47 --> Severity: Warning --> Invalid argument supplied for foreach() /home/standard_digital/httpdocs/evewoman/application/views/desktop/modules/childCategory.php 21
ERROR - 2017-09-19 15:06:51 --> Severity: Warning --> Invalid argument supplied for foreach() /home/standard_digital/httpdocs/evewoman/application/views/desktop/modules/childCategory.php 21
ERROR - 2017-09-19 15:07:34 --> Severity: Warning --> Invalid argument supplied for foreach() /home/standard_digital/httpdocs/evewoman/application/views/desktop/modules/childCategory.php 21
ERROR - 2017-09-19 15:07:40 --> Severity: Warning --> Invalid argument supplied for foreach() /home/standard_digital/httpdocs/evewoman/application/views/mobile/modules/childCategory.php 12
ERROR - 2017-09-19 15:07:41 --> Severity: Warning --> Invalid argument supplied for foreach() /home/standard_digital/httpdocs/evewoman/application/views/mobile/modules/childCategory.php 12
ERROR - 2017-09-19 15:07:41 --> Severity: Warning --> Invalid argument supplied for foreach() /home/standard_digital/httpdocs/evewoman/application/views/mobile/modules/childCategory.php 12
ERROR - 2017-09-19 15:07:41 --> Severity: Warning --> Invalid argument supplied for foreach() /home/standard_digital/httpdocs/evewoman/application/views/mobile/modules/childCategory.php 12
ERROR - 2017-09-19 15:08:07 --> Severity: Warning --> Invalid argument supplied for foreach() /home/standard_digital/httpdocs/evewoman/application/views/desktop/modules/childCategory.php 21
ERROR - 2017-09-19 15:08:35 --> Severity: Warning --> Invalid argument supplied for foreach() /home/standard_digital/httpdocs/evewoman/application/views/desktop/modules/childCategory.php 21
ERROR - 2017-09-19 15:08:35 --> Severity: Warning --> Invalid argument supplied for foreach() /home/standard_digital/httpdocs/evewoman/application/views/mobile/modules/childCategory.php 12
ERROR - 2017-09-19 15:08:36 --> Severity: Warning --> Invalid argument supplied for foreach() /home/standard_digital/httpdocs/evewoman/application/views/mobile/modules/childCategory.php 12
ERROR - 2017-09-19 15:08:36 --> Severity: Warning --> Invalid argument supplied for foreach() /home/standard_digital/httpdocs/evewoman/application/views/mobile/modules/childCategory.php 12
ERROR - 2017-09-19 15:08:37 --> Severity: Warning --> Invalid argument supplied for foreach() /home/standard_digital/httpdocs/evewoman/application/views/mobile/modules/childCategory.php 12
ERROR - 2017-09-19 15:08:49 --> Severity: Notice --> Undefined index: HTTP_USER_AGENT /home/standard_digital/httpdocs/evewoman/application/libraries/Assist.php 149
ERROR - 2017-09-19 15:08:51 --> Severity: Warning --> Invalid argument supplied for foreach() /home/standard_digital/httpdocs/evewoman/application/views/desktop/modules/childCategory.php 21
ERROR - 2017-09-19 15:13:55 --> Severity: Warning --> Invalid argument supplied for foreach() /home/standard_digital/httpdocs/evewoman/application/views/mobile/modules/childCategory.php 12
ERROR - 2017-09-19 15:15:35 --> Severity: Warning --> Invalid argument supplied for foreach() /home/standard_digital/httpdocs/evewoman/application/views/mobile/modules/childCategory.php 12
ERROR - 2017-09-19 15:17:38 --> Severity: Warning --> Invalid argument supplied for foreach() /home/standard_digital/httpdocs/evewoman/application/views/desktop/modules/childCategory.php 21
ERROR - 2017-09-19 15:34:38 --> Severity: Warning --> Invalid argument supplied for foreach() /home/standard_digital/httpdocs/evewoman/application/views/mobile/modules/childCategory.php 12
ERROR - 2017-09-19 15:36:04 --> Severity: Warning --> Invalid argument supplied for foreach() /home/standard_digital/httpdocs/evewoman/application/views/desktop/modules/childCategory.php 21
ERROR - 2017-09-19 15:37:14 --> Severity: Warning --> Invalid argument supplied for foreach() /home/standard_digital/httpdocs/evewoman/application/views/desktop/modules/childCategory.php 21
ERROR - 2017-09-19 15:38:47 --> Severity: Warning --> Invalid argument supplied for foreach() /home/standard_digital/httpdocs/evewoman/application/views/desktop/modules/childCategory.php 21
ERROR - 2017-09-19 15:44:56 --> Severity: Warning --> Invalid argument supplied for foreach() /home/standard_digital/httpdocs/evewoman/application/views/desktop/modules/childCategory.php 21
ERROR - 2017-09-19 15:45:02 --> Query error: Column 'id' in where clause is ambiguous - Invalid query: SELECT `ktn_video`.`title`, `ktn_video`.`videoURL`, `ktn_video`.`id`, `ktn_video_category`.`name`, `ktn_video`.`publishdate`, `ktn_video`.`description`
FROM `ktn_video`
JOIN `ktn_video_category` ON `ktn_video_category`.`id`=`ktn_video`.`categoryid`
WHERE `id` = '2000114478'
ERROR - 2017-09-19 15:45:02 --> Severity: Error --> Call to a member function num_rows() on a non-object /home/standard_digital/httpdocs/evewoman/application/models/Article_model.php 197
ERROR - 2017-09-19 15:45:12 --> Severity: Warning --> Invalid argument supplied for foreach() /home/standard_digital/httpdocs/evewoman/application/views/mobile/modules/childCategory.php 12
ERROR - 2017-09-19 15:46:45 --> Severity: Warning --> Invalid argument supplied for foreach() /home/standard_digital/httpdocs/evewoman/application/views/desktop/modules/childCategory.php 21
ERROR - 2017-09-19 15:54:00 --> Severity: Warning --> Invalid argument supplied for foreach() /home/standard_digital/httpdocs/evewoman/application/views/desktop/modules/childCategory.php 21
ERROR - 2017-09-19 15:56:04 --> Severity: Warning --> Invalid argument supplied for foreach() /home/standard_digital/httpdocs/evewoman/application/views/desktop/modules/childCategory.php 21
ERROR - 2017-09-19 16:03:16 --> Severity: Warning --> Invalid argument supplied for foreach() /home/standard_digital/httpdocs/evewoman/application/views/mobile/modules/childCategory.php 12
ERROR - 2017-09-19 16:03:16 --> Severity: Warning --> Invalid argument supplied for foreach() /home/standard_digital/httpdocs/evewoman/application/views/mobile/modules/childCategory.php 12
ERROR - 2017-09-19 16:03:19 --> Severity: Warning --> Invalid argument supplied for foreach() /home/standard_digital/httpdocs/evewoman/application/views/mobile/modules/childCategory.php 12
ERROR - 2017-09-19 16:03:20 --> Severity: Warning --> Invalid argument supplied for foreach() /home/standard_digital/httpdocs/evewoman/application/views/mobile/modules/childCategory.php 12
ERROR - 2017-09-19 16:04:57 --> Severity: Warning --> Invalid argument supplied for foreach() /home/standard_digital/httpdocs/evewoman/application/views/desktop/modules/childCategory.php 21
ERROR - 2017-09-19 16:06:38 --> Severity: Warning --> Invalid argument supplied for foreach() /home/standard_digital/httpdocs/evewoman/application/views/mobile/modules/childCategory.php 12
ERROR - 2017-09-19 16:07:47 --> Severity: Warning --> Invalid argument supplied for foreach() /home/standard_digital/httpdocs/evewoman/application/views/mobile/modules/childCategory.php 12
ERROR - 2017-09-19 16:21:47 --> Severity: Warning --> Invalid argument supplied for foreach() /home/standard_digital/httpdocs/evewoman/application/views/desktop/modules/childCategory.php 21
ERROR - 2017-09-19 16:31:48 --> Severity: Warning --> Invalid argument supplied for foreach() /home/standard_digital/httpdocs/evewoman/application/views/mobile/modules/childCategory.php 12
ERROR - 2017-09-19 16:32:38 --> Severity: Warning --> Invalid argument supplied for foreach() /home/standard_digital/httpdocs/evewoman/application/views/desktop/modules/childCategory.php 21
ERROR - 2017-09-19 16:44:26 --> Severity: Warning --> Invalid argument supplied for foreach() /home/standard_digital/httpdocs/evewoman/application/views/desktop/modules/childCategory.php 21
ERROR - 2017-09-19 16:50:17 --> Severity: Warning --> Invalid argument supplied for foreach() /home/standard_digital/httpdocs/evewoman/application/views/mobile/modules/childCategory.php 12
ERROR - 2017-09-19 16:50:18 --> Severity: Warning --> Invalid argument supplied for foreach() /home/standard_digital/httpdocs/evewoman/application/views/mobile/modules/childCategory.php 12
ERROR - 2017-09-19 16:50:18 --> Severity: Warning --> Invalid argument supplied for foreach() /home/standard_digital/httpdocs/evewoman/application/views/mobile/modules/childCategory.php 12
ERROR - 2017-09-19 16:53:33 --> Severity: Warning --> Invalid argument supplied for foreach() /home/standard_digital/httpdocs/evewoman/application/views/mobile/modules/childCategory.php 12
ERROR - 2017-09-19 16:53:38 --> Severity: Warning --> Invalid argument supplied for foreach() /home/standard_digital/httpdocs/evewoman/application/views/desktop/modules/childCategory.php 21
ERROR - 2017-09-19 16:56:06 --> Severity: Warning --> Invalid argument supplied for foreach() /home/standard_digital/httpdocs/evewoman/application/views/desktop/modules/childCategory.php 21
ERROR - 2017-09-19 16:56:17 --> Severity: Warning --> Invalid argument supplied for foreach() /home/standard_digital/httpdocs/evewoman/application/views/desktop/modules/childCategory.php 21
ERROR - 2017-09-19 16:57:09 --> Severity: Warning --> Invalid argument supplied for foreach() /home/standard_digital/httpdocs/evewoman/application/views/desktop/modules/childCategory.php 21
ERROR - 2017-09-19 16:58:23 --> Severity: Warning --> Invalid argument supplied for foreach() /home/standard_digital/httpdocs/evewoman/application/views/mobile/modules/childCategory.php 12
ERROR - 2017-09-19 16:58:23 --> Severity: Warning --> Invalid argument supplied for foreach() /home/standard_digital/httpdocs/evewoman/application/views/mobile/modules/childCategory.php 12
ERROR - 2017-09-19 16:58:23 --> Severity: Warning --> Invalid argument supplied for foreach() /home/standard_digital/httpdocs/evewoman/application/views/mobile/modules/childCategory.php 12
ERROR - 2017-09-19 16:58:41 --> Severity: Warning --> Invalid argument supplied for foreach() /home/standard_digital/httpdocs/evewoman/application/views/mobile/modules/childCategory.php 12
ERROR - 2017-09-19 16:58:41 --> Severity: Warning --> Invalid argument supplied for foreach() /home/standard_digital/httpdocs/evewoman/application/views/mobile/modules/childCategory.php 12
ERROR - 2017-09-19 17:01:35 --> Severity: Warning --> Invalid argument supplied for foreach() /home/standard_digital/httpdocs/evewoman/application/views/mobile/modules/childCategory.php 12
ERROR - 2017-09-19 17:01:50 --> Severity: Warning --> Invalid argument supplied for foreach() /home/standard_digital/httpdocs/evewoman/application/views/desktop/modules/childCategory.php 21
ERROR - 2017-09-19 17:01:51 --> Severity: Warning --> Invalid argument supplied for foreach() /home/standard_digital/httpdocs/evewoman/application/views/desktop/modules/childCategory.php 21
ERROR - 2017-09-19 17:01:55 --> Severity: Warning --> Invalid argument supplied for foreach() /home/standard_digital/httpdocs/evewoman/application/views/desktop/modules/childCategory.php 21
ERROR - 2017-09-19 17:02:11 --> Severity: Warning --> Invalid argument supplied for foreach() /home/standard_digital/httpdocs/evewoman/application/views/mobile/modules/childCategory.php 12
ERROR - 2017-09-19 17:02:11 --> Severity: Warning --> Invalid argument supplied for foreach() /home/standard_digital/httpdocs/evewoman/application/views/mobile/modules/childCategory.php 12
ERROR - 2017-09-19 17:02:11 --> Severity: Warning --> Invalid argument supplied for foreach() /home/standard_digital/httpdocs/evewoman/application/views/desktop/modules/childCategory.php 21
ERROR - 2017-09-19 17:03:27 --> Severity: Warning --> Invalid argument supplied for foreach() /home/standard_digital/httpdocs/evewoman/application/views/mobile/modules/childCategory.php 12
ERROR - 2017-09-19 17:05:18 --> Severity: Warning --> Invalid argument supplied for foreach() /home/standard_digital/httpdocs/evewoman/application/views/desktop/modules/childCategory.php 21
ERROR - 2017-09-19 17:06:21 --> Severity: Warning --> Invalid argument supplied for foreach() /home/standard_digital/httpdocs/evewoman/application/views/desktop/modules/childCategory.php 21
ERROR - 2017-09-19 17:10:01 --> Severity: Warning --> Invalid argument supplied for foreach() /home/standard_digital/httpdocs/evewoman/application/views/mobile/modules/childCategory.php 12
ERROR - 2017-09-19 17:10:02 --> Severity: Warning --> Invalid argument supplied for foreach() /home/standard_digital/httpdocs/evewoman/application/views/mobile/modules/childCategory.php 12
ERROR - 2017-09-19 17:10:02 --> Severity: Warning --> Invalid argument supplied for foreach() /home/standard_digital/httpdocs/evewoman/application/views/mobile/modules/childCategory.php 12
ERROR - 2017-09-19 17:10:03 --> Severity: Warning --> Invalid argument supplied for foreach() /home/standard_digital/httpdocs/evewoman/application/views/mobile/modules/childCategory.php 12
ERROR - 2017-09-19 17:13:12 --> Severity: Warning --> Invalid argument supplied for foreach() /home/standard_digital/httpdocs/evewoman/application/views/desktop/modules/childCategory.php 21
ERROR - 2017-09-19 17:13:28 --> Severity: Warning --> Invalid argument supplied for foreach() /home/standard_digital/httpdocs/evewoman/application/views/desktop/modules/childCategory.php 21
ERROR - 2017-09-19 17:15:53 --> Severity: Warning --> Invalid argument supplied for foreach() /home/standard_digital/httpdocs/evewoman/application/views/mobile/modules/childCategory.php 12
ERROR - 2017-09-19 17:15:53 --> Severity: Warning --> Invalid argument supplied for foreach() /home/standard_digital/httpdocs/evewoman/application/views/mobile/modules/childCategory.php 12
ERROR - 2017-09-19 17:16:27 --> Severity: Warning --> Invalid argument supplied for foreach() /home/standard_digital/httpdocs/evewoman/application/views/mobile/modules/childCategory.php 12
ERROR - 2017-09-19 17:18:43 --> Severity: Warning --> Invalid argument supplied for foreach() /home/standard_digital/httpdocs/evewoman/application/views/mobile/modules/childCategory.php 12
ERROR - 2017-09-19 17:21:46 --> Severity: Warning --> Invalid argument supplied for foreach() /home/standard_digital/httpdocs/evewoman/application/views/mobile/modules/childCategory.php 12
ERROR - 2017-09-19 17:21:46 --> Severity: Warning --> Invalid argument supplied for foreach() /home/standard_digital/httpdocs/evewoman/application/views/mobile/modules/childCategory.php 12
ERROR - 2017-09-19 17:21:46 --> Severity: Warning --> Invalid argument supplied for foreach() /home/standard_digital/httpdocs/evewoman/application/views/mobile/modules/childCategory.php 12
ERROR - 2017-09-19 17:26:44 --> Severity: Warning --> Invalid argument supplied for foreach() /home/standard_digital/httpdocs/evewoman/application/views/desktop/modules/childCategory.php 21
ERROR - 2017-09-19 17:31:37 --> Severity: Warning --> Invalid argument supplied for foreach() /home/standard_digital/httpdocs/evewoman/application/views/mobile/modules/childCategory.php 12
ERROR - 2017-09-19 17:36:51 --> Severity: Warning --> Invalid argument supplied for foreach() /home/standard_digital/httpdocs/evewoman/application/views/desktop/modules/childCategory.php 21
ERROR - 2017-09-19 17:37:01 --> Severity: Warning --> Invalid argument supplied for foreach() /home/standard_digital/httpdocs/evewoman/application/views/mobile/modules/childCategory.php 12
ERROR - 2017-09-19 17:39:21 --> Severity: Warning --> Invalid argument supplied for foreach() /home/standard_digital/httpdocs/evewoman/application/views/desktop/modules/childCategory.php 21
ERROR - 2017-09-19 17:40:28 --> Severity: Warning --> Invalid argument supplied for foreach() /home/standard_digital/httpdocs/evewoman/application/views/desktop/modules/childCategory.php 21
ERROR - 2017-09-19 17:40:51 --> Severity: Warning --> Invalid argument supplied for foreach() /home/standard_digital/httpdocs/evewoman/application/views/desktop/modules/childCategory.php 21
ERROR - 2017-09-19 17:41:07 --> Severity: Warning --> Invalid argument supplied for foreach() /home/standard_digital/httpdocs/evewoman/application/views/mobile/modules/childCategory.php 12
ERROR - 2017-09-19 17:43:07 --> Severity: Warning --> Invalid argument supplied for foreach() /home/standard_digital/httpdocs/evewoman/application/views/mobile/modules/childCategory.php 12
ERROR - 2017-09-19 17:44:43 --> Severity: Warning --> Invalid argument supplied for foreach() /home/standard_digital/httpdocs/evewoman/application/views/mobile/modules/childCategory.php 12
ERROR - 2017-09-19 17:46:17 --> Severity: Warning --> Invalid argument supplied for foreach() /home/standard_digital/httpdocs/evewoman/application/views/mobile/modules/childCategory.php 12
ERROR - 2017-09-19 17:50:14 --> Severity: Warning --> Invalid argument supplied for foreach() /home/standard_digital/httpdocs/evewoman/application/views/mobile/modules/childCategory.php 12
ERROR - 2017-09-19 17:50:58 --> Severity: Warning --> Invalid argument supplied for foreach() /home/standard_digital/httpdocs/evewoman/application/views/desktop/modules/childCategory.php 21
ERROR - 2017-09-19 17:52:20 --> Severity: Warning --> Invalid argument supplied for foreach() /home/standard_digital/httpdocs/evewoman/application/views/desktop/modules/childCategory.php 21
ERROR - 2017-09-19 17:59:04 --> Severity: Warning --> Invalid argument supplied for foreach() /home/standard_digital/httpdocs/evewoman/application/views/desktop/modules/childCategory.php 21
ERROR - 2017-09-19 18:12:28 --> Severity: Warning --> Invalid argument supplied for foreach() /home/standard_digital/httpdocs/evewoman/application/views/desktop/modules/childCategory.php 21
ERROR - 2017-09-19 18:22:55 --> Severity: Warning --> Invalid argument supplied for foreach() /home/standard_digital/httpdocs/evewoman/application/views/desktop/modules/childCategory.php 21
ERROR - 2017-09-19 18:30:05 --> Severity: Warning --> Invalid argument supplied for foreach() /home/standard_digital/httpdocs/evewoman/application/views/desktop/modules/childCategory.php 21
ERROR - 2017-09-19 18:31:02 --> Severity: Warning --> Invalid argument supplied for foreach() /home/standard_digital/httpdocs/evewoman/application/views/desktop/modules/childCategory.php 21
ERROR - 2017-09-19 18:39:43 --> Severity: Warning --> Invalid argument supplied for foreach() /home/standard_digital/httpdocs/evewoman/application/views/desktop/modules/childCategory.php 21
ERROR - 2017-09-19 18:46:50 --> Severity: Warning --> Invalid argument supplied for foreach() /home/standard_digital/httpdocs/evewoman/application/views/desktop/modules/childCategory.php 21
ERROR - 2017-09-19 18:52:57 --> Severity: Warning --> Invalid argument supplied for foreach() /home/standard_digital/httpdocs/evewoman/application/views/desktop/modules/childCategory.php 21
ERROR - 2017-09-19 18:53:31 --> Severity: Warning --> Invalid argument supplied for foreach() /home/standard_digital/httpdocs/evewoman/application/views/mobile/modules/childCategory.php 12
ERROR - 2017-09-19 18:56:54 --> Severity: Warning --> Invalid argument supplied for foreach() /home/standard_digital/httpdocs/evewoman/application/views/mobile/modules/childCategory.php 12
ERROR - 2017-09-19 19:01:55 --> Severity: Warning --> Invalid argument supplied for foreach() /home/standard_digital/httpdocs/evewoman/application/views/desktop/modules/childCategory.php 21
ERROR - 2017-09-19 19:02:29 --> Severity: Warning --> Invalid argument supplied for foreach() /home/standard_digital/httpdocs/evewoman/application/views/desktop/modules/childCategory.php 21
ERROR - 2017-09-19 19:06:59 --> Severity: Warning --> Invalid argument supplied for foreach() /home/standard_digital/httpdocs/evewoman/application/views/mobile/modules/childCategory.php 12
ERROR - 2017-09-19 19:08:41 --> Severity: Warning --> Invalid argument supplied for foreach() /home/standard_digital/httpdocs/evewoman/application/views/desktop/modules/childCategory.php 21
ERROR - 2017-09-19 19:13:33 --> Severity: Warning --> Invalid argument supplied for foreach() /home/standard_digital/httpdocs/evewoman/application/views/desktop/modules/childCategory.php 21
ERROR - 2017-09-19 19:13:36 --> Severity: Warning --> Invalid argument supplied for foreach() /home/standard_digital/httpdocs/evewoman/application/views/desktop/modules/childCategory.php 21
ERROR - 2017-09-19 19:18:43 --> Severity: Warning --> Invalid argument supplied for foreach() /home/standard_digital/httpdocs/evewoman/application/views/mobile/modules/childCategory.php 12
ERROR - 2017-09-19 19:20:28 --> Severity: Warning --> Invalid argument supplied for foreach() /home/standard_digital/httpdocs/evewoman/application/views/desktop/modules/childCategory.php 21
ERROR - 2017-09-19 19:25:32 --> Severity: Warning --> Invalid argument supplied for foreach() /home/standard_digital/httpdocs/evewoman/application/views/desktop/modules/childCategory.php 21
ERROR - 2017-09-19 19:33:10 --> Severity: Warning --> Invalid argument supplied for foreach() /home/standard_digital/httpdocs/evewoman/application/views/desktop/modules/childCategory.php 21
ERROR - 2017-09-19 19:38:24 --> Severity: Warning --> Invalid argument supplied for foreach() /home/standard_digital/httpdocs/evewoman/application/views/mobile/modules/childCategory.php 12
ERROR - 2017-09-19 19:38:25 --> Severity: Warning --> Invalid argument supplied for foreach() /home/standard_digital/httpdocs/evewoman/application/views/mobile/modules/childCategory.php 12
ERROR - 2017-09-19 19:38:25 --> Severity: Warning --> Invalid argument supplied for foreach() /home/standard_digital/httpdocs/evewoman/application/views/mobile/modules/childCategory.php 12
ERROR - 2017-09-19 19:39:59 --> Severity: Warning --> Invalid argument supplied for foreach() /home/standard_digital/httpdocs/evewoman/application/views/desktop/modules/childCategory.php 21
ERROR - 2017-09-19 19:43:49 --> Severity: Warning --> Invalid argument supplied for foreach() /home/standard_digital/httpdocs/evewoman/application/views/desktop/modules/childCategory.php 21
ERROR - 2017-09-19 19:56:37 --> Severity: Warning --> Invalid argument supplied for foreach() /home/standard_digital/httpdocs/evewoman/application/views/mobile/modules/childCategory.php 12
ERROR - 2017-09-19 19:59:35 --> Severity: Warning --> Invalid argument supplied for foreach() /home/standard_digital/httpdocs/evewoman/application/views/mobile/modules/childCategory.php 12
ERROR - 2017-09-19 19:59:36 --> Severity: Warning --> Invalid argument supplied for foreach() /home/standard_digital/httpdocs/evewoman/application/views/mobile/modules/childCategory.php 12
ERROR - 2017-09-19 20:09:53 --> Severity: Warning --> Invalid argument supplied for foreach() /home/standard_digital/httpdocs/evewoman/application/views/desktop/modules/childCategory.php 21
ERROR - 2017-09-19 20:16:39 --> Severity: Notice --> Undefined index: HTTP_USER_AGENT /home/standard_digital/httpdocs/evewoman/application/libraries/Assist.php 149
ERROR - 2017-09-19 20:17:49 --> Severity: Notice --> Undefined index: HTTP_USER_AGENT /home/standard_digital/httpdocs/evewoman/application/libraries/Assist.php 149
ERROR - 2017-09-19 20:34:04 --> Severity: Warning --> Invalid argument supplied for foreach() /home/standard_digital/httpdocs/evewoman/application/views/desktop/modules/childCategory.php 21
ERROR - 2017-09-19 20:34:04 --> Severity: Warning --> Invalid argument supplied for foreach() /home/standard_digital/httpdocs/evewoman/application/views/desktop/modules/childCategory.php 21
ERROR - 2017-09-19 20:34:05 --> Severity: Warning --> Invalid argument supplied for foreach() /home/standard_digital/httpdocs/evewoman/application/views/mobile/modules/childCategory.php 12
ERROR - 2017-09-19 20:34:05 --> Severity: Warning --> Invalid argument supplied for foreach() /home/standard_digital/httpdocs/evewoman/application/views/mobile/modules/childCategory.php 12
ERROR - 2017-09-19 20:34:05 --> Severity: Warning --> Invalid argument supplied for foreach() /home/standard_digital/httpdocs/evewoman/application/views/mobile/modules/childCategory.php 12
ERROR - 2017-09-19 20:40:00 --> Severity: Warning --> Invalid argument supplied for foreach() /home/standard_digital/httpdocs/evewoman/application/views/mobile/modules/childCategory.php 12
ERROR - 2017-09-19 20:40:03 --> Severity: Warning --> Invalid argument supplied for foreach() /home/standard_digital/httpdocs/evewoman/application/views/mobile/modules/childCategory.php 12
ERROR - 2017-09-19 20:40:03 --> Severity: Warning --> Invalid argument supplied for foreach() /home/standard_digital/httpdocs/evewoman/application/views/mobile/modules/childCategory.php 12
ERROR - 2017-09-19 20:43:32 --> Severity: Warning --> Invalid argument supplied for foreach() /home/standard_digital/httpdocs/evewoman/application/views/mobile/modules/childCategory.php 12
ERROR - 2017-09-19 20:43:32 --> Severity: Warning --> Invalid argument supplied for foreach() /home/standard_digital/httpdocs/evewoman/application/views/mobile/modules/childCategory.php 12
ERROR - 2017-09-19 20:43:32 --> Severity: Warning --> Invalid argument supplied for foreach() /home/standard_digital/httpdocs/evewoman/application/views/mobile/modules/childCategory.php 12
ERROR - 2017-09-19 20:52:11 --> Severity: Warning --> Invalid argument supplied for foreach() /home/standard_digital/httpdocs/evewoman/application/views/desktop/modules/childCategory.php 21
ERROR - 2017-09-19 21:00:10 --> Severity: Warning --> Invalid argument supplied for foreach() /home/standard_digital/httpdocs/evewoman/application/views/desktop/modules/childCategory.php 21
ERROR - 2017-09-19 21:01:13 --> Severity: Warning --> Invalid argument supplied for foreach() /home/standard_digital/httpdocs/evewoman/application/views/mobile/modules/childCategory.php 12
ERROR - 2017-09-19 21:05:19 --> Severity: Warning --> Invalid argument supplied for foreach() /home/standard_digital/httpdocs/evewoman/application/views/desktop/modules/childCategory.php 21
ERROR - 2017-09-19 21:05:56 --> Severity: Warning --> Invalid argument supplied for foreach() /home/standard_digital/httpdocs/evewoman/application/views/desktop/modules/childCategory.php 21
ERROR - 2017-09-19 21:10:55 --> Severity: Warning --> Invalid argument supplied for foreach() /home/standard_digital/httpdocs/evewoman/application/views/desktop/modules/childCategory.php 21
ERROR - 2017-09-19 21:14:15 --> Severity: Warning --> Invalid argument supplied for foreach() /home/standard_digital/httpdocs/evewoman/application/views/desktop/modules/childCategory.php 21
ERROR - 2017-09-19 21:26:04 --> Severity: Warning --> Invalid argument supplied for foreach() /home/standard_digital/httpdocs/evewoman/application/views/mobile/modules/childCategory.php 12
ERROR - 2017-09-19 21:26:38 --> Severity: Warning --> Invalid argument supplied for foreach() /home/standard_digital/httpdocs/evewoman/application/views/desktop/modules/childCategory.php 21
ERROR - 2017-09-19 21:27:08 --> Severity: Warning --> Invalid argument supplied for foreach() /home/standard_digital/httpdocs/evewoman/application/views/mobile/modules/childCategory.php 12
ERROR - 2017-09-19 21:27:09 --> Severity: Warning --> Invalid argument supplied for foreach() /home/standard_digital/httpdocs/evewoman/application/views/mobile/modules/childCategory.php 12
ERROR - 2017-09-19 21:29:01 --> Severity: Warning --> Invalid argument supplied for foreach() /home/standard_digital/httpdocs/evewoman/application/views/desktop/modules/childCategory.php 21
ERROR - 2017-09-19 21:29:02 --> Severity: Warning --> Invalid argument supplied for foreach() /home/standard_digital/httpdocs/evewoman/application/views/desktop/modules/childCategory.php 21
ERROR - 2017-09-19 21:32:00 --> Severity: Warning --> Invalid argument supplied for foreach() /home/standard_digital/httpdocs/evewoman/application/views/mobile/modules/childCategory.php 12
ERROR - 2017-09-19 21:32:00 --> Severity: Warning --> Invalid argument supplied for foreach() /home/standard_digital/httpdocs/evewoman/application/views/mobile/modules/childCategory.php 12
ERROR - 2017-09-19 21:32:00 --> Severity: Warning --> Invalid argument supplied for foreach() /home/standard_digital/httpdocs/evewoman/application/views/mobile/modules/childCategory.php 12
ERROR - 2017-09-19 21:46:11 --> Severity: Warning --> Invalid argument supplied for foreach() /home/standard_digital/httpdocs/evewoman/application/views/mobile/modules/childCategory.php 12
ERROR - 2017-09-19 21:46:11 --> Severity: Warning --> Invalid argument supplied for foreach() /home/standard_digital/httpdocs/evewoman/application/views/mobile/modules/childCategory.php 12
ERROR - 2017-09-19 21:46:12 --> Severity: Warning --> Invalid argument supplied for foreach() /home/standard_digital/httpdocs/evewoman/application/views/mobile/modules/childCategory.php 12
ERROR - 2017-09-19 21:52:13 --> Severity: Warning --> Invalid argument supplied for foreach() /home/standard_digital/httpdocs/evewoman/application/views/desktop/modules/childCategory.php 21
ERROR - 2017-09-19 21:57:01 --> Severity: Warning --> Invalid argument supplied for foreach() /home/standard_digital/httpdocs/evewoman/application/views/mobile/modules/childCategory.php 12
ERROR - 2017-09-19 22:01:58 --> Severity: Warning --> Invalid argument supplied for foreach() /home/standard_digital/httpdocs/evewoman/application/views/desktop/modules/childCategory.php 21
ERROR - 2017-09-19 22:12:04 --> Severity: Warning --> Invalid argument supplied for foreach() /home/standard_digital/httpdocs/evewoman/application/views/desktop/modules/childCategory.php 21
ERROR - 2017-09-19 22:19:55 --> Severity: Warning --> Invalid argument supplied for foreach() /home/standard_digital/httpdocs/evewoman/application/views/desktop/modules/childCategory.php 21
ERROR - 2017-09-19 22:26:31 --> Severity: Warning --> Invalid argument supplied for foreach() /home/standard_digital/httpdocs/evewoman/application/views/desktop/modules/childCategory.php 21
ERROR - 2017-09-19 22:31:16 --> Severity: Warning --> Invalid argument supplied for foreach() /home/standard_digital/httpdocs/evewoman/application/views/desktop/modules/childCategory.php 21
ERROR - 2017-09-19 22:31:55 --> Severity: Warning --> Invalid argument supplied for foreach() /home/standard_digital/httpdocs/evewoman/application/views/desktop/modules/childCategory.php 21
ERROR - 2017-09-19 22:32:22 --> Severity: Warning --> Invalid argument supplied for foreach() /home/standard_digital/httpdocs/evewoman/application/views/mobile/modules/childCategory.php 12
ERROR - 2017-09-19 22:33:35 --> Severity: Warning --> Invalid argument supplied for foreach() /home/standard_digital/httpdocs/evewoman/application/views/desktop/modules/childCategory.php 21
ERROR - 2017-09-19 22:35:19 --> Severity: Warning --> Invalid argument supplied for foreach() /home/standard_digital/httpdocs/evewoman/application/views/desktop/modules/childCategory.php 21
ERROR - 2017-09-19 22:41:42 --> Query error: Column 'id' in where clause is ambiguous - Invalid query: SELECT `ktn_video`.`title`, `ktn_video`.`videoURL`, `ktn_video`.`id`, `ktn_video_category`.`name`, `ktn_video`.`publishdate`, `ktn_video`.`description`
FROM `ktn_video`
JOIN `ktn_video_category` ON `ktn_video_category`.`id`=`ktn_video`.`categoryid`
WHERE `id` = '2000114481'
ERROR - 2017-09-19 22:41:42 --> Severity: Error --> Call to a member function num_rows() on a non-object /home/standard_digital/httpdocs/evewoman/application/models/Article_model.php 197
ERROR - 2017-09-19 22:44:14 --> Severity: Warning --> Invalid argument supplied for foreach() /home/standard_digital/httpdocs/evewoman/application/views/desktop/modules/childCategory.php 21
ERROR - 2017-09-19 23:03:01 --> Severity: Warning --> Invalid argument supplied for foreach() /home/standard_digital/httpdocs/evewoman/application/views/desktop/modules/childCategory.php 21
ERROR - 2017-09-19 23:11:55 --> Severity: Warning --> Invalid argument supplied for foreach() /home/standard_digital/httpdocs/evewoman/application/views/desktop/modules/childCategory.php 21
ERROR - 2017-09-19 23:11:57 --> Severity: Warning --> Invalid argument supplied for foreach() /home/standard_digital/httpdocs/evewoman/application/views/desktop/modules/childCategory.php 21
ERROR - 2017-09-19 23:11:58 --> Severity: Warning --> Invalid argument supplied for foreach() /home/standard_digital/httpdocs/evewoman/application/views/mobile/modules/childCategory.php 12
ERROR - 2017-09-19 23:12:44 --> Severity: Warning --> Invalid argument supplied for foreach() /home/standard_digital/httpdocs/evewoman/application/views/desktop/modules/childCategory.php 21
ERROR - 2017-09-19 23:15:17 --> Severity: Warning --> Invalid argument supplied for foreach() /home/standard_digital/httpdocs/evewoman/application/views/desktop/modules/childCategory.php 21
ERROR - 2017-09-19 23:15:39 --> Severity: Warning --> Invalid argument supplied for foreach() /home/standard_digital/httpdocs/evewoman/application/views/desktop/modules/childCategory.php 21
ERROR - 2017-09-19 23:15:50 --> Severity: Warning --> Invalid argument supplied for foreach() /home/standard_digital/httpdocs/evewoman/application/views/desktop/modules/childCategory.php 21
ERROR - 2017-09-19 23:17:53 --> Severity: Warning --> Invalid argument supplied for foreach() /home/standard_digital/httpdocs/evewoman/application/views/mobile/modules/childCategory.php 12
ERROR - 2017-09-19 23:19:22 --> Severity: Warning --> Invalid argument supplied for foreach() /home/standard_digital/httpdocs/evewoman/application/views/mobile/modules/childCategory.php 12
ERROR - 2017-09-19 23:19:33 --> Severity: Warning --> Invalid argument supplied for foreach() /home/standard_digital/httpdocs/evewoman/application/views/mobile/modules/childCategory.php 12
ERROR - 2017-09-19 23:19:44 --> Severity: Warning --> Invalid argument supplied for foreach() /home/standard_digital/httpdocs/evewoman/application/views/mobile/modules/childCategory.php 12
ERROR - 2017-09-19 23:25:06 --> Severity: Warning --> Invalid argument supplied for foreach() /home/standard_digital/httpdocs/evewoman/application/views/desktop/modules/childCategory.php 21
ERROR - 2017-09-19 23:26:18 --> Severity: Warning --> Invalid argument supplied for foreach() /home/standard_digital/httpdocs/evewoman/application/views/mobile/modules/childCategory.php 12
ERROR - 2017-09-19 23:46:58 --> Severity: Warning --> Invalid argument supplied for foreach() /home/standard_digital/httpdocs/evewoman/application/views/desktop/modules/childCategory.php 21
ERROR - 2017-09-19 23:58:45 --> Severity: Warning --> Invalid argument supplied for foreach() /home/standard_digital/httpdocs/evewoman/application/views/desktop/modules/childCategory.php 21
