ERROR - 2017-09-16 00:01:24 --> Severity: Warning --> Invalid argument supplied for foreach() /home/standard_digital/httpdocs/evewoman/application/views/desktop/modules/childCategory.php 21
ERROR - 2017-09-16 00:07:06 --> Severity: Warning --> Invalid argument supplied for foreach() /home/standard_digital/httpdocs/evewoman/application/views/desktop/modules/childCategory.php 21
ERROR - 2017-09-16 00:07:09 --> Severity: Warning --> Invalid argument supplied for foreach() /home/standard_digital/httpdocs/evewoman/application/views/desktop/modules/childCategory.php 21
ERROR - 2017-09-16 00:12:34 --> Severity: Warning --> Invalid argument supplied for foreach() /home/standard_digital/httpdocs/evewoman/application/views/desktop/modules/childCategory.php 21
ERROR - 2017-09-16 00:13:04 --> Severity: Warning --> Invalid argument supplied for foreach() /home/standard_digital/httpdocs/evewoman/application/views/desktop/modules/childCategory.php 21
ERROR - 2017-09-16 00:14:03 --> Severity: Warning --> Invalid argument supplied for foreach() /home/standard_digital/httpdocs/evewoman/application/views/desktop/modules/childCategory.php 21
ERROR - 2017-09-16 00:18:44 --> Severity: Warning --> Invalid argument supplied for foreach() /home/standard_digital/httpdocs/evewoman/application/views/desktop/modules/childCategory.php 21
ERROR - 2017-09-16 00:24:10 --> Severity: Warning --> Invalid argument supplied for foreach() /home/standard_digital/httpdocs/evewoman/application/views/desktop/modules/childCategory.php 21
ERROR - 2017-09-16 00:24:47 --> Severity: Warning --> Invalid argument supplied for foreach() /home/standard_digital/httpdocs/evewoman/application/views/desktop/modules/childCategory.php 21
ERROR - 2017-09-16 00:26:11 --> Severity: Warning --> Invalid argument supplied for foreach() /home/standard_digital/httpdocs/evewoman/application/views/desktop/modules/childCategory.php 21
ERROR - 2017-09-16 00:26:27 --> Severity: Warning --> Invalid argument supplied for foreach() /home/standard_digital/httpdocs/evewoman/application/views/desktop/modules/childCategory.php 21
ERROR - 2017-09-16 00:29:24 --> Severity: Warning --> Invalid argument supplied for foreach() /home/standard_digital/httpdocs/evewoman/application/views/desktop/modules/childCategory.php 21
ERROR - 2017-09-16 00:30:07 --> Severity: Warning --> Invalid argument supplied for foreach() /home/standard_digital/httpdocs/evewoman/application/views/desktop/modules/childCategory.php 21
ERROR - 2017-09-16 00:33:46 --> Severity: Warning --> Invalid argument supplied for foreach() /home/standard_digital/httpdocs/evewoman/application/views/desktop/modules/childCategory.php 21
ERROR - 2017-09-16 00:34:13 --> Severity: Warning --> Invalid argument supplied for foreach() /home/standard_digital/httpdocs/evewoman/application/views/desktop/modules/childCategory.php 21
ERROR - 2017-09-16 00:40:16 --> Severity: Warning --> Invalid argument supplied for foreach() /home/standard_digital/httpdocs/evewoman/application/views/desktop/modules/childCategory.php 21
ERROR - 2017-09-16 00:47:41 --> Severity: Warning --> Invalid argument supplied for foreach() /home/standard_digital/httpdocs/evewoman/application/views/desktop/modules/childCategory.php 21
ERROR - 2017-09-16 00:48:01 --> Severity: Warning --> Invalid argument supplied for foreach() /home/standard_digital/httpdocs/evewoman/application/views/desktop/modules/childCategory.php 21
ERROR - 2017-09-16 00:48:09 --> Severity: Warning --> Invalid argument supplied for foreach() /home/standard_digital/httpdocs/evewoman/application/views/desktop/modules/childCategory.php 21
ERROR - 2017-09-16 00:48:23 --> Severity: Warning --> Invalid argument supplied for foreach() /home/standard_digital/httpdocs/evewoman/application/views/desktop/modules/childCategory.php 21
ERROR - 2017-09-16 00:49:29 --> Severity: Warning --> Invalid argument supplied for foreach() /home/standard_digital/httpdocs/evewoman/application/views/desktop/modules/childCategory.php 21
ERROR - 2017-09-16 00:52:46 --> Severity: Warning --> Invalid argument supplied for foreach() /home/standard_digital/httpdocs/evewoman/application/views/desktop/modules/childCategory.php 21
ERROR - 2017-09-16 00:57:03 --> Severity: Warning --> Invalid argument supplied for foreach() /home/standard_digital/httpdocs/evewoman/application/views/desktop/modules/childCategory.php 21
ERROR - 2017-09-16 00:59:23 --> Severity: Warning --> Invalid argument supplied for foreach() /home/standard_digital/httpdocs/evewoman/application/views/mobile/modules/childCategory.php 12
ERROR - 2017-09-16 01:02:47 --> Severity: Warning --> Invalid argument supplied for foreach() /home/standard_digital/httpdocs/evewoman/application/views/desktop/modules/childCategory.php 21
ERROR - 2017-09-16 01:02:48 --> Severity: Warning --> Invalid argument supplied for foreach() /home/standard_digital/httpdocs/evewoman/application/views/mobile/modules/childCategory.php 12
ERROR - 2017-09-16 01:03:03 --> Severity: Warning --> Invalid argument supplied for foreach() /home/standard_digital/httpdocs/evewoman/application/views/mobile/modules/childCategory.php 12
ERROR - 2017-09-16 01:03:35 --> Severity: Warning --> Invalid argument supplied for foreach() /home/standard_digital/httpdocs/evewoman/application/views/desktop/modules/childCategory.php 21
ERROR - 2017-09-16 01:05:36 --> Severity: Warning --> Invalid argument supplied for foreach() /home/standard_digital/httpdocs/evewoman/application/views/desktop/modules/childCategory.php 21
ERROR - 2017-09-16 01:06:20 --> Severity: Warning --> Invalid argument supplied for foreach() /home/standard_digital/httpdocs/evewoman/application/views/desktop/modules/childCategory.php 21
ERROR - 2017-09-16 01:07:39 --> Severity: Warning --> Invalid argument supplied for foreach() /home/standard_digital/httpdocs/evewoman/application/views/desktop/modules/childCategory.php 21
ERROR - 2017-09-16 01:08:53 --> Severity: Warning --> Invalid argument supplied for foreach() /home/standard_digital/httpdocs/evewoman/application/views/desktop/modules/childCategory.php 21
ERROR - 2017-09-16 01:16:30 --> Severity: Warning --> Invalid argument supplied for foreach() /home/standard_digital/httpdocs/evewoman/application/views/desktop/modules/childCategory.php 21
ERROR - 2017-09-16 01:17:56 --> Severity: Warning --> Invalid argument supplied for foreach() /home/standard_digital/httpdocs/evewoman/application/views/mobile/modules/childCategory.php 12
ERROR - 2017-09-16 01:19:44 --> Severity: Warning --> Invalid argument supplied for foreach() /home/standard_digital/httpdocs/evewoman/application/views/mobile/modules/childCategory.php 12
ERROR - 2017-09-16 01:27:03 --> Severity: Warning --> Invalid argument supplied for foreach() /home/standard_digital/httpdocs/evewoman/application/views/desktop/modules/childCategory.php 21
ERROR - 2017-09-16 01:30:19 --> Severity: Warning --> Invalid argument supplied for foreach() /home/standard_digital/httpdocs/evewoman/application/views/desktop/modules/childCategory.php 21
ERROR - 2017-09-16 01:42:20 --> Severity: Warning --> Invalid argument supplied for foreach() /home/standard_digital/httpdocs/evewoman/application/views/desktop/modules/childCategory.php 21
ERROR - 2017-09-16 01:46:34 --> Severity: Warning --> Invalid argument supplied for foreach() /home/standard_digital/httpdocs/evewoman/application/views/desktop/modules/childCategory.php 21
ERROR - 2017-09-16 01:54:22 --> Severity: Warning --> Invalid argument supplied for foreach() /home/standard_digital/httpdocs/evewoman/application/views/desktop/modules/childCategory.php 21
ERROR - 2017-09-16 01:56:52 --> Severity: Warning --> Invalid argument supplied for foreach() /home/standard_digital/httpdocs/evewoman/application/views/desktop/modules/childCategory.php 21
ERROR - 2017-09-16 02:00:35 --> Severity: Warning --> Invalid argument supplied for foreach() /home/standard_digital/httpdocs/evewoman/application/views/desktop/modules/childCategory.php 21
ERROR - 2017-09-16 02:01:21 --> Severity: Warning --> Invalid argument supplied for foreach() /home/standard_digital/httpdocs/evewoman/application/views/desktop/modules/childCategory.php 21
ERROR - 2017-09-16 02:01:59 --> Severity: Warning --> Invalid argument supplied for foreach() /home/standard_digital/httpdocs/evewoman/application/views/desktop/modules/childCategory.php 21
ERROR - 2017-09-16 02:14:31 --> Severity: Warning --> Invalid argument supplied for foreach() /home/standard_digital/httpdocs/evewoman/application/views/desktop/modules/childCategory.php 21
ERROR - 2017-09-16 02:15:10 --> Severity: Warning --> Invalid argument supplied for foreach() /home/standard_digital/httpdocs/evewoman/application/views/desktop/modules/childCategory.php 21
ERROR - 2017-09-16 02:15:43 --> Severity: Warning --> Invalid argument supplied for foreach() /home/standard_digital/httpdocs/evewoman/application/views/desktop/modules/childCategory.php 21
ERROR - 2017-09-16 02:18:19 --> Severity: Warning --> Invalid argument supplied for foreach() /home/standard_digital/httpdocs/evewoman/application/views/desktop/modules/childCategory.php 21
ERROR - 2017-09-16 02:19:11 --> Severity: Warning --> Invalid argument supplied for foreach() /home/standard_digital/httpdocs/evewoman/application/views/desktop/modules/childCategory.php 21
ERROR - 2017-09-16 02:19:32 --> Severity: Warning --> Invalid argument supplied for foreach() /home/standard_digital/httpdocs/evewoman/application/views/desktop/modules/childCategory.php 21
ERROR - 2017-09-16 02:24:24 --> Severity: Warning --> Invalid argument supplied for foreach() /home/standard_digital/httpdocs/evewoman/application/views/desktop/modules/childCategory.php 21
ERROR - 2017-09-16 02:25:40 --> Severity: Warning --> Invalid argument supplied for foreach() /home/standard_digital/httpdocs/evewoman/application/views/desktop/modules/childCategory.php 21
ERROR - 2017-09-16 02:25:46 --> Severity: Warning --> Invalid argument supplied for foreach() /home/standard_digital/httpdocs/evewoman/application/views/desktop/modules/childCategory.php 21
ERROR - 2017-09-16 02:28:41 --> Severity: Warning --> Invalid argument supplied for foreach() /home/standard_digital/httpdocs/evewoman/application/views/mobile/modules/childCategory.php 12
ERROR - 2017-09-16 02:29:05 --> Severity: Warning --> Invalid argument supplied for foreach() /home/standard_digital/httpdocs/evewoman/application/views/desktop/modules/childCategory.php 21
ERROR - 2017-09-16 02:31:13 --> Severity: Warning --> Invalid argument supplied for foreach() /home/standard_digital/httpdocs/evewoman/application/views/desktop/modules/childCategory.php 21
ERROR - 2017-09-16 02:33:46 --> Severity: Warning --> Invalid argument supplied for foreach() /home/standard_digital/httpdocs/evewoman/application/views/desktop/modules/childCategory.php 21
ERROR - 2017-09-16 02:39:24 --> Severity: Warning --> Invalid argument supplied for foreach() /home/standard_digital/httpdocs/evewoman/application/views/desktop/modules/childCategory.php 21
ERROR - 2017-09-16 02:43:38 --> Severity: Warning --> Invalid argument supplied for foreach() /home/standard_digital/httpdocs/evewoman/application/views/desktop/modules/childCategory.php 21
ERROR - 2017-09-16 02:50:25 --> Severity: Warning --> Invalid argument supplied for foreach() /home/standard_digital/httpdocs/evewoman/application/views/desktop/modules/childCategory.php 21
ERROR - 2017-09-16 03:04:48 --> Severity: Warning --> Invalid argument supplied for foreach() /home/standard_digital/httpdocs/evewoman/application/views/desktop/modules/childCategory.php 21
ERROR - 2017-09-16 03:10:59 --> Severity: Warning --> Invalid argument supplied for foreach() /home/standard_digital/httpdocs/evewoman/application/views/desktop/modules/childCategory.php 21
ERROR - 2017-09-16 03:10:59 --> Severity: Warning --> Invalid argument supplied for foreach() /home/standard_digital/httpdocs/evewoman/application/views/desktop/modules/childCategory.php 21
ERROR - 2017-09-16 03:21:45 --> Severity: Warning --> Invalid argument supplied for foreach() /home/standard_digital/httpdocs/evewoman/application/views/desktop/modules/childCategory.php 21
ERROR - 2017-09-16 03:30:28 --> Severity: Warning --> Invalid argument supplied for foreach() /home/standard_digital/httpdocs/evewoman/application/views/desktop/modules/childCategory.php 21
ERROR - 2017-09-16 03:30:37 --> Severity: Warning --> Invalid argument supplied for foreach() /home/standard_digital/httpdocs/evewoman/application/views/desktop/modules/childCategory.php 21
ERROR - 2017-09-16 03:31:24 --> Severity: Warning --> Invalid argument supplied for foreach() /home/standard_digital/httpdocs/evewoman/application/views/desktop/modules/childCategory.php 21
ERROR - 2017-09-16 03:32:11 --> Severity: Warning --> Invalid argument supplied for foreach() /home/standard_digital/httpdocs/evewoman/application/views/desktop/modules/childCategory.php 21
ERROR - 2017-09-16 03:32:34 --> Severity: Warning --> Invalid argument supplied for foreach() /home/standard_digital/httpdocs/evewoman/application/views/desktop/modules/childCategory.php 21
ERROR - 2017-09-16 03:37:48 --> Severity: Warning --> Invalid argument supplied for foreach() /home/standard_digital/httpdocs/evewoman/application/views/desktop/modules/childCategory.php 21
ERROR - 2017-09-16 03:38:18 --> Severity: Warning --> Invalid argument supplied for foreach() /home/standard_digital/httpdocs/evewoman/application/views/desktop/modules/childCategory.php 21
ERROR - 2017-09-16 03:38:43 --> Severity: Warning --> Invalid argument supplied for foreach() /home/standard_digital/httpdocs/evewoman/application/views/desktop/modules/childCategory.php 21
ERROR - 2017-09-16 03:44:44 --> Severity: Warning --> Invalid argument supplied for foreach() /home/standard_digital/httpdocs/evewoman/application/views/desktop/modules/childCategory.php 21
ERROR - 2017-09-16 03:46:46 --> Severity: Warning --> Invalid argument supplied for foreach() /home/standard_digital/httpdocs/evewoman/application/views/desktop/modules/childCategory.php 21
ERROR - 2017-09-16 03:50:50 --> Severity: Warning --> Invalid argument supplied for foreach() /home/standard_digital/httpdocs/evewoman/application/views/desktop/modules/childCategory.php 21
ERROR - 2017-09-16 03:53:15 --> Severity: Warning --> Invalid argument supplied for foreach() /home/standard_digital/httpdocs/evewoman/application/views/desktop/modules/childCategory.php 21
ERROR - 2017-09-16 03:55:59 --> Severity: Warning --> Invalid argument supplied for foreach() /home/standard_digital/httpdocs/evewoman/application/views/desktop/modules/childCategory.php 21
ERROR - 2017-09-16 03:56:15 --> Severity: Warning --> Invalid argument supplied for foreach() /home/standard_digital/httpdocs/evewoman/application/views/desktop/modules/childCategory.php 21
ERROR - 2017-09-16 04:02:44 --> Severity: Warning --> Invalid argument supplied for foreach() /home/standard_digital/httpdocs/evewoman/application/views/desktop/modules/childCategory.php 21
ERROR - 2017-09-16 04:06:02 --> Severity: Warning --> Invalid argument supplied for foreach() /home/standard_digital/httpdocs/evewoman/application/views/desktop/modules/childCategory.php 21
ERROR - 2017-09-16 04:07:15 --> Severity: Warning --> Invalid argument supplied for foreach() /home/standard_digital/httpdocs/evewoman/application/views/desktop/modules/childCategory.php 21
ERROR - 2017-09-16 04:07:21 --> Severity: Warning --> Invalid argument supplied for foreach() /home/standard_digital/httpdocs/evewoman/application/views/desktop/modules/childCategory.php 21
ERROR - 2017-09-16 04:09:13 --> Severity: Warning --> Invalid argument supplied for foreach() /home/standard_digital/httpdocs/evewoman/application/views/desktop/modules/childCategory.php 21
ERROR - 2017-09-16 04:10:44 --> Severity: Warning --> Invalid argument supplied for foreach() /home/standard_digital/httpdocs/evewoman/application/views/desktop/modules/childCategory.php 21
ERROR - 2017-09-16 04:13:14 --> Severity: Warning --> Invalid argument supplied for foreach() /home/standard_digital/httpdocs/evewoman/application/views/desktop/modules/childCategory.php 21
ERROR - 2017-09-16 04:16:39 --> Severity: Warning --> Invalid argument supplied for foreach() /home/standard_digital/httpdocs/evewoman/application/views/desktop/modules/childCategory.php 21
ERROR - 2017-09-16 04:21:26 --> Severity: Warning --> Invalid argument supplied for foreach() /home/standard_digital/httpdocs/evewoman/application/views/desktop/modules/childCategory.php 21
ERROR - 2017-09-16 04:23:26 --> Severity: Warning --> Invalid argument supplied for foreach() /home/standard_digital/httpdocs/evewoman/application/views/desktop/modules/childCategory.php 21
ERROR - 2017-09-16 04:23:53 --> Severity: Warning --> Invalid argument supplied for foreach() /home/standard_digital/httpdocs/evewoman/application/views/desktop/modules/childCategory.php 21
ERROR - 2017-09-16 04:28:12 --> Severity: Warning --> Invalid argument supplied for foreach() /home/standard_digital/httpdocs/evewoman/application/views/desktop/modules/childCategory.php 21
ERROR - 2017-09-16 04:29:36 --> Severity: Warning --> Invalid argument supplied for foreach() /home/standard_digital/httpdocs/evewoman/application/views/desktop/modules/childCategory.php 21
ERROR - 2017-09-16 04:35:36 --> Query error: Column 'id' in where clause is ambiguous - Invalid query: SELECT `ktn_video`.`title`, `ktn_video`.`videoURL`, `ktn_video`.`id`, `ktn_video_category`.`name`, `ktn_video`.`publishdate`, `ktn_video`.`description`
FROM `ktn_video`
JOIN `ktn_video_category` ON `ktn_video_category`.`id`=`ktn_video`.`categoryid`
WHERE `id` = '2000098002'
ERROR - 2017-09-16 04:35:36 --> Severity: Error --> Call to a member function num_rows() on a non-object /home/standard_digital/httpdocs/evewoman/application/models/Article_model.php 197
ERROR - 2017-09-16 04:36:42 --> Severity: Warning --> Invalid argument supplied for foreach() /home/standard_digital/httpdocs/evewoman/application/views/desktop/modules/childCategory.php 21
ERROR - 2017-09-16 04:42:54 --> Severity: Warning --> Invalid argument supplied for foreach() /home/standard_digital/httpdocs/evewoman/application/views/desktop/modules/childCategory.php 21
ERROR - 2017-09-16 04:47:36 --> Severity: Warning --> Invalid argument supplied for foreach() /home/standard_digital/httpdocs/evewoman/application/views/mobile/modules/childCategory.php 12
ERROR - 2017-09-16 04:50:36 --> Severity: Warning --> Invalid argument supplied for foreach() /home/standard_digital/httpdocs/evewoman/application/views/desktop/modules/childCategory.php 21
ERROR - 2017-09-16 04:53:24 --> Severity: Warning --> Invalid argument supplied for foreach() /home/standard_digital/httpdocs/evewoman/application/views/desktop/modules/childCategory.php 21
ERROR - 2017-09-16 04:58:35 --> Severity: Warning --> Invalid argument supplied for foreach() /home/standard_digital/httpdocs/evewoman/application/views/desktop/modules/childCategory.php 21
ERROR - 2017-09-16 05:01:08 --> Severity: Warning --> Invalid argument supplied for foreach() /home/standard_digital/httpdocs/evewoman/application/views/desktop/modules/childCategory.php 21
ERROR - 2017-09-16 05:01:11 --> Severity: Warning --> Invalid argument supplied for foreach() /home/standard_digital/httpdocs/evewoman/application/views/mobile/modules/childCategory.php 12
ERROR - 2017-09-16 05:04:40 --> Severity: Warning --> Invalid argument supplied for foreach() /home/standard_digital/httpdocs/evewoman/application/views/desktop/modules/childCategory.php 21
ERROR - 2017-09-16 05:07:37 --> Severity: Warning --> Invalid argument supplied for foreach() /home/standard_digital/httpdocs/evewoman/application/views/desktop/modules/childCategory.php 21
ERROR - 2017-09-16 05:11:46 --> Severity: Warning --> Invalid argument supplied for foreach() /home/standard_digital/httpdocs/evewoman/application/views/desktop/modules/childCategory.php 21
ERROR - 2017-09-16 05:12:12 --> Severity: Warning --> Invalid argument supplied for foreach() /home/standard_digital/httpdocs/evewoman/application/views/desktop/modules/childCategory.php 21
ERROR - 2017-09-16 05:13:59 --> Query error: Column 'id' in where clause is ambiguous - Invalid query: SELECT `ktn_video`.`title`, `ktn_video`.`videoURL`, `ktn_video`.`id`, `ktn_video_category`.`name`, `ktn_video`.`publishdate`, `ktn_video`.`description`
FROM `ktn_video`
JOIN `ktn_video_category` ON `ktn_video_category`.`id`=`ktn_video`.`categoryid`
WHERE `id` = '2000114478'
ERROR - 2017-09-16 05:13:59 --> Severity: Error --> Call to a member function num_rows() on a non-object /home/standard_digital/httpdocs/evewoman/application/models/Article_model.php 197
ERROR - 2017-09-16 05:23:50 --> Severity: Warning --> Invalid argument supplied for foreach() /home/standard_digital/httpdocs/evewoman/application/views/desktop/modules/childCategory.php 21
ERROR - 2017-09-16 05:24:39 --> Severity: Warning --> Invalid argument supplied for foreach() /home/standard_digital/httpdocs/evewoman/application/views/desktop/modules/childCategory.php 21
ERROR - 2017-09-16 05:26:38 --> Severity: Warning --> Invalid argument supplied for foreach() /home/standard_digital/httpdocs/evewoman/application/views/desktop/modules/childCategory.php 21
ERROR - 2017-09-16 05:29:28 --> Severity: Warning --> Invalid argument supplied for foreach() /home/standard_digital/httpdocs/evewoman/application/views/desktop/modules/childCategory.php 21
ERROR - 2017-09-16 05:32:19 --> Severity: Warning --> Invalid argument supplied for foreach() /home/standard_digital/httpdocs/evewoman/application/views/desktop/modules/childCategory.php 21
ERROR - 2017-09-16 05:38:15 --> Query error: Column 'id' in where clause is ambiguous - Invalid query: SELECT `ktn_video`.`title`, `ktn_video`.`videoURL`, `ktn_video`.`id`, `ktn_video_category`.`name`, `ktn_video`.`publishdate`, `ktn_video`.`description`
FROM `ktn_video`
JOIN `ktn_video_category` ON `ktn_video_category`.`id`=`ktn_video`.`categoryid`
WHERE `id` = '2000114481'
ERROR - 2017-09-16 05:38:15 --> Severity: Error --> Call to a member function num_rows() on a non-object /home/standard_digital/httpdocs/evewoman/application/models/Article_model.php 197
ERROR - 2017-09-16 05:39:31 --> Query error: Column 'id' in where clause is ambiguous - Invalid query: SELECT `ktn_video`.`title`, `ktn_video`.`videoURL`, `ktn_video`.`id`, `ktn_video_category`.`name`, `ktn_video`.`publishdate`, `ktn_video`.`description`
FROM `ktn_video`
JOIN `ktn_video_category` ON `ktn_video_category`.`id`=`ktn_video`.`categoryid`
WHERE `id` = '2000114478'
ERROR - 2017-09-16 05:39:31 --> Severity: Error --> Call to a member function num_rows() on a non-object /home/standard_digital/httpdocs/evewoman/application/models/Article_model.php 197
ERROR - 2017-09-16 05:51:59 --> Severity: Warning --> Invalid argument supplied for foreach() /home/standard_digital/httpdocs/evewoman/application/views/desktop/modules/childCategory.php 21
ERROR - 2017-09-16 05:52:50 --> Severity: Warning --> Invalid argument supplied for foreach() /home/standard_digital/httpdocs/evewoman/application/views/desktop/modules/childCategory.php 21
ERROR - 2017-09-16 05:56:00 --> Severity: Warning --> Invalid argument supplied for foreach() /home/standard_digital/httpdocs/evewoman/application/views/desktop/modules/childCategory.php 21
ERROR - 2017-09-16 06:00:52 --> Severity: Warning --> Invalid argument supplied for foreach() /home/standard_digital/httpdocs/evewoman/application/views/desktop/modules/childCategory.php 21
ERROR - 2017-09-16 06:04:35 --> Severity: Warning --> Invalid argument supplied for foreach() /home/standard_digital/httpdocs/evewoman/application/views/desktop/modules/childCategory.php 21
ERROR - 2017-09-16 06:15:52 --> Severity: Warning --> Invalid argument supplied for foreach() /home/standard_digital/httpdocs/evewoman/application/views/desktop/modules/childCategory.php 21
ERROR - 2017-09-16 06:19:25 --> Severity: Warning --> Invalid argument supplied for foreach() /home/standard_digital/httpdocs/evewoman/application/views/desktop/modules/childCategory.php 21
ERROR - 2017-09-16 06:20:24 --> Severity: Warning --> Invalid argument supplied for foreach() /home/standard_digital/httpdocs/evewoman/application/views/desktop/modules/childCategory.php 21
ERROR - 2017-09-16 06:20:29 --> Severity: Warning --> Invalid argument supplied for foreach() /home/standard_digital/httpdocs/evewoman/application/views/desktop/modules/childCategory.php 21
ERROR - 2017-09-16 06:26:57 --> Severity: Warning --> Invalid argument supplied for foreach() /home/standard_digital/httpdocs/evewoman/application/views/desktop/modules/childCategory.php 21
ERROR - 2017-09-16 06:27:45 --> Severity: Warning --> Invalid argument supplied for foreach() /home/standard_digital/httpdocs/evewoman/application/views/desktop/modules/childCategory.php 21
ERROR - 2017-09-16 06:28:20 --> Severity: Warning --> Invalid argument supplied for foreach() /home/standard_digital/httpdocs/evewoman/application/views/desktop/modules/childCategory.php 21
ERROR - 2017-09-16 06:28:37 --> Severity: Warning --> Invalid argument supplied for foreach() /home/standard_digital/httpdocs/evewoman/application/views/desktop/modules/childCategory.php 21
ERROR - 2017-09-16 06:33:38 --> Severity: Warning --> Invalid argument supplied for foreach() /home/standard_digital/httpdocs/evewoman/application/views/desktop/modules/childCategory.php 21
ERROR - 2017-09-16 06:34:10 --> Severity: Warning --> Invalid argument supplied for foreach() /home/standard_digital/httpdocs/evewoman/application/views/desktop/modules/childCategory.php 21
ERROR - 2017-09-16 06:35:32 --> Severity: Warning --> Invalid argument supplied for foreach() /home/standard_digital/httpdocs/evewoman/application/views/desktop/modules/childCategory.php 21
ERROR - 2017-09-16 06:39:16 --> Severity: Warning --> Invalid argument supplied for foreach() /home/standard_digital/httpdocs/evewoman/application/views/desktop/modules/childCategory.php 21
ERROR - 2017-09-16 06:46:23 --> Severity: Warning --> Invalid argument supplied for foreach() /home/standard_digital/httpdocs/evewoman/application/views/desktop/modules/childCategory.php 21
ERROR - 2017-09-16 06:54:29 --> Severity: Warning --> Invalid argument supplied for foreach() /home/standard_digital/httpdocs/evewoman/application/views/desktop/modules/childCategory.php 21
ERROR - 2017-09-16 06:56:41 --> Severity: Warning --> Invalid argument supplied for foreach() /home/standard_digital/httpdocs/evewoman/application/views/desktop/modules/childCategory.php 21
ERROR - 2017-09-16 07:03:14 --> Severity: Warning --> Invalid argument supplied for foreach() /home/standard_digital/httpdocs/evewoman/application/views/desktop/modules/childCategory.php 21
ERROR - 2017-09-16 07:07:08 --> Severity: Warning --> Invalid argument supplied for foreach() /home/standard_digital/httpdocs/evewoman/application/views/desktop/modules/childCategory.php 21
ERROR - 2017-09-16 07:09:27 --> Severity: Warning --> Invalid argument supplied for foreach() /home/standard_digital/httpdocs/evewoman/application/views/desktop/modules/childCategory.php 21
ERROR - 2017-09-16 07:09:51 --> Severity: Warning --> Invalid argument supplied for foreach() /home/standard_digital/httpdocs/evewoman/application/views/desktop/modules/childCategory.php 21
ERROR - 2017-09-16 07:13:33 --> Severity: Warning --> Invalid argument supplied for foreach() /home/standard_digital/httpdocs/evewoman/application/views/desktop/modules/childCategory.php 21
ERROR - 2017-09-16 07:13:52 --> Severity: Warning --> Invalid argument supplied for foreach() /home/standard_digital/httpdocs/evewoman/application/views/desktop/modules/childCategory.php 21
ERROR - 2017-09-16 07:23:08 --> Severity: Warning --> Invalid argument supplied for foreach() /home/standard_digital/httpdocs/evewoman/application/views/desktop/modules/childCategory.php 21
ERROR - 2017-09-16 07:25:12 --> Severity: Warning --> Invalid argument supplied for foreach() /home/standard_digital/httpdocs/evewoman/application/views/desktop/modules/childCategory.php 21
ERROR - 2017-09-16 07:26:17 --> Severity: Warning --> Invalid argument supplied for foreach() /home/standard_digital/httpdocs/evewoman/application/views/desktop/modules/childCategory.php 21
ERROR - 2017-09-16 07:29:02 --> Severity: Warning --> Invalid argument supplied for foreach() /home/standard_digital/httpdocs/evewoman/application/views/desktop/modules/childCategory.php 21
ERROR - 2017-09-16 07:32:45 --> Severity: Warning --> Invalid argument supplied for foreach() /home/standard_digital/httpdocs/evewoman/application/views/desktop/modules/childCategory.php 21
ERROR - 2017-09-16 07:37:05 --> Severity: Warning --> Invalid argument supplied for foreach() /home/standard_digital/httpdocs/evewoman/application/views/desktop/modules/childCategory.php 21
ERROR - 2017-09-16 07:43:48 --> Severity: Warning --> Invalid argument supplied for foreach() /home/standard_digital/httpdocs/evewoman/application/views/desktop/modules/childCategory.php 21
ERROR - 2017-09-16 07:43:49 --> Severity: Warning --> Invalid argument supplied for foreach() /home/standard_digital/httpdocs/evewoman/application/views/mobile/modules/childCategory.php 12
ERROR - 2017-09-16 07:43:49 --> Severity: Warning --> Invalid argument supplied for foreach() /home/standard_digital/httpdocs/evewoman/application/views/mobile/modules/childCategory.php 12
ERROR - 2017-09-16 07:44:32 --> Severity: Warning --> Invalid argument supplied for foreach() /home/standard_digital/httpdocs/evewoman/application/views/desktop/modules/childCategory.php 21
ERROR - 2017-09-16 07:46:44 --> Severity: Warning --> Invalid argument supplied for foreach() /home/standard_digital/httpdocs/evewoman/application/views/desktop/modules/childCategory.php 21
ERROR - 2017-09-16 07:54:27 --> Severity: Warning --> Invalid argument supplied for foreach() /home/standard_digital/httpdocs/evewoman/application/views/desktop/modules/childCategory.php 21
ERROR - 2017-09-16 08:15:32 --> Severity: Warning --> Invalid argument supplied for foreach() /home/standard_digital/httpdocs/evewoman/application/views/desktop/modules/childCategory.php 21
ERROR - 2017-09-16 08:16:41 --> Severity: Warning --> Invalid argument supplied for foreach() /home/standard_digital/httpdocs/evewoman/application/views/mobile/modules/childCategory.php 12
ERROR - 2017-09-16 08:20:50 --> Severity: Warning --> Invalid argument supplied for foreach() /home/standard_digital/httpdocs/evewoman/application/views/desktop/modules/childCategory.php 21
ERROR - 2017-09-16 08:22:30 --> Severity: Warning --> Invalid argument supplied for foreach() /home/standard_digital/httpdocs/evewoman/application/views/desktop/modules/childCategory.php 21
ERROR - 2017-09-16 08:25:27 --> Severity: Warning --> Invalid argument supplied for foreach() /home/standard_digital/httpdocs/evewoman/application/views/desktop/modules/childCategory.php 21
ERROR - 2017-09-16 08:26:36 --> Severity: Warning --> Invalid argument supplied for foreach() /home/standard_digital/httpdocs/evewoman/application/views/desktop/modules/childCategory.php 21
ERROR - 2017-09-16 08:31:15 --> Severity: Warning --> Invalid argument supplied for foreach() /home/standard_digital/httpdocs/evewoman/application/views/desktop/modules/childCategory.php 21
ERROR - 2017-09-16 08:32:08 --> Query error: Column 'id' in where clause is ambiguous - Invalid query: SELECT `ktn_video`.`title`, `ktn_video`.`videoURL`, `ktn_video`.`id`, `ktn_video_category`.`name`, `ktn_video`.`publishdate`, `ktn_video`.`description`
FROM `ktn_video`
JOIN `ktn_video_category` ON `ktn_video_category`.`id`=`ktn_video`.`categoryid`
WHERE `id` = '2000114480'
ERROR - 2017-09-16 08:32:08 --> Severity: Error --> Call to a member function num_rows() on a non-object /home/standard_digital/httpdocs/evewoman/application/models/Article_model.php 197
ERROR - 2017-09-16 08:36:46 --> Severity: Warning --> Invalid argument supplied for foreach() /home/standard_digital/httpdocs/evewoman/application/views/mobile/modules/childCategory.php 12
ERROR - 2017-09-16 08:36:46 --> Severity: Warning --> Invalid argument supplied for foreach() /home/standard_digital/httpdocs/evewoman/application/views/mobile/modules/childCategory.php 12
ERROR - 2017-09-16 08:36:46 --> Severity: Warning --> Invalid argument supplied for foreach() /home/standard_digital/httpdocs/evewoman/application/views/mobile/modules/childCategory.php 12
ERROR - 2017-09-16 08:38:36 --> Severity: Warning --> Invalid argument supplied for foreach() /home/standard_digital/httpdocs/evewoman/application/views/desktop/modules/childCategory.php 21
ERROR - 2017-09-16 08:46:42 --> Severity: Warning --> Invalid argument supplied for foreach() /home/standard_digital/httpdocs/evewoman/application/views/desktop/modules/childCategory.php 21
ERROR - 2017-09-16 08:48:20 --> Severity: Warning --> Invalid argument supplied for foreach() /home/standard_digital/httpdocs/evewoman/application/views/desktop/modules/childCategory.php 21
ERROR - 2017-09-16 08:54:39 --> Query error: Column 'id' in where clause is ambiguous - Invalid query: SELECT `ktn_video`.`title`, `ktn_video`.`videoURL`, `ktn_video`.`id`, `ktn_video_category`.`name`, `ktn_video`.`publishdate`, `ktn_video`.`description`
FROM `ktn_video`
JOIN `ktn_video_category` ON `ktn_video_category`.`id`=`ktn_video`.`categoryid`
WHERE `id` = '2000114478'
ERROR - 2017-09-16 08:54:39 --> Severity: Error --> Call to a member function num_rows() on a non-object /home/standard_digital/httpdocs/evewoman/application/models/Article_model.php 197
ERROR - 2017-09-16 08:57:38 --> Query error: Column 'id' in where clause is ambiguous - Invalid query: SELECT `ktn_video`.`title`, `ktn_video`.`videoURL`, `ktn_video`.`id`, `ktn_video_category`.`name`, `ktn_video`.`publishdate`, `ktn_video`.`description`
FROM `ktn_video`
JOIN `ktn_video_category` ON `ktn_video_category`.`id`=`ktn_video`.`categoryid`
WHERE `id` = '2000115187'
ERROR - 2017-09-16 08:57:38 --> Severity: Error --> Call to a member function num_rows() on a non-object /home/standard_digital/httpdocs/evewoman/application/models/Article_model.php 197
ERROR - 2017-09-16 08:58:57 --> Severity: Warning --> Invalid argument supplied for foreach() /home/standard_digital/httpdocs/evewoman/application/views/desktop/modules/childCategory.php 21
ERROR - 2017-09-16 09:09:36 --> Severity: Warning --> Invalid argument supplied for foreach() /home/standard_digital/httpdocs/evewoman/application/views/desktop/modules/childCategory.php 21
ERROR - 2017-09-16 09:16:45 --> Severity: Warning --> Invalid argument supplied for foreach() /home/standard_digital/httpdocs/evewoman/application/views/desktop/modules/childCategory.php 21
ERROR - 2017-09-16 09:17:07 --> Severity: Warning --> Invalid argument supplied for foreach() /home/standard_digital/httpdocs/evewoman/application/views/desktop/modules/childCategory.php 21
ERROR - 2017-09-16 09:18:04 --> Severity: Warning --> Invalid argument supplied for foreach() /home/standard_digital/httpdocs/evewoman/application/views/desktop/modules/childCategory.php 21
ERROR - 2017-09-16 09:24:46 --> Severity: Warning --> Invalid argument supplied for foreach() /home/standard_digital/httpdocs/evewoman/application/views/desktop/modules/childCategory.php 21
ERROR - 2017-09-16 09:26:26 --> Severity: Warning --> Invalid argument supplied for foreach() /home/standard_digital/httpdocs/evewoman/application/views/desktop/modules/childCategory.php 21
ERROR - 2017-09-16 09:27:06 --> Severity: Warning --> Invalid argument supplied for foreach() /home/standard_digital/httpdocs/evewoman/application/views/desktop/modules/childCategory.php 21
ERROR - 2017-09-16 09:30:16 --> Severity: Warning --> Invalid argument supplied for foreach() /home/standard_digital/httpdocs/evewoman/application/views/mobile/modules/childCategory.php 12
ERROR - 2017-09-16 09:33:32 --> Severity: Warning --> Invalid argument supplied for foreach() /home/standard_digital/httpdocs/evewoman/application/views/desktop/modules/childCategory.php 21
ERROR - 2017-09-16 09:36:25 --> Severity: Warning --> Invalid argument supplied for foreach() /home/standard_digital/httpdocs/evewoman/application/views/desktop/modules/childCategory.php 21
ERROR - 2017-09-16 09:38:03 --> Severity: Warning --> Invalid argument supplied for foreach() /home/standard_digital/httpdocs/evewoman/application/views/desktop/modules/childCategory.php 21
ERROR - 2017-09-16 09:44:11 --> Severity: Warning --> Invalid argument supplied for foreach() /home/standard_digital/httpdocs/evewoman/application/views/desktop/modules/childCategory.php 21
ERROR - 2017-09-16 09:44:57 --> Severity: Warning --> Invalid argument supplied for foreach() /home/standard_digital/httpdocs/evewoman/application/views/desktop/modules/childCategory.php 21
ERROR - 2017-09-16 09:54:27 --> Severity: Warning --> Invalid argument supplied for foreach() /home/standard_digital/httpdocs/evewoman/application/views/desktop/modules/childCategory.php 21
ERROR - 2017-09-16 09:57:57 --> Severity: Warning --> Invalid argument supplied for foreach() /home/standard_digital/httpdocs/evewoman/application/views/mobile/modules/childCategory.php 12
ERROR - 2017-09-16 09:59:10 --> Severity: Warning --> Invalid argument supplied for foreach() /home/standard_digital/httpdocs/evewoman/application/views/desktop/modules/childCategory.php 21
ERROR - 2017-09-16 10:03:57 --> Severity: Warning --> Invalid argument supplied for foreach() /home/standard_digital/httpdocs/evewoman/application/views/desktop/modules/childCategory.php 21
ERROR - 2017-09-16 10:08:59 --> Severity: Warning --> Invalid argument supplied for foreach() /home/standard_digital/httpdocs/evewoman/application/views/desktop/modules/childCategory.php 21
ERROR - 2017-09-16 10:13:40 --> Severity: Warning --> Invalid argument supplied for foreach() /home/standard_digital/httpdocs/evewoman/application/views/mobile/modules/childCategory.php 12
ERROR - 2017-09-16 10:18:07 --> Severity: Warning --> Invalid argument supplied for foreach() /home/standard_digital/httpdocs/evewoman/application/views/desktop/modules/childCategory.php 21
ERROR - 2017-09-16 10:20:04 --> Severity: Warning --> Invalid argument supplied for foreach() /home/standard_digital/httpdocs/evewoman/application/views/desktop/modules/childCategory.php 21
ERROR - 2017-09-16 10:27:48 --> Severity: Warning --> Invalid argument supplied for foreach() /home/standard_digital/httpdocs/evewoman/application/views/mobile/modules/childCategory.php 12
ERROR - 2017-09-16 10:31:42 --> Severity: Warning --> Invalid argument supplied for foreach() /home/standard_digital/httpdocs/evewoman/application/views/desktop/modules/childCategory.php 21
ERROR - 2017-09-16 10:31:55 --> Severity: Notice --> Undefined index: HTTP_USER_AGENT /home/standard_digital/httpdocs/evewoman/application/libraries/Assist.php 149
ERROR - 2017-09-16 10:31:57 --> Severity: Warning --> Invalid argument supplied for foreach() /home/standard_digital/httpdocs/evewoman/application/views/desktop/modules/childCategory.php 21
ERROR - 2017-09-16 10:32:31 --> Severity: Notice --> Undefined index: HTTP_USER_AGENT /home/standard_digital/httpdocs/evewoman/application/libraries/Assist.php 149
ERROR - 2017-09-16 10:32:57 --> Severity: Notice --> Undefined index: HTTP_USER_AGENT /home/standard_digital/httpdocs/evewoman/application/libraries/Assist.php 149
ERROR - 2017-09-16 10:33:55 --> Severity: Notice --> Undefined index: HTTP_USER_AGENT /home/standard_digital/httpdocs/evewoman/application/libraries/Assist.php 149
ERROR - 2017-09-16 10:34:50 --> Severity: Notice --> Undefined index: HTTP_USER_AGENT /home/standard_digital/httpdocs/evewoman/application/libraries/Assist.php 149
ERROR - 2017-09-16 10:35:06 --> Severity: Notice --> Undefined index: HTTP_USER_AGENT /home/standard_digital/httpdocs/evewoman/application/libraries/Assist.php 149
ERROR - 2017-09-16 10:35:17 --> Severity: Warning --> Invalid argument supplied for foreach() /home/standard_digital/httpdocs/evewoman/application/views/desktop/modules/childCategory.php 21
ERROR - 2017-09-16 10:41:15 --> Severity: Warning --> Invalid argument supplied for foreach() /home/standard_digital/httpdocs/evewoman/application/views/desktop/modules/childCategory.php 21
ERROR - 2017-09-16 10:46:50 --> Severity: Warning --> Invalid argument supplied for foreach() /home/standard_digital/httpdocs/evewoman/application/views/mobile/modules/childCategory.php 12
ERROR - 2017-09-16 10:48:20 --> Severity: Warning --> Invalid argument supplied for foreach() /home/standard_digital/httpdocs/evewoman/application/views/desktop/modules/childCategory.php 21
ERROR - 2017-09-16 10:53:36 --> Severity: Notice --> Undefined index: HTTP_USER_AGENT /home/standard_digital/httpdocs/evewoman/application/libraries/Assist.php 149
ERROR - 2017-09-16 10:56:07 --> Severity: Warning --> Invalid argument supplied for foreach() /home/standard_digital/httpdocs/evewoman/application/views/desktop/modules/childCategory.php 21
ERROR - 2017-09-16 10:58:27 --> Severity: Warning --> Invalid argument supplied for foreach() /home/standard_digital/httpdocs/evewoman/application/views/desktop/modules/childCategory.php 21
ERROR - 2017-09-16 11:00:48 --> Severity: Warning --> Invalid argument supplied for foreach() /home/standard_digital/httpdocs/evewoman/application/views/desktop/modules/childCategory.php 21
ERROR - 2017-09-16 11:01:28 --> Severity: Warning --> Invalid argument supplied for foreach() /home/standard_digital/httpdocs/evewoman/application/views/desktop/modules/childCategory.php 21
ERROR - 2017-09-16 11:01:51 --> Severity: Warning --> Invalid argument supplied for foreach() /home/standard_digital/httpdocs/evewoman/application/views/desktop/modules/childCategory.php 21
ERROR - 2017-09-16 11:05:05 --> Severity: Warning --> Invalid argument supplied for foreach() /home/standard_digital/httpdocs/evewoman/application/views/desktop/modules/childCategory.php 21
ERROR - 2017-09-16 11:05:30 --> Query error: Column 'id' in where clause is ambiguous - Invalid query: SELECT `ktn_video`.`title`, `ktn_video`.`videoURL`, `ktn_video`.`id`, `ktn_video_category`.`name`, `ktn_video`.`publishdate`, `ktn_video`.`description`
FROM `ktn_video`
JOIN `ktn_video_category` ON `ktn_video_category`.`id`=`ktn_video`.`categoryid`
WHERE `id` = '2000114481'
ERROR - 2017-09-16 11:05:30 --> Severity: Error --> Call to a member function num_rows() on a non-object /home/standard_digital/httpdocs/evewoman/application/models/Article_model.php 197
ERROR - 2017-09-16 11:06:01 --> Severity: Warning --> Invalid argument supplied for foreach() /home/standard_digital/httpdocs/evewoman/application/views/desktop/modules/childCategory.php 21
ERROR - 2017-09-16 11:11:04 --> Severity: Warning --> Invalid argument supplied for foreach() /home/standard_digital/httpdocs/evewoman/application/views/desktop/modules/childCategory.php 21
ERROR - 2017-09-16 11:13:37 --> Severity: Warning --> Invalid argument supplied for foreach() /home/standard_digital/httpdocs/evewoman/application/views/desktop/modules/childCategory.php 21
ERROR - 2017-09-16 11:16:17 --> Severity: Warning --> Invalid argument supplied for foreach() /home/standard_digital/httpdocs/evewoman/application/views/mobile/modules/childCategory.php 12
ERROR - 2017-09-16 11:21:12 --> Severity: Warning --> Invalid argument supplied for foreach() /home/standard_digital/httpdocs/evewoman/application/views/desktop/modules/childCategory.php 21
ERROR - 2017-09-16 11:26:56 --> Severity: Warning --> Invalid argument supplied for foreach() /home/standard_digital/httpdocs/evewoman/application/views/desktop/modules/childCategory.php 21
ERROR - 2017-09-16 11:27:05 --> Severity: Warning --> Invalid argument supplied for foreach() /home/standard_digital/httpdocs/evewoman/application/views/desktop/modules/childCategory.php 21
ERROR - 2017-09-16 11:27:24 --> Severity: Warning --> Invalid argument supplied for foreach() /home/standard_digital/httpdocs/evewoman/application/views/desktop/modules/childCategory.php 21
ERROR - 2017-09-16 11:30:20 --> Severity: Warning --> Invalid argument supplied for foreach() /home/standard_digital/httpdocs/evewoman/application/views/desktop/modules/childCategory.php 21
ERROR - 2017-09-16 11:34:30 --> Severity: Warning --> Invalid argument supplied for foreach() /home/standard_digital/httpdocs/evewoman/application/views/desktop/modules/childCategory.php 21
ERROR - 2017-09-16 11:38:36 --> Severity: Warning --> Invalid argument supplied for foreach() /home/standard_digital/httpdocs/evewoman/application/views/desktop/modules/childCategory.php 21
ERROR - 2017-09-16 11:40:49 --> Severity: Warning --> Invalid argument supplied for foreach() /home/standard_digital/httpdocs/evewoman/application/views/desktop/modules/childCategory.php 21
ERROR - 2017-09-16 11:50:10 --> Severity: Warning --> Invalid argument supplied for foreach() /home/standard_digital/httpdocs/evewoman/application/views/mobile/modules/childCategory.php 12
ERROR - 2017-09-16 11:50:13 --> Severity: Warning --> Invalid argument supplied for foreach() /home/standard_digital/httpdocs/evewoman/application/views/mobile/modules/childCategory.php 12
ERROR - 2017-09-16 11:50:13 --> Severity: Warning --> Invalid argument supplied for foreach() /home/standard_digital/httpdocs/evewoman/application/views/mobile/modules/childCategory.php 12
ERROR - 2017-09-16 11:50:14 --> Severity: Warning --> Invalid argument supplied for foreach() /home/standard_digital/httpdocs/evewoman/application/views/mobile/modules/childCategory.php 12
ERROR - 2017-09-16 11:51:46 --> Severity: Warning --> Invalid argument supplied for foreach() /home/standard_digital/httpdocs/evewoman/application/views/desktop/modules/childCategory.php 21
ERROR - 2017-09-16 12:02:34 --> Severity: Warning --> Invalid argument supplied for foreach() /home/standard_digital/httpdocs/evewoman/application/views/mobile/modules/childCategory.php 12
ERROR - 2017-09-16 12:02:34 --> Severity: Warning --> Invalid argument supplied for foreach() /home/standard_digital/httpdocs/evewoman/application/views/mobile/modules/childCategory.php 12
ERROR - 2017-09-16 12:02:35 --> Severity: Warning --> Invalid argument supplied for foreach() /home/standard_digital/httpdocs/evewoman/application/views/mobile/modules/childCategory.php 12
ERROR - 2017-09-16 12:04:58 --> Severity: Warning --> Invalid argument supplied for foreach() /home/standard_digital/httpdocs/evewoman/application/views/mobile/modules/childCategory.php 12
ERROR - 2017-09-16 12:04:58 --> Severity: Warning --> Invalid argument supplied for foreach() /home/standard_digital/httpdocs/evewoman/application/views/mobile/modules/childCategory.php 12
ERROR - 2017-09-16 12:04:58 --> Severity: Warning --> Invalid argument supplied for foreach() /home/standard_digital/httpdocs/evewoman/application/views/mobile/modules/childCategory.php 12
ERROR - 2017-09-16 12:14:17 --> Severity: Warning --> Invalid argument supplied for foreach() /home/standard_digital/httpdocs/evewoman/application/views/desktop/modules/childCategory.php 21
ERROR - 2017-09-16 12:16:00 --> Severity: Warning --> Invalid argument supplied for foreach() /home/standard_digital/httpdocs/evewoman/application/views/desktop/modules/childCategory.php 21
ERROR - 2017-09-16 12:16:28 --> Severity: Warning --> Invalid argument supplied for foreach() /home/standard_digital/httpdocs/evewoman/application/views/desktop/modules/childCategory.php 21
ERROR - 2017-09-16 12:16:54 --> Severity: Warning --> Invalid argument supplied for foreach() /home/standard_digital/httpdocs/evewoman/application/views/desktop/modules/childCategory.php 21
ERROR - 2017-09-16 12:16:55 --> Severity: Warning --> Invalid argument supplied for foreach() /home/standard_digital/httpdocs/evewoman/application/views/mobile/modules/childCategory.php 12
ERROR - 2017-09-16 12:16:55 --> Severity: Warning --> Invalid argument supplied for foreach() /home/standard_digital/httpdocs/evewoman/application/views/desktop/modules/childCategory.php 21
ERROR - 2017-09-16 12:16:55 --> Severity: Warning --> Invalid argument supplied for foreach() /home/standard_digital/httpdocs/evewoman/application/views/desktop/modules/childCategory.php 21
ERROR - 2017-09-16 12:16:56 --> Severity: Warning --> Invalid argument supplied for foreach() /home/standard_digital/httpdocs/evewoman/application/views/mobile/modules/childCategory.php 12
ERROR - 2017-09-16 12:16:57 --> Severity: Warning --> Invalid argument supplied for foreach() /home/standard_digital/httpdocs/evewoman/application/views/mobile/modules/childCategory.php 12
ERROR - 2017-09-16 12:16:57 --> Severity: Warning --> Invalid argument supplied for foreach() /home/standard_digital/httpdocs/evewoman/application/views/mobile/modules/childCategory.php 12
ERROR - 2017-09-16 12:17:09 --> Severity: Warning --> Invalid argument supplied for foreach() /home/standard_digital/httpdocs/evewoman/application/views/desktop/modules/childCategory.php 21
ERROR - 2017-09-16 12:18:25 --> Severity: Warning --> Invalid argument supplied for foreach() /home/standard_digital/httpdocs/evewoman/application/views/desktop/modules/childCategory.php 21
ERROR - 2017-09-16 12:18:30 --> Severity: Warning --> Invalid argument supplied for foreach() /home/standard_digital/httpdocs/evewoman/application/views/desktop/modules/childCategory.php 21
ERROR - 2017-09-16 12:20:02 --> Severity: Warning --> Invalid argument supplied for foreach() /home/standard_digital/httpdocs/evewoman/application/views/desktop/modules/childCategory.php 21
ERROR - 2017-09-16 12:22:37 --> Severity: Warning --> Invalid argument supplied for foreach() /home/standard_digital/httpdocs/evewoman/application/views/desktop/modules/childCategory.php 21
ERROR - 2017-09-16 12:23:47 --> Severity: Warning --> Invalid argument supplied for foreach() /home/standard_digital/httpdocs/evewoman/application/views/desktop/modules/childCategory.php 21
ERROR - 2017-09-16 12:27:07 --> Severity: Warning --> Invalid argument supplied for foreach() /home/standard_digital/httpdocs/evewoman/application/views/desktop/modules/childCategory.php 21
ERROR - 2017-09-16 12:34:51 --> Severity: Warning --> Invalid argument supplied for foreach() /home/standard_digital/httpdocs/evewoman/application/views/desktop/modules/childCategory.php 21
ERROR - 2017-09-16 12:36:20 --> Severity: Warning --> Invalid argument supplied for foreach() /home/standard_digital/httpdocs/evewoman/application/views/desktop/modules/childCategory.php 21
ERROR - 2017-09-16 12:38:36 --> Severity: Warning --> Invalid argument supplied for foreach() /home/standard_digital/httpdocs/evewoman/application/views/desktop/modules/childCategory.php 21
ERROR - 2017-09-16 12:47:57 --> Severity: Warning --> Invalid argument supplied for foreach() /home/standard_digital/httpdocs/evewoman/application/views/desktop/modules/childCategory.php 21
ERROR - 2017-09-16 12:48:36 --> Severity: Warning --> Invalid argument supplied for foreach() /home/standard_digital/httpdocs/evewoman/application/views/desktop/modules/childCategory.php 21
ERROR - 2017-09-16 13:05:17 --> Severity: Warning --> Invalid argument supplied for foreach() /home/standard_digital/httpdocs/evewoman/application/views/desktop/modules/childCategory.php 21
ERROR - 2017-09-16 13:06:01 --> Severity: Warning --> Invalid argument supplied for foreach() /home/standard_digital/httpdocs/evewoman/application/views/desktop/modules/childCategory.php 21
ERROR - 2017-09-16 13:09:56 --> Severity: Warning --> Invalid argument supplied for foreach() /home/standard_digital/httpdocs/evewoman/application/views/desktop/modules/childCategory.php 21
ERROR - 2017-09-16 13:10:57 --> Severity: Warning --> Invalid argument supplied for foreach() /home/standard_digital/httpdocs/evewoman/application/views/desktop/modules/childCategory.php 21
ERROR - 2017-09-16 13:14:40 --> Severity: Warning --> Invalid argument supplied for foreach() /home/standard_digital/httpdocs/evewoman/application/views/desktop/modules/childCategory.php 21
ERROR - 2017-09-16 13:14:56 --> Severity: Warning --> Invalid argument supplied for foreach() /home/standard_digital/httpdocs/evewoman/application/views/desktop/modules/childCategory.php 21
ERROR - 2017-09-16 13:17:05 --> Severity: Warning --> Invalid argument supplied for foreach() /home/standard_digital/httpdocs/evewoman/application/views/desktop/modules/childCategory.php 21
ERROR - 2017-09-16 13:20:11 --> Severity: Warning --> Invalid argument supplied for foreach() /home/standard_digital/httpdocs/evewoman/application/views/desktop/modules/childCategory.php 21
ERROR - 2017-09-16 13:22:58 --> Severity: Warning --> Invalid argument supplied for foreach() /home/standard_digital/httpdocs/evewoman/application/views/desktop/modules/childCategory.php 21
ERROR - 2017-09-16 13:25:26 --> Severity: Warning --> Invalid argument supplied for foreach() /home/standard_digital/httpdocs/evewoman/application/views/desktop/modules/childCategory.php 21
ERROR - 2017-09-16 13:26:24 --> Severity: Warning --> Invalid argument supplied for foreach() /home/standard_digital/httpdocs/evewoman/application/views/desktop/modules/childCategory.php 21
ERROR - 2017-09-16 13:28:24 --> Severity: Warning --> Invalid argument supplied for foreach() /home/standard_digital/httpdocs/evewoman/application/views/mobile/modules/childCategory.php 12
ERROR - 2017-09-16 13:28:24 --> Severity: Warning --> Invalid argument supplied for foreach() /home/standard_digital/httpdocs/evewoman/application/views/mobile/modules/childCategory.php 12
ERROR - 2017-09-16 13:28:24 --> Severity: Warning --> Invalid argument supplied for foreach() /home/standard_digital/httpdocs/evewoman/application/views/mobile/modules/childCategory.php 12
ERROR - 2017-09-16 13:30:06 --> Severity: Warning --> Invalid argument supplied for foreach() /home/standard_digital/httpdocs/evewoman/application/views/desktop/modules/childCategory.php 21
ERROR - 2017-09-16 13:30:25 --> Severity: Warning --> Invalid argument supplied for foreach() /home/standard_digital/httpdocs/evewoman/application/views/desktop/modules/childCategory.php 21
ERROR - 2017-09-16 13:31:55 --> Severity: Warning --> Invalid argument supplied for foreach() /home/standard_digital/httpdocs/evewoman/application/views/desktop/modules/childCategory.php 21
ERROR - 2017-09-16 13:33:50 --> Severity: Warning --> Invalid argument supplied for foreach() /home/standard_digital/httpdocs/evewoman/application/views/desktop/modules/childCategory.php 21
ERROR - 2017-09-16 13:37:41 --> Severity: Warning --> Invalid argument supplied for foreach() /home/standard_digital/httpdocs/evewoman/application/views/mobile/modules/childCategory.php 12
ERROR - 2017-09-16 13:37:41 --> Severity: Warning --> Invalid argument supplied for foreach() /home/standard_digital/httpdocs/evewoman/application/views/mobile/modules/childCategory.php 12
ERROR - 2017-09-16 13:44:41 --> Severity: Warning --> Invalid argument supplied for foreach() /home/standard_digital/httpdocs/evewoman/application/views/mobile/modules/childCategory.php 12
ERROR - 2017-09-16 13:44:41 --> Severity: Warning --> Invalid argument supplied for foreach() /home/standard_digital/httpdocs/evewoman/application/views/mobile/modules/childCategory.php 12
ERROR - 2017-09-16 13:44:41 --> Severity: Warning --> Invalid argument supplied for foreach() /home/standard_digital/httpdocs/evewoman/application/views/mobile/modules/childCategory.php 12
ERROR - 2017-09-16 13:45:18 --> Severity: Warning --> Invalid argument supplied for foreach() /home/standard_digital/httpdocs/evewoman/application/views/desktop/modules/childCategory.php 21
ERROR - 2017-09-16 13:47:50 --> Severity: Warning --> Invalid argument supplied for foreach() /home/standard_digital/httpdocs/evewoman/application/views/desktop/modules/childCategory.php 21
ERROR - 2017-09-16 13:50:05 --> Severity: Warning --> Invalid argument supplied for foreach() /home/standard_digital/httpdocs/evewoman/application/views/desktop/modules/childCategory.php 21
ERROR - 2017-09-16 13:53:55 --> Severity: Warning --> Invalid argument supplied for foreach() /home/standard_digital/httpdocs/evewoman/application/views/mobile/modules/childCategory.php 12
ERROR - 2017-09-16 13:53:55 --> Severity: Warning --> Invalid argument supplied for foreach() /home/standard_digital/httpdocs/evewoman/application/views/mobile/modules/childCategory.php 12
ERROR - 2017-09-16 13:53:56 --> Severity: Warning --> Invalid argument supplied for foreach() /home/standard_digital/httpdocs/evewoman/application/views/mobile/modules/childCategory.php 12
ERROR - 2017-09-16 14:02:58 --> Severity: Warning --> Invalid argument supplied for foreach() /home/standard_digital/httpdocs/evewoman/application/views/desktop/modules/childCategory.php 21
ERROR - 2017-09-16 14:08:27 --> Query error: Column 'id' in where clause is ambiguous - Invalid query: SELECT `ktn_video`.`title`, `ktn_video`.`videoURL`, `ktn_video`.`id`, `ktn_video_category`.`name`, `ktn_video`.`publishdate`, `ktn_video`.`description`
FROM `ktn_video`
JOIN `ktn_video_category` ON `ktn_video_category`.`id`=`ktn_video`.`categoryid`
WHERE `id` = '2000114478'
ERROR - 2017-09-16 14:08:27 --> Severity: Error --> Call to a member function num_rows() on a non-object /home/standard_digital/httpdocs/evewoman/application/models/Article_model.php 197
ERROR - 2017-09-16 14:11:37 --> Severity: Warning --> Invalid argument supplied for foreach() /home/standard_digital/httpdocs/evewoman/application/views/desktop/modules/childCategory.php 21
ERROR - 2017-09-16 14:19:53 --> Severity: Warning --> Invalid argument supplied for foreach() /home/standard_digital/httpdocs/evewoman/application/views/desktop/modules/childCategory.php 21
ERROR - 2017-09-16 14:20:57 --> Severity: Warning --> Invalid argument supplied for foreach() /home/standard_digital/httpdocs/evewoman/application/views/desktop/modules/childCategory.php 21
ERROR - 2017-09-16 14:21:53 --> Severity: Warning --> Invalid argument supplied for foreach() /home/standard_digital/httpdocs/evewoman/application/views/desktop/modules/childCategory.php 21
ERROR - 2017-09-16 14:22:57 --> Severity: Warning --> Invalid argument supplied for foreach() /home/standard_digital/httpdocs/evewoman/application/views/desktop/modules/childCategory.php 21
ERROR - 2017-09-16 14:23:31 --> Severity: Warning --> Invalid argument supplied for foreach() /home/standard_digital/httpdocs/evewoman/application/views/desktop/modules/childCategory.php 21
ERROR - 2017-09-16 14:25:37 --> Severity: Warning --> Invalid argument supplied for foreach() /home/standard_digital/httpdocs/evewoman/application/views/desktop/modules/childCategory.php 21
ERROR - 2017-09-16 14:28:15 --> Severity: Warning --> Invalid argument supplied for foreach() /home/standard_digital/httpdocs/evewoman/application/views/desktop/modules/childCategory.php 21
ERROR - 2017-09-16 14:31:01 --> Severity: Warning --> Invalid argument supplied for foreach() /home/standard_digital/httpdocs/evewoman/application/views/desktop/modules/childCategory.php 21
ERROR - 2017-09-16 14:35:30 --> Severity: Warning --> Invalid argument supplied for foreach() /home/standard_digital/httpdocs/evewoman/application/views/desktop/modules/childCategory.php 21
ERROR - 2017-09-16 14:38:02 --> Severity: Warning --> Invalid argument supplied for foreach() /home/standard_digital/httpdocs/evewoman/application/views/desktop/modules/childCategory.php 21
ERROR - 2017-09-16 14:45:59 --> Severity: Warning --> Invalid argument supplied for foreach() /home/standard_digital/httpdocs/evewoman/application/views/desktop/modules/childCategory.php 21
ERROR - 2017-09-16 14:51:40 --> Severity: Warning --> Invalid argument supplied for foreach() /home/standard_digital/httpdocs/evewoman/application/views/desktop/modules/childCategory.php 21
ERROR - 2017-09-16 14:53:17 --> Severity: Warning --> Invalid argument supplied for foreach() /home/standard_digital/httpdocs/evewoman/application/views/desktop/modules/childCategory.php 21
ERROR - 2017-09-16 14:55:43 --> Severity: Warning --> Invalid argument supplied for foreach() /home/standard_digital/httpdocs/evewoman/application/views/desktop/modules/childCategory.php 21
ERROR - 2017-09-16 14:57:13 --> Severity: Warning --> Invalid argument supplied for foreach() /home/standard_digital/httpdocs/evewoman/application/views/desktop/modules/childCategory.php 21
ERROR - 2017-09-16 14:57:48 --> Severity: Warning --> Invalid argument supplied for foreach() /home/standard_digital/httpdocs/evewoman/application/views/desktop/modules/childCategory.php 21
ERROR - 2017-09-16 14:59:34 --> Severity: Warning --> Invalid argument supplied for foreach() /home/standard_digital/httpdocs/evewoman/application/views/desktop/modules/childCategory.php 21
ERROR - 2017-09-16 15:13:39 --> Severity: Warning --> Invalid argument supplied for foreach() /home/standard_digital/httpdocs/evewoman/application/views/desktop/modules/childCategory.php 21
ERROR - 2017-09-16 15:15:58 --> Severity: Warning --> Invalid argument supplied for foreach() /home/standard_digital/httpdocs/evewoman/application/views/desktop/modules/childCategory.php 21
ERROR - 2017-09-16 15:16:04 --> Severity: Warning --> Invalid argument supplied for foreach() /home/standard_digital/httpdocs/evewoman/application/views/desktop/modules/childCategory.php 21
ERROR - 2017-09-16 15:16:52 --> Severity: Warning --> Invalid argument supplied for foreach() /home/standard_digital/httpdocs/evewoman/application/views/desktop/modules/childCategory.php 21
ERROR - 2017-09-16 15:19:17 --> Query error: Column 'id' in where clause is ambiguous - Invalid query: SELECT `ktn_video`.`title`, `ktn_video`.`videoURL`, `ktn_video`.`id`, `ktn_video_category`.`name`, `ktn_video`.`publishdate`, `ktn_video`.`description`
FROM `ktn_video`
JOIN `ktn_video_category` ON `ktn_video_category`.`id`=`ktn_video`.`categoryid`
WHERE `id` = '2000115187'
ERROR - 2017-09-16 15:19:17 --> Severity: Error --> Call to a member function num_rows() on a non-object /home/standard_digital/httpdocs/evewoman/application/models/Article_model.php 197
ERROR - 2017-09-16 15:23:31 --> Severity: Warning --> Invalid argument supplied for foreach() /home/standard_digital/httpdocs/evewoman/application/views/desktop/modules/childCategory.php 21
ERROR - 2017-09-16 15:24:31 --> Severity: Warning --> Invalid argument supplied for foreach() /home/standard_digital/httpdocs/evewoman/application/views/desktop/modules/childCategory.php 21
ERROR - 2017-09-16 15:28:11 --> Severity: Warning --> Invalid argument supplied for foreach() /home/standard_digital/httpdocs/evewoman/application/views/desktop/modules/childCategory.php 21
ERROR - 2017-09-16 15:39:52 --> Severity: Warning --> Invalid argument supplied for foreach() /home/standard_digital/httpdocs/evewoman/application/views/desktop/modules/childCategory.php 21
ERROR - 2017-09-16 15:43:10 --> Query error: Column 'id' in where clause is ambiguous - Invalid query: SELECT `ktn_video`.`title`, `ktn_video`.`videoURL`, `ktn_video`.`id`, `ktn_video_category`.`name`, `ktn_video`.`publishdate`, `ktn_video`.`description`
FROM `ktn_video`
JOIN `ktn_video_category` ON `ktn_video_category`.`id`=`ktn_video`.`categoryid`
WHERE `id` = '2000112099'
ERROR - 2017-09-16 15:43:10 --> Severity: Error --> Call to a member function num_rows() on a non-object /home/standard_digital/httpdocs/evewoman/application/models/Article_model.php 197
ERROR - 2017-09-16 15:45:09 --> Severity: Warning --> Invalid argument supplied for foreach() /home/standard_digital/httpdocs/evewoman/application/views/mobile/modules/childCategory.php 12
ERROR - 2017-09-16 15:55:34 --> Severity: Warning --> Invalid argument supplied for foreach() /home/standard_digital/httpdocs/evewoman/application/views/desktop/modules/childCategory.php 21
ERROR - 2017-09-16 16:01:50 --> Severity: Warning --> Invalid argument supplied for foreach() /home/standard_digital/httpdocs/evewoman/application/views/desktop/modules/childCategory.php 21
ERROR - 2017-09-16 16:12:17 --> Severity: Warning --> Invalid argument supplied for foreach() /home/standard_digital/httpdocs/evewoman/application/views/desktop/modules/childCategory.php 21
ERROR - 2017-09-16 16:13:58 --> Severity: Warning --> Invalid argument supplied for foreach() /home/standard_digital/httpdocs/evewoman/application/views/desktop/modules/childCategory.php 21
ERROR - 2017-09-16 16:15:43 --> Severity: Warning --> Invalid argument supplied for foreach() /home/standard_digital/httpdocs/evewoman/application/views/desktop/modules/childCategory.php 21
ERROR - 2017-09-16 16:18:47 --> Severity: Warning --> Invalid argument supplied for foreach() /home/standard_digital/httpdocs/evewoman/application/views/desktop/modules/childCategory.php 21
ERROR - 2017-09-16 16:21:18 --> Severity: Warning --> Invalid argument supplied for foreach() /home/standard_digital/httpdocs/evewoman/application/views/desktop/modules/childCategory.php 21
ERROR - 2017-09-16 16:24:05 --> Severity: Warning --> Invalid argument supplied for foreach() /home/standard_digital/httpdocs/evewoman/application/views/mobile/modules/childCategory.php 12
ERROR - 2017-09-16 16:24:05 --> Severity: Warning --> Invalid argument supplied for foreach() /home/standard_digital/httpdocs/evewoman/application/views/mobile/modules/childCategory.php 12
ERROR - 2017-09-16 16:24:09 --> Severity: Warning --> Invalid argument supplied for foreach() /home/standard_digital/httpdocs/evewoman/application/views/mobile/modules/childCategory.php 12
ERROR - 2017-09-16 16:24:21 --> Severity: Warning --> Invalid argument supplied for foreach() /home/standard_digital/httpdocs/evewoman/application/views/desktop/modules/childCategory.php 21
ERROR - 2017-09-16 16:27:36 --> Severity: Warning --> Invalid argument supplied for foreach() /home/standard_digital/httpdocs/evewoman/application/views/desktop/modules/childCategory.php 21
ERROR - 2017-09-16 16:29:44 --> Severity: Warning --> Invalid argument supplied for foreach() /home/standard_digital/httpdocs/evewoman/application/views/desktop/modules/childCategory.php 21
ERROR - 2017-09-16 16:29:45 --> Severity: Warning --> Invalid argument supplied for foreach() /home/standard_digital/httpdocs/evewoman/application/views/desktop/modules/childCategory.php 21
ERROR - 2017-09-16 16:29:45 --> Severity: Warning --> Invalid argument supplied for foreach() /home/standard_digital/httpdocs/evewoman/application/views/desktop/modules/childCategory.php 21
ERROR - 2017-09-16 16:29:54 --> Severity: Warning --> Invalid argument supplied for foreach() /home/standard_digital/httpdocs/evewoman/application/views/desktop/modules/childCategory.php 21
ERROR - 2017-09-16 16:34:17 --> Severity: Warning --> Invalid argument supplied for foreach() /home/standard_digital/httpdocs/evewoman/application/views/mobile/modules/childCategory.php 12
ERROR - 2017-09-16 16:35:44 --> Severity: Warning --> Invalid argument supplied for foreach() /home/standard_digital/httpdocs/evewoman/application/views/desktop/modules/childCategory.php 21
ERROR - 2017-09-16 16:36:43 --> Severity: Warning --> Invalid argument supplied for foreach() /home/standard_digital/httpdocs/evewoman/application/views/desktop/modules/childCategory.php 21
ERROR - 2017-09-16 16:41:17 --> Severity: Warning --> Invalid argument supplied for foreach() /home/standard_digital/httpdocs/evewoman/application/views/desktop/modules/childCategory.php 21
ERROR - 2017-09-16 16:41:20 --> Severity: Warning --> Invalid argument supplied for foreach() /home/standard_digital/httpdocs/evewoman/application/views/mobile/modules/childCategory.php 12
ERROR - 2017-09-16 16:41:20 --> Severity: Warning --> Invalid argument supplied for foreach() /home/standard_digital/httpdocs/evewoman/application/views/mobile/modules/childCategory.php 12
ERROR - 2017-09-16 16:41:36 --> Severity: Warning --> Invalid argument supplied for foreach() /home/standard_digital/httpdocs/evewoman/application/views/desktop/modules/childCategory.php 21
ERROR - 2017-09-16 16:47:21 --> Severity: Warning --> Invalid argument supplied for foreach() /home/standard_digital/httpdocs/evewoman/application/views/desktop/modules/childCategory.php 21
ERROR - 2017-09-16 16:49:21 --> Severity: Warning --> Invalid argument supplied for foreach() /home/standard_digital/httpdocs/evewoman/application/views/mobile/modules/childCategory.php 12
ERROR - 2017-09-16 16:50:07 --> Severity: Warning --> Invalid argument supplied for foreach() /home/standard_digital/httpdocs/evewoman/application/views/desktop/modules/childCategory.php 21
ERROR - 2017-09-16 17:02:10 --> Severity: Warning --> Invalid argument supplied for foreach() /home/standard_digital/httpdocs/evewoman/application/views/mobile/modules/childCategory.php 12
ERROR - 2017-09-16 17:07:58 --> Severity: Warning --> Invalid argument supplied for foreach() /home/standard_digital/httpdocs/evewoman/application/views/desktop/modules/childCategory.php 21
ERROR - 2017-09-16 17:08:17 --> Severity: Warning --> Invalid argument supplied for foreach() /home/standard_digital/httpdocs/evewoman/application/views/desktop/modules/childCategory.php 21
ERROR - 2017-09-16 17:10:19 --> Severity: Warning --> Invalid argument supplied for foreach() /home/standard_digital/httpdocs/evewoman/application/views/desktop/modules/childCategory.php 21
ERROR - 2017-09-16 17:10:37 --> Severity: Warning --> Invalid argument supplied for foreach() /home/standard_digital/httpdocs/evewoman/application/views/mobile/modules/childCategory.php 12
ERROR - 2017-09-16 17:11:32 --> Query error: Column 'id' in where clause is ambiguous - Invalid query: SELECT `ktn_video`.`title`, `ktn_video`.`videoURL`, `ktn_video`.`id`, `ktn_video_category`.`name`, `ktn_video`.`publishdate`, `ktn_video`.`description`
FROM `ktn_video`
JOIN `ktn_video_category` ON `ktn_video_category`.`id`=`ktn_video`.`categoryid`
WHERE `id` = '2000114478'
ERROR - 2017-09-16 17:11:32 --> Severity: Error --> Call to a member function num_rows() on a non-object /home/standard_digital/httpdocs/evewoman/application/models/Article_model.php 197
ERROR - 2017-09-16 17:11:37 --> Severity: Warning --> Invalid argument supplied for foreach() /home/standard_digital/httpdocs/evewoman/application/views/mobile/modules/childCategory.php 12
ERROR - 2017-09-16 17:11:49 --> Severity: Warning --> Invalid argument supplied for foreach() /home/standard_digital/httpdocs/evewoman/application/views/desktop/modules/childCategory.php 21
ERROR - 2017-09-16 17:12:12 --> Severity: Warning --> Invalid argument supplied for foreach() /home/standard_digital/httpdocs/evewoman/application/views/desktop/modules/childCategory.php 21
ERROR - 2017-09-16 17:15:20 --> Severity: Warning --> Invalid argument supplied for foreach() /home/standard_digital/httpdocs/evewoman/application/views/desktop/modules/childCategory.php 21
ERROR - 2017-09-16 17:22:47 --> Severity: Warning --> Invalid argument supplied for foreach() /home/standard_digital/httpdocs/evewoman/application/views/desktop/modules/childCategory.php 21
ERROR - 2017-09-16 17:27:08 --> Severity: Warning --> Invalid argument supplied for foreach() /home/standard_digital/httpdocs/evewoman/application/views/mobile/modules/childCategory.php 12
ERROR - 2017-09-16 17:28:15 --> Severity: Warning --> Invalid argument supplied for foreach() /home/standard_digital/httpdocs/evewoman/application/views/desktop/modules/childCategory.php 21
ERROR - 2017-09-16 17:29:47 --> Severity: Warning --> Invalid argument supplied for foreach() /home/standard_digital/httpdocs/evewoman/application/views/desktop/modules/childCategory.php 21
ERROR - 2017-09-16 17:30:34 --> Severity: Warning --> Invalid argument supplied for foreach() /home/standard_digital/httpdocs/evewoman/application/views/desktop/modules/childCategory.php 21
ERROR - 2017-09-16 17:37:32 --> Severity: Warning --> Invalid argument supplied for foreach() /home/standard_digital/httpdocs/evewoman/application/views/desktop/modules/childCategory.php 21
ERROR - 2017-09-16 17:41:36 --> Severity: Warning --> Invalid argument supplied for foreach() /home/standard_digital/httpdocs/evewoman/application/views/desktop/modules/childCategory.php 21
ERROR - 2017-09-16 17:42:18 --> Severity: Warning --> Invalid argument supplied for foreach() /home/standard_digital/httpdocs/evewoman/application/views/desktop/modules/childCategory.php 21
ERROR - 2017-09-16 17:43:19 --> Severity: Warning --> Invalid argument supplied for foreach() /home/standard_digital/httpdocs/evewoman/application/views/desktop/modules/childCategory.php 21
ERROR - 2017-09-16 17:44:39 --> Severity: Warning --> Invalid argument supplied for foreach() /home/standard_digital/httpdocs/evewoman/application/views/mobile/modules/childCategory.php 12
ERROR - 2017-09-16 17:46:36 --> Severity: Warning --> Invalid argument supplied for foreach() /home/standard_digital/httpdocs/evewoman/application/views/desktop/modules/childCategory.php 21
ERROR - 2017-09-16 17:51:49 --> Severity: Warning --> Invalid argument supplied for foreach() /home/standard_digital/httpdocs/evewoman/application/views/desktop/modules/childCategory.php 21
ERROR - 2017-09-16 17:55:35 --> Severity: Warning --> Invalid argument supplied for foreach() /home/standard_digital/httpdocs/evewoman/application/views/desktop/modules/childCategory.php 21
ERROR - 2017-09-16 17:55:42 --> Severity: Warning --> Invalid argument supplied for foreach() /home/standard_digital/httpdocs/evewoman/application/views/desktop/modules/childCategory.php 21
ERROR - 2017-09-16 17:58:18 --> Severity: Warning --> Invalid argument supplied for foreach() /home/standard_digital/httpdocs/evewoman/application/views/desktop/modules/childCategory.php 21
ERROR - 2017-09-16 18:00:24 --> Severity: Warning --> Invalid argument supplied for foreach() /home/standard_digital/httpdocs/evewoman/application/views/desktop/modules/childCategory.php 21
ERROR - 2017-09-16 18:03:51 --> Severity: Warning --> Invalid argument supplied for foreach() /home/standard_digital/httpdocs/evewoman/application/views/desktop/modules/childCategory.php 21
ERROR - 2017-09-16 18:06:15 --> Severity: Warning --> Invalid argument supplied for foreach() /home/standard_digital/httpdocs/evewoman/application/views/desktop/modules/childCategory.php 21
ERROR - 2017-09-16 18:08:32 --> Severity: Warning --> Invalid argument supplied for foreach() /home/standard_digital/httpdocs/evewoman/application/views/desktop/modules/childCategory.php 21
ERROR - 2017-09-16 18:12:36 --> Severity: Warning --> Invalid argument supplied for foreach() /home/standard_digital/httpdocs/evewoman/application/views/desktop/modules/childCategory.php 21
ERROR - 2017-09-16 18:15:08 --> Severity: Warning --> Invalid argument supplied for foreach() /home/standard_digital/httpdocs/evewoman/application/views/desktop/modules/childCategory.php 21
ERROR - 2017-09-16 18:21:46 --> Severity: Warning --> Invalid argument supplied for foreach() /home/standard_digital/httpdocs/evewoman/application/views/desktop/modules/childCategory.php 21
ERROR - 2017-09-16 18:22:52 --> Severity: Warning --> Invalid argument supplied for foreach() /home/standard_digital/httpdocs/evewoman/application/views/desktop/modules/childCategory.php 21
ERROR - 2017-09-16 18:30:02 --> Severity: Warning --> Invalid argument supplied for foreach() /home/standard_digital/httpdocs/evewoman/application/views/desktop/modules/childCategory.php 21
ERROR - 2017-09-16 18:30:03 --> Severity: Warning --> Invalid argument supplied for foreach() /home/standard_digital/httpdocs/evewoman/application/views/mobile/modules/childCategory.php 12
ERROR - 2017-09-16 18:30:06 --> Severity: Warning --> Invalid argument supplied for foreach() /home/standard_digital/httpdocs/evewoman/application/views/mobile/modules/childCategory.php 12
ERROR - 2017-09-16 18:31:19 --> Severity: Warning --> Invalid argument supplied for foreach() /home/standard_digital/httpdocs/evewoman/application/views/desktop/modules/childCategory.php 21
ERROR - 2017-09-16 18:42:12 --> Severity: Warning --> Invalid argument supplied for foreach() /home/standard_digital/httpdocs/evewoman/application/views/desktop/modules/childCategory.php 21
ERROR - 2017-09-16 18:48:43 --> Severity: Warning --> Invalid argument supplied for foreach() /home/standard_digital/httpdocs/evewoman/application/views/desktop/modules/childCategory.php 21
ERROR - 2017-09-16 18:57:54 --> Severity: Warning --> Invalid argument supplied for foreach() /home/standard_digital/httpdocs/evewoman/application/views/desktop/modules/childCategory.php 21
ERROR - 2017-09-16 18:58:31 --> Severity: Warning --> Invalid argument supplied for foreach() /home/standard_digital/httpdocs/evewoman/application/views/desktop/modules/childCategory.php 21
ERROR - 2017-09-16 19:01:41 --> Severity: Warning --> Invalid argument supplied for foreach() /home/standard_digital/httpdocs/evewoman/application/views/desktop/modules/childCategory.php 21
ERROR - 2017-09-16 19:02:40 --> Severity: Warning --> Invalid argument supplied for foreach() /home/standard_digital/httpdocs/evewoman/application/views/desktop/modules/childCategory.php 21
ERROR - 2017-09-16 19:08:57 --> Severity: Warning --> Invalid argument supplied for foreach() /home/standard_digital/httpdocs/evewoman/application/views/mobile/modules/childCategory.php 12
ERROR - 2017-09-16 19:09:00 --> Severity: Warning --> Invalid argument supplied for foreach() /home/standard_digital/httpdocs/evewoman/application/views/desktop/modules/childCategory.php 21
ERROR - 2017-09-16 19:11:03 --> Severity: Warning --> Invalid argument supplied for foreach() /home/standard_digital/httpdocs/evewoman/application/views/desktop/modules/childCategory.php 21
ERROR - 2017-09-16 19:15:03 --> Severity: Warning --> Invalid argument supplied for foreach() /home/standard_digital/httpdocs/evewoman/application/views/desktop/modules/childCategory.php 21
ERROR - 2017-09-16 19:16:03 --> Severity: Warning --> Invalid argument supplied for foreach() /home/standard_digital/httpdocs/evewoman/application/views/mobile/modules/childCategory.php 12
ERROR - 2017-09-16 19:16:03 --> Severity: Warning --> Invalid argument supplied for foreach() /home/standard_digital/httpdocs/evewoman/application/views/mobile/modules/childCategory.php 12
ERROR - 2017-09-16 19:26:41 --> Severity: Warning --> Invalid argument supplied for foreach() /home/standard_digital/httpdocs/evewoman/application/views/desktop/modules/childCategory.php 21
ERROR - 2017-09-16 19:26:48 --> Query error: Column 'id' in where clause is ambiguous - Invalid query: SELECT `ktn_video`.`title`, `ktn_video`.`videoURL`, `ktn_video`.`id`, `ktn_video_category`.`name`, `ktn_video`.`publishdate`, `ktn_video`.`description`
FROM `ktn_video`
JOIN `ktn_video_category` ON `ktn_video_category`.`id`=`ktn_video`.`categoryid`
WHERE `id` = '2000114478'
ERROR - 2017-09-16 19:26:48 --> Severity: Error --> Call to a member function num_rows() on a non-object /home/standard_digital/httpdocs/evewoman/application/models/Article_model.php 197
ERROR - 2017-09-16 19:34:15 --> Severity: Warning --> Invalid argument supplied for foreach() /home/standard_digital/httpdocs/evewoman/application/views/desktop/modules/childCategory.php 21
ERROR - 2017-09-16 19:44:04 --> Severity: Warning --> Invalid argument supplied for foreach() /home/standard_digital/httpdocs/evewoman/application/views/desktop/modules/childCategory.php 21
ERROR - 2017-09-16 19:45:17 --> Severity: Warning --> Invalid argument supplied for foreach() /home/standard_digital/httpdocs/evewoman/application/views/desktop/modules/childCategory.php 21
ERROR - 2017-09-16 19:55:33 --> Severity: Warning --> Invalid argument supplied for foreach() /home/standard_digital/httpdocs/evewoman/application/views/desktop/modules/childCategory.php 21
ERROR - 2017-09-16 19:57:14 --> Severity: Warning --> Invalid argument supplied for foreach() /home/standard_digital/httpdocs/evewoman/application/views/desktop/modules/childCategory.php 21
ERROR - 2017-09-16 19:58:10 --> Severity: Warning --> Invalid argument supplied for foreach() /home/standard_digital/httpdocs/evewoman/application/views/mobile/modules/childCategory.php 12
ERROR - 2017-09-16 19:58:20 --> Severity: Warning --> Invalid argument supplied for foreach() /home/standard_digital/httpdocs/evewoman/application/views/desktop/modules/childCategory.php 21
ERROR - 2017-09-16 19:58:39 --> Severity: Warning --> Invalid argument supplied for foreach() /home/standard_digital/httpdocs/evewoman/application/views/desktop/modules/childCategory.php 21
ERROR - 2017-09-16 20:02:22 --> Severity: Warning --> Invalid argument supplied for foreach() /home/standard_digital/httpdocs/evewoman/application/views/desktop/modules/childCategory.php 21
ERROR - 2017-09-16 20:08:07 --> Severity: Warning --> Invalid argument supplied for foreach() /home/standard_digital/httpdocs/evewoman/application/views/desktop/modules/childCategory.php 21
ERROR - 2017-09-16 20:10:28 --> Severity: Warning --> Invalid argument supplied for foreach() /home/standard_digital/httpdocs/evewoman/application/views/desktop/modules/childCategory.php 21
ERROR - 2017-09-16 20:18:44 --> Severity: Warning --> Invalid argument supplied for foreach() /home/standard_digital/httpdocs/evewoman/application/views/mobile/modules/childCategory.php 12
ERROR - 2017-09-16 20:21:39 --> Query error: Column 'id' in where clause is ambiguous - Invalid query: SELECT `ktn_video`.`title`, `ktn_video`.`videoURL`, `ktn_video`.`id`, `ktn_video_category`.`name`, `ktn_video`.`publishdate`, `ktn_video`.`description`
FROM `ktn_video`
JOIN `ktn_video_category` ON `ktn_video_category`.`id`=`ktn_video`.`categoryid`
WHERE `id` = '2000112099'
ERROR - 2017-09-16 20:21:39 --> Severity: Error --> Call to a member function num_rows() on a non-object /home/standard_digital/httpdocs/evewoman/application/models/Article_model.php 197
ERROR - 2017-09-16 20:24:56 --> Severity: Warning --> Invalid argument supplied for foreach() /home/standard_digital/httpdocs/evewoman/application/views/desktop/modules/childCategory.php 21
ERROR - 2017-09-16 20:29:38 --> Severity: Warning --> Invalid argument supplied for foreach() /home/standard_digital/httpdocs/evewoman/application/views/desktop/modules/childCategory.php 21
ERROR - 2017-09-16 20:35:25 --> Severity: Warning --> Invalid argument supplied for foreach() /home/standard_digital/httpdocs/evewoman/application/views/desktop/modules/childCategory.php 21
ERROR - 2017-09-16 20:37:10 --> Severity: Warning --> Invalid argument supplied for foreach() /home/standard_digital/httpdocs/evewoman/application/views/desktop/modules/childCategory.php 21
ERROR - 2017-09-16 20:43:38 --> Severity: Warning --> Invalid argument supplied for foreach() /home/standard_digital/httpdocs/evewoman/application/views/desktop/modules/childCategory.php 21
ERROR - 2017-09-16 21:03:08 --> Severity: Warning --> Invalid argument supplied for foreach() /home/standard_digital/httpdocs/evewoman/application/views/desktop/modules/childCategory.php 21
ERROR - 2017-09-16 21:11:25 --> Severity: Warning --> Invalid argument supplied for foreach() /home/standard_digital/httpdocs/evewoman/application/views/desktop/modules/childCategory.php 21
ERROR - 2017-09-16 21:16:52 --> Severity: Warning --> Invalid argument supplied for foreach() /home/standard_digital/httpdocs/evewoman/application/views/desktop/modules/childCategory.php 21
ERROR - 2017-09-16 21:19:20 --> Severity: Warning --> Invalid argument supplied for foreach() /home/standard_digital/httpdocs/evewoman/application/views/desktop/modules/childCategory.php 21
ERROR - 2017-09-16 21:27:32 --> Severity: Warning --> Invalid argument supplied for foreach() /home/standard_digital/httpdocs/evewoman/application/views/desktop/modules/childCategory.php 21
ERROR - 2017-09-16 21:28:00 --> Severity: Warning --> Invalid argument supplied for foreach() /home/standard_digital/httpdocs/evewoman/application/views/desktop/modules/childCategory.php 21
ERROR - 2017-09-16 21:28:55 --> Severity: Warning --> Invalid argument supplied for foreach() /home/standard_digital/httpdocs/evewoman/application/views/desktop/modules/childCategory.php 21
ERROR - 2017-09-16 21:30:00 --> Severity: Warning --> Invalid argument supplied for foreach() /home/standard_digital/httpdocs/evewoman/application/views/desktop/modules/childCategory.php 21
ERROR - 2017-09-16 21:31:27 --> Severity: Warning --> Invalid argument supplied for foreach() /home/standard_digital/httpdocs/evewoman/application/views/desktop/modules/childCategory.php 21
ERROR - 2017-09-16 21:34:45 --> Severity: Warning --> Invalid argument supplied for foreach() /home/standard_digital/httpdocs/evewoman/application/views/desktop/modules/childCategory.php 21
ERROR - 2017-09-16 21:36:29 --> Severity: Warning --> Invalid argument supplied for foreach() /home/standard_digital/httpdocs/evewoman/application/views/desktop/modules/childCategory.php 21
ERROR - 2017-09-16 21:44:37 --> Severity: Warning --> Invalid argument supplied for foreach() /home/standard_digital/httpdocs/evewoman/application/views/desktop/modules/childCategory.php 21
ERROR - 2017-09-16 21:44:56 --> Severity: Warning --> Invalid argument supplied for foreach() /home/standard_digital/httpdocs/evewoman/application/views/desktop/modules/childCategory.php 21
ERROR - 2017-09-16 21:51:43 --> Severity: Warning --> Invalid argument supplied for foreach() /home/standard_digital/httpdocs/evewoman/application/views/mobile/modules/childCategory.php 12
ERROR - 2017-09-16 21:59:36 --> Severity: Warning --> Invalid argument supplied for foreach() /home/standard_digital/httpdocs/evewoman/application/views/desktop/modules/childCategory.php 21
ERROR - 2017-09-16 22:00:17 --> Severity: Warning --> Invalid argument supplied for foreach() /home/standard_digital/httpdocs/evewoman/application/views/desktop/modules/childCategory.php 21
ERROR - 2017-09-16 22:05:56 --> Severity: Warning --> Invalid argument supplied for foreach() /home/standard_digital/httpdocs/evewoman/application/views/desktop/modules/childCategory.php 21
ERROR - 2017-09-16 22:08:38 --> Severity: Warning --> Invalid argument supplied for foreach() /home/standard_digital/httpdocs/evewoman/application/views/desktop/modules/childCategory.php 21
ERROR - 2017-09-16 22:09:33 --> Severity: Warning --> Invalid argument supplied for foreach() /home/standard_digital/httpdocs/evewoman/application/views/desktop/modules/childCategory.php 21
ERROR - 2017-09-16 22:10:13 --> Severity: Warning --> Invalid argument supplied for foreach() /home/standard_digital/httpdocs/evewoman/application/views/desktop/modules/childCategory.php 21
ERROR - 2017-09-16 22:14:57 --> Severity: Warning --> Invalid argument supplied for foreach() /home/standard_digital/httpdocs/evewoman/application/views/desktop/modules/childCategory.php 21
ERROR - 2017-09-16 22:22:38 --> Severity: Warning --> Invalid argument supplied for foreach() /home/standard_digital/httpdocs/evewoman/application/views/desktop/modules/childCategory.php 21
ERROR - 2017-09-16 22:31:50 --> Severity: Warning --> Invalid argument supplied for foreach() /home/standard_digital/httpdocs/evewoman/application/views/desktop/modules/childCategory.php 21
ERROR - 2017-09-16 22:32:47 --> Severity: Warning --> Invalid argument supplied for foreach() /home/standard_digital/httpdocs/evewoman/application/views/desktop/modules/childCategory.php 21
ERROR - 2017-09-16 22:35:08 --> Severity: Warning --> Invalid argument supplied for foreach() /home/standard_digital/httpdocs/evewoman/application/views/desktop/modules/childCategory.php 21
ERROR - 2017-09-16 22:38:19 --> Severity: Warning --> Invalid argument supplied for foreach() /home/standard_digital/httpdocs/evewoman/application/views/desktop/modules/childCategory.php 21
ERROR - 2017-09-16 22:44:13 --> Severity: Warning --> Invalid argument supplied for foreach() /home/standard_digital/httpdocs/evewoman/application/views/desktop/modules/childCategory.php 21
ERROR - 2017-09-16 22:47:07 --> Severity: Warning --> Invalid argument supplied for foreach() /home/standard_digital/httpdocs/evewoman/application/views/desktop/modules/childCategory.php 21
ERROR - 2017-09-16 22:48:49 --> Severity: Warning --> Invalid argument supplied for foreach() /home/standard_digital/httpdocs/evewoman/application/views/desktop/modules/childCategory.php 21
ERROR - 2017-09-16 22:49:33 --> Severity: Warning --> Invalid argument supplied for foreach() /home/standard_digital/httpdocs/evewoman/application/views/desktop/modules/childCategory.php 21
ERROR - 2017-09-16 22:53:27 --> Query error: Column 'id' in where clause is ambiguous - Invalid query: SELECT `ktn_video`.`title`, `ktn_video`.`videoURL`, `ktn_video`.`id`, `ktn_video_category`.`name`, `ktn_video`.`publishdate`, `ktn_video`.`description`
FROM `ktn_video`
JOIN `ktn_video_category` ON `ktn_video_category`.`id`=`ktn_video`.`categoryid`
WHERE `id` = '2000114478'
ERROR - 2017-09-16 22:53:27 --> Severity: Error --> Call to a member function num_rows() on a non-object /home/standard_digital/httpdocs/evewoman/application/models/Article_model.php 197
ERROR - 2017-09-16 22:53:59 --> Severity: Warning --> Invalid argument supplied for foreach() /home/standard_digital/httpdocs/evewoman/application/views/desktop/modules/childCategory.php 21
ERROR - 2017-09-16 22:54:28 --> Severity: Warning --> Invalid argument supplied for foreach() /home/standard_digital/httpdocs/evewoman/application/views/desktop/modules/childCategory.php 21
ERROR - 2017-09-16 22:55:07 --> Severity: Warning --> Invalid argument supplied for foreach() /home/standard_digital/httpdocs/evewoman/application/views/mobile/modules/childCategory.php 12
ERROR - 2017-09-16 22:57:50 --> Severity: Warning --> Invalid argument supplied for foreach() /home/standard_digital/httpdocs/evewoman/application/views/desktop/modules/childCategory.php 21
ERROR - 2017-09-16 22:58:01 --> Severity: Warning --> Invalid argument supplied for foreach() /home/standard_digital/httpdocs/evewoman/application/views/desktop/modules/childCategory.php 21
ERROR - 2017-09-16 22:58:38 --> Severity: Warning --> Invalid argument supplied for foreach() /home/standard_digital/httpdocs/evewoman/application/views/desktop/modules/childCategory.php 21
ERROR - 2017-09-16 23:11:19 --> Severity: Warning --> Invalid argument supplied for foreach() /home/standard_digital/httpdocs/evewoman/application/views/desktop/modules/childCategory.php 21
ERROR - 2017-09-16 23:19:27 --> Severity: Warning --> Invalid argument supplied for foreach() /home/standard_digital/httpdocs/evewoman/application/views/mobile/modules/childCategory.php 12
ERROR - 2017-09-16 23:19:27 --> Severity: Warning --> Invalid argument supplied for foreach() /home/standard_digital/httpdocs/evewoman/application/views/mobile/modules/childCategory.php 12
ERROR - 2017-09-16 23:21:17 --> Severity: Warning --> Invalid argument supplied for foreach() /home/standard_digital/httpdocs/evewoman/application/views/desktop/modules/childCategory.php 21
ERROR - 2017-09-16 23:21:23 --> Severity: Warning --> Invalid argument supplied for foreach() /home/standard_digital/httpdocs/evewoman/application/views/desktop/modules/childCategory.php 21
ERROR - 2017-09-16 23:26:12 --> Severity: Warning --> Invalid argument supplied for foreach() /home/standard_digital/httpdocs/evewoman/application/views/desktop/modules/childCategory.php 21
ERROR - 2017-09-16 23:29:48 --> Severity: Warning --> Invalid argument supplied for foreach() /home/standard_digital/httpdocs/evewoman/application/views/mobile/modules/childCategory.php 12
ERROR - 2017-09-16 23:36:05 --> Severity: Warning --> Invalid argument supplied for foreach() /home/standard_digital/httpdocs/evewoman/application/views/desktop/modules/childCategory.php 21
ERROR - 2017-09-16 23:43:40 --> Severity: Warning --> Invalid argument supplied for foreach() /home/standard_digital/httpdocs/evewoman/application/views/desktop/modules/childCategory.php 21
ERROR - 2017-09-16 23:48:14 --> Severity: Warning --> Invalid argument supplied for foreach() /home/standard_digital/httpdocs/evewoman/application/views/desktop/modules/childCategory.php 21
ERROR - 2017-09-16 23:48:27 --> Severity: Warning --> Invalid argument supplied for foreach() /home/standard_digital/httpdocs/evewoman/application/views/desktop/modules/childCategory.php 21
ERROR - 2017-09-16 23:48:32 --> Severity: Warning --> Invalid argument supplied for foreach() /home/standard_digital/httpdocs/evewoman/application/views/desktop/modules/childCategory.php 21
ERROR - 2017-09-16 23:51:46 --> Severity: Warning --> Invalid argument supplied for foreach() /home/standard_digital/httpdocs/evewoman/application/views/desktop/modules/childCategory.php 21
