ERROR - 2017-09-10 00:01:57 --> Severity: Warning --> Invalid argument supplied for foreach() /home/standard_digital/httpdocs/evewoman/application/views/desktop/modules/childCategory.php 21
ERROR - 2017-09-10 00:09:48 --> Severity: Warning --> Invalid argument supplied for foreach() /home/standard_digital/httpdocs/evewoman/application/views/desktop/modules/childCategory.php 21
ERROR - 2017-09-10 00:11:07 --> Severity: Warning --> Invalid argument supplied for foreach() /home/standard_digital/httpdocs/evewoman/application/views/desktop/modules/childCategory.php 21
ERROR - 2017-09-10 00:12:22 --> Severity: Warning --> Invalid argument supplied for foreach() /home/standard_digital/httpdocs/evewoman/application/views/desktop/modules/childCategory.php 21
ERROR - 2017-09-10 00:15:58 --> Severity: Warning --> Invalid argument supplied for foreach() /home/standard_digital/httpdocs/evewoman/application/views/desktop/modules/childCategory.php 21
ERROR - 2017-09-10 00:27:39 --> Severity: Warning --> Invalid argument supplied for foreach() /home/standard_digital/httpdocs/evewoman/application/views/desktop/modules/childCategory.php 21
ERROR - 2017-09-10 00:27:40 --> Severity: Warning --> Invalid argument supplied for foreach() /home/standard_digital/httpdocs/evewoman/application/views/desktop/modules/childCategory.php 21
ERROR - 2017-09-10 00:30:02 --> Severity: Warning --> Invalid argument supplied for foreach() /home/standard_digital/httpdocs/evewoman/application/views/desktop/modules/childCategory.php 21
ERROR - 2017-09-10 00:33:30 --> Severity: Warning --> Invalid argument supplied for foreach() /home/standard_digital/httpdocs/evewoman/application/views/desktop/modules/childCategory.php 21
ERROR - 2017-09-10 00:33:37 --> Severity: Warning --> Invalid argument supplied for foreach() /home/standard_digital/httpdocs/evewoman/application/views/desktop/modules/childCategory.php 21
ERROR - 2017-09-10 00:34:08 --> Severity: Warning --> Invalid argument supplied for foreach() /home/standard_digital/httpdocs/evewoman/application/views/mobile/modules/childCategory.php 12
ERROR - 2017-09-10 00:34:13 --> Severity: Warning --> Invalid argument supplied for foreach() /home/standard_digital/httpdocs/evewoman/application/views/mobile/modules/childCategory.php 12
ERROR - 2017-09-10 00:35:17 --> Severity: Warning --> Invalid argument supplied for foreach() /home/standard_digital/httpdocs/evewoman/application/views/desktop/modules/childCategory.php 21
ERROR - 2017-09-10 00:38:46 --> Severity: Notice --> Undefined index: HTTP_USER_AGENT /home/standard_digital/httpdocs/evewoman/application/libraries/Assist.php 149
ERROR - 2017-09-10 00:39:14 --> Severity: Notice --> Undefined index: HTTP_USER_AGENT /home/standard_digital/httpdocs/evewoman/application/libraries/Assist.php 149
ERROR - 2017-09-10 00:41:44 --> Severity: Warning --> Invalid argument supplied for foreach() /home/standard_digital/httpdocs/evewoman/application/views/desktop/modules/childCategory.php 21
ERROR - 2017-09-10 00:43:14 --> Severity: Notice --> Undefined index: HTTP_USER_AGENT /home/standard_digital/httpdocs/evewoman/application/libraries/Assist.php 149
ERROR - 2017-09-10 00:44:22 --> Severity: Notice --> Undefined index: HTTP_USER_AGENT /home/standard_digital/httpdocs/evewoman/application/libraries/Assist.php 149
ERROR - 2017-09-10 00:44:28 --> Severity: Notice --> Undefined index: HTTP_USER_AGENT /home/standard_digital/httpdocs/evewoman/application/libraries/Assist.php 149
ERROR - 2017-09-10 00:45:52 --> Severity: Warning --> Invalid argument supplied for foreach() /home/standard_digital/httpdocs/evewoman/application/views/desktop/modules/childCategory.php 21
ERROR - 2017-09-10 00:46:43 --> Severity: Warning --> Invalid argument supplied for foreach() /home/standard_digital/httpdocs/evewoman/application/views/desktop/modules/childCategory.php 21
ERROR - 2017-09-10 00:48:07 --> Severity: Notice --> Undefined index: HTTP_USER_AGENT /home/standard_digital/httpdocs/evewoman/application/libraries/Assist.php 149
ERROR - 2017-09-10 01:00:44 --> Query error: Column 'id' in where clause is ambiguous - Invalid query: SELECT `ktn_video`.`title`, `ktn_video`.`videoURL`, `ktn_video`.`id`, `ktn_video_category`.`name`, `ktn_video`.`publishdate`, `ktn_video`.`description`
FROM `ktn_video`
JOIN `ktn_video_category` ON `ktn_video_category`.`id`=`ktn_video`.`categoryid`
WHERE `id` = '2000078605'
ERROR - 2017-09-10 01:00:44 --> Severity: Error --> Call to a member function num_rows() on a non-object /home/standard_digital/httpdocs/evewoman/application/models/Article_model.php 197
ERROR - 2017-09-10 01:01:03 --> Severity: Warning --> Invalid argument supplied for foreach() /home/standard_digital/httpdocs/evewoman/application/views/desktop/modules/childCategory.php 21
ERROR - 2017-09-10 01:05:44 --> Severity: Warning --> Invalid argument supplied for foreach() /home/standard_digital/httpdocs/evewoman/application/views/desktop/modules/childCategory.php 21
ERROR - 2017-09-10 01:09:52 --> Severity: Warning --> Invalid argument supplied for foreach() /home/standard_digital/httpdocs/evewoman/application/views/desktop/modules/childCategory.php 21
ERROR - 2017-09-10 01:10:42 --> Severity: Warning --> Invalid argument supplied for foreach() /home/standard_digital/httpdocs/evewoman/application/views/desktop/modules/childCategory.php 21
ERROR - 2017-09-10 01:22:10 --> Severity: Warning --> Invalid argument supplied for foreach() /home/standard_digital/httpdocs/evewoman/application/views/desktop/modules/childCategory.php 21
ERROR - 2017-09-10 01:22:19 --> Severity: Warning --> Invalid argument supplied for foreach() /home/standard_digital/httpdocs/evewoman/application/views/desktop/modules/childCategory.php 21
ERROR - 2017-09-10 01:27:48 --> Severity: Warning --> Invalid argument supplied for foreach() /home/standard_digital/httpdocs/evewoman/application/views/desktop/modules/childCategory.php 21
ERROR - 2017-09-10 01:33:54 --> Severity: Warning --> Invalid argument supplied for foreach() /home/standard_digital/httpdocs/evewoman/application/views/desktop/modules/childCategory.php 21
ERROR - 2017-09-10 01:37:34 --> Severity: Warning --> Invalid argument supplied for foreach() /home/standard_digital/httpdocs/evewoman/application/views/desktop/modules/childCategory.php 21
ERROR - 2017-09-10 01:38:08 --> Severity: Warning --> Invalid argument supplied for foreach() /home/standard_digital/httpdocs/evewoman/application/views/desktop/modules/childCategory.php 21
ERROR - 2017-09-10 01:40:31 --> Severity: Warning --> Invalid argument supplied for foreach() /home/standard_digital/httpdocs/evewoman/application/views/desktop/modules/childCategory.php 21
ERROR - 2017-09-10 01:43:30 --> Severity: Warning --> Invalid argument supplied for foreach() /home/standard_digital/httpdocs/evewoman/application/views/desktop/modules/childCategory.php 21
ERROR - 2017-09-10 01:43:41 --> Severity: Warning --> Invalid argument supplied for foreach() /home/standard_digital/httpdocs/evewoman/application/views/desktop/modules/childCategory.php 21
ERROR - 2017-09-10 01:43:52 --> Severity: Warning --> Invalid argument supplied for foreach() /home/standard_digital/httpdocs/evewoman/application/views/mobile/modules/childCategory.php 12
ERROR - 2017-09-10 01:46:51 --> Severity: Warning --> Invalid argument supplied for foreach() /home/standard_digital/httpdocs/evewoman/application/views/desktop/modules/childCategory.php 21
ERROR - 2017-09-10 01:49:05 --> Severity: Warning --> Invalid argument supplied for foreach() /home/standard_digital/httpdocs/evewoman/application/views/mobile/modules/childCategory.php 12
ERROR - 2017-09-10 01:52:36 --> Severity: Warning --> Invalid argument supplied for foreach() /home/standard_digital/httpdocs/evewoman/application/views/mobile/modules/childCategory.php 12
ERROR - 2017-09-10 01:55:21 --> Severity: Warning --> Invalid argument supplied for foreach() /home/standard_digital/httpdocs/evewoman/application/views/desktop/modules/childCategory.php 21
ERROR - 2017-09-10 01:55:26 --> Severity: Warning --> Invalid argument supplied for foreach() /home/standard_digital/httpdocs/evewoman/application/views/desktop/modules/childCategory.php 21
ERROR - 2017-09-10 01:55:28 --> Query error: Column 'id' in where clause is ambiguous - Invalid query: SELECT `ktn_video`.`title`, `ktn_video`.`videoURL`, `ktn_video`.`id`, `ktn_video_category`.`name`, `ktn_video`.`publishdate`, `ktn_video`.`description`
FROM `ktn_video`
JOIN `ktn_video_category` ON `ktn_video_category`.`id`=`ktn_video`.`categoryid`
WHERE `id` = '2000115190'
ERROR - 2017-09-10 01:55:28 --> Severity: Error --> Call to a member function num_rows() on a non-object /home/standard_digital/httpdocs/evewoman/application/models/Article_model.php 197
ERROR - 2017-09-10 01:55:29 --> Severity: Warning --> Invalid argument supplied for foreach() /home/standard_digital/httpdocs/evewoman/application/views/desktop/modules/childCategory.php 21
ERROR - 2017-09-10 01:58:29 --> Severity: Warning --> Invalid argument supplied for foreach() /home/standard_digital/httpdocs/evewoman/application/views/desktop/modules/childCategory.php 21
ERROR - 2017-09-10 01:58:52 --> Severity: Warning --> Invalid argument supplied for foreach() /home/standard_digital/httpdocs/evewoman/application/views/desktop/modules/childCategory.php 21
ERROR - 2017-09-10 02:03:54 --> Severity: Warning --> Invalid argument supplied for foreach() /home/standard_digital/httpdocs/evewoman/application/views/desktop/modules/childCategory.php 21
ERROR - 2017-09-10 02:05:16 --> Query error: Column 'id' in where clause is ambiguous - Invalid query: SELECT `ktn_video`.`title`, `ktn_video`.`videoURL`, `ktn_video`.`id`, `ktn_video_category`.`name`, `ktn_video`.`publishdate`, `ktn_video`.`description`
FROM `ktn_video`
JOIN `ktn_video_category` ON `ktn_video_category`.`id`=`ktn_video`.`categoryid`
WHERE `id` = '2000112099'
ERROR - 2017-09-10 02:05:16 --> Severity: Error --> Call to a member function num_rows() on a non-object /home/standard_digital/httpdocs/evewoman/application/models/Article_model.php 197
ERROR - 2017-09-10 02:09:48 --> Severity: Warning --> Invalid argument supplied for foreach() /home/standard_digital/httpdocs/evewoman/application/views/desktop/modules/childCategory.php 21
ERROR - 2017-09-10 02:13:35 --> Severity: Warning --> Invalid argument supplied for foreach() /home/standard_digital/httpdocs/evewoman/application/views/desktop/modules/childCategory.php 21
ERROR - 2017-09-10 02:18:04 --> Severity: Warning --> Invalid argument supplied for foreach() /home/standard_digital/httpdocs/evewoman/application/views/desktop/modules/childCategory.php 21
ERROR - 2017-09-10 02:18:44 --> Severity: Warning --> Invalid argument supplied for foreach() /home/standard_digital/httpdocs/evewoman/application/views/desktop/modules/childCategory.php 21
ERROR - 2017-09-10 02:19:15 --> Severity: Warning --> Invalid argument supplied for foreach() /home/standard_digital/httpdocs/evewoman/application/views/desktop/modules/childCategory.php 21
ERROR - 2017-09-10 02:20:35 --> Severity: Warning --> Invalid argument supplied for foreach() /home/standard_digital/httpdocs/evewoman/application/views/desktop/modules/childCategory.php 21
ERROR - 2017-09-10 02:31:38 --> Severity: Warning --> Invalid argument supplied for foreach() /home/standard_digital/httpdocs/evewoman/application/views/mobile/modules/childCategory.php 12
ERROR - 2017-09-10 02:31:39 --> Severity: Warning --> Invalid argument supplied for foreach() /home/standard_digital/httpdocs/evewoman/application/views/mobile/modules/childCategory.php 12
ERROR - 2017-09-10 02:31:39 --> Severity: Warning --> Invalid argument supplied for foreach() /home/standard_digital/httpdocs/evewoman/application/views/mobile/modules/childCategory.php 12
ERROR - 2017-09-10 02:34:23 --> Severity: Warning --> Invalid argument supplied for foreach() /home/standard_digital/httpdocs/evewoman/application/views/desktop/modules/childCategory.php 21
ERROR - 2017-09-10 02:42:25 --> Severity: Warning --> Invalid argument supplied for foreach() /home/standard_digital/httpdocs/evewoman/application/views/desktop/modules/childCategory.php 21
ERROR - 2017-09-10 02:44:29 --> Severity: Warning --> Invalid argument supplied for foreach() /home/standard_digital/httpdocs/evewoman/application/views/desktop/modules/childCategory.php 21
ERROR - 2017-09-10 02:45:02 --> Severity: Warning --> Invalid argument supplied for foreach() /home/standard_digital/httpdocs/evewoman/application/views/desktop/modules/childCategory.php 21
ERROR - 2017-09-10 02:45:12 --> Severity: Warning --> Invalid argument supplied for foreach() /home/standard_digital/httpdocs/evewoman/application/views/desktop/modules/childCategory.php 21
ERROR - 2017-09-10 02:54:21 --> Severity: Warning --> Invalid argument supplied for foreach() /home/standard_digital/httpdocs/evewoman/application/views/desktop/modules/childCategory.php 21
ERROR - 2017-09-10 02:55:17 --> Severity: Warning --> Invalid argument supplied for foreach() /home/standard_digital/httpdocs/evewoman/application/views/mobile/modules/childCategory.php 12
ERROR - 2017-09-10 02:59:23 --> Severity: Warning --> Invalid argument supplied for foreach() /home/standard_digital/httpdocs/evewoman/application/views/desktop/modules/childCategory.php 21
ERROR - 2017-09-10 03:03:53 --> Severity: Warning --> Invalid argument supplied for foreach() /home/standard_digital/httpdocs/evewoman/application/views/desktop/modules/childCategory.php 21
ERROR - 2017-09-10 03:03:53 --> Severity: Warning --> Invalid argument supplied for foreach() /home/standard_digital/httpdocs/evewoman/application/views/desktop/modules/childCategory.php 21
ERROR - 2017-09-10 03:08:43 --> Severity: Warning --> Invalid argument supplied for foreach() /home/standard_digital/httpdocs/evewoman/application/views/desktop/modules/childCategory.php 21
ERROR - 2017-09-10 03:17:10 --> Query error: Column 'id' in where clause is ambiguous - Invalid query: SELECT `ktn_video`.`title`, `ktn_video`.`videoURL`, `ktn_video`.`id`, `ktn_video_category`.`name`, `ktn_video`.`publishdate`, `ktn_video`.`description`
FROM `ktn_video`
JOIN `ktn_video_category` ON `ktn_video_category`.`id`=`ktn_video`.`categoryid`
WHERE `id` = '2000115188'
ERROR - 2017-09-10 03:17:10 --> Severity: Error --> Call to a member function num_rows() on a non-object /home/standard_digital/httpdocs/evewoman/application/models/Article_model.php 197
ERROR - 2017-09-10 03:18:34 --> Severity: Warning --> Invalid argument supplied for foreach() /home/standard_digital/httpdocs/evewoman/application/views/desktop/modules/childCategory.php 21
ERROR - 2017-09-10 03:20:07 --> Severity: Warning --> Invalid argument supplied for foreach() /home/standard_digital/httpdocs/evewoman/application/views/desktop/modules/childCategory.php 21
ERROR - 2017-09-10 03:21:44 --> Severity: Warning --> Invalid argument supplied for foreach() /home/standard_digital/httpdocs/evewoman/application/views/mobile/modules/childCategory.php 12
ERROR - 2017-09-10 03:23:22 --> Severity: Warning --> Invalid argument supplied for foreach() /home/standard_digital/httpdocs/evewoman/application/views/mobile/modules/childCategory.php 12
ERROR - 2017-09-10 03:31:20 --> Severity: Warning --> Invalid argument supplied for foreach() /home/standard_digital/httpdocs/evewoman/application/views/desktop/modules/childCategory.php 21
ERROR - 2017-09-10 03:37:56 --> Severity: Warning --> Invalid argument supplied for foreach() /home/standard_digital/httpdocs/evewoman/application/views/desktop/modules/childCategory.php 21
ERROR - 2017-09-10 03:40:56 --> Severity: Warning --> Invalid argument supplied for foreach() /home/standard_digital/httpdocs/evewoman/application/views/desktop/modules/childCategory.php 21
ERROR - 2017-09-10 03:42:44 --> Severity: Warning --> Invalid argument supplied for foreach() /home/standard_digital/httpdocs/evewoman/application/views/desktop/modules/childCategory.php 21
ERROR - 2017-09-10 03:45:52 --> Severity: Warning --> Invalid argument supplied for foreach() /home/standard_digital/httpdocs/evewoman/application/views/desktop/modules/childCategory.php 21
ERROR - 2017-09-10 03:48:50 --> Severity: Warning --> Invalid argument supplied for foreach() /home/standard_digital/httpdocs/evewoman/application/views/mobile/modules/childCategory.php 12
ERROR - 2017-09-10 03:48:50 --> Severity: Warning --> Invalid argument supplied for foreach() /home/standard_digital/httpdocs/evewoman/application/views/mobile/modules/childCategory.php 12
ERROR - 2017-09-10 03:48:51 --> Severity: Warning --> Invalid argument supplied for foreach() /home/standard_digital/httpdocs/evewoman/application/views/mobile/modules/childCategory.php 12
ERROR - 2017-09-10 03:51:43 --> Severity: Warning --> Invalid argument supplied for foreach() /home/standard_digital/httpdocs/evewoman/application/views/desktop/modules/childCategory.php 21
ERROR - 2017-09-10 03:58:24 --> Severity: Warning --> Invalid argument supplied for foreach() /home/standard_digital/httpdocs/evewoman/application/views/desktop/modules/childCategory.php 21
ERROR - 2017-09-10 03:58:37 --> Severity: Warning --> Invalid argument supplied for foreach() /home/standard_digital/httpdocs/evewoman/application/views/desktop/modules/childCategory.php 21
ERROR - 2017-09-10 04:00:27 --> Severity: Warning --> Invalid argument supplied for foreach() /home/standard_digital/httpdocs/evewoman/application/views/desktop/modules/childCategory.php 21
ERROR - 2017-09-10 04:06:15 --> Severity: Warning --> Invalid argument supplied for foreach() /home/standard_digital/httpdocs/evewoman/application/views/desktop/modules/childCategory.php 21
ERROR - 2017-09-10 04:08:31 --> Severity: Warning --> Invalid argument supplied for foreach() /home/standard_digital/httpdocs/evewoman/application/views/desktop/modules/childCategory.php 21
ERROR - 2017-09-10 04:11:01 --> Query error: Column 'id' in where clause is ambiguous - Invalid query: SELECT `ktn_video`.`title`, `ktn_video`.`videoURL`, `ktn_video`.`id`, `ktn_video_category`.`name`, `ktn_video`.`publishdate`, `ktn_video`.`description`
FROM `ktn_video`
JOIN `ktn_video_category` ON `ktn_video_category`.`id`=`ktn_video`.`categoryid`
WHERE `id` = '2000115189'
ERROR - 2017-09-10 04:11:01 --> Severity: Error --> Call to a member function num_rows() on a non-object /home/standard_digital/httpdocs/evewoman/application/models/Article_model.php 197
ERROR - 2017-09-10 04:16:54 --> Severity: Warning --> Invalid argument supplied for foreach() /home/standard_digital/httpdocs/evewoman/application/views/desktop/modules/childCategory.php 21
ERROR - 2017-09-10 04:23:39 --> Severity: Warning --> Invalid argument supplied for foreach() /home/standard_digital/httpdocs/evewoman/application/views/desktop/modules/childCategory.php 21
ERROR - 2017-09-10 04:25:22 --> Severity: Warning --> Invalid argument supplied for foreach() /home/standard_digital/httpdocs/evewoman/application/views/desktop/modules/childCategory.php 21
ERROR - 2017-09-10 04:31:16 --> Severity: Warning --> Invalid argument supplied for foreach() /home/standard_digital/httpdocs/evewoman/application/views/desktop/modules/childCategory.php 21
ERROR - 2017-09-10 04:36:59 --> Severity: Warning --> Invalid argument supplied for foreach() /home/standard_digital/httpdocs/evewoman/application/views/desktop/modules/childCategory.php 21
ERROR - 2017-09-10 04:39:20 --> Severity: Warning --> Invalid argument supplied for foreach() /home/standard_digital/httpdocs/evewoman/application/views/desktop/modules/childCategory.php 21
ERROR - 2017-09-10 04:45:14 --> Severity: Warning --> Invalid argument supplied for foreach() /home/standard_digital/httpdocs/evewoman/application/views/desktop/modules/childCategory.php 21
ERROR - 2017-09-10 04:45:32 --> Severity: Warning --> Invalid argument supplied for foreach() /home/standard_digital/httpdocs/evewoman/application/views/desktop/modules/childCategory.php 21
ERROR - 2017-09-10 04:46:40 --> Severity: Warning --> Invalid argument supplied for foreach() /home/standard_digital/httpdocs/evewoman/application/views/desktop/modules/childCategory.php 21
ERROR - 2017-09-10 04:49:34 --> Severity: Warning --> Invalid argument supplied for foreach() /home/standard_digital/httpdocs/evewoman/application/views/desktop/modules/childCategory.php 21
ERROR - 2017-09-10 04:52:37 --> Severity: Warning --> Invalid argument supplied for foreach() /home/standard_digital/httpdocs/evewoman/application/views/desktop/modules/childCategory.php 21
ERROR - 2017-09-10 04:58:07 --> Severity: Warning --> Invalid argument supplied for foreach() /home/standard_digital/httpdocs/evewoman/application/views/desktop/modules/childCategory.php 21
ERROR - 2017-09-10 05:00:32 --> Severity: Warning --> Invalid argument supplied for foreach() /home/standard_digital/httpdocs/evewoman/application/views/desktop/modules/childCategory.php 21
ERROR - 2017-09-10 05:02:38 --> Severity: Warning --> Invalid argument supplied for foreach() /home/standard_digital/httpdocs/evewoman/application/views/desktop/modules/childCategory.php 21
ERROR - 2017-09-10 05:05:54 --> Severity: Warning --> Invalid argument supplied for foreach() /home/standard_digital/httpdocs/evewoman/application/views/desktop/modules/childCategory.php 21
ERROR - 2017-09-10 05:05:58 --> Severity: Warning --> Invalid argument supplied for foreach() /home/standard_digital/httpdocs/evewoman/application/views/desktop/modules/childCategory.php 21
ERROR - 2017-09-10 05:06:58 --> Severity: Warning --> Invalid argument supplied for foreach() /home/standard_digital/httpdocs/evewoman/application/views/desktop/modules/childCategory.php 21
ERROR - 2017-09-10 05:17:54 --> Severity: Warning --> Invalid argument supplied for foreach() /home/standard_digital/httpdocs/evewoman/application/views/desktop/modules/childCategory.php 21
ERROR - 2017-09-10 05:19:45 --> Severity: Notice --> Undefined index: HTTP_USER_AGENT /home/standard_digital/httpdocs/evewoman/application/libraries/Assist.php 149
ERROR - 2017-09-10 05:20:39 --> Query error: Column 'id' in where clause is ambiguous - Invalid query: SELECT `ktn_video`.`title`, `ktn_video`.`videoURL`, `ktn_video`.`id`, `ktn_video_category`.`name`, `ktn_video`.`publishdate`, `ktn_video`.`description`
FROM `ktn_video`
JOIN `ktn_video_category` ON `ktn_video_category`.`id`=`ktn_video`.`categoryid`
WHERE `id` = '2000115190'
ERROR - 2017-09-10 05:20:39 --> Severity: Error --> Call to a member function num_rows() on a non-object /home/standard_digital/httpdocs/evewoman/application/models/Article_model.php 197
ERROR - 2017-09-10 05:20:47 --> Severity: Notice --> Undefined index: HTTP_USER_AGENT /home/standard_digital/httpdocs/evewoman/application/libraries/Assist.php 149
ERROR - 2017-09-10 05:25:07 --> Severity: Warning --> Invalid argument supplied for foreach() /home/standard_digital/httpdocs/evewoman/application/views/desktop/modules/childCategory.php 21
ERROR - 2017-09-10 05:25:08 --> Severity: Notice --> Undefined index: HTTP_USER_AGENT /home/standard_digital/httpdocs/evewoman/application/libraries/Assist.php 149
ERROR - 2017-09-10 05:26:43 --> Severity: Warning --> Invalid argument supplied for foreach() /home/standard_digital/httpdocs/evewoman/application/views/desktop/modules/childCategory.php 21
ERROR - 2017-09-10 05:27:16 --> Severity: Warning --> Invalid argument supplied for foreach() /home/standard_digital/httpdocs/evewoman/application/views/desktop/modules/childCategory.php 21
ERROR - 2017-09-10 05:28:14 --> Severity: Notice --> Undefined index: HTTP_USER_AGENT /home/standard_digital/httpdocs/evewoman/application/libraries/Assist.php 149
ERROR - 2017-09-10 05:28:42 --> Severity: Warning --> Invalid argument supplied for foreach() /home/standard_digital/httpdocs/evewoman/application/views/desktop/modules/childCategory.php 21
ERROR - 2017-09-10 05:30:45 --> Severity: Notice --> Undefined index: HTTP_USER_AGENT /home/standard_digital/httpdocs/evewoman/application/libraries/Assist.php 149
ERROR - 2017-09-10 05:31:28 --> Severity: Warning --> Invalid argument supplied for foreach() /home/standard_digital/httpdocs/evewoman/application/views/desktop/modules/childCategory.php 21
ERROR - 2017-09-10 05:33:24 --> Severity: Warning --> Invalid argument supplied for foreach() /home/standard_digital/httpdocs/evewoman/application/views/desktop/modules/childCategory.php 21
ERROR - 2017-09-10 05:33:32 --> Severity: Warning --> Invalid argument supplied for foreach() /home/standard_digital/httpdocs/evewoman/application/views/desktop/modules/childCategory.php 21
ERROR - 2017-09-10 05:37:59 --> Severity: Warning --> Invalid argument supplied for foreach() /home/standard_digital/httpdocs/evewoman/application/views/desktop/modules/childCategory.php 21
ERROR - 2017-09-10 05:38:00 --> Severity: Warning --> Invalid argument supplied for foreach() /home/standard_digital/httpdocs/evewoman/application/views/desktop/modules/childCategory.php 21
ERROR - 2017-09-10 05:38:12 --> Severity: Warning --> Invalid argument supplied for foreach() /home/standard_digital/httpdocs/evewoman/application/views/mobile/modules/childCategory.php 12
ERROR - 2017-09-10 05:38:26 --> Severity: Warning --> Invalid argument supplied for foreach() /home/standard_digital/httpdocs/evewoman/application/views/desktop/modules/childCategory.php 21
ERROR - 2017-09-10 05:38:28 --> Severity: Warning --> Invalid argument supplied for foreach() /home/standard_digital/httpdocs/evewoman/application/views/desktop/modules/childCategory.php 21
ERROR - 2017-09-10 05:40:37 --> Severity: Warning --> Invalid argument supplied for foreach() /home/standard_digital/httpdocs/evewoman/application/views/desktop/modules/childCategory.php 21
ERROR - 2017-09-10 05:41:14 --> Severity: Warning --> Invalid argument supplied for foreach() /home/standard_digital/httpdocs/evewoman/application/views/desktop/modules/childCategory.php 21
ERROR - 2017-09-10 05:42:33 --> Severity: Warning --> Invalid argument supplied for foreach() /home/standard_digital/httpdocs/evewoman/application/views/desktop/modules/childCategory.php 21
ERROR - 2017-09-10 05:45:15 --> Severity: Warning --> Invalid argument supplied for foreach() /home/standard_digital/httpdocs/evewoman/application/views/mobile/modules/childCategory.php 12
ERROR - 2017-09-10 05:45:45 --> Severity: Warning --> Invalid argument supplied for foreach() /home/standard_digital/httpdocs/evewoman/application/views/mobile/modules/childCategory.php 12
ERROR - 2017-09-10 05:53:16 --> Severity: Warning --> Invalid argument supplied for foreach() /home/standard_digital/httpdocs/evewoman/application/views/desktop/modules/childCategory.php 21
ERROR - 2017-09-10 06:01:50 --> Severity: Warning --> Invalid argument supplied for foreach() /home/standard_digital/httpdocs/evewoman/application/views/desktop/modules/childCategory.php 21
ERROR - 2017-09-10 06:04:24 --> Severity: Warning --> Invalid argument supplied for foreach() /home/standard_digital/httpdocs/evewoman/application/views/desktop/modules/childCategory.php 21
ERROR - 2017-09-10 06:06:56 --> Severity: Warning --> Invalid argument supplied for foreach() /home/standard_digital/httpdocs/evewoman/application/views/desktop/modules/childCategory.php 21
ERROR - 2017-09-10 06:10:05 --> Severity: Warning --> Invalid argument supplied for foreach() /home/standard_digital/httpdocs/evewoman/application/views/desktop/modules/childCategory.php 21
ERROR - 2017-09-10 06:16:03 --> Severity: Warning --> Invalid argument supplied for foreach() /home/standard_digital/httpdocs/evewoman/application/views/desktop/modules/childCategory.php 21
ERROR - 2017-09-10 06:18:53 --> Severity: Warning --> Invalid argument supplied for foreach() /home/standard_digital/httpdocs/evewoman/application/views/desktop/modules/childCategory.php 21
ERROR - 2017-09-10 06:19:05 --> Severity: Warning --> Invalid argument supplied for foreach() /home/standard_digital/httpdocs/evewoman/application/views/desktop/modules/childCategory.php 21
ERROR - 2017-09-10 06:20:24 --> Severity: Warning --> Invalid argument supplied for foreach() /home/standard_digital/httpdocs/evewoman/application/views/desktop/modules/childCategory.php 21
ERROR - 2017-09-10 06:28:06 --> Severity: Warning --> Invalid argument supplied for foreach() /home/standard_digital/httpdocs/evewoman/application/views/desktop/modules/childCategory.php 21
ERROR - 2017-09-10 06:32:35 --> Severity: Warning --> Invalid argument supplied for foreach() /home/standard_digital/httpdocs/evewoman/application/views/desktop/modules/childCategory.php 21
ERROR - 2017-09-10 06:48:58 --> Severity: Warning --> Invalid argument supplied for foreach() /home/standard_digital/httpdocs/evewoman/application/views/desktop/modules/childCategory.php 21
ERROR - 2017-09-10 06:54:37 --> Severity: Warning --> Invalid argument supplied for foreach() /home/standard_digital/httpdocs/evewoman/application/views/desktop/modules/childCategory.php 21
ERROR - 2017-09-10 06:55:03 --> Severity: Warning --> Invalid argument supplied for foreach() /home/standard_digital/httpdocs/evewoman/application/views/desktop/modules/childCategory.php 21
ERROR - 2017-09-10 07:01:04 --> Severity: Warning --> Invalid argument supplied for foreach() /home/standard_digital/httpdocs/evewoman/application/views/desktop/modules/childCategory.php 21
ERROR - 2017-09-10 07:02:42 --> Severity: Warning --> Invalid argument supplied for foreach() /home/standard_digital/httpdocs/evewoman/application/views/desktop/modules/childCategory.php 21
ERROR - 2017-09-10 07:04:31 --> Severity: Warning --> Invalid argument supplied for foreach() /home/standard_digital/httpdocs/evewoman/application/views/desktop/modules/childCategory.php 21
ERROR - 2017-09-10 07:04:38 --> Severity: Warning --> Invalid argument supplied for foreach() /home/standard_digital/httpdocs/evewoman/application/views/desktop/modules/childCategory.php 21
ERROR - 2017-09-10 07:05:35 --> Severity: Warning --> Invalid argument supplied for foreach() /home/standard_digital/httpdocs/evewoman/application/views/mobile/modules/childCategory.php 12
ERROR - 2017-09-10 07:05:36 --> Severity: Warning --> Invalid argument supplied for foreach() /home/standard_digital/httpdocs/evewoman/application/views/mobile/modules/childCategory.php 12
ERROR - 2017-09-10 07:05:39 --> Severity: Warning --> Invalid argument supplied for foreach() /home/standard_digital/httpdocs/evewoman/application/views/mobile/modules/childCategory.php 12
ERROR - 2017-09-10 07:05:41 --> Severity: Warning --> Invalid argument supplied for foreach() /home/standard_digital/httpdocs/evewoman/application/views/mobile/modules/childCategory.php 12
ERROR - 2017-09-10 07:06:26 --> Severity: Warning --> Invalid argument supplied for foreach() /home/standard_digital/httpdocs/evewoman/application/views/desktop/modules/childCategory.php 21
ERROR - 2017-09-10 07:12:20 --> Severity: Warning --> Invalid argument supplied for foreach() /home/standard_digital/httpdocs/evewoman/application/views/desktop/modules/childCategory.php 21
ERROR - 2017-09-10 07:17:12 --> Severity: Warning --> Invalid argument supplied for foreach() /home/standard_digital/httpdocs/evewoman/application/views/desktop/modules/childCategory.php 21
ERROR - 2017-09-10 07:20:59 --> Severity: Warning --> Invalid argument supplied for foreach() /home/standard_digital/httpdocs/evewoman/application/views/desktop/modules/childCategory.php 21
ERROR - 2017-09-10 07:22:00 --> Severity: Warning --> Invalid argument supplied for foreach() /home/standard_digital/httpdocs/evewoman/application/views/desktop/modules/childCategory.php 21
ERROR - 2017-09-10 07:23:06 --> Severity: Warning --> Invalid argument supplied for foreach() /home/standard_digital/httpdocs/evewoman/application/views/desktop/modules/childCategory.php 21
ERROR - 2017-09-10 07:25:02 --> Severity: Warning --> Invalid argument supplied for foreach() /home/standard_digital/httpdocs/evewoman/application/views/desktop/modules/childCategory.php 21
ERROR - 2017-09-10 07:43:49 --> Severity: Warning --> Invalid argument supplied for foreach() /home/standard_digital/httpdocs/evewoman/application/views/desktop/modules/childCategory.php 21
ERROR - 2017-09-10 07:44:50 --> Severity: Warning --> Invalid argument supplied for foreach() /home/standard_digital/httpdocs/evewoman/application/views/desktop/modules/childCategory.php 21
ERROR - 2017-09-10 07:48:11 --> Severity: Warning --> Invalid argument supplied for foreach() /home/standard_digital/httpdocs/evewoman/application/views/desktop/modules/childCategory.php 21
ERROR - 2017-09-10 07:48:47 --> Severity: Warning --> Invalid argument supplied for foreach() /home/standard_digital/httpdocs/evewoman/application/views/desktop/modules/childCategory.php 21
ERROR - 2017-09-10 07:51:37 --> Severity: Warning --> Invalid argument supplied for foreach() /home/standard_digital/httpdocs/evewoman/application/views/desktop/modules/childCategory.php 21
ERROR - 2017-09-10 07:53:18 --> Severity: Warning --> Invalid argument supplied for foreach() /home/standard_digital/httpdocs/evewoman/application/views/desktop/modules/childCategory.php 21
ERROR - 2017-09-10 07:54:08 --> Severity: Warning --> Invalid argument supplied for foreach() /home/standard_digital/httpdocs/evewoman/application/views/desktop/modules/childCategory.php 21
ERROR - 2017-09-10 07:59:24 --> Severity: Warning --> Invalid argument supplied for foreach() /home/standard_digital/httpdocs/evewoman/application/views/desktop/modules/childCategory.php 21
ERROR - 2017-09-10 08:01:30 --> Severity: Warning --> Invalid argument supplied for foreach() /home/standard_digital/httpdocs/evewoman/application/views/desktop/modules/childCategory.php 21
ERROR - 2017-09-10 08:04:54 --> Severity: Warning --> Invalid argument supplied for foreach() /home/standard_digital/httpdocs/evewoman/application/views/desktop/modules/childCategory.php 21
ERROR - 2017-09-10 08:05:48 --> Severity: Warning --> Invalid argument supplied for foreach() /home/standard_digital/httpdocs/evewoman/application/views/desktop/modules/childCategory.php 21
ERROR - 2017-09-10 08:07:34 --> Severity: Warning --> Invalid argument supplied for foreach() /home/standard_digital/httpdocs/evewoman/application/views/desktop/modules/childCategory.php 21
ERROR - 2017-09-10 08:12:25 --> Severity: Warning --> Invalid argument supplied for foreach() /home/standard_digital/httpdocs/evewoman/application/views/desktop/modules/childCategory.php 21
ERROR - 2017-09-10 08:15:08 --> Severity: Warning --> Invalid argument supplied for foreach() /home/standard_digital/httpdocs/evewoman/application/views/desktop/modules/childCategory.php 21
ERROR - 2017-09-10 08:17:05 --> Severity: Warning --> Invalid argument supplied for foreach() /home/standard_digital/httpdocs/evewoman/application/views/mobile/modules/childCategory.php 12
ERROR - 2017-09-10 08:18:05 --> Severity: Warning --> Invalid argument supplied for foreach() /home/standard_digital/httpdocs/evewoman/application/views/desktop/modules/childCategory.php 21
ERROR - 2017-09-10 08:18:49 --> Severity: Warning --> Invalid argument supplied for foreach() /home/standard_digital/httpdocs/evewoman/application/views/mobile/modules/childCategory.php 12
ERROR - 2017-09-10 08:19:00 --> Severity: Warning --> Invalid argument supplied for foreach() /home/standard_digital/httpdocs/evewoman/application/views/desktop/modules/childCategory.php 21
ERROR - 2017-09-10 08:20:58 --> Severity: Warning --> Invalid argument supplied for foreach() /home/standard_digital/httpdocs/evewoman/application/views/desktop/modules/childCategory.php 21
ERROR - 2017-09-10 08:22:05 --> Severity: Warning --> Invalid argument supplied for foreach() /home/standard_digital/httpdocs/evewoman/application/views/desktop/modules/childCategory.php 21
ERROR - 2017-09-10 08:28:41 --> Severity: Warning --> Invalid argument supplied for foreach() /home/standard_digital/httpdocs/evewoman/application/views/desktop/modules/childCategory.php 21
ERROR - 2017-09-10 08:28:46 --> Severity: Warning --> Invalid argument supplied for foreach() /home/standard_digital/httpdocs/evewoman/application/views/desktop/modules/childCategory.php 21
ERROR - 2017-09-10 08:28:51 --> Severity: Warning --> Invalid argument supplied for foreach() /home/standard_digital/httpdocs/evewoman/application/views/desktop/modules/childCategory.php 21
ERROR - 2017-09-10 08:29:23 --> Severity: Warning --> Invalid argument supplied for foreach() /home/standard_digital/httpdocs/evewoman/application/views/desktop/modules/childCategory.php 21
ERROR - 2017-09-10 08:47:02 --> Severity: Warning --> Invalid argument supplied for foreach() /home/standard_digital/httpdocs/evewoman/application/views/mobile/modules/childCategory.php 12
ERROR - 2017-09-10 08:58:13 --> Severity: Warning --> Invalid argument supplied for foreach() /home/standard_digital/httpdocs/evewoman/application/views/mobile/modules/childCategory.php 12
ERROR - 2017-09-10 08:58:14 --> Severity: Warning --> Invalid argument supplied for foreach() /home/standard_digital/httpdocs/evewoman/application/views/mobile/modules/childCategory.php 12
ERROR - 2017-09-10 08:58:15 --> Severity: Warning --> Invalid argument supplied for foreach() /home/standard_digital/httpdocs/evewoman/application/views/mobile/modules/childCategory.php 12
ERROR - 2017-09-10 08:59:03 --> Severity: Warning --> Invalid argument supplied for foreach() /home/standard_digital/httpdocs/evewoman/application/views/desktop/modules/childCategory.php 21
ERROR - 2017-09-10 08:59:43 --> Severity: Warning --> Invalid argument supplied for foreach() /home/standard_digital/httpdocs/evewoman/application/views/desktop/modules/childCategory.php 21
ERROR - 2017-09-10 09:01:00 --> Severity: Warning --> Invalid argument supplied for foreach() /home/standard_digital/httpdocs/evewoman/application/views/mobile/modules/childCategory.php 12
ERROR - 2017-09-10 09:01:39 --> Severity: Warning --> Invalid argument supplied for foreach() /home/standard_digital/httpdocs/evewoman/application/views/desktop/modules/childCategory.php 21
ERROR - 2017-09-10 09:04:59 --> Severity: Warning --> Invalid argument supplied for foreach() /home/standard_digital/httpdocs/evewoman/application/views/desktop/modules/childCategory.php 21
ERROR - 2017-09-10 09:10:38 --> Severity: Warning --> Invalid argument supplied for foreach() /home/standard_digital/httpdocs/evewoman/application/views/desktop/modules/childCategory.php 21
ERROR - 2017-09-10 09:14:36 --> Severity: Warning --> Invalid argument supplied for foreach() /home/standard_digital/httpdocs/evewoman/application/views/desktop/modules/childCategory.php 21
ERROR - 2017-09-10 09:15:17 --> Severity: Warning --> Invalid argument supplied for foreach() /home/standard_digital/httpdocs/evewoman/application/views/desktop/modules/childCategory.php 21
ERROR - 2017-09-10 09:16:11 --> Severity: Warning --> Invalid argument supplied for foreach() /home/standard_digital/httpdocs/evewoman/application/views/desktop/modules/childCategory.php 21
ERROR - 2017-09-10 09:18:44 --> Query error: Column 'id' in where clause is ambiguous - Invalid query: SELECT `ktn_video`.`title`, `ktn_video`.`videoURL`, `ktn_video`.`id`, `ktn_video_category`.`name`, `ktn_video`.`publishdate`, `ktn_video`.`description`
FROM `ktn_video`
JOIN `ktn_video_category` ON `ktn_video_category`.`id`=`ktn_video`.`categoryid`
WHERE `id` = '2000115188'
ERROR - 2017-09-10 09:18:44 --> Severity: Error --> Call to a member function num_rows() on a non-object /home/standard_digital/httpdocs/evewoman/application/models/Article_model.php 197
ERROR - 2017-09-10 09:23:04 --> Severity: Warning --> Invalid argument supplied for foreach() /home/standard_digital/httpdocs/evewoman/application/views/desktop/modules/childCategory.php 21
ERROR - 2017-09-10 09:33:10 --> Severity: Warning --> Invalid argument supplied for foreach() /home/standard_digital/httpdocs/evewoman/application/views/mobile/modules/childCategory.php 12
ERROR - 2017-09-10 09:40:18 --> Severity: Warning --> Invalid argument supplied for foreach() /home/standard_digital/httpdocs/evewoman/application/views/desktop/modules/childCategory.php 21
ERROR - 2017-09-10 09:48:56 --> Severity: Warning --> Invalid argument supplied for foreach() /home/standard_digital/httpdocs/evewoman/application/views/desktop/modules/childCategory.php 21
ERROR - 2017-09-10 09:58:03 --> Severity: Warning --> Invalid argument supplied for foreach() /home/standard_digital/httpdocs/evewoman/application/views/desktop/modules/childCategory.php 21
ERROR - 2017-09-10 09:58:04 --> Severity: Warning --> Invalid argument supplied for foreach() /home/standard_digital/httpdocs/evewoman/application/views/desktop/modules/childCategory.php 21
ERROR - 2017-09-10 09:58:05 --> Severity: Warning --> Invalid argument supplied for foreach() /home/standard_digital/httpdocs/evewoman/application/views/desktop/modules/childCategory.php 21
ERROR - 2017-09-10 09:58:06 --> Severity: Warning --> Invalid argument supplied for foreach() /home/standard_digital/httpdocs/evewoman/application/views/desktop/modules/childCategory.php 21
ERROR - 2017-09-10 09:59:04 --> Severity: Warning --> Invalid argument supplied for foreach() /home/standard_digital/httpdocs/evewoman/application/views/desktop/modules/childCategory.php 21
ERROR - 2017-09-10 10:06:23 --> Severity: Warning --> Invalid argument supplied for foreach() /home/standard_digital/httpdocs/evewoman/application/views/desktop/modules/childCategory.php 21
ERROR - 2017-09-10 10:12:02 --> Severity: Warning --> Invalid argument supplied for foreach() /home/standard_digital/httpdocs/evewoman/application/views/desktop/modules/childCategory.php 21
ERROR - 2017-09-10 10:12:47 --> Severity: Warning --> Invalid argument supplied for foreach() /home/standard_digital/httpdocs/evewoman/application/views/mobile/modules/childCategory.php 12
ERROR - 2017-09-10 10:13:14 --> Severity: Warning --> Invalid argument supplied for foreach() /home/standard_digital/httpdocs/evewoman/application/views/desktop/modules/childCategory.php 21
ERROR - 2017-09-10 10:17:21 --> Severity: Warning --> Invalid argument supplied for foreach() /home/standard_digital/httpdocs/evewoman/application/views/mobile/modules/childCategory.php 12
ERROR - 2017-09-10 10:20:19 --> Severity: Warning --> Invalid argument supplied for foreach() /home/standard_digital/httpdocs/evewoman/application/views/desktop/modules/childCategory.php 21
ERROR - 2017-09-10 10:22:31 --> Severity: Warning --> Invalid argument supplied for foreach() /home/standard_digital/httpdocs/evewoman/application/views/desktop/modules/childCategory.php 21
ERROR - 2017-09-10 10:22:48 --> Severity: Warning --> Invalid argument supplied for foreach() /home/standard_digital/httpdocs/evewoman/application/views/mobile/modules/childCategory.php 12
ERROR - 2017-09-10 10:23:10 --> Severity: Warning --> Invalid argument supplied for foreach() /home/standard_digital/httpdocs/evewoman/application/views/mobile/modules/childCategory.php 12
ERROR - 2017-09-10 10:25:56 --> Severity: Warning --> Invalid argument supplied for foreach() /home/standard_digital/httpdocs/evewoman/application/views/desktop/modules/childCategory.php 21
ERROR - 2017-09-10 10:27:20 --> Severity: Warning --> Invalid argument supplied for foreach() /home/standard_digital/httpdocs/evewoman/application/views/desktop/modules/childCategory.php 21
ERROR - 2017-09-10 10:35:28 --> Severity: Warning --> Invalid argument supplied for foreach() /home/standard_digital/httpdocs/evewoman/application/views/desktop/modules/childCategory.php 21
ERROR - 2017-09-10 10:41:22 --> Severity: Warning --> Invalid argument supplied for foreach() /home/standard_digital/httpdocs/evewoman/application/views/mobile/modules/childCategory.php 12
ERROR - 2017-09-10 10:41:22 --> Severity: Warning --> Invalid argument supplied for foreach() /home/standard_digital/httpdocs/evewoman/application/views/mobile/modules/childCategory.php 12
ERROR - 2017-09-10 10:41:23 --> Severity: Warning --> Invalid argument supplied for foreach() /home/standard_digital/httpdocs/evewoman/application/views/mobile/modules/childCategory.php 12
ERROR - 2017-09-10 10:42:58 --> Severity: Warning --> Invalid argument supplied for foreach() /home/standard_digital/httpdocs/evewoman/application/views/desktop/modules/childCategory.php 21
ERROR - 2017-09-10 10:47:18 --> Severity: Warning --> Invalid argument supplied for foreach() /home/standard_digital/httpdocs/evewoman/application/views/desktop/modules/childCategory.php 21
ERROR - 2017-09-10 10:47:50 --> Severity: Warning --> Invalid argument supplied for foreach() /home/standard_digital/httpdocs/evewoman/application/views/desktop/modules/childCategory.php 21
ERROR - 2017-09-10 10:48:37 --> Severity: Warning --> Invalid argument supplied for foreach() /home/standard_digital/httpdocs/evewoman/application/views/desktop/modules/childCategory.php 21
ERROR - 2017-09-10 10:53:58 --> Severity: Warning --> Invalid argument supplied for foreach() /home/standard_digital/httpdocs/evewoman/application/views/mobile/modules/childCategory.php 12
ERROR - 2017-09-10 11:00:45 --> Severity: Warning --> Invalid argument supplied for foreach() /home/standard_digital/httpdocs/evewoman/application/views/desktop/modules/childCategory.php 21
ERROR - 2017-09-10 11:04:07 --> Severity: Warning --> Invalid argument supplied for foreach() /home/standard_digital/httpdocs/evewoman/application/views/desktop/modules/childCategory.php 21
ERROR - 2017-09-10 11:04:10 --> Severity: Warning --> Invalid argument supplied for foreach() /home/standard_digital/httpdocs/evewoman/application/views/desktop/modules/childCategory.php 21
ERROR - 2017-09-10 11:05:58 --> Severity: Warning --> Invalid argument supplied for foreach() /home/standard_digital/httpdocs/evewoman/application/views/mobile/modules/childCategory.php 12
ERROR - 2017-09-10 11:07:53 --> Severity: Warning --> Invalid argument supplied for foreach() /home/standard_digital/httpdocs/evewoman/application/views/desktop/modules/childCategory.php 21
ERROR - 2017-09-10 11:07:55 --> Severity: Warning --> Invalid argument supplied for foreach() /home/standard_digital/httpdocs/evewoman/application/views/desktop/modules/childCategory.php 21
ERROR - 2017-09-10 11:08:52 --> Severity: Warning --> Invalid argument supplied for foreach() /home/standard_digital/httpdocs/evewoman/application/views/desktop/modules/childCategory.php 21
ERROR - 2017-09-10 11:21:31 --> Query error: Column 'id' in where clause is ambiguous - Invalid query: SELECT `ktn_video`.`title`, `ktn_video`.`videoURL`, `ktn_video`.`id`, `ktn_video_category`.`name`, `ktn_video`.`publishdate`, `ktn_video`.`description`
FROM `ktn_video`
JOIN `ktn_video_category` ON `ktn_video_category`.`id`=`ktn_video`.`categoryid`
WHERE `id` = '2000115190'
ERROR - 2017-09-10 11:21:31 --> Severity: Error --> Call to a member function num_rows() on a non-object /home/standard_digital/httpdocs/evewoman/application/models/Article_model.php 197
ERROR - 2017-09-10 11:28:23 --> Severity: Warning --> Invalid argument supplied for foreach() /home/standard_digital/httpdocs/evewoman/application/views/desktop/modules/childCategory.php 21
ERROR - 2017-09-10 11:28:23 --> Severity: Warning --> Invalid argument supplied for foreach() /home/standard_digital/httpdocs/evewoman/application/views/desktop/modules/childCategory.php 21
ERROR - 2017-09-10 11:28:24 --> Severity: Warning --> Invalid argument supplied for foreach() /home/standard_digital/httpdocs/evewoman/application/views/mobile/modules/childCategory.php 12
ERROR - 2017-09-10 11:28:24 --> Severity: Warning --> Invalid argument supplied for foreach() /home/standard_digital/httpdocs/evewoman/application/views/mobile/modules/childCategory.php 12
ERROR - 2017-09-10 11:28:25 --> Severity: Warning --> Invalid argument supplied for foreach() /home/standard_digital/httpdocs/evewoman/application/views/mobile/modules/childCategory.php 12
ERROR - 2017-09-10 11:28:39 --> Severity: Warning --> Invalid argument supplied for foreach() /home/standard_digital/httpdocs/evewoman/application/views/desktop/modules/childCategory.php 21
ERROR - 2017-09-10 11:30:34 --> Severity: Warning --> Invalid argument supplied for foreach() /home/standard_digital/httpdocs/evewoman/application/views/desktop/modules/childCategory.php 21
ERROR - 2017-09-10 11:37:30 --> Severity: Warning --> Invalid argument supplied for foreach() /home/standard_digital/httpdocs/evewoman/application/views/desktop/modules/childCategory.php 21
ERROR - 2017-09-10 11:39:13 --> Severity: Warning --> Invalid argument supplied for foreach() /home/standard_digital/httpdocs/evewoman/application/views/desktop/modules/childCategory.php 21
ERROR - 2017-09-10 11:39:41 --> Severity: Warning --> Invalid argument supplied for foreach() /home/standard_digital/httpdocs/evewoman/application/views/mobile/modules/childCategory.php 12
ERROR - 2017-09-10 11:45:18 --> Severity: Warning --> Invalid argument supplied for foreach() /home/standard_digital/httpdocs/evewoman/application/views/desktop/modules/childCategory.php 21
ERROR - 2017-09-10 11:45:21 --> Severity: Warning --> Invalid argument supplied for foreach() /home/standard_digital/httpdocs/evewoman/application/views/desktop/modules/childCategory.php 21
ERROR - 2017-09-10 11:51:19 --> Severity: Warning --> Invalid argument supplied for foreach() /home/standard_digital/httpdocs/evewoman/application/views/desktop/modules/childCategory.php 21
ERROR - 2017-09-10 11:51:20 --> Severity: Warning --> Invalid argument supplied for foreach() /home/standard_digital/httpdocs/evewoman/application/views/desktop/modules/childCategory.php 21
ERROR - 2017-09-10 11:54:44 --> Severity: Warning --> Invalid argument supplied for foreach() /home/standard_digital/httpdocs/evewoman/application/views/desktop/modules/childCategory.php 21
ERROR - 2017-09-10 11:56:11 --> Severity: Warning --> Invalid argument supplied for foreach() /home/standard_digital/httpdocs/evewoman/application/views/desktop/modules/childCategory.php 21
ERROR - 2017-09-10 11:56:20 --> Severity: Warning --> Invalid argument supplied for foreach() /home/standard_digital/httpdocs/evewoman/application/views/mobile/modules/childCategory.php 12
ERROR - 2017-09-10 11:56:20 --> Severity: Warning --> Invalid argument supplied for foreach() /home/standard_digital/httpdocs/evewoman/application/views/mobile/modules/childCategory.php 12
ERROR - 2017-09-10 11:56:24 --> Severity: Warning --> Invalid argument supplied for foreach() /home/standard_digital/httpdocs/evewoman/application/views/mobile/modules/childCategory.php 12
ERROR - 2017-09-10 12:00:57 --> Severity: Warning --> Invalid argument supplied for foreach() /home/standard_digital/httpdocs/evewoman/application/views/desktop/modules/childCategory.php 21
ERROR - 2017-09-10 12:01:20 --> Severity: Warning --> Invalid argument supplied for foreach() /home/standard_digital/httpdocs/evewoman/application/views/desktop/modules/childCategory.php 21
ERROR - 2017-09-10 12:08:06 --> Severity: Warning --> Invalid argument supplied for foreach() /home/standard_digital/httpdocs/evewoman/application/views/desktop/modules/childCategory.php 21
ERROR - 2017-09-10 12:13:31 --> Severity: Warning --> Invalid argument supplied for foreach() /home/standard_digital/httpdocs/evewoman/application/views/desktop/modules/childCategory.php 21
ERROR - 2017-09-10 12:15:11 --> Severity: Warning --> Invalid argument supplied for foreach() /home/standard_digital/httpdocs/evewoman/application/views/desktop/modules/childCategory.php 21
ERROR - 2017-09-10 12:15:26 --> Severity: Warning --> Invalid argument supplied for foreach() /home/standard_digital/httpdocs/evewoman/application/views/desktop/modules/childCategory.php 21
ERROR - 2017-09-10 12:15:35 --> Severity: Warning --> Invalid argument supplied for foreach() /home/standard_digital/httpdocs/evewoman/application/views/mobile/modules/childCategory.php 12
ERROR - 2017-09-10 12:15:36 --> Severity: Warning --> Invalid argument supplied for foreach() /home/standard_digital/httpdocs/evewoman/application/views/mobile/modules/childCategory.php 12
ERROR - 2017-09-10 12:20:10 --> Severity: Warning --> Invalid argument supplied for foreach() /home/standard_digital/httpdocs/evewoman/application/views/desktop/modules/childCategory.php 21
ERROR - 2017-09-10 12:21:29 --> Severity: Warning --> Invalid argument supplied for foreach() /home/standard_digital/httpdocs/evewoman/application/views/desktop/modules/childCategory.php 21
ERROR - 2017-09-10 12:27:39 --> Severity: Warning --> Invalid argument supplied for foreach() /home/standard_digital/httpdocs/evewoman/application/views/desktop/modules/childCategory.php 21
ERROR - 2017-09-10 12:27:51 --> Severity: Warning --> Invalid argument supplied for foreach() /home/standard_digital/httpdocs/evewoman/application/views/desktop/modules/childCategory.php 21
ERROR - 2017-09-10 12:28:01 --> Severity: Warning --> Invalid argument supplied for foreach() /home/standard_digital/httpdocs/evewoman/application/views/desktop/modules/childCategory.php 21
ERROR - 2017-09-10 12:28:11 --> Severity: Warning --> Invalid argument supplied for foreach() /home/standard_digital/httpdocs/evewoman/application/views/desktop/modules/childCategory.php 21
ERROR - 2017-09-10 12:28:38 --> Severity: Warning --> Invalid argument supplied for foreach() /home/standard_digital/httpdocs/evewoman/application/views/mobile/modules/childCategory.php 12
ERROR - 2017-09-10 12:28:39 --> Severity: Warning --> Invalid argument supplied for foreach() /home/standard_digital/httpdocs/evewoman/application/views/mobile/modules/childCategory.php 12
ERROR - 2017-09-10 12:28:39 --> Severity: Warning --> Invalid argument supplied for foreach() /home/standard_digital/httpdocs/evewoman/application/views/mobile/modules/childCategory.php 12
ERROR - 2017-09-10 12:28:40 --> Severity: Warning --> Invalid argument supplied for foreach() /home/standard_digital/httpdocs/evewoman/application/views/mobile/modules/childCategory.php 12
ERROR - 2017-09-10 12:30:24 --> Severity: Warning --> Invalid argument supplied for foreach() /home/standard_digital/httpdocs/evewoman/application/views/mobile/modules/childCategory.php 12
ERROR - 2017-09-10 12:30:24 --> Severity: Warning --> Invalid argument supplied for foreach() /home/standard_digital/httpdocs/evewoman/application/views/mobile/modules/childCategory.php 12
ERROR - 2017-09-10 12:30:26 --> Severity: Warning --> Invalid argument supplied for foreach() /home/standard_digital/httpdocs/evewoman/application/views/mobile/modules/childCategory.php 12
ERROR - 2017-09-10 12:31:28 --> Severity: Warning --> Invalid argument supplied for foreach() /home/standard_digital/httpdocs/evewoman/application/views/mobile/modules/childCategory.php 12
ERROR - 2017-09-10 12:31:34 --> Severity: Warning --> Invalid argument supplied for foreach() /home/standard_digital/httpdocs/evewoman/application/views/mobile/modules/childCategory.php 12
ERROR - 2017-09-10 12:31:34 --> Severity: Warning --> Invalid argument supplied for foreach() /home/standard_digital/httpdocs/evewoman/application/views/mobile/modules/childCategory.php 12
ERROR - 2017-09-10 12:38:58 --> Severity: Warning --> Invalid argument supplied for foreach() /home/standard_digital/httpdocs/evewoman/application/views/desktop/modules/childCategory.php 21
ERROR - 2017-09-10 12:40:52 --> Severity: Warning --> Invalid argument supplied for foreach() /home/standard_digital/httpdocs/evewoman/application/views/desktop/modules/childCategory.php 21
ERROR - 2017-09-10 12:45:29 --> Severity: Warning --> Invalid argument supplied for foreach() /home/standard_digital/httpdocs/evewoman/application/views/desktop/modules/childCategory.php 21
ERROR - 2017-09-10 12:46:04 --> Severity: Warning --> Invalid argument supplied for foreach() /home/standard_digital/httpdocs/evewoman/application/views/desktop/modules/childCategory.php 21
ERROR - 2017-09-10 12:47:16 --> Severity: Warning --> Invalid argument supplied for foreach() /home/standard_digital/httpdocs/evewoman/application/views/desktop/modules/childCategory.php 21
ERROR - 2017-09-10 12:48:51 --> Severity: Warning --> Invalid argument supplied for foreach() /home/standard_digital/httpdocs/evewoman/application/views/desktop/modules/childCategory.php 21
ERROR - 2017-09-10 12:52:33 --> Severity: Warning --> Invalid argument supplied for foreach() /home/standard_digital/httpdocs/evewoman/application/views/desktop/modules/childCategory.php 21
ERROR - 2017-09-10 12:54:46 --> Severity: Warning --> Invalid argument supplied for foreach() /home/standard_digital/httpdocs/evewoman/application/views/desktop/modules/childCategory.php 21
ERROR - 2017-09-10 12:57:43 --> Severity: Warning --> Invalid argument supplied for foreach() /home/standard_digital/httpdocs/evewoman/application/views/mobile/modules/childCategory.php 12
ERROR - 2017-09-10 12:57:43 --> Severity: Warning --> Invalid argument supplied for foreach() /home/standard_digital/httpdocs/evewoman/application/views/mobile/modules/childCategory.php 12
ERROR - 2017-09-10 12:57:43 --> Severity: Warning --> Invalid argument supplied for foreach() /home/standard_digital/httpdocs/evewoman/application/views/mobile/modules/childCategory.php 12
ERROR - 2017-09-10 12:58:59 --> Severity: Warning --> Invalid argument supplied for foreach() /home/standard_digital/httpdocs/evewoman/application/views/desktop/modules/childCategory.php 21
ERROR - 2017-09-10 13:00:03 --> Severity: Warning --> Invalid argument supplied for foreach() /home/standard_digital/httpdocs/evewoman/application/views/mobile/modules/childCategory.php 12
ERROR - 2017-09-10 13:00:03 --> Severity: Warning --> Invalid argument supplied for foreach() /home/standard_digital/httpdocs/evewoman/application/views/mobile/modules/childCategory.php 12
ERROR - 2017-09-10 13:00:03 --> Severity: Warning --> Invalid argument supplied for foreach() /home/standard_digital/httpdocs/evewoman/application/views/mobile/modules/childCategory.php 12
ERROR - 2017-09-10 13:00:03 --> Severity: Warning --> Invalid argument supplied for foreach() /home/standard_digital/httpdocs/evewoman/application/views/mobile/modules/childCategory.php 12
ERROR - 2017-09-10 13:05:35 --> Severity: Warning --> Invalid argument supplied for foreach() /home/standard_digital/httpdocs/evewoman/application/views/mobile/modules/childCategory.php 12
ERROR - 2017-09-10 13:18:58 --> Severity: Warning --> Invalid argument supplied for foreach() /home/standard_digital/httpdocs/evewoman/application/views/desktop/modules/childCategory.php 21
ERROR - 2017-09-10 13:19:21 --> Severity: Warning --> Invalid argument supplied for foreach() /home/standard_digital/httpdocs/evewoman/application/views/desktop/modules/childCategory.php 21
ERROR - 2017-09-10 13:20:52 --> Severity: Warning --> Invalid argument supplied for foreach() /home/standard_digital/httpdocs/evewoman/application/views/desktop/modules/childCategory.php 21
ERROR - 2017-09-10 13:23:27 --> Severity: Warning --> Invalid argument supplied for foreach() /home/standard_digital/httpdocs/evewoman/application/views/desktop/modules/childCategory.php 21
ERROR - 2017-09-10 13:24:57 --> Severity: Warning --> Invalid argument supplied for foreach() /home/standard_digital/httpdocs/evewoman/application/views/desktop/modules/childCategory.php 21
ERROR - 2017-09-10 13:29:13 --> Severity: Warning --> Invalid argument supplied for foreach() /home/standard_digital/httpdocs/evewoman/application/views/desktop/modules/childCategory.php 21
ERROR - 2017-09-10 13:29:24 --> Severity: Warning --> Invalid argument supplied for foreach() /home/standard_digital/httpdocs/evewoman/application/views/desktop/modules/childCategory.php 21
ERROR - 2017-09-10 13:48:59 --> Severity: Warning --> Invalid argument supplied for foreach() /home/standard_digital/httpdocs/evewoman/application/views/desktop/modules/childCategory.php 21
ERROR - 2017-09-10 13:51:45 --> Severity: Warning --> Invalid argument supplied for foreach() /home/standard_digital/httpdocs/evewoman/application/views/desktop/modules/childCategory.php 21
ERROR - 2017-09-10 13:52:18 --> Severity: Warning --> Invalid argument supplied for foreach() /home/standard_digital/httpdocs/evewoman/application/views/desktop/modules/childCategory.php 21
ERROR - 2017-09-10 13:56:15 --> Severity: Warning --> Invalid argument supplied for foreach() /home/standard_digital/httpdocs/evewoman/application/views/desktop/modules/childCategory.php 21
ERROR - 2017-09-10 14:00:43 --> Severity: Warning --> Invalid argument supplied for foreach() /home/standard_digital/httpdocs/evewoman/application/views/desktop/modules/childCategory.php 21
ERROR - 2017-09-10 14:01:30 --> Severity: Warning --> Invalid argument supplied for foreach() /home/standard_digital/httpdocs/evewoman/application/views/desktop/modules/childCategory.php 21
ERROR - 2017-09-10 14:01:49 --> Query error: Column 'id' in where clause is ambiguous - Invalid query: SELECT `ktn_video`.`title`, `ktn_video`.`videoURL`, `ktn_video`.`id`, `ktn_video_category`.`name`, `ktn_video`.`publishdate`, `ktn_video`.`description`
FROM `ktn_video`
JOIN `ktn_video_category` ON `ktn_video_category`.`id`=`ktn_video`.`categoryid`
WHERE `id` = '2000115188'
ERROR - 2017-09-10 14:01:49 --> Severity: Error --> Call to a member function num_rows() on a non-object /home/standard_digital/httpdocs/evewoman/application/models/Article_model.php 197
ERROR - 2017-09-10 14:01:57 --> Query error: Column 'id' in where clause is ambiguous - Invalid query: SELECT `ktn_video`.`title`, `ktn_video`.`videoURL`, `ktn_video`.`id`, `ktn_video_category`.`name`, `ktn_video`.`publishdate`, `ktn_video`.`description`
FROM `ktn_video`
JOIN `ktn_video_category` ON `ktn_video_category`.`id`=`ktn_video`.`categoryid`
WHERE `id` = '2000115188'
ERROR - 2017-09-10 14:01:57 --> Severity: Error --> Call to a member function num_rows() on a non-object /home/standard_digital/httpdocs/evewoman/application/models/Article_model.php 197
ERROR - 2017-09-10 14:06:07 --> Severity: Warning --> Invalid argument supplied for foreach() /home/standard_digital/httpdocs/evewoman/application/views/desktop/modules/childCategory.php 21
ERROR - 2017-09-10 14:06:56 --> Severity: Warning --> Invalid argument supplied for foreach() /home/standard_digital/httpdocs/evewoman/application/views/desktop/modules/childCategory.php 21
ERROR - 2017-09-10 14:11:05 --> Severity: Warning --> Invalid argument supplied for foreach() /home/standard_digital/httpdocs/evewoman/application/views/desktop/modules/childCategory.php 21
ERROR - 2017-09-10 14:11:40 --> Severity: Warning --> Invalid argument supplied for foreach() /home/standard_digital/httpdocs/evewoman/application/views/mobile/modules/childCategory.php 12
ERROR - 2017-09-10 14:11:41 --> Severity: Warning --> Invalid argument supplied for foreach() /home/standard_digital/httpdocs/evewoman/application/views/mobile/modules/childCategory.php 12
ERROR - 2017-09-10 14:12:10 --> Severity: Warning --> Invalid argument supplied for foreach() /home/standard_digital/httpdocs/evewoman/application/views/mobile/modules/childCategory.php 12
ERROR - 2017-09-10 14:20:42 --> Severity: Warning --> Invalid argument supplied for foreach() /home/standard_digital/httpdocs/evewoman/application/views/mobile/modules/childCategory.php 12
ERROR - 2017-09-10 14:20:42 --> Severity: Warning --> Invalid argument supplied for foreach() /home/standard_digital/httpdocs/evewoman/application/views/mobile/modules/childCategory.php 12
ERROR - 2017-09-10 14:24:40 --> Severity: Warning --> Invalid argument supplied for foreach() /home/standard_digital/httpdocs/evewoman/application/views/desktop/modules/childCategory.php 21
ERROR - 2017-09-10 14:30:34 --> Severity: Warning --> Invalid argument supplied for foreach() /home/standard_digital/httpdocs/evewoman/application/views/desktop/modules/childCategory.php 21
ERROR - 2017-09-10 14:31:24 --> Severity: Warning --> Invalid argument supplied for foreach() /home/standard_digital/httpdocs/evewoman/application/views/desktop/modules/childCategory.php 21
ERROR - 2017-09-10 14:34:10 --> Severity: Warning --> Invalid argument supplied for foreach() /home/standard_digital/httpdocs/evewoman/application/views/mobile/modules/childCategory.php 12
ERROR - 2017-09-10 14:34:10 --> Severity: Warning --> Invalid argument supplied for foreach() /home/standard_digital/httpdocs/evewoman/application/views/mobile/modules/childCategory.php 12
ERROR - 2017-09-10 14:34:11 --> Severity: Warning --> Invalid argument supplied for foreach() /home/standard_digital/httpdocs/evewoman/application/views/mobile/modules/childCategory.php 12
ERROR - 2017-09-10 14:34:59 --> Severity: Warning --> Invalid argument supplied for foreach() /home/standard_digital/httpdocs/evewoman/application/views/desktop/modules/childCategory.php 21
ERROR - 2017-09-10 14:39:06 --> Severity: Warning --> Invalid argument supplied for foreach() /home/standard_digital/httpdocs/evewoman/application/views/desktop/modules/childCategory.php 21
ERROR - 2017-09-10 14:39:08 --> Severity: Warning --> Invalid argument supplied for foreach() /home/standard_digital/httpdocs/evewoman/application/views/desktop/modules/childCategory.php 21
ERROR - 2017-09-10 14:48:28 --> Severity: Warning --> Invalid argument supplied for foreach() /home/standard_digital/httpdocs/evewoman/application/views/desktop/modules/childCategory.php 21
ERROR - 2017-09-10 14:50:24 --> Severity: Warning --> Invalid argument supplied for foreach() /home/standard_digital/httpdocs/evewoman/application/views/desktop/modules/childCategory.php 21
ERROR - 2017-09-10 14:54:02 --> Severity: Warning --> Invalid argument supplied for foreach() /home/standard_digital/httpdocs/evewoman/application/views/mobile/modules/childCategory.php 12
ERROR - 2017-09-10 15:08:42 --> Severity: Warning --> Invalid argument supplied for foreach() /home/standard_digital/httpdocs/evewoman/application/views/desktop/modules/childCategory.php 21
ERROR - 2017-09-10 15:11:06 --> Severity: Warning --> Invalid argument supplied for foreach() /home/standard_digital/httpdocs/evewoman/application/views/desktop/modules/childCategory.php 21
ERROR - 2017-09-10 15:12:24 --> Severity: Warning --> Invalid argument supplied for foreach() /home/standard_digital/httpdocs/evewoman/application/views/desktop/modules/childCategory.php 21
ERROR - 2017-09-10 15:12:31 --> Severity: Warning --> Invalid argument supplied for foreach() /home/standard_digital/httpdocs/evewoman/application/views/desktop/modules/childCategory.php 21
ERROR - 2017-09-10 15:17:27 --> Query error: Column 'id' in where clause is ambiguous - Invalid query: SELECT `ktn_video`.`title`, `ktn_video`.`videoURL`, `ktn_video`.`id`, `ktn_video_category`.`name`, `ktn_video`.`publishdate`, `ktn_video`.`description`
FROM `ktn_video`
JOIN `ktn_video_category` ON `ktn_video_category`.`id`=`ktn_video`.`categoryid`
WHERE `id` = '2000115188'
ERROR - 2017-09-10 15:17:27 --> Severity: Error --> Call to a member function num_rows() on a non-object /home/standard_digital/httpdocs/evewoman/application/models/Article_model.php 197
ERROR - 2017-09-10 15:25:04 --> Severity: Warning --> Invalid argument supplied for foreach() /home/standard_digital/httpdocs/evewoman/application/views/desktop/modules/childCategory.php 21
ERROR - 2017-09-10 15:28:25 --> Severity: Warning --> Invalid argument supplied for foreach() /home/standard_digital/httpdocs/evewoman/application/views/desktop/modules/childCategory.php 21
ERROR - 2017-09-10 15:30:47 --> Severity: Warning --> Invalid argument supplied for foreach() /home/standard_digital/httpdocs/evewoman/application/views/desktop/modules/childCategory.php 21
ERROR - 2017-09-10 15:36:08 --> Severity: Warning --> Invalid argument supplied for foreach() /home/standard_digital/httpdocs/evewoman/application/views/desktop/modules/childCategory.php 21
ERROR - 2017-09-10 15:45:02 --> Severity: Warning --> Invalid argument supplied for foreach() /home/standard_digital/httpdocs/evewoman/application/views/desktop/modules/childCategory.php 21
ERROR - 2017-09-10 15:48:48 --> Severity: Warning --> Invalid argument supplied for foreach() /home/standard_digital/httpdocs/evewoman/application/views/mobile/modules/childCategory.php 12
ERROR - 2017-09-10 15:48:48 --> Severity: Warning --> Invalid argument supplied for foreach() /home/standard_digital/httpdocs/evewoman/application/views/mobile/modules/childCategory.php 12
ERROR - 2017-09-10 15:48:51 --> Severity: Warning --> Invalid argument supplied for foreach() /home/standard_digital/httpdocs/evewoman/application/views/mobile/modules/childCategory.php 12
ERROR - 2017-09-10 15:55:13 --> Severity: Warning --> Invalid argument supplied for foreach() /home/standard_digital/httpdocs/evewoman/application/views/mobile/modules/childCategory.php 12
ERROR - 2017-09-10 15:55:13 --> Severity: Warning --> Invalid argument supplied for foreach() /home/standard_digital/httpdocs/evewoman/application/views/mobile/modules/childCategory.php 12
ERROR - 2017-09-10 15:55:13 --> Severity: Warning --> Invalid argument supplied for foreach() /home/standard_digital/httpdocs/evewoman/application/views/mobile/modules/childCategory.php 12
ERROR - 2017-09-10 15:55:13 --> Severity: Warning --> Invalid argument supplied for foreach() /home/standard_digital/httpdocs/evewoman/application/views/mobile/modules/childCategory.php 12
ERROR - 2017-09-10 15:55:14 --> Severity: Warning --> Invalid argument supplied for foreach() /home/standard_digital/httpdocs/evewoman/application/views/mobile/modules/childCategory.php 12
ERROR - 2017-09-10 15:59:14 --> Severity: Warning --> Invalid argument supplied for foreach() /home/standard_digital/httpdocs/evewoman/application/views/desktop/modules/childCategory.php 21
ERROR - 2017-09-10 16:02:16 --> Severity: Warning --> Invalid argument supplied for foreach() /home/standard_digital/httpdocs/evewoman/application/views/desktop/modules/childCategory.php 21
ERROR - 2017-09-10 16:06:43 --> Severity: Warning --> Invalid argument supplied for foreach() /home/standard_digital/httpdocs/evewoman/application/views/desktop/modules/childCategory.php 21
ERROR - 2017-09-10 16:07:29 --> Severity: Warning --> Invalid argument supplied for foreach() /home/standard_digital/httpdocs/evewoman/application/views/desktop/modules/childCategory.php 21
ERROR - 2017-09-10 16:13:31 --> Severity: Warning --> Invalid argument supplied for foreach() /home/standard_digital/httpdocs/evewoman/application/views/desktop/modules/childCategory.php 21
ERROR - 2017-09-10 16:14:41 --> Severity: Warning --> Invalid argument supplied for foreach() /home/standard_digital/httpdocs/evewoman/application/views/desktop/modules/childCategory.php 21
ERROR - 2017-09-10 16:16:55 --> Severity: Warning --> Invalid argument supplied for foreach() /home/standard_digital/httpdocs/evewoman/application/views/desktop/modules/childCategory.php 21
ERROR - 2017-09-10 16:28:04 --> Severity: Warning --> Invalid argument supplied for foreach() /home/standard_digital/httpdocs/evewoman/application/views/desktop/modules/childCategory.php 21
ERROR - 2017-09-10 16:28:05 --> Severity: Warning --> Invalid argument supplied for foreach() /home/standard_digital/httpdocs/evewoman/application/views/desktop/modules/childCategory.php 21
ERROR - 2017-09-10 16:28:05 --> Severity: Warning --> Invalid argument supplied for foreach() /home/standard_digital/httpdocs/evewoman/application/views/desktop/modules/childCategory.php 21
ERROR - 2017-09-10 16:28:06 --> Severity: Warning --> Invalid argument supplied for foreach() /home/standard_digital/httpdocs/evewoman/application/views/desktop/modules/childCategory.php 21
ERROR - 2017-09-10 16:31:09 --> Severity: Warning --> Invalid argument supplied for foreach() /home/standard_digital/httpdocs/evewoman/application/views/desktop/modules/childCategory.php 21
ERROR - 2017-09-10 16:36:05 --> Severity: Warning --> Invalid argument supplied for foreach() /home/standard_digital/httpdocs/evewoman/application/views/mobile/modules/childCategory.php 12
ERROR - 2017-09-10 16:36:15 --> Severity: Warning --> Invalid argument supplied for foreach() /home/standard_digital/httpdocs/evewoman/application/views/mobile/modules/childCategory.php 12
ERROR - 2017-09-10 16:36:17 --> Severity: Warning --> Invalid argument supplied for foreach() /home/standard_digital/httpdocs/evewoman/application/views/mobile/modules/childCategory.php 12
ERROR - 2017-09-10 16:36:34 --> Severity: Warning --> Invalid argument supplied for foreach() /home/standard_digital/httpdocs/evewoman/application/views/mobile/modules/childCategory.php 12
ERROR - 2017-09-10 16:40:20 --> Severity: Warning --> Invalid argument supplied for foreach() /home/standard_digital/httpdocs/evewoman/application/views/desktop/modules/childCategory.php 21
ERROR - 2017-09-10 16:52:52 --> Severity: Warning --> Invalid argument supplied for foreach() /home/standard_digital/httpdocs/evewoman/application/views/mobile/modules/childCategory.php 12
ERROR - 2017-09-10 16:59:44 --> Severity: Warning --> Invalid argument supplied for foreach() /home/standard_digital/httpdocs/evewoman/application/views/desktop/modules/childCategory.php 21
ERROR - 2017-09-10 17:01:18 --> Severity: Warning --> Invalid argument supplied for foreach() /home/standard_digital/httpdocs/evewoman/application/views/desktop/modules/childCategory.php 21
ERROR - 2017-09-10 17:07:05 --> Query error: Column 'id' in where clause is ambiguous - Invalid query: SELECT `ktn_video`.`title`, `ktn_video`.`videoURL`, `ktn_video`.`id`, `ktn_video_category`.`name`, `ktn_video`.`publishdate`, `ktn_video`.`description`
FROM `ktn_video`
JOIN `ktn_video_category` ON `ktn_video_category`.`id`=`ktn_video`.`categoryid`
WHERE `id` = '2000115188'
ERROR - 2017-09-10 17:07:05 --> Severity: Error --> Call to a member function num_rows() on a non-object /home/standard_digital/httpdocs/evewoman/application/models/Article_model.php 197
ERROR - 2017-09-10 17:09:39 --> Severity: Warning --> Invalid argument supplied for foreach() /home/standard_digital/httpdocs/evewoman/application/views/desktop/modules/childCategory.php 21
ERROR - 2017-09-10 17:13:25 --> Severity: Warning --> Invalid argument supplied for foreach() /home/standard_digital/httpdocs/evewoman/application/views/mobile/modules/childCategory.php 12
ERROR - 2017-09-10 17:13:27 --> Severity: Warning --> Invalid argument supplied for foreach() /home/standard_digital/httpdocs/evewoman/application/views/mobile/modules/childCategory.php 12
ERROR - 2017-09-10 17:13:27 --> Severity: Warning --> Invalid argument supplied for foreach() /home/standard_digital/httpdocs/evewoman/application/views/mobile/modules/childCategory.php 12
ERROR - 2017-09-10 17:24:15 --> Severity: Warning --> Invalid argument supplied for foreach() /home/standard_digital/httpdocs/evewoman/application/views/desktop/modules/childCategory.php 21
ERROR - 2017-09-10 17:34:47 --> Severity: Warning --> Invalid argument supplied for foreach() /home/standard_digital/httpdocs/evewoman/application/views/desktop/modules/childCategory.php 21
ERROR - 2017-09-10 17:35:23 --> Severity: Warning --> Invalid argument supplied for foreach() /home/standard_digital/httpdocs/evewoman/application/views/desktop/modules/childCategory.php 21
ERROR - 2017-09-10 17:36:30 --> Severity: Warning --> Invalid argument supplied for foreach() /home/standard_digital/httpdocs/evewoman/application/views/desktop/modules/childCategory.php 21
ERROR - 2017-09-10 17:37:28 --> Severity: Warning --> Invalid argument supplied for foreach() /home/standard_digital/httpdocs/evewoman/application/views/mobile/modules/childCategory.php 12
ERROR - 2017-09-10 17:37:28 --> Severity: Warning --> Invalid argument supplied for foreach() /home/standard_digital/httpdocs/evewoman/application/views/mobile/modules/childCategory.php 12
ERROR - 2017-09-10 17:38:22 --> Severity: Warning --> Invalid argument supplied for foreach() /home/standard_digital/httpdocs/evewoman/application/views/desktop/modules/childCategory.php 21
ERROR - 2017-09-10 17:49:36 --> Severity: Warning --> Invalid argument supplied for foreach() /home/standard_digital/httpdocs/evewoman/application/views/desktop/modules/childCategory.php 21
ERROR - 2017-09-10 17:57:27 --> Severity: Warning --> Invalid argument supplied for foreach() /home/standard_digital/httpdocs/evewoman/application/views/desktop/modules/childCategory.php 21
ERROR - 2017-09-10 18:00:15 --> Severity: Warning --> Invalid argument supplied for foreach() /home/standard_digital/httpdocs/evewoman/application/views/desktop/modules/childCategory.php 21
ERROR - 2017-09-10 18:01:26 --> Severity: Warning --> Invalid argument supplied for foreach() /home/standard_digital/httpdocs/evewoman/application/views/desktop/modules/childCategory.php 21
ERROR - 2017-09-10 18:02:33 --> Severity: Warning --> Invalid argument supplied for foreach() /home/standard_digital/httpdocs/evewoman/application/views/mobile/modules/childCategory.php 12
ERROR - 2017-09-10 18:02:55 --> Severity: Warning --> Invalid argument supplied for foreach() /home/standard_digital/httpdocs/evewoman/application/views/desktop/modules/childCategory.php 21
ERROR - 2017-09-10 18:08:37 --> Severity: Warning --> Invalid argument supplied for foreach() /home/standard_digital/httpdocs/evewoman/application/views/desktop/modules/childCategory.php 21
ERROR - 2017-09-10 18:21:36 --> Severity: Warning --> Invalid argument supplied for foreach() /home/standard_digital/httpdocs/evewoman/application/views/desktop/modules/childCategory.php 21
ERROR - 2017-09-10 18:26:38 --> Severity: Warning --> Invalid argument supplied for foreach() /home/standard_digital/httpdocs/evewoman/application/views/desktop/modules/childCategory.php 21
ERROR - 2017-09-10 18:26:45 --> Severity: Warning --> Invalid argument supplied for foreach() /home/standard_digital/httpdocs/evewoman/application/views/desktop/modules/childCategory.php 21
ERROR - 2017-09-10 18:30:00 --> Severity: Warning --> Invalid argument supplied for foreach() /home/standard_digital/httpdocs/evewoman/application/views/desktop/modules/childCategory.php 21
ERROR - 2017-09-10 18:36:16 --> Severity: Warning --> Invalid argument supplied for foreach() /home/standard_digital/httpdocs/evewoman/application/views/desktop/modules/childCategory.php 21
ERROR - 2017-09-10 18:41:37 --> Severity: Warning --> Invalid argument supplied for foreach() /home/standard_digital/httpdocs/evewoman/application/views/mobile/modules/childCategory.php 12
ERROR - 2017-09-10 18:41:41 --> Severity: Warning --> Invalid argument supplied for foreach() /home/standard_digital/httpdocs/evewoman/application/views/mobile/modules/childCategory.php 12
ERROR - 2017-09-10 18:46:13 --> Severity: Warning --> Invalid argument supplied for foreach() /home/standard_digital/httpdocs/evewoman/application/views/mobile/modules/childCategory.php 12
ERROR - 2017-09-10 18:48:34 --> Severity: Warning --> Invalid argument supplied for foreach() /home/standard_digital/httpdocs/evewoman/application/views/mobile/modules/childCategory.php 12
ERROR - 2017-09-10 18:53:09 --> Severity: Warning --> Invalid argument supplied for foreach() /home/standard_digital/httpdocs/evewoman/application/views/desktop/modules/childCategory.php 21
ERROR - 2017-09-10 18:53:23 --> Severity: Warning --> Invalid argument supplied for foreach() /home/standard_digital/httpdocs/evewoman/application/views/mobile/modules/childCategory.php 12
ERROR - 2017-09-10 19:08:55 --> Severity: Warning --> Invalid argument supplied for foreach() /home/standard_digital/httpdocs/evewoman/application/views/mobile/modules/childCategory.php 12
ERROR - 2017-09-10 19:08:56 --> Severity: Warning --> Invalid argument supplied for foreach() /home/standard_digital/httpdocs/evewoman/application/views/mobile/modules/childCategory.php 12
ERROR - 2017-09-10 19:08:56 --> Severity: Warning --> Invalid argument supplied for foreach() /home/standard_digital/httpdocs/evewoman/application/views/mobile/modules/childCategory.php 12
ERROR - 2017-09-10 19:08:56 --> Severity: Warning --> Invalid argument supplied for foreach() /home/standard_digital/httpdocs/evewoman/application/views/mobile/modules/childCategory.php 12
ERROR - 2017-09-10 19:18:59 --> Severity: Warning --> Invalid argument supplied for foreach() /home/standard_digital/httpdocs/evewoman/application/views/desktop/modules/childCategory.php 21
ERROR - 2017-09-10 19:20:53 --> Severity: Warning --> Invalid argument supplied for foreach() /home/standard_digital/httpdocs/evewoman/application/views/desktop/modules/childCategory.php 21
ERROR - 2017-09-10 19:23:12 --> Severity: Warning --> Invalid argument supplied for foreach() /home/standard_digital/httpdocs/evewoman/application/views/desktop/modules/childCategory.php 21
ERROR - 2017-09-10 19:25:29 --> Severity: Warning --> Invalid argument supplied for foreach() /home/standard_digital/httpdocs/evewoman/application/views/desktop/modules/childCategory.php 21
ERROR - 2017-09-10 19:26:55 --> Severity: Warning --> Invalid argument supplied for foreach() /home/standard_digital/httpdocs/evewoman/application/views/desktop/modules/childCategory.php 21
ERROR - 2017-09-10 19:31:02 --> Severity: Warning --> Invalid argument supplied for foreach() /home/standard_digital/httpdocs/evewoman/application/views/desktop/modules/childCategory.php 21
ERROR - 2017-09-10 19:32:29 --> Severity: Warning --> Invalid argument supplied for foreach() /home/standard_digital/httpdocs/evewoman/application/views/desktop/modules/childCategory.php 21
ERROR - 2017-09-10 19:36:29 --> Severity: Warning --> Invalid argument supplied for foreach() /home/standard_digital/httpdocs/evewoman/application/views/desktop/modules/childCategory.php 21
ERROR - 2017-09-10 19:40:56 --> Severity: Warning --> Invalid argument supplied for foreach() /home/standard_digital/httpdocs/evewoman/application/views/desktop/modules/childCategory.php 21
ERROR - 2017-09-10 19:41:43 --> Severity: Warning --> Invalid argument supplied for foreach() /home/standard_digital/httpdocs/evewoman/application/views/desktop/modules/childCategory.php 21
ERROR - 2017-09-10 19:49:09 --> Severity: Warning --> Invalid argument supplied for foreach() /home/standard_digital/httpdocs/evewoman/application/views/desktop/modules/childCategory.php 21
ERROR - 2017-09-10 19:49:14 --> Severity: Warning --> Invalid argument supplied for foreach() /home/standard_digital/httpdocs/evewoman/application/views/desktop/modules/childCategory.php 21
ERROR - 2017-09-10 19:51:36 --> Severity: Warning --> Invalid argument supplied for foreach() /home/standard_digital/httpdocs/evewoman/application/views/desktop/modules/childCategory.php 21
ERROR - 2017-09-10 19:52:03 --> Severity: Warning --> Invalid argument supplied for foreach() /home/standard_digital/httpdocs/evewoman/application/views/desktop/modules/childCategory.php 21
ERROR - 2017-09-10 19:52:43 --> Severity: Warning --> Invalid argument supplied for foreach() /home/standard_digital/httpdocs/evewoman/application/views/desktop/modules/childCategory.php 21
ERROR - 2017-09-10 19:55:46 --> Severity: Notice --> Undefined index: HTTP_USER_AGENT /home/standard_digital/httpdocs/evewoman/application/libraries/Assist.php 149
ERROR - 2017-09-10 19:57:20 --> Severity: Notice --> Undefined index: HTTP_USER_AGENT /home/standard_digital/httpdocs/evewoman/application/libraries/Assist.php 149
ERROR - 2017-09-10 19:59:14 --> Severity: Warning --> Invalid argument supplied for foreach() /home/standard_digital/httpdocs/evewoman/application/views/desktop/modules/childCategory.php 21
ERROR - 2017-09-10 19:59:50 --> Severity: Warning --> Invalid argument supplied for foreach() /home/standard_digital/httpdocs/evewoman/application/views/mobile/modules/childCategory.php 12
ERROR - 2017-09-10 20:01:28 --> Severity: Warning --> Invalid argument supplied for foreach() /home/standard_digital/httpdocs/evewoman/application/views/desktop/modules/childCategory.php 21
ERROR - 2017-09-10 20:01:47 --> Severity: Warning --> Invalid argument supplied for foreach() /home/standard_digital/httpdocs/evewoman/application/views/mobile/modules/childCategory.php 12
ERROR - 2017-09-10 20:05:26 --> Severity: Warning --> Invalid argument supplied for foreach() /home/standard_digital/httpdocs/evewoman/application/views/desktop/modules/childCategory.php 21
ERROR - 2017-09-10 20:08:32 --> Severity: Warning --> Invalid argument supplied for foreach() /home/standard_digital/httpdocs/evewoman/application/views/desktop/modules/childCategory.php 21
ERROR - 2017-09-10 20:12:08 --> Severity: Notice --> Undefined index: HTTP_USER_AGENT /home/standard_digital/httpdocs/evewoman/application/libraries/Assist.php 149
ERROR - 2017-09-10 20:12:15 --> Severity: Warning --> Invalid argument supplied for foreach() /home/standard_digital/httpdocs/evewoman/application/views/desktop/modules/childCategory.php 21
ERROR - 2017-09-10 20:14:15 --> Severity: Notice --> Undefined index: HTTP_USER_AGENT /home/standard_digital/httpdocs/evewoman/application/libraries/Assist.php 149
ERROR - 2017-09-10 20:15:34 --> Severity: Warning --> Invalid argument supplied for foreach() /home/standard_digital/httpdocs/evewoman/application/views/desktop/modules/childCategory.php 21
ERROR - 2017-09-10 20:20:28 --> Severity: Warning --> Invalid argument supplied for foreach() /home/standard_digital/httpdocs/evewoman/application/views/desktop/modules/childCategory.php 21
ERROR - 2017-09-10 20:21:03 --> Severity: Warning --> Invalid argument supplied for foreach() /home/standard_digital/httpdocs/evewoman/application/views/desktop/modules/childCategory.php 21
ERROR - 2017-09-10 20:24:38 --> Severity: Warning --> Invalid argument supplied for foreach() /home/standard_digital/httpdocs/evewoman/application/views/mobile/modules/childCategory.php 12
ERROR - 2017-09-10 20:24:38 --> Severity: Warning --> Invalid argument supplied for foreach() /home/standard_digital/httpdocs/evewoman/application/views/mobile/modules/childCategory.php 12
ERROR - 2017-09-10 20:25:18 --> Severity: Warning --> Invalid argument supplied for foreach() /home/standard_digital/httpdocs/evewoman/application/views/desktop/modules/childCategory.php 21
ERROR - 2017-09-10 20:28:29 --> Severity: Warning --> Invalid argument supplied for foreach() /home/standard_digital/httpdocs/evewoman/application/views/desktop/modules/childCategory.php 21
ERROR - 2017-09-10 20:28:54 --> Severity: Notice --> Undefined index: HTTP_USER_AGENT /home/standard_digital/httpdocs/evewoman/application/libraries/Assist.php 149
ERROR - 2017-09-10 20:34:16 --> Severity: Warning --> Invalid argument supplied for foreach() /home/standard_digital/httpdocs/evewoman/application/views/desktop/modules/childCategory.php 21
ERROR - 2017-09-10 20:35:18 --> Severity: Warning --> Invalid argument supplied for foreach() /home/standard_digital/httpdocs/evewoman/application/views/desktop/modules/childCategory.php 21
ERROR - 2017-09-10 20:35:18 --> Severity: Warning --> Invalid argument supplied for foreach() /home/standard_digital/httpdocs/evewoman/application/views/desktop/modules/childCategory.php 21
ERROR - 2017-09-10 20:49:58 --> Severity: Warning --> Invalid argument supplied for foreach() /home/standard_digital/httpdocs/evewoman/application/views/desktop/modules/childCategory.php 21
ERROR - 2017-09-10 20:51:22 --> Severity: Warning --> Invalid argument supplied for foreach() /home/standard_digital/httpdocs/evewoman/application/views/desktop/modules/childCategory.php 21
ERROR - 2017-09-10 20:53:08 --> Severity: Warning --> Invalid argument supplied for foreach() /home/standard_digital/httpdocs/evewoman/application/views/desktop/modules/childCategory.php 21
ERROR - 2017-09-10 20:57:40 --> Severity: Warning --> Invalid argument supplied for foreach() /home/standard_digital/httpdocs/evewoman/application/views/desktop/modules/childCategory.php 21
ERROR - 2017-09-10 21:04:53 --> Severity: Notice --> Undefined index: HTTP_USER_AGENT /home/standard_digital/httpdocs/evewoman/application/libraries/Assist.php 149
ERROR - 2017-09-10 21:06:43 --> Severity: Notice --> Undefined index: HTTP_USER_AGENT /home/standard_digital/httpdocs/evewoman/application/libraries/Assist.php 149
ERROR - 2017-09-10 21:06:56 --> Severity: Notice --> Undefined index: HTTP_USER_AGENT /home/standard_digital/httpdocs/evewoman/application/libraries/Assist.php 149
ERROR - 2017-09-10 21:07:53 --> Severity: Warning --> Invalid argument supplied for foreach() /home/standard_digital/httpdocs/evewoman/application/views/desktop/modules/childCategory.php 21
ERROR - 2017-09-10 21:08:03 --> Severity: Warning --> Invalid argument supplied for foreach() /home/standard_digital/httpdocs/evewoman/application/views/desktop/modules/childCategory.php 21
ERROR - 2017-09-10 21:08:38 --> Severity: Notice --> Undefined index: HTTP_USER_AGENT /home/standard_digital/httpdocs/evewoman/application/libraries/Assist.php 149
ERROR - 2017-09-10 21:08:44 --> Severity: Notice --> Undefined index: HTTP_USER_AGENT /home/standard_digital/httpdocs/evewoman/application/libraries/Assist.php 149
ERROR - 2017-09-10 21:10:13 --> Severity: Notice --> Undefined index: HTTP_USER_AGENT /home/standard_digital/httpdocs/evewoman/application/libraries/Assist.php 149
ERROR - 2017-09-10 21:10:32 --> Severity: Notice --> Undefined index: HTTP_USER_AGENT /home/standard_digital/httpdocs/evewoman/application/libraries/Assist.php 149
ERROR - 2017-09-10 21:13:11 --> Severity: Warning --> Invalid argument supplied for foreach() /home/standard_digital/httpdocs/evewoman/application/views/desktop/modules/childCategory.php 21
ERROR - 2017-09-10 21:16:07 --> Query error: Column 'id' in where clause is ambiguous - Invalid query: SELECT `ktn_video`.`title`, `ktn_video`.`videoURL`, `ktn_video`.`id`, `ktn_video_category`.`name`, `ktn_video`.`publishdate`, `ktn_video`.`description`
FROM `ktn_video`
JOIN `ktn_video_category` ON `ktn_video_category`.`id`=`ktn_video`.`categoryid`
WHERE `id` = '2000115188'
ERROR - 2017-09-10 21:16:07 --> Severity: Error --> Call to a member function num_rows() on a non-object /home/standard_digital/httpdocs/evewoman/application/models/Article_model.php 197
ERROR - 2017-09-10 21:19:51 --> Severity: Notice --> Undefined index: HTTP_USER_AGENT /home/standard_digital/httpdocs/evewoman/application/libraries/Assist.php 149
ERROR - 2017-09-10 21:19:56 --> Severity: Notice --> Undefined index: HTTP_USER_AGENT /home/standard_digital/httpdocs/evewoman/application/libraries/Assist.php 149
ERROR - 2017-09-10 21:20:47 --> Severity: Notice --> Undefined index: HTTP_USER_AGENT /home/standard_digital/httpdocs/evewoman/application/libraries/Assist.php 149
ERROR - 2017-09-10 21:21:02 --> Severity: Notice --> Undefined index: HTTP_USER_AGENT /home/standard_digital/httpdocs/evewoman/application/libraries/Assist.php 149
ERROR - 2017-09-10 21:24:05 --> Severity: Warning --> Invalid argument supplied for foreach() /home/standard_digital/httpdocs/evewoman/application/views/desktop/modules/childCategory.php 21
ERROR - 2017-09-10 21:27:02 --> Severity: Warning --> Invalid argument supplied for foreach() /home/standard_digital/httpdocs/evewoman/application/views/desktop/modules/childCategory.php 21
ERROR - 2017-09-10 21:37:20 --> Severity: Warning --> Invalid argument supplied for foreach() /home/standard_digital/httpdocs/evewoman/application/views/desktop/modules/childCategory.php 21
ERROR - 2017-09-10 21:40:23 --> Severity: Warning --> Invalid argument supplied for foreach() /home/standard_digital/httpdocs/evewoman/application/views/desktop/modules/childCategory.php 21
ERROR - 2017-09-10 21:44:21 --> Severity: Warning --> Invalid argument supplied for foreach() /home/standard_digital/httpdocs/evewoman/application/views/desktop/modules/childCategory.php 21
ERROR - 2017-09-10 21:46:33 --> Severity: Warning --> Invalid argument supplied for foreach() /home/standard_digital/httpdocs/evewoman/application/views/desktop/modules/childCategory.php 21
ERROR - 2017-09-10 22:16:37 --> Severity: Warning --> Invalid argument supplied for foreach() /home/standard_digital/httpdocs/evewoman/application/views/desktop/modules/childCategory.php 21
ERROR - 2017-09-10 22:16:48 --> Severity: Warning --> Invalid argument supplied for foreach() /home/standard_digital/httpdocs/evewoman/application/views/desktop/modules/childCategory.php 21
ERROR - 2017-09-10 22:21:10 --> Severity: Warning --> Invalid argument supplied for foreach() /home/standard_digital/httpdocs/evewoman/application/views/desktop/modules/childCategory.php 21
ERROR - 2017-09-10 22:29:57 --> Severity: Warning --> Invalid argument supplied for foreach() /home/standard_digital/httpdocs/evewoman/application/views/desktop/modules/childCategory.php 21
ERROR - 2017-09-10 22:34:20 --> Severity: Warning --> Invalid argument supplied for foreach() /home/standard_digital/httpdocs/evewoman/application/views/mobile/modules/childCategory.php 12
ERROR - 2017-09-10 22:36:59 --> Severity: Warning --> Invalid argument supplied for foreach() /home/standard_digital/httpdocs/evewoman/application/views/desktop/modules/childCategory.php 21
ERROR - 2017-09-10 22:43:01 --> Severity: Warning --> Invalid argument supplied for foreach() /home/standard_digital/httpdocs/evewoman/application/views/desktop/modules/childCategory.php 21
ERROR - 2017-09-10 22:51:50 --> Severity: Warning --> Invalid argument supplied for foreach() /home/standard_digital/httpdocs/evewoman/application/views/desktop/modules/childCategory.php 21
ERROR - 2017-09-10 22:54:59 --> Severity: Warning --> Invalid argument supplied for foreach() /home/standard_digital/httpdocs/evewoman/application/views/desktop/modules/childCategory.php 21
ERROR - 2017-09-10 22:58:01 --> Severity: Warning --> Invalid argument supplied for foreach() /home/standard_digital/httpdocs/evewoman/application/views/mobile/modules/childCategory.php 12
ERROR - 2017-09-10 23:00:18 --> Severity: Warning --> Invalid argument supplied for foreach() /home/standard_digital/httpdocs/evewoman/application/views/desktop/modules/childCategory.php 21
ERROR - 2017-09-10 23:02:50 --> Severity: Warning --> Invalid argument supplied for foreach() /home/standard_digital/httpdocs/evewoman/application/views/desktop/modules/childCategory.php 21
ERROR - 2017-09-10 23:02:51 --> Severity: Warning --> Invalid argument supplied for foreach() /home/standard_digital/httpdocs/evewoman/application/views/desktop/modules/childCategory.php 21
ERROR - 2017-09-10 23:04:16 --> Severity: Warning --> Invalid argument supplied for foreach() /home/standard_digital/httpdocs/evewoman/application/views/mobile/modules/childCategory.php 12
ERROR - 2017-09-10 23:04:16 --> Severity: Warning --> Invalid argument supplied for foreach() /home/standard_digital/httpdocs/evewoman/application/views/mobile/modules/childCategory.php 12
ERROR - 2017-09-10 23:09:36 --> Severity: Warning --> Invalid argument supplied for foreach() /home/standard_digital/httpdocs/evewoman/application/views/desktop/modules/childCategory.php 21
ERROR - 2017-09-10 23:11:08 --> Severity: Warning --> Invalid argument supplied for foreach() /home/standard_digital/httpdocs/evewoman/application/views/desktop/modules/childCategory.php 21
ERROR - 2017-09-10 23:11:34 --> Severity: Warning --> Invalid argument supplied for foreach() /home/standard_digital/httpdocs/evewoman/application/views/desktop/modules/childCategory.php 21
ERROR - 2017-09-10 23:13:16 --> Severity: Warning --> Invalid argument supplied for foreach() /home/standard_digital/httpdocs/evewoman/application/views/desktop/modules/childCategory.php 21
ERROR - 2017-09-10 23:16:07 --> Severity: Warning --> Invalid argument supplied for foreach() /home/standard_digital/httpdocs/evewoman/application/views/desktop/modules/childCategory.php 21
ERROR - 2017-09-10 23:16:45 --> Severity: Warning --> Invalid argument supplied for foreach() /home/standard_digital/httpdocs/evewoman/application/views/mobile/modules/childCategory.php 12
ERROR - 2017-09-10 23:16:46 --> Severity: Warning --> Invalid argument supplied for foreach() /home/standard_digital/httpdocs/evewoman/application/views/mobile/modules/childCategory.php 12
ERROR - 2017-09-10 23:18:09 --> Severity: Warning --> Invalid argument supplied for foreach() /home/standard_digital/httpdocs/evewoman/application/views/desktop/modules/childCategory.php 21
ERROR - 2017-09-10 23:18:10 --> Severity: Warning --> Invalid argument supplied for foreach() /home/standard_digital/httpdocs/evewoman/application/views/desktop/modules/childCategory.php 21
ERROR - 2017-09-10 23:23:36 --> Severity: Warning --> Invalid argument supplied for foreach() /home/standard_digital/httpdocs/evewoman/application/views/desktop/modules/childCategory.php 21
ERROR - 2017-09-10 23:24:58 --> Severity: Warning --> Invalid argument supplied for foreach() /home/standard_digital/httpdocs/evewoman/application/views/mobile/modules/childCategory.php 12
ERROR - 2017-09-10 23:24:58 --> Severity: Warning --> Invalid argument supplied for foreach() /home/standard_digital/httpdocs/evewoman/application/views/mobile/modules/childCategory.php 12
ERROR - 2017-09-10 23:24:59 --> Severity: Warning --> Invalid argument supplied for foreach() /home/standard_digital/httpdocs/evewoman/application/views/mobile/modules/childCategory.php 12
ERROR - 2017-09-10 23:27:21 --> Severity: Warning --> Invalid argument supplied for foreach() /home/standard_digital/httpdocs/evewoman/application/views/mobile/modules/childCategory.php 12
ERROR - 2017-09-10 23:29:40 --> Severity: Warning --> Invalid argument supplied for foreach() /home/standard_digital/httpdocs/evewoman/application/views/desktop/modules/childCategory.php 21
ERROR - 2017-09-10 23:31:06 --> Severity: Warning --> Invalid argument supplied for foreach() /home/standard_digital/httpdocs/evewoman/application/views/mobile/modules/childCategory.php 12
ERROR - 2017-09-10 23:31:32 --> Severity: Warning --> Invalid argument supplied for foreach() /home/standard_digital/httpdocs/evewoman/application/views/desktop/modules/childCategory.php 21
ERROR - 2017-09-10 23:38:16 --> Severity: Warning --> Invalid argument supplied for foreach() /home/standard_digital/httpdocs/evewoman/application/views/desktop/modules/childCategory.php 21
ERROR - 2017-09-10 23:41:36 --> Severity: Warning --> Invalid argument supplied for foreach() /home/standard_digital/httpdocs/evewoman/application/views/desktop/modules/childCategory.php 21
ERROR - 2017-09-10 23:43:37 --> Severity: Warning --> Invalid argument supplied for foreach() /home/standard_digital/httpdocs/evewoman/application/views/mobile/modules/childCategory.php 12
ERROR - 2017-09-10 23:45:03 --> Severity: Warning --> Invalid argument supplied for foreach() /home/standard_digital/httpdocs/evewoman/application/views/desktop/modules/childCategory.php 21
ERROR - 2017-09-10 23:45:46 --> Severity: Warning --> Invalid argument supplied for foreach() /home/standard_digital/httpdocs/evewoman/application/views/desktop/modules/childCategory.php 21
ERROR - 2017-09-10 23:48:31 --> Severity: Warning --> Invalid argument supplied for foreach() /home/standard_digital/httpdocs/evewoman/application/views/desktop/modules/childCategory.php 21
ERROR - 2017-09-10 23:54:49 --> Severity: Warning --> Invalid argument supplied for foreach() /home/standard_digital/httpdocs/evewoman/application/views/desktop/modules/childCategory.php 21
ERROR - 2017-09-10 23:55:40 --> Severity: Warning --> Invalid argument supplied for foreach() /home/standard_digital/httpdocs/evewoman/application/views/mobile/modules/childCategory.php 12
