ERROR - 2017-09-15 00:01:35 --> Severity: Warning --> Invalid argument supplied for foreach() /home/standard_digital/httpdocs/evewoman/application/views/desktop/modules/childCategory.php 21
ERROR - 2017-09-15 00:05:24 --> Severity: Notice --> Undefined index: HTTP_USER_AGENT /home/standard_digital/httpdocs/evewoman/application/libraries/Assist.php 149
ERROR - 2017-09-15 00:05:43 --> Severity: Warning --> Invalid argument supplied for foreach() /home/standard_digital/httpdocs/evewoman/application/views/desktop/modules/childCategory.php 21
ERROR - 2017-09-15 00:07:22 --> Severity: Warning --> Invalid argument supplied for foreach() /home/standard_digital/httpdocs/evewoman/application/views/desktop/modules/childCategory.php 21
ERROR - 2017-09-15 00:08:00 --> Query error: Column 'id' in where clause is ambiguous - Invalid query: SELECT `ktn_video`.`title`, `ktn_video`.`videoURL`, `ktn_video`.`id`, `ktn_video_category`.`name`, `ktn_video`.`publishdate`, `ktn_video`.`description`
FROM `ktn_video`
JOIN `ktn_video_category` ON `ktn_video_category`.`id`=`ktn_video`.`categoryid`
WHERE `id` = '2000115190'
ERROR - 2017-09-15 00:08:00 --> Severity: Error --> Call to a member function num_rows() on a non-object /home/standard_digital/httpdocs/evewoman/application/models/Article_model.php 197
ERROR - 2017-09-15 00:08:55 --> Severity: Warning --> Invalid argument supplied for foreach() /home/standard_digital/httpdocs/evewoman/application/views/desktop/modules/childCategory.php 21
ERROR - 2017-09-15 00:14:45 --> Severity: Warning --> Invalid argument supplied for foreach() /home/standard_digital/httpdocs/evewoman/application/views/desktop/modules/childCategory.php 21
ERROR - 2017-09-15 00:15:13 --> Severity: Warning --> Invalid argument supplied for foreach() /home/standard_digital/httpdocs/evewoman/application/views/desktop/modules/childCategory.php 21
ERROR - 2017-09-15 00:18:24 --> Severity: Warning --> Invalid argument supplied for foreach() /home/standard_digital/httpdocs/evewoman/application/views/mobile/modules/childCategory.php 12
ERROR - 2017-09-15 00:20:08 --> Severity: Notice --> Undefined index: HTTP_USER_AGENT /home/standard_digital/httpdocs/evewoman/application/libraries/Assist.php 149
ERROR - 2017-09-15 00:24:25 --> Severity: Warning --> Invalid argument supplied for foreach() /home/standard_digital/httpdocs/evewoman/application/views/desktop/modules/childCategory.php 21
ERROR - 2017-09-15 00:27:01 --> Severity: Warning --> Invalid argument supplied for foreach() /home/standard_digital/httpdocs/evewoman/application/views/mobile/modules/childCategory.php 12
ERROR - 2017-09-15 00:27:01 --> Severity: Warning --> Invalid argument supplied for foreach() /home/standard_digital/httpdocs/evewoman/application/views/mobile/modules/childCategory.php 12
ERROR - 2017-09-15 00:27:03 --> Severity: Warning --> Invalid argument supplied for foreach() /home/standard_digital/httpdocs/evewoman/application/views/mobile/modules/childCategory.php 12
ERROR - 2017-09-15 00:27:06 --> Severity: Warning --> Invalid argument supplied for foreach() /home/standard_digital/httpdocs/evewoman/application/views/mobile/modules/childCategory.php 12
ERROR - 2017-09-15 00:35:56 --> Severity: Warning --> Invalid argument supplied for foreach() /home/standard_digital/httpdocs/evewoman/application/views/desktop/modules/childCategory.php 21
ERROR - 2017-09-15 00:39:42 --> Severity: Warning --> Invalid argument supplied for foreach() /home/standard_digital/httpdocs/evewoman/application/views/desktop/modules/childCategory.php 21
ERROR - 2017-09-15 00:42:23 --> Severity: Warning --> Invalid argument supplied for foreach() /home/standard_digital/httpdocs/evewoman/application/views/desktop/modules/childCategory.php 21
ERROR - 2017-09-15 00:43:43 --> Severity: Warning --> Invalid argument supplied for foreach() /home/standard_digital/httpdocs/evewoman/application/views/desktop/modules/childCategory.php 21
ERROR - 2017-09-15 00:47:04 --> Severity: Warning --> Invalid argument supplied for foreach() /home/standard_digital/httpdocs/evewoman/application/views/mobile/modules/childCategory.php 12
ERROR - 2017-09-15 00:47:04 --> Severity: Warning --> Invalid argument supplied for foreach() /home/standard_digital/httpdocs/evewoman/application/views/mobile/modules/childCategory.php 12
ERROR - 2017-09-15 00:47:05 --> Severity: Warning --> Invalid argument supplied for foreach() /home/standard_digital/httpdocs/evewoman/application/views/mobile/modules/childCategory.php 12
ERROR - 2017-09-15 00:47:05 --> Severity: Warning --> Invalid argument supplied for foreach() /home/standard_digital/httpdocs/evewoman/application/views/mobile/modules/childCategory.php 12
ERROR - 2017-09-15 00:49:24 --> Severity: Warning --> Invalid argument supplied for foreach() /home/standard_digital/httpdocs/evewoman/application/views/desktop/modules/childCategory.php 21
ERROR - 2017-09-15 00:57:47 --> Severity: Warning --> Invalid argument supplied for foreach() /home/standard_digital/httpdocs/evewoman/application/views/desktop/modules/childCategory.php 21
ERROR - 2017-09-15 01:06:48 --> Severity: Warning --> Invalid argument supplied for foreach() /home/standard_digital/httpdocs/evewoman/application/views/desktop/modules/childCategory.php 21
ERROR - 2017-09-15 01:07:41 --> Severity: Warning --> Invalid argument supplied for foreach() /home/standard_digital/httpdocs/evewoman/application/views/desktop/modules/childCategory.php 21
ERROR - 2017-09-15 01:10:06 --> Severity: Warning --> Invalid argument supplied for foreach() /home/standard_digital/httpdocs/evewoman/application/views/desktop/modules/childCategory.php 21
ERROR - 2017-09-15 01:12:07 --> Severity: Warning --> Invalid argument supplied for foreach() /home/standard_digital/httpdocs/evewoman/application/views/desktop/modules/childCategory.php 21
ERROR - 2017-09-15 01:12:32 --> Severity: Warning --> Invalid argument supplied for foreach() /home/standard_digital/httpdocs/evewoman/application/views/desktop/modules/childCategory.php 21
ERROR - 2017-09-15 01:14:17 --> Severity: Warning --> Invalid argument supplied for foreach() /home/standard_digital/httpdocs/evewoman/application/views/desktop/modules/childCategory.php 21
ERROR - 2017-09-15 01:14:25 --> Severity: Warning --> Invalid argument supplied for foreach() /home/standard_digital/httpdocs/evewoman/application/views/mobile/modules/childCategory.php 12
ERROR - 2017-09-15 01:15:51 --> Severity: Warning --> Invalid argument supplied for foreach() /home/standard_digital/httpdocs/evewoman/application/views/desktop/modules/childCategory.php 21
ERROR - 2017-09-15 01:15:52 --> Severity: Warning --> Invalid argument supplied for foreach() /home/standard_digital/httpdocs/evewoman/application/views/desktop/modules/childCategory.php 21
ERROR - 2017-09-15 01:25:18 --> Severity: Warning --> Invalid argument supplied for foreach() /home/standard_digital/httpdocs/evewoman/application/views/desktop/modules/childCategory.php 21
ERROR - 2017-09-15 01:30:59 --> Severity: Warning --> Invalid argument supplied for foreach() /home/standard_digital/httpdocs/evewoman/application/views/desktop/modules/childCategory.php 21
ERROR - 2017-09-15 01:34:09 --> Severity: Warning --> Invalid argument supplied for foreach() /home/standard_digital/httpdocs/evewoman/application/views/desktop/modules/childCategory.php 21
ERROR - 2017-09-15 01:41:14 --> Severity: Warning --> Invalid argument supplied for foreach() /home/standard_digital/httpdocs/evewoman/application/views/desktop/modules/childCategory.php 21
ERROR - 2017-09-15 01:49:15 --> Severity: Warning --> Invalid argument supplied for foreach() /home/standard_digital/httpdocs/evewoman/application/views/desktop/modules/childCategory.php 21
ERROR - 2017-09-15 01:52:42 --> Severity: Warning --> Invalid argument supplied for foreach() /home/standard_digital/httpdocs/evewoman/application/views/desktop/modules/childCategory.php 21
ERROR - 2017-09-15 01:55:40 --> Severity: Warning --> Invalid argument supplied for foreach() /home/standard_digital/httpdocs/evewoman/application/views/desktop/modules/childCategory.php 21
ERROR - 2017-09-15 01:56:02 --> Severity: Warning --> Invalid argument supplied for foreach() /home/standard_digital/httpdocs/evewoman/application/views/desktop/modules/childCategory.php 21
ERROR - 2017-09-15 01:56:40 --> Query error: Column 'id' in where clause is ambiguous - Invalid query: SELECT `ktn_video`.`title`, `ktn_video`.`videoURL`, `ktn_video`.`id`, `ktn_video_category`.`name`, `ktn_video`.`publishdate`, `ktn_video`.`description`
FROM `ktn_video`
JOIN `ktn_video_category` ON `ktn_video_category`.`id`=`ktn_video`.`categoryid`
WHERE `id` = '2000115187'
ERROR - 2017-09-15 01:56:40 --> Severity: Error --> Call to a member function num_rows() on a non-object /home/standard_digital/httpdocs/evewoman/application/models/Article_model.php 197
ERROR - 2017-09-15 01:56:43 --> Query error: Column 'id' in where clause is ambiguous - Invalid query: SELECT `ktn_video`.`title`, `ktn_video`.`videoURL`, `ktn_video`.`id`, `ktn_video_category`.`name`, `ktn_video`.`publishdate`, `ktn_video`.`description`
FROM `ktn_video`
JOIN `ktn_video_category` ON `ktn_video_category`.`id`=`ktn_video`.`categoryid`
WHERE `id` = '2000115189'
ERROR - 2017-09-15 01:56:43 --> Severity: Error --> Call to a member function num_rows() on a non-object /home/standard_digital/httpdocs/evewoman/application/models/Article_model.php 197
ERROR - 2017-09-15 01:56:48 --> Severity: Warning --> Invalid argument supplied for foreach() /home/standard_digital/httpdocs/evewoman/application/views/desktop/modules/childCategory.php 21
ERROR - 2017-09-15 01:59:14 --> Severity: Warning --> Invalid argument supplied for foreach() /home/standard_digital/httpdocs/evewoman/application/views/desktop/modules/childCategory.php 21
ERROR - 2017-09-15 02:00:40 --> Severity: Warning --> Invalid argument supplied for foreach() /home/standard_digital/httpdocs/evewoman/application/views/mobile/modules/childCategory.php 12
ERROR - 2017-09-15 02:10:08 --> Severity: Warning --> Invalid argument supplied for foreach() /home/standard_digital/httpdocs/evewoman/application/views/desktop/modules/childCategory.php 21
ERROR - 2017-09-15 02:19:08 --> Severity: Warning --> Invalid argument supplied for foreach() /home/standard_digital/httpdocs/evewoman/application/views/desktop/modules/childCategory.php 21
ERROR - 2017-09-15 02:33:42 --> Severity: Warning --> Invalid argument supplied for foreach() /home/standard_digital/httpdocs/evewoman/application/views/desktop/modules/childCategory.php 21
ERROR - 2017-09-15 02:50:40 --> Severity: Warning --> Invalid argument supplied for foreach() /home/standard_digital/httpdocs/evewoman/application/views/desktop/modules/childCategory.php 21
ERROR - 2017-09-15 02:51:07 --> Severity: Warning --> Invalid argument supplied for foreach() /home/standard_digital/httpdocs/evewoman/application/views/desktop/modules/childCategory.php 21
ERROR - 2017-09-15 02:59:38 --> Severity: Warning --> Invalid argument supplied for foreach() /home/standard_digital/httpdocs/evewoman/application/views/desktop/modules/childCategory.php 21
ERROR - 2017-09-15 03:00:15 --> Severity: Warning --> Invalid argument supplied for foreach() /home/standard_digital/httpdocs/evewoman/application/views/desktop/modules/childCategory.php 21
ERROR - 2017-09-15 03:02:03 --> Severity: Warning --> Invalid argument supplied for foreach() /home/standard_digital/httpdocs/evewoman/application/views/desktop/modules/childCategory.php 21
ERROR - 2017-09-15 03:02:27 --> Severity: Warning --> Invalid argument supplied for foreach() /home/standard_digital/httpdocs/evewoman/application/views/desktop/modules/childCategory.php 21
ERROR - 2017-09-15 03:13:09 --> Query error: Column 'id' in where clause is ambiguous - Invalid query: SELECT `ktn_video`.`title`, `ktn_video`.`videoURL`, `ktn_video`.`id`, `ktn_video_category`.`name`, `ktn_video`.`publishdate`, `ktn_video`.`description`
FROM `ktn_video`
JOIN `ktn_video_category` ON `ktn_video_category`.`id`=`ktn_video`.`categoryid`
WHERE `id` = '2000114478'
ERROR - 2017-09-15 03:13:09 --> Severity: Error --> Call to a member function num_rows() on a non-object /home/standard_digital/httpdocs/evewoman/application/models/Article_model.php 197
ERROR - 2017-09-15 03:16:52 --> Severity: Warning --> Invalid argument supplied for foreach() /home/standard_digital/httpdocs/evewoman/application/views/desktop/modules/childCategory.php 21
ERROR - 2017-09-15 03:21:12 --> Severity: Warning --> Invalid argument supplied for foreach() /home/standard_digital/httpdocs/evewoman/application/views/desktop/modules/childCategory.php 21
ERROR - 2017-09-15 03:26:04 --> Severity: Warning --> Invalid argument supplied for foreach() /home/standard_digital/httpdocs/evewoman/application/views/mobile/modules/childCategory.php 12
ERROR - 2017-09-15 03:26:46 --> Severity: Warning --> Invalid argument supplied for foreach() /home/standard_digital/httpdocs/evewoman/application/views/mobile/modules/childCategory.php 12
ERROR - 2017-09-15 03:32:47 --> Severity: Warning --> Invalid argument supplied for foreach() /home/standard_digital/httpdocs/evewoman/application/views/desktop/modules/childCategory.php 21
ERROR - 2017-09-15 03:32:58 --> Severity: Warning --> Invalid argument supplied for foreach() /home/standard_digital/httpdocs/evewoman/application/views/desktop/modules/childCategory.php 21
ERROR - 2017-09-15 03:40:40 --> Severity: Warning --> Invalid argument supplied for foreach() /home/standard_digital/httpdocs/evewoman/application/views/desktop/modules/childCategory.php 21
ERROR - 2017-09-15 03:41:53 --> Severity: Warning --> Invalid argument supplied for foreach() /home/standard_digital/httpdocs/evewoman/application/views/desktop/modules/childCategory.php 21
ERROR - 2017-09-15 03:48:05 --> Severity: Warning --> Invalid argument supplied for foreach() /home/standard_digital/httpdocs/evewoman/application/views/desktop/modules/childCategory.php 21
ERROR - 2017-09-15 03:57:28 --> Severity: Warning --> Invalid argument supplied for foreach() /home/standard_digital/httpdocs/evewoman/application/views/desktop/modules/childCategory.php 21
ERROR - 2017-09-15 04:00:21 --> Severity: Warning --> Invalid argument supplied for foreach() /home/standard_digital/httpdocs/evewoman/application/views/desktop/modules/childCategory.php 21
ERROR - 2017-09-15 04:03:05 --> Query error: Column 'id' in where clause is ambiguous - Invalid query: SELECT `ktn_video`.`title`, `ktn_video`.`videoURL`, `ktn_video`.`id`, `ktn_video_category`.`name`, `ktn_video`.`publishdate`, `ktn_video`.`description`
FROM `ktn_video`
JOIN `ktn_video_category` ON `ktn_video_category`.`id`=`ktn_video`.`categoryid`
WHERE `id` = '2000112099'
ERROR - 2017-09-15 04:03:05 --> Severity: Error --> Call to a member function num_rows() on a non-object /home/standard_digital/httpdocs/evewoman/application/models/Article_model.php 197
ERROR - 2017-09-15 04:04:01 --> Severity: Warning --> Invalid argument supplied for foreach() /home/standard_digital/httpdocs/evewoman/application/views/desktop/modules/childCategory.php 21
ERROR - 2017-09-15 04:07:39 --> Severity: Warning --> Invalid argument supplied for foreach() /home/standard_digital/httpdocs/evewoman/application/views/desktop/modules/childCategory.php 21
ERROR - 2017-09-15 04:11:14 --> Severity: Warning --> Invalid argument supplied for foreach() /home/standard_digital/httpdocs/evewoman/application/views/desktop/modules/childCategory.php 21
ERROR - 2017-09-15 04:13:37 --> Severity: Warning --> Invalid argument supplied for foreach() /home/standard_digital/httpdocs/evewoman/application/views/desktop/modules/childCategory.php 21
ERROR - 2017-09-15 04:15:04 --> Severity: Warning --> Invalid argument supplied for foreach() /home/standard_digital/httpdocs/evewoman/application/views/desktop/modules/childCategory.php 21
ERROR - 2017-09-15 04:16:29 --> Severity: Warning --> Invalid argument supplied for foreach() /home/standard_digital/httpdocs/evewoman/application/views/desktop/modules/childCategory.php 21
ERROR - 2017-09-15 04:21:50 --> Severity: Warning --> Invalid argument supplied for foreach() /home/standard_digital/httpdocs/evewoman/application/views/desktop/modules/childCategory.php 21
ERROR - 2017-09-15 04:24:04 --> Severity: Warning --> Invalid argument supplied for foreach() /home/standard_digital/httpdocs/evewoman/application/views/desktop/modules/childCategory.php 21
ERROR - 2017-09-15 04:32:14 --> Severity: Warning --> Invalid argument supplied for foreach() /home/standard_digital/httpdocs/evewoman/application/views/desktop/modules/childCategory.php 21
ERROR - 2017-09-15 04:32:47 --> Severity: Warning --> Invalid argument supplied for foreach() /home/standard_digital/httpdocs/evewoman/application/views/desktop/modules/childCategory.php 21
ERROR - 2017-09-15 04:39:39 --> Severity: Warning --> Invalid argument supplied for foreach() /home/standard_digital/httpdocs/evewoman/application/views/desktop/modules/childCategory.php 21
ERROR - 2017-09-15 04:46:18 --> Severity: Warning --> Invalid argument supplied for foreach() /home/standard_digital/httpdocs/evewoman/application/views/desktop/modules/childCategory.php 21
ERROR - 2017-09-15 04:47:18 --> Severity: Warning --> Invalid argument supplied for foreach() /home/standard_digital/httpdocs/evewoman/application/views/desktop/modules/childCategory.php 21
ERROR - 2017-09-15 04:53:52 --> Severity: Warning --> Invalid argument supplied for foreach() /home/standard_digital/httpdocs/evewoman/application/views/desktop/modules/childCategory.php 21
ERROR - 2017-09-15 04:57:36 --> Severity: Warning --> Invalid argument supplied for foreach() /home/standard_digital/httpdocs/evewoman/application/views/desktop/modules/childCategory.php 21
ERROR - 2017-09-15 04:57:50 --> Severity: Warning --> Invalid argument supplied for foreach() /home/standard_digital/httpdocs/evewoman/application/views/desktop/modules/childCategory.php 21
ERROR - 2017-09-15 05:02:35 --> Severity: Warning --> Invalid argument supplied for foreach() /home/standard_digital/httpdocs/evewoman/application/views/desktop/modules/childCategory.php 21
ERROR - 2017-09-15 05:05:34 --> Severity: Warning --> Invalid argument supplied for foreach() /home/standard_digital/httpdocs/evewoman/application/views/desktop/modules/childCategory.php 21
ERROR - 2017-09-15 05:09:33 --> Severity: Warning --> Invalid argument supplied for foreach() /home/standard_digital/httpdocs/evewoman/application/views/desktop/modules/childCategory.php 21
ERROR - 2017-09-15 05:13:11 --> Severity: Warning --> Invalid argument supplied for foreach() /home/standard_digital/httpdocs/evewoman/application/views/desktop/modules/childCategory.php 21
ERROR - 2017-09-15 05:17:02 --> Severity: Warning --> Invalid argument supplied for foreach() /home/standard_digital/httpdocs/evewoman/application/views/desktop/modules/childCategory.php 21
ERROR - 2017-09-15 05:21:19 --> Query error: Column 'id' in where clause is ambiguous - Invalid query: SELECT `ktn_video`.`title`, `ktn_video`.`videoURL`, `ktn_video`.`id`, `ktn_video_category`.`name`, `ktn_video`.`publishdate`, `ktn_video`.`description`
FROM `ktn_video`
JOIN `ktn_video_category` ON `ktn_video_category`.`id`=`ktn_video`.`categoryid`
WHERE `id` = '2000098884'
ERROR - 2017-09-15 05:21:19 --> Severity: Error --> Call to a member function num_rows() on a non-object /home/standard_digital/httpdocs/evewoman/application/models/Article_model.php 197
ERROR - 2017-09-15 05:23:41 --> Query error: Column 'id' in where clause is ambiguous - Invalid query: SELECT `ktn_video`.`title`, `ktn_video`.`videoURL`, `ktn_video`.`id`, `ktn_video_category`.`name`, `ktn_video`.`publishdate`, `ktn_video`.`description`
FROM `ktn_video`
JOIN `ktn_video_category` ON `ktn_video_category`.`id`=`ktn_video`.`categoryid`
WHERE `id` = '2000114478'
ERROR - 2017-09-15 05:23:41 --> Severity: Error --> Call to a member function num_rows() on a non-object /home/standard_digital/httpdocs/evewoman/application/models/Article_model.php 197
ERROR - 2017-09-15 05:24:14 --> Severity: Warning --> Invalid argument supplied for foreach() /home/standard_digital/httpdocs/evewoman/application/views/desktop/modules/childCategory.php 21
ERROR - 2017-09-15 05:29:15 --> Severity: Warning --> Invalid argument supplied for foreach() /home/standard_digital/httpdocs/evewoman/application/views/desktop/modules/childCategory.php 21
ERROR - 2017-09-15 05:33:41 --> Severity: Warning --> Invalid argument supplied for foreach() /home/standard_digital/httpdocs/evewoman/application/views/desktop/modules/childCategory.php 21
ERROR - 2017-09-15 05:38:32 --> Severity: Warning --> Invalid argument supplied for foreach() /home/standard_digital/httpdocs/evewoman/application/views/desktop/modules/childCategory.php 21
ERROR - 2017-09-15 05:48:57 --> Severity: Warning --> Invalid argument supplied for foreach() /home/standard_digital/httpdocs/evewoman/application/views/desktop/modules/childCategory.php 21
ERROR - 2017-09-15 05:50:04 --> Severity: Warning --> Invalid argument supplied for foreach() /home/standard_digital/httpdocs/evewoman/application/views/desktop/modules/childCategory.php 21
ERROR - 2017-09-15 05:53:16 --> Severity: Warning --> Invalid argument supplied for foreach() /home/standard_digital/httpdocs/evewoman/application/views/desktop/modules/childCategory.php 21
ERROR - 2017-09-15 05:53:56 --> Severity: Warning --> Invalid argument supplied for foreach() /home/standard_digital/httpdocs/evewoman/application/views/desktop/modules/childCategory.php 21
ERROR - 2017-09-15 05:55:30 --> Severity: Warning --> Invalid argument supplied for foreach() /home/standard_digital/httpdocs/evewoman/application/views/desktop/modules/childCategory.php 21
ERROR - 2017-09-15 05:58:11 --> Severity: Warning --> Invalid argument supplied for foreach() /home/standard_digital/httpdocs/evewoman/application/views/desktop/modules/childCategory.php 21
ERROR - 2017-09-15 06:03:17 --> Severity: Warning --> Invalid argument supplied for foreach() /home/standard_digital/httpdocs/evewoman/application/views/desktop/modules/childCategory.php 21
ERROR - 2017-09-15 06:03:25 --> Severity: Warning --> Invalid argument supplied for foreach() /home/standard_digital/httpdocs/evewoman/application/views/desktop/modules/childCategory.php 21
ERROR - 2017-09-15 06:05:43 --> Severity: Warning --> Invalid argument supplied for foreach() /home/standard_digital/httpdocs/evewoman/application/views/desktop/modules/childCategory.php 21
ERROR - 2017-09-15 06:11:52 --> Severity: Warning --> Invalid argument supplied for foreach() /home/standard_digital/httpdocs/evewoman/application/views/mobile/modules/childCategory.php 12
ERROR - 2017-09-15 06:16:49 --> Severity: Warning --> Invalid argument supplied for foreach() /home/standard_digital/httpdocs/evewoman/application/views/desktop/modules/childCategory.php 21
ERROR - 2017-09-15 06:18:27 --> Severity: Warning --> Invalid argument supplied for foreach() /home/standard_digital/httpdocs/evewoman/application/views/desktop/modules/childCategory.php 21
ERROR - 2017-09-15 06:22:16 --> Severity: Warning --> Invalid argument supplied for foreach() /home/standard_digital/httpdocs/evewoman/application/views/mobile/modules/childCategory.php 12
ERROR - 2017-09-15 06:22:18 --> Severity: Warning --> Invalid argument supplied for foreach() /home/standard_digital/httpdocs/evewoman/application/views/mobile/modules/childCategory.php 12
ERROR - 2017-09-15 06:22:19 --> Severity: Warning --> Invalid argument supplied for foreach() /home/standard_digital/httpdocs/evewoman/application/views/mobile/modules/childCategory.php 12
ERROR - 2017-09-15 06:22:20 --> Severity: Warning --> Invalid argument supplied for foreach() /home/standard_digital/httpdocs/evewoman/application/views/mobile/modules/childCategory.php 12
ERROR - 2017-09-15 06:24:57 --> Severity: Warning --> Invalid argument supplied for foreach() /home/standard_digital/httpdocs/evewoman/application/views/desktop/modules/childCategory.php 21
ERROR - 2017-09-15 06:25:01 --> Severity: Warning --> Invalid argument supplied for foreach() /home/standard_digital/httpdocs/evewoman/application/views/desktop/modules/childCategory.php 21
ERROR - 2017-09-15 06:27:44 --> Severity: Warning --> Invalid argument supplied for foreach() /home/standard_digital/httpdocs/evewoman/application/views/desktop/modules/childCategory.php 21
ERROR - 2017-09-15 06:29:34 --> Severity: Warning --> Invalid argument supplied for foreach() /home/standard_digital/httpdocs/evewoman/application/views/desktop/modules/childCategory.php 21
ERROR - 2017-09-15 06:29:35 --> Severity: Warning --> Invalid argument supplied for foreach() /home/standard_digital/httpdocs/evewoman/application/views/desktop/modules/childCategory.php 21
ERROR - 2017-09-15 06:36:23 --> Severity: Warning --> Invalid argument supplied for foreach() /home/standard_digital/httpdocs/evewoman/application/views/desktop/modules/childCategory.php 21
ERROR - 2017-09-15 06:38:23 --> Severity: Warning --> Invalid argument supplied for foreach() /home/standard_digital/httpdocs/evewoman/application/views/desktop/modules/childCategory.php 21
ERROR - 2017-09-15 06:44:01 --> Severity: Warning --> Invalid argument supplied for foreach() /home/standard_digital/httpdocs/evewoman/application/views/desktop/modules/childCategory.php 21
ERROR - 2017-09-15 06:48:05 --> Severity: Warning --> Invalid argument supplied for foreach() /home/standard_digital/httpdocs/evewoman/application/views/desktop/modules/childCategory.php 21
ERROR - 2017-09-15 06:49:54 --> Severity: Warning --> Invalid argument supplied for foreach() /home/standard_digital/httpdocs/evewoman/application/views/desktop/modules/childCategory.php 21
ERROR - 2017-09-15 06:50:46 --> Severity: Warning --> Invalid argument supplied for foreach() /home/standard_digital/httpdocs/evewoman/application/views/desktop/modules/childCategory.php 21
ERROR - 2017-09-15 06:52:29 --> Severity: Warning --> Invalid argument supplied for foreach() /home/standard_digital/httpdocs/evewoman/application/views/desktop/modules/childCategory.php 21
ERROR - 2017-09-15 06:55:39 --> Severity: Warning --> Invalid argument supplied for foreach() /home/standard_digital/httpdocs/evewoman/application/views/desktop/modules/childCategory.php 21
ERROR - 2017-09-15 06:57:40 --> Severity: Warning --> Invalid argument supplied for foreach() /home/standard_digital/httpdocs/evewoman/application/views/desktop/modules/childCategory.php 21
ERROR - 2017-09-15 06:59:08 --> Severity: Warning --> Invalid argument supplied for foreach() /home/standard_digital/httpdocs/evewoman/application/views/desktop/modules/childCategory.php 21
ERROR - 2017-09-15 07:02:04 --> Severity: Warning --> Invalid argument supplied for foreach() /home/standard_digital/httpdocs/evewoman/application/views/desktop/modules/childCategory.php 21
ERROR - 2017-09-15 07:09:45 --> Severity: Warning --> Invalid argument supplied for foreach() /home/standard_digital/httpdocs/evewoman/application/views/desktop/modules/childCategory.php 21
ERROR - 2017-09-15 07:10:44 --> Severity: Warning --> Invalid argument supplied for foreach() /home/standard_digital/httpdocs/evewoman/application/views/desktop/modules/childCategory.php 21
ERROR - 2017-09-15 07:26:16 --> Severity: Warning --> Invalid argument supplied for foreach() /home/standard_digital/httpdocs/evewoman/application/views/desktop/modules/childCategory.php 21
ERROR - 2017-09-15 07:35:47 --> Severity: Warning --> Invalid argument supplied for foreach() /home/standard_digital/httpdocs/evewoman/application/views/desktop/modules/childCategory.php 21
ERROR - 2017-09-15 07:36:16 --> Severity: Warning --> Invalid argument supplied for foreach() /home/standard_digital/httpdocs/evewoman/application/views/desktop/modules/childCategory.php 21
ERROR - 2017-09-15 07:37:11 --> Severity: Warning --> Invalid argument supplied for foreach() /home/standard_digital/httpdocs/evewoman/application/views/desktop/modules/childCategory.php 21
ERROR - 2017-09-15 07:38:24 --> Severity: Warning --> Invalid argument supplied for foreach() /home/standard_digital/httpdocs/evewoman/application/views/mobile/modules/childCategory.php 12
ERROR - 2017-09-15 07:39:18 --> Severity: Warning --> Invalid argument supplied for foreach() /home/standard_digital/httpdocs/evewoman/application/views/mobile/modules/childCategory.php 12
ERROR - 2017-09-15 07:39:18 --> Severity: Warning --> Invalid argument supplied for foreach() /home/standard_digital/httpdocs/evewoman/application/views/mobile/modules/childCategory.php 12
ERROR - 2017-09-15 07:47:29 --> Severity: Warning --> Invalid argument supplied for foreach() /home/standard_digital/httpdocs/evewoman/application/views/desktop/modules/childCategory.php 21
ERROR - 2017-09-15 07:47:33 --> Severity: Warning --> Invalid argument supplied for foreach() /home/standard_digital/httpdocs/evewoman/application/views/mobile/modules/childCategory.php 12
ERROR - 2017-09-15 07:48:23 --> Severity: Warning --> Invalid argument supplied for foreach() /home/standard_digital/httpdocs/evewoman/application/views/desktop/modules/childCategory.php 21
ERROR - 2017-09-15 07:48:39 --> Severity: Warning --> Invalid argument supplied for foreach() /home/standard_digital/httpdocs/evewoman/application/views/desktop/modules/childCategory.php 21
ERROR - 2017-09-15 07:50:18 --> Severity: Warning --> Invalid argument supplied for foreach() /home/standard_digital/httpdocs/evewoman/application/views/desktop/modules/childCategory.php 21
ERROR - 2017-09-15 07:53:13 --> Severity: Warning --> Invalid argument supplied for foreach() /home/standard_digital/httpdocs/evewoman/application/views/desktop/modules/childCategory.php 21
ERROR - 2017-09-15 07:59:54 --> Severity: Warning --> Invalid argument supplied for foreach() /home/standard_digital/httpdocs/evewoman/application/views/desktop/modules/childCategory.php 21
ERROR - 2017-09-15 08:00:51 --> Severity: Warning --> Invalid argument supplied for foreach() /home/standard_digital/httpdocs/evewoman/application/views/desktop/modules/childCategory.php 21
ERROR - 2017-09-15 08:01:46 --> Severity: Warning --> Invalid argument supplied for foreach() /home/standard_digital/httpdocs/evewoman/application/views/desktop/modules/childCategory.php 21
ERROR - 2017-09-15 08:19:38 --> Severity: Warning --> Invalid argument supplied for foreach() /home/standard_digital/httpdocs/evewoman/application/views/desktop/modules/childCategory.php 21
ERROR - 2017-09-15 08:20:08 --> Severity: Warning --> Invalid argument supplied for foreach() /home/standard_digital/httpdocs/evewoman/application/views/desktop/modules/childCategory.php 21
ERROR - 2017-09-15 08:25:47 --> Severity: Warning --> Invalid argument supplied for foreach() /home/standard_digital/httpdocs/evewoman/application/views/desktop/modules/childCategory.php 21
ERROR - 2017-09-15 08:39:35 --> Severity: Warning --> Invalid argument supplied for foreach() /home/standard_digital/httpdocs/evewoman/application/views/desktop/modules/childCategory.php 21
ERROR - 2017-09-15 08:41:47 --> Severity: Warning --> Invalid argument supplied for foreach() /home/standard_digital/httpdocs/evewoman/application/views/desktop/modules/childCategory.php 21
ERROR - 2017-09-15 08:45:57 --> Severity: Warning --> Invalid argument supplied for foreach() /home/standard_digital/httpdocs/evewoman/application/views/desktop/modules/childCategory.php 21
ERROR - 2017-09-15 08:46:31 --> Severity: Warning --> Invalid argument supplied for foreach() /home/standard_digital/httpdocs/evewoman/application/views/desktop/modules/childCategory.php 21
ERROR - 2017-09-15 08:52:45 --> Severity: Warning --> Invalid argument supplied for foreach() /home/standard_digital/httpdocs/evewoman/application/views/desktop/modules/childCategory.php 21
ERROR - 2017-09-15 08:53:46 --> Severity: Warning --> Invalid argument supplied for foreach() /home/standard_digital/httpdocs/evewoman/application/views/desktop/modules/childCategory.php 21
ERROR - 2017-09-15 08:55:28 --> Severity: Warning --> Invalid argument supplied for foreach() /home/standard_digital/httpdocs/evewoman/application/views/desktop/modules/childCategory.php 21
ERROR - 2017-09-15 09:05:11 --> Query error: Column 'id' in where clause is ambiguous - Invalid query: SELECT `ktn_video`.`title`, `ktn_video`.`videoURL`, `ktn_video`.`id`, `ktn_video_category`.`name`, `ktn_video`.`publishdate`, `ktn_video`.`description`
FROM `ktn_video`
JOIN `ktn_video_category` ON `ktn_video_category`.`id`=`ktn_video`.`categoryid`
WHERE `id` = '2000115189'
ERROR - 2017-09-15 09:05:11 --> Severity: Error --> Call to a member function num_rows() on a non-object /home/standard_digital/httpdocs/evewoman/application/models/Article_model.php 197
ERROR - 2017-09-15 09:16:31 --> Query error: Column 'id' in where clause is ambiguous - Invalid query: SELECT `ktn_video`.`title`, `ktn_video`.`videoURL`, `ktn_video`.`id`, `ktn_video_category`.`name`, `ktn_video`.`publishdate`, `ktn_video`.`description`
FROM `ktn_video`
JOIN `ktn_video_category` ON `ktn_video_category`.`id`=`ktn_video`.`categoryid`
WHERE `id` = '2000114478'
ERROR - 2017-09-15 09:16:31 --> Severity: Error --> Call to a member function num_rows() on a non-object /home/standard_digital/httpdocs/evewoman/application/models/Article_model.php 197
ERROR - 2017-09-15 09:21:22 --> Severity: Warning --> Invalid argument supplied for foreach() /home/standard_digital/httpdocs/evewoman/application/views/mobile/modules/childCategory.php 12
ERROR - 2017-09-15 09:21:23 --> Severity: Warning --> Invalid argument supplied for foreach() /home/standard_digital/httpdocs/evewoman/application/views/mobile/modules/childCategory.php 12
ERROR - 2017-09-15 09:21:38 --> Severity: Warning --> Invalid argument supplied for foreach() /home/standard_digital/httpdocs/evewoman/application/views/desktop/modules/childCategory.php 21
ERROR - 2017-09-15 09:27:08 --> Severity: Warning --> Invalid argument supplied for foreach() /home/standard_digital/httpdocs/evewoman/application/views/desktop/modules/childCategory.php 21
ERROR - 2017-09-15 09:29:13 --> Severity: Warning --> Invalid argument supplied for foreach() /home/standard_digital/httpdocs/evewoman/application/views/desktop/modules/childCategory.php 21
ERROR - 2017-09-15 09:31:01 --> Severity: Warning --> Invalid argument supplied for foreach() /home/standard_digital/httpdocs/evewoman/application/views/desktop/modules/childCategory.php 21
ERROR - 2017-09-15 09:35:02 --> Severity: Warning --> Invalid argument supplied for foreach() /home/standard_digital/httpdocs/evewoman/application/views/mobile/modules/childCategory.php 12
ERROR - 2017-09-15 09:37:22 --> Severity: Warning --> Invalid argument supplied for foreach() /home/standard_digital/httpdocs/evewoman/application/views/desktop/modules/childCategory.php 21
ERROR - 2017-09-15 09:37:23 --> Severity: Warning --> Invalid argument supplied for foreach() /home/standard_digital/httpdocs/evewoman/application/views/desktop/modules/childCategory.php 21
ERROR - 2017-09-15 09:48:17 --> Severity: Warning --> Invalid argument supplied for foreach() /home/standard_digital/httpdocs/evewoman/application/views/desktop/modules/childCategory.php 21
ERROR - 2017-09-15 09:48:17 --> Severity: Warning --> Invalid argument supplied for foreach() /home/standard_digital/httpdocs/evewoman/application/views/desktop/modules/childCategory.php 21
ERROR - 2017-09-15 09:48:17 --> Severity: Warning --> Invalid argument supplied for foreach() /home/standard_digital/httpdocs/evewoman/application/views/mobile/modules/childCategory.php 12
ERROR - 2017-09-15 09:48:18 --> Severity: Warning --> Invalid argument supplied for foreach() /home/standard_digital/httpdocs/evewoman/application/views/mobile/modules/childCategory.php 12
ERROR - 2017-09-15 09:48:29 --> Severity: Warning --> Invalid argument supplied for foreach() /home/standard_digital/httpdocs/evewoman/application/views/desktop/modules/childCategory.php 21
ERROR - 2017-09-15 09:52:10 --> Severity: Warning --> Invalid argument supplied for foreach() /home/standard_digital/httpdocs/evewoman/application/views/desktop/modules/childCategory.php 21
ERROR - 2017-09-15 09:53:44 --> Severity: Warning --> Invalid argument supplied for foreach() /home/standard_digital/httpdocs/evewoman/application/views/desktop/modules/childCategory.php 21
ERROR - 2017-09-15 10:00:27 --> Severity: Warning --> Invalid argument supplied for foreach() /home/standard_digital/httpdocs/evewoman/application/views/desktop/modules/childCategory.php 21
ERROR - 2017-09-15 10:09:08 --> Severity: Warning --> Invalid argument supplied for foreach() /home/standard_digital/httpdocs/evewoman/application/views/desktop/modules/childCategory.php 21
ERROR - 2017-09-15 10:20:41 --> Severity: Warning --> Invalid argument supplied for foreach() /home/standard_digital/httpdocs/evewoman/application/views/desktop/modules/childCategory.php 21
ERROR - 2017-09-15 10:20:44 --> Severity: Warning --> Invalid argument supplied for foreach() /home/standard_digital/httpdocs/evewoman/application/views/desktop/modules/childCategory.php 21
ERROR - 2017-09-15 10:25:14 --> Severity: Warning --> Invalid argument supplied for foreach() /home/standard_digital/httpdocs/evewoman/application/views/desktop/modules/childCategory.php 21
ERROR - 2017-09-15 10:31:40 --> Severity: Warning --> Invalid argument supplied for foreach() /home/standard_digital/httpdocs/evewoman/application/views/desktop/modules/childCategory.php 21
ERROR - 2017-09-15 10:32:51 --> Severity: Warning --> Invalid argument supplied for foreach() /home/standard_digital/httpdocs/evewoman/application/views/desktop/modules/childCategory.php 21
ERROR - 2017-09-15 10:33:13 --> Severity: Warning --> Invalid argument supplied for foreach() /home/standard_digital/httpdocs/evewoman/application/views/desktop/modules/childCategory.php 21
ERROR - 2017-09-15 10:34:01 --> Severity: Warning --> Invalid argument supplied for foreach() /home/standard_digital/httpdocs/evewoman/application/views/desktop/modules/childCategory.php 21
ERROR - 2017-09-15 10:34:16 --> Severity: Warning --> Invalid argument supplied for foreach() /home/standard_digital/httpdocs/evewoman/application/views/desktop/modules/childCategory.php 21
ERROR - 2017-09-15 10:36:28 --> Query error: Column 'id' in where clause is ambiguous - Invalid query: SELECT `ktn_video`.`title`, `ktn_video`.`videoURL`, `ktn_video`.`id`, `ktn_video_category`.`name`, `ktn_video`.`publishdate`, `ktn_video`.`description`
FROM `ktn_video`
JOIN `ktn_video_category` ON `ktn_video_category`.`id`=`ktn_video`.`categoryid`
WHERE `id` = '2000115188'
ERROR - 2017-09-15 10:36:28 --> Severity: Error --> Call to a member function num_rows() on a non-object /home/standard_digital/httpdocs/evewoman/application/models/Article_model.php 197
ERROR - 2017-09-15 10:38:20 --> Severity: Warning --> Invalid argument supplied for foreach() /home/standard_digital/httpdocs/evewoman/application/views/desktop/modules/childCategory.php 21
ERROR - 2017-09-15 10:39:09 --> Severity: Warning --> Invalid argument supplied for foreach() /home/standard_digital/httpdocs/evewoman/application/views/desktop/modules/childCategory.php 21
ERROR - 2017-09-15 10:42:34 --> Severity: Warning --> Invalid argument supplied for foreach() /home/standard_digital/httpdocs/evewoman/application/views/desktop/modules/childCategory.php 21
ERROR - 2017-09-15 10:46:01 --> Severity: Warning --> Invalid argument supplied for foreach() /home/standard_digital/httpdocs/evewoman/application/views/desktop/modules/childCategory.php 21
ERROR - 2017-09-15 10:46:07 --> Severity: Warning --> Invalid argument supplied for foreach() /home/standard_digital/httpdocs/evewoman/application/views/desktop/modules/childCategory.php 21
ERROR - 2017-09-15 10:46:54 --> Severity: Warning --> Invalid argument supplied for foreach() /home/standard_digital/httpdocs/evewoman/application/views/desktop/modules/childCategory.php 21
ERROR - 2017-09-15 11:00:38 --> Severity: Warning --> Invalid argument supplied for foreach() /home/standard_digital/httpdocs/evewoman/application/views/desktop/modules/childCategory.php 21
ERROR - 2017-09-15 11:02:59 --> Severity: Warning --> Invalid argument supplied for foreach() /home/standard_digital/httpdocs/evewoman/application/views/desktop/modules/childCategory.php 21
ERROR - 2017-09-15 11:06:36 --> Severity: Warning --> Invalid argument supplied for foreach() /home/standard_digital/httpdocs/evewoman/application/views/desktop/modules/childCategory.php 21
ERROR - 2017-09-15 11:12:14 --> Severity: Warning --> Invalid argument supplied for foreach() /home/standard_digital/httpdocs/evewoman/application/views/desktop/modules/childCategory.php 21
ERROR - 2017-09-15 11:12:29 --> Severity: Warning --> Invalid argument supplied for foreach() /home/standard_digital/httpdocs/evewoman/application/views/desktop/modules/childCategory.php 21
ERROR - 2017-09-15 11:18:20 --> Severity: Warning --> Invalid argument supplied for foreach() /home/standard_digital/httpdocs/evewoman/application/views/desktop/modules/childCategory.php 21
ERROR - 2017-09-15 11:19:03 --> Severity: Warning --> Invalid argument supplied for foreach() /home/standard_digital/httpdocs/evewoman/application/views/desktop/modules/childCategory.php 21
ERROR - 2017-09-15 11:22:08 --> Severity: Warning --> Invalid argument supplied for foreach() /home/standard_digital/httpdocs/evewoman/application/views/desktop/modules/childCategory.php 21
ERROR - 2017-09-15 11:22:12 --> Severity: Warning --> Invalid argument supplied for foreach() /home/standard_digital/httpdocs/evewoman/application/views/desktop/modules/childCategory.php 21
ERROR - 2017-09-15 11:23:17 --> Severity: Warning --> Invalid argument supplied for foreach() /home/standard_digital/httpdocs/evewoman/application/views/desktop/modules/childCategory.php 21
ERROR - 2017-09-15 11:23:17 --> Severity: Warning --> Invalid argument supplied for foreach() /home/standard_digital/httpdocs/evewoman/application/views/mobile/modules/childCategory.php 12
ERROR - 2017-09-15 11:23:21 --> Severity: Warning --> Invalid argument supplied for foreach() /home/standard_digital/httpdocs/evewoman/application/views/mobile/modules/childCategory.php 12
ERROR - 2017-09-15 11:23:53 --> Severity: Warning --> Invalid argument supplied for foreach() /home/standard_digital/httpdocs/evewoman/application/views/desktop/modules/childCategory.php 21
ERROR - 2017-09-15 11:24:43 --> Severity: Warning --> Invalid argument supplied for foreach() /home/standard_digital/httpdocs/evewoman/application/views/desktop/modules/childCategory.php 21
ERROR - 2017-09-15 11:25:00 --> Severity: Warning --> Invalid argument supplied for foreach() /home/standard_digital/httpdocs/evewoman/application/views/desktop/modules/childCategory.php 21
ERROR - 2017-09-15 11:25:57 --> Severity: Warning --> Invalid argument supplied for foreach() /home/standard_digital/httpdocs/evewoman/application/views/desktop/modules/childCategory.php 21
ERROR - 2017-09-15 11:27:53 --> Severity: Warning --> Invalid argument supplied for foreach() /home/standard_digital/httpdocs/evewoman/application/views/desktop/modules/childCategory.php 21
ERROR - 2017-09-15 11:33:00 --> Severity: Warning --> Invalid argument supplied for foreach() /home/standard_digital/httpdocs/evewoman/application/views/desktop/modules/childCategory.php 21
ERROR - 2017-09-15 11:39:41 --> Severity: Warning --> Invalid argument supplied for foreach() /home/standard_digital/httpdocs/evewoman/application/views/desktop/modules/childCategory.php 21
ERROR - 2017-09-15 11:44:28 --> Severity: Warning --> Invalid argument supplied for foreach() /home/standard_digital/httpdocs/evewoman/application/views/desktop/modules/childCategory.php 21
ERROR - 2017-09-15 11:48:09 --> Severity: Warning --> Invalid argument supplied for foreach() /home/standard_digital/httpdocs/evewoman/application/views/desktop/modules/childCategory.php 21
ERROR - 2017-09-15 11:51:19 --> Severity: Warning --> Invalid argument supplied for foreach() /home/standard_digital/httpdocs/evewoman/application/views/desktop/modules/childCategory.php 21
ERROR - 2017-09-15 11:51:53 --> Severity: Warning --> Invalid argument supplied for foreach() /home/standard_digital/httpdocs/evewoman/application/views/desktop/modules/childCategory.php 21
ERROR - 2017-09-15 11:52:10 --> Severity: Warning --> Invalid argument supplied for foreach() /home/standard_digital/httpdocs/evewoman/application/views/desktop/modules/childCategory.php 21
ERROR - 2017-09-15 11:53:04 --> Severity: Warning --> Invalid argument supplied for foreach() /home/standard_digital/httpdocs/evewoman/application/views/desktop/modules/childCategory.php 21
ERROR - 2017-09-15 11:57:09 --> Query error: Column 'id' in where clause is ambiguous - Invalid query: SELECT `ktn_video`.`title`, `ktn_video`.`videoURL`, `ktn_video`.`id`, `ktn_video_category`.`name`, `ktn_video`.`publishdate`, `ktn_video`.`description`
FROM `ktn_video`
JOIN `ktn_video_category` ON `ktn_video_category`.`id`=`ktn_video`.`categoryid`
WHERE `id` = '2000114480'
ERROR - 2017-09-15 11:57:09 --> Severity: Error --> Call to a member function num_rows() on a non-object /home/standard_digital/httpdocs/evewoman/application/models/Article_model.php 197
ERROR - 2017-09-15 11:57:58 --> Severity: Warning --> Invalid argument supplied for foreach() /home/standard_digital/httpdocs/evewoman/application/views/desktop/modules/childCategory.php 21
ERROR - 2017-09-15 12:03:31 --> Severity: Warning --> Invalid argument supplied for foreach() /home/standard_digital/httpdocs/evewoman/application/views/desktop/modules/childCategory.php 21
ERROR - 2017-09-15 12:04:40 --> Severity: Warning --> Invalid argument supplied for foreach() /home/standard_digital/httpdocs/evewoman/application/views/desktop/modules/childCategory.php 21
ERROR - 2017-09-15 12:06:34 --> Severity: Warning --> Invalid argument supplied for foreach() /home/standard_digital/httpdocs/evewoman/application/views/desktop/modules/childCategory.php 21
ERROR - 2017-09-15 12:10:16 --> Severity: Warning --> Invalid argument supplied for foreach() /home/standard_digital/httpdocs/evewoman/application/views/desktop/modules/childCategory.php 21
ERROR - 2017-09-15 12:14:53 --> Severity: Warning --> Invalid argument supplied for foreach() /home/standard_digital/httpdocs/evewoman/application/views/desktop/modules/childCategory.php 21
ERROR - 2017-09-15 12:17:51 --> Severity: Warning --> Invalid argument supplied for foreach() /home/standard_digital/httpdocs/evewoman/application/views/desktop/modules/childCategory.php 21
ERROR - 2017-09-15 12:18:14 --> Severity: Warning --> Invalid argument supplied for foreach() /home/standard_digital/httpdocs/evewoman/application/views/desktop/modules/childCategory.php 21
ERROR - 2017-09-15 12:30:35 --> Severity: Warning --> Invalid argument supplied for foreach() /home/standard_digital/httpdocs/evewoman/application/views/desktop/modules/childCategory.php 21
ERROR - 2017-09-15 12:33:25 --> Severity: Warning --> Invalid argument supplied for foreach() /home/standard_digital/httpdocs/evewoman/application/views/desktop/modules/childCategory.php 21
ERROR - 2017-09-15 12:36:52 --> Severity: Warning --> Invalid argument supplied for foreach() /home/standard_digital/httpdocs/evewoman/application/views/mobile/modules/childCategory.php 12
ERROR - 2017-09-15 12:40:31 --> Severity: Warning --> Invalid argument supplied for foreach() /home/standard_digital/httpdocs/evewoman/application/views/desktop/modules/childCategory.php 21
ERROR - 2017-09-15 12:42:44 --> Severity: Warning --> Invalid argument supplied for foreach() /home/standard_digital/httpdocs/evewoman/application/views/desktop/modules/childCategory.php 21
ERROR - 2017-09-15 12:43:04 --> Severity: Warning --> Invalid argument supplied for foreach() /home/standard_digital/httpdocs/evewoman/application/views/desktop/modules/childCategory.php 21
ERROR - 2017-09-15 12:43:10 --> Severity: Warning --> Invalid argument supplied for foreach() /home/standard_digital/httpdocs/evewoman/application/views/desktop/modules/childCategory.php 21
ERROR - 2017-09-15 12:48:12 --> Severity: Warning --> Invalid argument supplied for foreach() /home/standard_digital/httpdocs/evewoman/application/views/desktop/modules/childCategory.php 21
ERROR - 2017-09-15 12:52:09 --> Severity: Warning --> Invalid argument supplied for foreach() /home/standard_digital/httpdocs/evewoman/application/views/mobile/modules/childCategory.php 12
ERROR - 2017-09-15 12:57:05 --> Severity: Warning --> Invalid argument supplied for foreach() /home/standard_digital/httpdocs/evewoman/application/views/desktop/modules/childCategory.php 21
ERROR - 2017-09-15 12:57:06 --> Severity: Warning --> Invalid argument supplied for foreach() /home/standard_digital/httpdocs/evewoman/application/views/mobile/modules/childCategory.php 12
ERROR - 2017-09-15 12:57:06 --> Severity: Warning --> Invalid argument supplied for foreach() /home/standard_digital/httpdocs/evewoman/application/views/mobile/modules/childCategory.php 12
ERROR - 2017-09-15 12:58:17 --> Severity: Warning --> Invalid argument supplied for foreach() /home/standard_digital/httpdocs/evewoman/application/views/desktop/modules/childCategory.php 21
ERROR - 2017-09-15 13:02:46 --> Severity: Warning --> Invalid argument supplied for foreach() /home/standard_digital/httpdocs/evewoman/application/views/desktop/modules/childCategory.php 21
ERROR - 2017-09-15 13:02:58 --> Severity: Warning --> Invalid argument supplied for foreach() /home/standard_digital/httpdocs/evewoman/application/views/desktop/modules/childCategory.php 21
ERROR - 2017-09-15 13:07:31 --> Severity: Warning --> Invalid argument supplied for foreach() /home/standard_digital/httpdocs/evewoman/application/views/desktop/modules/childCategory.php 21
ERROR - 2017-09-15 13:11:04 --> Severity: Warning --> Invalid argument supplied for foreach() /home/standard_digital/httpdocs/evewoman/application/views/mobile/modules/childCategory.php 12
ERROR - 2017-09-15 13:14:47 --> Severity: Warning --> Invalid argument supplied for foreach() /home/standard_digital/httpdocs/evewoman/application/views/desktop/modules/childCategory.php 21
ERROR - 2017-09-15 13:16:38 --> Severity: Warning --> Invalid argument supplied for foreach() /home/standard_digital/httpdocs/evewoman/application/views/mobile/modules/childCategory.php 12
ERROR - 2017-09-15 13:20:08 --> Severity: Warning --> Invalid argument supplied for foreach() /home/standard_digital/httpdocs/evewoman/application/views/mobile/modules/childCategory.php 12
ERROR - 2017-09-15 13:20:09 --> Severity: Warning --> Invalid argument supplied for foreach() /home/standard_digital/httpdocs/evewoman/application/views/mobile/modules/childCategory.php 12
ERROR - 2017-09-15 13:22:49 --> Severity: Warning --> Invalid argument supplied for foreach() /home/standard_digital/httpdocs/evewoman/application/views/desktop/modules/childCategory.php 21
ERROR - 2017-09-15 13:24:20 --> Severity: Warning --> Invalid argument supplied for foreach() /home/standard_digital/httpdocs/evewoman/application/views/mobile/modules/childCategory.php 12
ERROR - 2017-09-15 13:24:20 --> Severity: Warning --> Invalid argument supplied for foreach() /home/standard_digital/httpdocs/evewoman/application/views/mobile/modules/childCategory.php 12
ERROR - 2017-09-15 13:24:20 --> Severity: Warning --> Invalid argument supplied for foreach() /home/standard_digital/httpdocs/evewoman/application/views/mobile/modules/childCategory.php 12
ERROR - 2017-09-15 13:24:20 --> Severity: Warning --> Invalid argument supplied for foreach() /home/standard_digital/httpdocs/evewoman/application/views/mobile/modules/childCategory.php 12
ERROR - 2017-09-15 13:26:00 --> Severity: Warning --> Invalid argument supplied for foreach() /home/standard_digital/httpdocs/evewoman/application/views/desktop/modules/childCategory.php 21
ERROR - 2017-09-15 13:36:01 --> Severity: Warning --> Invalid argument supplied for foreach() /home/standard_digital/httpdocs/evewoman/application/views/desktop/modules/childCategory.php 21
ERROR - 2017-09-15 13:38:00 --> Query error: Column 'id' in where clause is ambiguous - Invalid query: SELECT `ktn_video`.`title`, `ktn_video`.`videoURL`, `ktn_video`.`id`, `ktn_video_category`.`name`, `ktn_video`.`publishdate`, `ktn_video`.`description`
FROM `ktn_video`
JOIN `ktn_video_category` ON `ktn_video_category`.`id`=`ktn_video`.`categoryid`
WHERE `id` = '2000115190'
ERROR - 2017-09-15 13:38:00 --> Severity: Error --> Call to a member function num_rows() on a non-object /home/standard_digital/httpdocs/evewoman/application/models/Article_model.php 197
ERROR - 2017-09-15 13:43:24 --> Severity: Warning --> Invalid argument supplied for foreach() /home/standard_digital/httpdocs/evewoman/application/views/mobile/modules/childCategory.php 12
ERROR - 2017-09-15 13:45:00 --> Severity: Warning --> Invalid argument supplied for foreach() /home/standard_digital/httpdocs/evewoman/application/views/desktop/modules/childCategory.php 21
ERROR - 2017-09-15 13:46:42 --> Severity: Warning --> Invalid argument supplied for foreach() /home/standard_digital/httpdocs/evewoman/application/views/desktop/modules/childCategory.php 21
ERROR - 2017-09-15 13:49:07 --> Severity: Warning --> Invalid argument supplied for foreach() /home/standard_digital/httpdocs/evewoman/application/views/desktop/modules/childCategory.php 21
ERROR - 2017-09-15 13:49:44 --> Severity: Warning --> Invalid argument supplied for foreach() /home/standard_digital/httpdocs/evewoman/application/views/desktop/modules/childCategory.php 21
ERROR - 2017-09-15 13:53:59 --> Severity: Warning --> Invalid argument supplied for foreach() /home/standard_digital/httpdocs/evewoman/application/views/desktop/modules/childCategory.php 21
ERROR - 2017-09-15 13:59:18 --> Severity: Warning --> Invalid argument supplied for foreach() /home/standard_digital/httpdocs/evewoman/application/views/desktop/modules/childCategory.php 21
ERROR - 2017-09-15 14:04:32 --> Severity: Warning --> Invalid argument supplied for foreach() /home/standard_digital/httpdocs/evewoman/application/views/desktop/modules/childCategory.php 21
ERROR - 2017-09-15 14:08:47 --> Severity: Warning --> Invalid argument supplied for foreach() /home/standard_digital/httpdocs/evewoman/application/views/desktop/modules/childCategory.php 21
ERROR - 2017-09-15 14:19:20 --> Severity: Warning --> Invalid argument supplied for foreach() /home/standard_digital/httpdocs/evewoman/application/views/desktop/modules/childCategory.php 21
ERROR - 2017-09-15 14:28:53 --> Severity: Warning --> Invalid argument supplied for foreach() /home/standard_digital/httpdocs/evewoman/application/views/mobile/modules/childCategory.php 12
ERROR - 2017-09-15 14:46:10 --> Severity: Warning --> Invalid argument supplied for foreach() /home/standard_digital/httpdocs/evewoman/application/views/desktop/modules/childCategory.php 21
ERROR - 2017-09-15 14:49:05 --> Severity: Warning --> Invalid argument supplied for foreach() /home/standard_digital/httpdocs/evewoman/application/views/desktop/modules/childCategory.php 21
ERROR - 2017-09-15 14:56:51 --> Severity: Warning --> Invalid argument supplied for foreach() /home/standard_digital/httpdocs/evewoman/application/views/desktop/modules/childCategory.php 21
ERROR - 2017-09-15 15:02:11 --> Severity: Warning --> Invalid argument supplied for foreach() /home/standard_digital/httpdocs/evewoman/application/views/desktop/modules/childCategory.php 21
ERROR - 2017-09-15 15:04:23 --> Severity: Warning --> Invalid argument supplied for foreach() /home/standard_digital/httpdocs/evewoman/application/views/mobile/modules/childCategory.php 12
ERROR - 2017-09-15 15:05:18 --> Severity: Warning --> Invalid argument supplied for foreach() /home/standard_digital/httpdocs/evewoman/application/views/desktop/modules/childCategory.php 21
ERROR - 2017-09-15 15:11:31 --> Severity: Warning --> Invalid argument supplied for foreach() /home/standard_digital/httpdocs/evewoman/application/views/desktop/modules/childCategory.php 21
ERROR - 2017-09-15 15:12:57 --> Severity: Warning --> Invalid argument supplied for foreach() /home/standard_digital/httpdocs/evewoman/application/views/desktop/modules/childCategory.php 21
ERROR - 2017-09-15 15:16:30 --> Severity: Warning --> Invalid argument supplied for foreach() /home/standard_digital/httpdocs/evewoman/application/views/desktop/modules/childCategory.php 21
ERROR - 2017-09-15 15:20:09 --> Severity: Warning --> Invalid argument supplied for foreach() /home/standard_digital/httpdocs/evewoman/application/views/desktop/modules/childCategory.php 21
ERROR - 2017-09-15 15:24:12 --> Severity: Warning --> Invalid argument supplied for foreach() /home/standard_digital/httpdocs/evewoman/application/views/desktop/modules/childCategory.php 21
ERROR - 2017-09-15 15:26:14 --> Severity: Warning --> Invalid argument supplied for foreach() /home/standard_digital/httpdocs/evewoman/application/views/desktop/modules/childCategory.php 21
ERROR - 2017-09-15 15:26:23 --> Severity: Warning --> Invalid argument supplied for foreach() /home/standard_digital/httpdocs/evewoman/application/views/desktop/modules/childCategory.php 21
ERROR - 2017-09-15 15:30:39 --> Severity: Warning --> Invalid argument supplied for foreach() /home/standard_digital/httpdocs/evewoman/application/views/desktop/modules/childCategory.php 21
ERROR - 2017-09-15 15:30:41 --> Severity: Warning --> Invalid argument supplied for foreach() /home/standard_digital/httpdocs/evewoman/application/views/mobile/modules/childCategory.php 12
ERROR - 2017-09-15 15:47:25 --> Severity: Warning --> Invalid argument supplied for foreach() /home/standard_digital/httpdocs/evewoman/application/views/desktop/modules/childCategory.php 21
ERROR - 2017-09-15 15:49:49 --> Severity: Warning --> Invalid argument supplied for foreach() /home/standard_digital/httpdocs/evewoman/application/views/desktop/modules/childCategory.php 21
ERROR - 2017-09-15 16:02:46 --> Severity: Warning --> Invalid argument supplied for foreach() /home/standard_digital/httpdocs/evewoman/application/views/mobile/modules/childCategory.php 12
ERROR - 2017-09-15 16:02:47 --> Severity: Warning --> Invalid argument supplied for foreach() /home/standard_digital/httpdocs/evewoman/application/views/mobile/modules/childCategory.php 12
ERROR - 2017-09-15 16:02:50 --> Severity: Warning --> Invalid argument supplied for foreach() /home/standard_digital/httpdocs/evewoman/application/views/mobile/modules/childCategory.php 12
ERROR - 2017-09-15 16:27:26 --> Severity: Warning --> Invalid argument supplied for foreach() /home/standard_digital/httpdocs/evewoman/application/views/mobile/modules/childCategory.php 12
ERROR - 2017-09-15 16:27:26 --> Severity: Warning --> Invalid argument supplied for foreach() /home/standard_digital/httpdocs/evewoman/application/views/mobile/modules/childCategory.php 12
ERROR - 2017-09-15 16:27:26 --> Severity: Warning --> Invalid argument supplied for foreach() /home/standard_digital/httpdocs/evewoman/application/views/mobile/modules/childCategory.php 12
ERROR - 2017-09-15 16:27:26 --> Severity: Warning --> Invalid argument supplied for foreach() /home/standard_digital/httpdocs/evewoman/application/views/mobile/modules/childCategory.php 12
ERROR - 2017-09-15 16:30:27 --> Severity: Warning --> Invalid argument supplied for foreach() /home/standard_digital/httpdocs/evewoman/application/views/desktop/modules/childCategory.php 21
ERROR - 2017-09-15 16:35:44 --> Severity: Warning --> Invalid argument supplied for foreach() /home/standard_digital/httpdocs/evewoman/application/views/desktop/modules/childCategory.php 21
ERROR - 2017-09-15 16:49:36 --> Severity: Warning --> Invalid argument supplied for foreach() /home/standard_digital/httpdocs/evewoman/application/views/desktop/modules/childCategory.php 21
ERROR - 2017-09-15 16:53:57 --> Severity: Warning --> Invalid argument supplied for foreach() /home/standard_digital/httpdocs/evewoman/application/views/desktop/modules/childCategory.php 21
ERROR - 2017-09-15 16:55:04 --> Severity: Warning --> Invalid argument supplied for foreach() /home/standard_digital/httpdocs/evewoman/application/views/desktop/modules/childCategory.php 21
ERROR - 2017-09-15 16:55:19 --> Severity: Warning --> Invalid argument supplied for foreach() /home/standard_digital/httpdocs/evewoman/application/views/desktop/modules/childCategory.php 21
ERROR - 2017-09-15 17:05:11 --> Severity: Warning --> Invalid argument supplied for foreach() /home/standard_digital/httpdocs/evewoman/application/views/desktop/modules/childCategory.php 21
ERROR - 2017-09-15 17:07:56 --> Severity: Warning --> Invalid argument supplied for foreach() /home/standard_digital/httpdocs/evewoman/application/views/desktop/modules/childCategory.php 21
ERROR - 2017-09-15 17:10:50 --> Severity: Warning --> Invalid argument supplied for foreach() /home/standard_digital/httpdocs/evewoman/application/views/desktop/modules/childCategory.php 21
ERROR - 2017-09-15 17:17:43 --> Severity: Warning --> Invalid argument supplied for foreach() /home/standard_digital/httpdocs/evewoman/application/views/desktop/modules/childCategory.php 21
ERROR - 2017-09-15 17:23:51 --> Severity: Warning --> Invalid argument supplied for foreach() /home/standard_digital/httpdocs/evewoman/application/views/desktop/modules/childCategory.php 21
ERROR - 2017-09-15 17:34:40 --> Severity: Warning --> Invalid argument supplied for foreach() /home/standard_digital/httpdocs/evewoman/application/views/desktop/modules/childCategory.php 21
ERROR - 2017-09-15 17:35:20 --> Severity: Warning --> Invalid argument supplied for foreach() /home/standard_digital/httpdocs/evewoman/application/views/desktop/modules/childCategory.php 21
ERROR - 2017-09-15 17:37:44 --> Severity: Warning --> Invalid argument supplied for foreach() /home/standard_digital/httpdocs/evewoman/application/views/desktop/modules/childCategory.php 21
ERROR - 2017-09-15 17:37:49 --> Severity: Warning --> Invalid argument supplied for foreach() /home/standard_digital/httpdocs/evewoman/application/views/desktop/modules/childCategory.php 21
ERROR - 2017-09-15 17:39:56 --> Severity: Warning --> Invalid argument supplied for foreach() /home/standard_digital/httpdocs/evewoman/application/views/desktop/modules/childCategory.php 21
ERROR - 2017-09-15 17:40:29 --> Severity: Warning --> Invalid argument supplied for foreach() /home/standard_digital/httpdocs/evewoman/application/views/desktop/modules/childCategory.php 21
ERROR - 2017-09-15 17:40:33 --> Severity: Warning --> Invalid argument supplied for foreach() /home/standard_digital/httpdocs/evewoman/application/views/desktop/modules/childCategory.php 21
ERROR - 2017-09-15 17:47:08 --> Severity: Warning --> Invalid argument supplied for foreach() /home/standard_digital/httpdocs/evewoman/application/views/desktop/modules/childCategory.php 21
ERROR - 2017-09-15 17:52:25 --> Severity: Warning --> Invalid argument supplied for foreach() /home/standard_digital/httpdocs/evewoman/application/views/desktop/modules/childCategory.php 21
ERROR - 2017-09-15 18:01:11 --> Severity: Warning --> Invalid argument supplied for foreach() /home/standard_digital/httpdocs/evewoman/application/views/desktop/modules/childCategory.php 21
ERROR - 2017-09-15 18:02:42 --> Query error: Column 'id' in where clause is ambiguous - Invalid query: SELECT `ktn_video`.`title`, `ktn_video`.`videoURL`, `ktn_video`.`id`, `ktn_video_category`.`name`, `ktn_video`.`publishdate`, `ktn_video`.`description`
FROM `ktn_video`
JOIN `ktn_video_category` ON `ktn_video_category`.`id`=`ktn_video`.`categoryid`
WHERE `id` = '2000115190'
ERROR - 2017-09-15 18:02:42 --> Severity: Error --> Call to a member function num_rows() on a non-object /home/standard_digital/httpdocs/evewoman/application/models/Article_model.php 197
ERROR - 2017-09-15 18:05:42 --> Severity: Warning --> Invalid argument supplied for foreach() /home/standard_digital/httpdocs/evewoman/application/views/desktop/modules/childCategory.php 21
ERROR - 2017-09-15 18:06:01 --> Severity: Warning --> Invalid argument supplied for foreach() /home/standard_digital/httpdocs/evewoman/application/views/desktop/modules/childCategory.php 21
ERROR - 2017-09-15 18:09:45 --> Severity: Warning --> Invalid argument supplied for foreach() /home/standard_digital/httpdocs/evewoman/application/views/desktop/modules/childCategory.php 21
ERROR - 2017-09-15 18:11:22 --> Severity: Warning --> Invalid argument supplied for foreach() /home/standard_digital/httpdocs/evewoman/application/views/desktop/modules/childCategory.php 21
ERROR - 2017-09-15 18:14:03 --> Severity: Warning --> Invalid argument supplied for foreach() /home/standard_digital/httpdocs/evewoman/application/views/desktop/modules/childCategory.php 21
ERROR - 2017-09-15 18:14:06 --> Severity: Warning --> Invalid argument supplied for foreach() /home/standard_digital/httpdocs/evewoman/application/views/desktop/modules/childCategory.php 21
ERROR - 2017-09-15 18:16:12 --> Severity: Warning --> Invalid argument supplied for foreach() /home/standard_digital/httpdocs/evewoman/application/views/desktop/modules/childCategory.php 21
ERROR - 2017-09-15 18:20:43 --> Severity: Warning --> Invalid argument supplied for foreach() /home/standard_digital/httpdocs/evewoman/application/views/desktop/modules/childCategory.php 21
ERROR - 2017-09-15 18:22:23 --> Severity: Warning --> Invalid argument supplied for foreach() /home/standard_digital/httpdocs/evewoman/application/views/desktop/modules/childCategory.php 21
ERROR - 2017-09-15 18:23:27 --> Severity: Warning --> Invalid argument supplied for foreach() /home/standard_digital/httpdocs/evewoman/application/views/desktop/modules/childCategory.php 21
ERROR - 2017-09-15 18:26:24 --> Severity: Warning --> Invalid argument supplied for foreach() /home/standard_digital/httpdocs/evewoman/application/views/desktop/modules/childCategory.php 21
ERROR - 2017-09-15 18:27:29 --> Severity: Warning --> Invalid argument supplied for foreach() /home/standard_digital/httpdocs/evewoman/application/views/desktop/modules/childCategory.php 21
ERROR - 2017-09-15 18:30:10 --> Severity: Warning --> Invalid argument supplied for foreach() /home/standard_digital/httpdocs/evewoman/application/views/desktop/modules/childCategory.php 21
ERROR - 2017-09-15 18:30:42 --> Severity: Warning --> Invalid argument supplied for foreach() /home/standard_digital/httpdocs/evewoman/application/views/desktop/modules/childCategory.php 21
ERROR - 2017-09-15 18:37:33 --> Severity: Warning --> Invalid argument supplied for foreach() /home/standard_digital/httpdocs/evewoman/application/views/desktop/modules/childCategory.php 21
ERROR - 2017-09-15 18:40:21 --> Severity: Warning --> Invalid argument supplied for foreach() /home/standard_digital/httpdocs/evewoman/application/views/mobile/modules/childCategory.php 12
ERROR - 2017-09-15 18:40:22 --> Severity: Warning --> Invalid argument supplied for foreach() /home/standard_digital/httpdocs/evewoman/application/views/mobile/modules/childCategory.php 12
ERROR - 2017-09-15 18:47:52 --> Severity: Warning --> Invalid argument supplied for foreach() /home/standard_digital/httpdocs/evewoman/application/views/mobile/modules/childCategory.php 12
ERROR - 2017-09-15 18:50:54 --> Severity: Warning --> Invalid argument supplied for foreach() /home/standard_digital/httpdocs/evewoman/application/views/desktop/modules/childCategory.php 21
ERROR - 2017-09-15 18:50:55 --> Severity: Warning --> Invalid argument supplied for foreach() /home/standard_digital/httpdocs/evewoman/application/views/mobile/modules/childCategory.php 12
ERROR - 2017-09-15 18:55:22 --> Severity: Warning --> Invalid argument supplied for foreach() /home/standard_digital/httpdocs/evewoman/application/views/desktop/modules/childCategory.php 21
ERROR - 2017-09-15 19:08:03 --> Severity: Warning --> Invalid argument supplied for foreach() /home/standard_digital/httpdocs/evewoman/application/views/desktop/modules/childCategory.php 21
ERROR - 2017-09-15 19:10:41 --> Severity: Warning --> Invalid argument supplied for foreach() /home/standard_digital/httpdocs/evewoman/application/views/desktop/modules/childCategory.php 21
ERROR - 2017-09-15 19:13:01 --> Severity: Warning --> Invalid argument supplied for foreach() /home/standard_digital/httpdocs/evewoman/application/views/desktop/modules/childCategory.php 21
ERROR - 2017-09-15 19:15:42 --> Severity: Warning --> Invalid argument supplied for foreach() /home/standard_digital/httpdocs/evewoman/application/views/desktop/modules/childCategory.php 21
ERROR - 2017-09-15 19:16:00 --> Severity: Warning --> Invalid argument supplied for foreach() /home/standard_digital/httpdocs/evewoman/application/views/desktop/modules/childCategory.php 21
ERROR - 2017-09-15 19:16:28 --> Severity: Warning --> Invalid argument supplied for foreach() /home/standard_digital/httpdocs/evewoman/application/views/desktop/modules/childCategory.php 21
ERROR - 2017-09-15 19:16:41 --> Query error: Column 'id' in where clause is ambiguous - Invalid query: SELECT `ktn_video`.`title`, `ktn_video`.`videoURL`, `ktn_video`.`id`, `ktn_video_category`.`name`, `ktn_video`.`publishdate`, `ktn_video`.`description`
FROM `ktn_video`
JOIN `ktn_video_category` ON `ktn_video_category`.`id`=`ktn_video`.`categoryid`
WHERE `id` = '2000114478'
ERROR - 2017-09-15 19:16:41 --> Severity: Error --> Call to a member function num_rows() on a non-object /home/standard_digital/httpdocs/evewoman/application/models/Article_model.php 197
ERROR - 2017-09-15 19:21:18 --> Severity: Warning --> Invalid argument supplied for foreach() /home/standard_digital/httpdocs/evewoman/application/views/desktop/modules/childCategory.php 21
ERROR - 2017-09-15 19:25:01 --> Severity: Warning --> Invalid argument supplied for foreach() /home/standard_digital/httpdocs/evewoman/application/views/mobile/modules/childCategory.php 12
ERROR - 2017-09-15 19:27:08 --> Severity: Warning --> Invalid argument supplied for foreach() /home/standard_digital/httpdocs/evewoman/application/views/mobile/modules/childCategory.php 12
ERROR - 2017-09-15 19:27:32 --> Severity: Warning --> Invalid argument supplied for foreach() /home/standard_digital/httpdocs/evewoman/application/views/mobile/modules/childCategory.php 12
ERROR - 2017-09-15 19:33:41 --> Severity: Warning --> Invalid argument supplied for foreach() /home/standard_digital/httpdocs/evewoman/application/views/desktop/modules/childCategory.php 21
ERROR - 2017-09-15 19:33:44 --> Severity: Warning --> Invalid argument supplied for foreach() /home/standard_digital/httpdocs/evewoman/application/views/desktop/modules/childCategory.php 21
ERROR - 2017-09-15 19:37:02 --> Severity: Warning --> Invalid argument supplied for foreach() /home/standard_digital/httpdocs/evewoman/application/views/mobile/modules/childCategory.php 12
ERROR - 2017-09-15 19:43:14 --> Severity: Warning --> Invalid argument supplied for foreach() /home/standard_digital/httpdocs/evewoman/application/views/desktop/modules/childCategory.php 21
ERROR - 2017-09-15 19:45:07 --> Severity: Warning --> Invalid argument supplied for foreach() /home/standard_digital/httpdocs/evewoman/application/views/desktop/modules/childCategory.php 21
ERROR - 2017-09-15 19:49:31 --> Severity: Warning --> Invalid argument supplied for foreach() /home/standard_digital/httpdocs/evewoman/application/views/desktop/modules/childCategory.php 21
ERROR - 2017-09-15 20:03:52 --> Severity: Warning --> Invalid argument supplied for foreach() /home/standard_digital/httpdocs/evewoman/application/views/desktop/modules/childCategory.php 21
ERROR - 2017-09-15 20:04:24 --> Severity: Warning --> Invalid argument supplied for foreach() /home/standard_digital/httpdocs/evewoman/application/views/desktop/modules/childCategory.php 21
ERROR - 2017-09-15 20:08:29 --> Severity: Warning --> Invalid argument supplied for foreach() /home/standard_digital/httpdocs/evewoman/application/views/desktop/modules/childCategory.php 21
ERROR - 2017-09-15 20:08:52 --> Severity: Warning --> Invalid argument supplied for foreach() /home/standard_digital/httpdocs/evewoman/application/views/desktop/modules/childCategory.php 21
ERROR - 2017-09-15 20:15:39 --> Severity: Warning --> Invalid argument supplied for foreach() /home/standard_digital/httpdocs/evewoman/application/views/desktop/modules/childCategory.php 21
ERROR - 2017-09-15 20:16:37 --> Severity: Warning --> Invalid argument supplied for foreach() /home/standard_digital/httpdocs/evewoman/application/views/desktop/modules/childCategory.php 21
ERROR - 2017-09-15 20:17:02 --> Severity: Warning --> Invalid argument supplied for foreach() /home/standard_digital/httpdocs/evewoman/application/views/desktop/modules/childCategory.php 21
ERROR - 2017-09-15 20:17:41 --> Severity: Warning --> Invalid argument supplied for foreach() /home/standard_digital/httpdocs/evewoman/application/views/desktop/modules/childCategory.php 21
ERROR - 2017-09-15 20:19:12 --> Query error: Column 'id' in where clause is ambiguous - Invalid query: SELECT `ktn_video`.`title`, `ktn_video`.`videoURL`, `ktn_video`.`id`, `ktn_video_category`.`name`, `ktn_video`.`publishdate`, `ktn_video`.`description`
FROM `ktn_video`
JOIN `ktn_video_category` ON `ktn_video_category`.`id`=`ktn_video`.`categoryid`
WHERE `id` = '2000114478'
ERROR - 2017-09-15 20:19:12 --> Severity: Error --> Call to a member function num_rows() on a non-object /home/standard_digital/httpdocs/evewoman/application/models/Article_model.php 197
ERROR - 2017-09-15 20:23:55 --> Severity: Warning --> Invalid argument supplied for foreach() /home/standard_digital/httpdocs/evewoman/application/views/desktop/modules/childCategory.php 21
ERROR - 2017-09-15 20:29:30 --> Severity: Warning --> Invalid argument supplied for foreach() /home/standard_digital/httpdocs/evewoman/application/views/desktop/modules/childCategory.php 21
ERROR - 2017-09-15 20:30:56 --> Severity: Warning --> Invalid argument supplied for foreach() /home/standard_digital/httpdocs/evewoman/application/views/desktop/modules/childCategory.php 21
ERROR - 2017-09-15 20:36:00 --> Severity: Warning --> Invalid argument supplied for foreach() /home/standard_digital/httpdocs/evewoman/application/views/desktop/modules/childCategory.php 21
ERROR - 2017-09-15 20:49:45 --> Severity: Warning --> Invalid argument supplied for foreach() /home/standard_digital/httpdocs/evewoman/application/views/desktop/modules/childCategory.php 21
ERROR - 2017-09-15 20:50:42 --> Severity: Warning --> Invalid argument supplied for foreach() /home/standard_digital/httpdocs/evewoman/application/views/desktop/modules/childCategory.php 21
ERROR - 2017-09-15 20:50:59 --> Severity: Warning --> Invalid argument supplied for foreach() /home/standard_digital/httpdocs/evewoman/application/views/desktop/modules/childCategory.php 21
ERROR - 2017-09-15 20:51:49 --> Severity: Warning --> Invalid argument supplied for foreach() /home/standard_digital/httpdocs/evewoman/application/views/desktop/modules/childCategory.php 21
ERROR - 2017-09-15 20:52:00 --> Severity: Warning --> Invalid argument supplied for foreach() /home/standard_digital/httpdocs/evewoman/application/views/desktop/modules/childCategory.php 21
ERROR - 2017-09-15 20:53:14 --> Severity: Warning --> Invalid argument supplied for foreach() /home/standard_digital/httpdocs/evewoman/application/views/mobile/modules/childCategory.php 12
ERROR - 2017-09-15 20:55:09 --> Severity: Warning --> Invalid argument supplied for foreach() /home/standard_digital/httpdocs/evewoman/application/views/desktop/modules/childCategory.php 21
ERROR - 2017-09-15 20:58:37 --> Severity: Warning --> Invalid argument supplied for foreach() /home/standard_digital/httpdocs/evewoman/application/views/desktop/modules/childCategory.php 21
ERROR - 2017-09-15 21:02:56 --> Severity: Warning --> Invalid argument supplied for foreach() /home/standard_digital/httpdocs/evewoman/application/views/desktop/modules/childCategory.php 21
ERROR - 2017-09-15 21:04:24 --> Severity: Warning --> Invalid argument supplied for foreach() /home/standard_digital/httpdocs/evewoman/application/views/desktop/modules/childCategory.php 21
ERROR - 2017-09-15 21:04:43 --> Severity: Warning --> Invalid argument supplied for foreach() /home/standard_digital/httpdocs/evewoman/application/views/mobile/modules/childCategory.php 12
ERROR - 2017-09-15 21:06:11 --> Severity: Warning --> Invalid argument supplied for foreach() /home/standard_digital/httpdocs/evewoman/application/views/mobile/modules/childCategory.php 12
ERROR - 2017-09-15 21:06:40 --> Severity: Warning --> Invalid argument supplied for foreach() /home/standard_digital/httpdocs/evewoman/application/views/desktop/modules/childCategory.php 21
ERROR - 2017-09-15 21:10:21 --> Severity: Warning --> Invalid argument supplied for foreach() /home/standard_digital/httpdocs/evewoman/application/views/desktop/modules/childCategory.php 21
ERROR - 2017-09-15 21:16:49 --> Severity: Warning --> Invalid argument supplied for foreach() /home/standard_digital/httpdocs/evewoman/application/views/mobile/modules/childCategory.php 12
ERROR - 2017-09-15 21:18:05 --> Severity: Warning --> Invalid argument supplied for foreach() /home/standard_digital/httpdocs/evewoman/application/views/desktop/modules/childCategory.php 21
ERROR - 2017-09-15 21:18:17 --> Severity: Warning --> Invalid argument supplied for foreach() /home/standard_digital/httpdocs/evewoman/application/views/desktop/modules/childCategory.php 21
ERROR - 2017-09-15 21:23:18 --> Severity: Warning --> Invalid argument supplied for foreach() /home/standard_digital/httpdocs/evewoman/application/views/mobile/modules/childCategory.php 12
ERROR - 2017-09-15 21:23:18 --> Severity: Warning --> Invalid argument supplied for foreach() /home/standard_digital/httpdocs/evewoman/application/views/mobile/modules/childCategory.php 12
ERROR - 2017-09-15 21:24:47 --> Severity: Warning --> Invalid argument supplied for foreach() /home/standard_digital/httpdocs/evewoman/application/views/mobile/modules/childCategory.php 12
ERROR - 2017-09-15 21:24:59 --> Severity: Warning --> Invalid argument supplied for foreach() /home/standard_digital/httpdocs/evewoman/application/views/desktop/modules/childCategory.php 21
ERROR - 2017-09-15 21:35:49 --> Severity: Warning --> Invalid argument supplied for foreach() /home/standard_digital/httpdocs/evewoman/application/views/desktop/modules/childCategory.php 21
ERROR - 2017-09-15 21:49:04 --> Severity: Warning --> Invalid argument supplied for foreach() /home/standard_digital/httpdocs/evewoman/application/views/desktop/modules/childCategory.php 21
ERROR - 2017-09-15 21:52:38 --> Severity: Warning --> Invalid argument supplied for foreach() /home/standard_digital/httpdocs/evewoman/application/views/desktop/modules/childCategory.php 21
ERROR - 2017-09-15 21:55:23 --> Severity: Warning --> Invalid argument supplied for foreach() /home/standard_digital/httpdocs/evewoman/application/views/desktop/modules/childCategory.php 21
ERROR - 2017-09-15 21:58:49 --> Severity: Warning --> Invalid argument supplied for foreach() /home/standard_digital/httpdocs/evewoman/application/views/desktop/modules/childCategory.php 21
ERROR - 2017-09-15 22:06:16 --> Severity: Warning --> Invalid argument supplied for foreach() /home/standard_digital/httpdocs/evewoman/application/views/desktop/modules/childCategory.php 21
ERROR - 2017-09-15 22:08:05 --> Severity: Warning --> Invalid argument supplied for foreach() /home/standard_digital/httpdocs/evewoman/application/views/desktop/modules/childCategory.php 21
ERROR - 2017-09-15 22:10:02 --> Severity: Warning --> Invalid argument supplied for foreach() /home/standard_digital/httpdocs/evewoman/application/views/desktop/modules/childCategory.php 21
ERROR - 2017-09-15 22:10:52 --> Severity: Warning --> Invalid argument supplied for foreach() /home/standard_digital/httpdocs/evewoman/application/views/desktop/modules/childCategory.php 21
ERROR - 2017-09-15 22:10:57 --> Severity: Warning --> Invalid argument supplied for foreach() /home/standard_digital/httpdocs/evewoman/application/views/desktop/modules/childCategory.php 21
ERROR - 2017-09-15 22:11:18 --> Query error: Column 'id' in where clause is ambiguous - Invalid query: SELECT `ktn_video`.`title`, `ktn_video`.`videoURL`, `ktn_video`.`id`, `ktn_video_category`.`name`, `ktn_video`.`publishdate`, `ktn_video`.`description`
FROM `ktn_video`
JOIN `ktn_video_category` ON `ktn_video_category`.`id`=`ktn_video`.`categoryid`
WHERE `id` = '2000114479'
ERROR - 2017-09-15 22:11:18 --> Severity: Error --> Call to a member function num_rows() on a non-object /home/standard_digital/httpdocs/evewoman/application/models/Article_model.php 197
ERROR - 2017-09-15 22:17:21 --> Severity: Warning --> Invalid argument supplied for foreach() /home/standard_digital/httpdocs/evewoman/application/views/desktop/modules/childCategory.php 21
ERROR - 2017-09-15 22:21:28 --> Severity: Warning --> Invalid argument supplied for foreach() /home/standard_digital/httpdocs/evewoman/application/views/desktop/modules/childCategory.php 21
ERROR - 2017-09-15 22:26:02 --> Severity: Warning --> Invalid argument supplied for foreach() /home/standard_digital/httpdocs/evewoman/application/views/desktop/modules/childCategory.php 21
ERROR - 2017-09-15 22:27:04 --> Severity: Warning --> Invalid argument supplied for foreach() /home/standard_digital/httpdocs/evewoman/application/views/desktop/modules/childCategory.php 21
ERROR - 2017-09-15 22:30:08 --> Severity: Warning --> Invalid argument supplied for foreach() /home/standard_digital/httpdocs/evewoman/application/views/mobile/modules/childCategory.php 12
ERROR - 2017-09-15 22:35:49 --> Severity: Warning --> Invalid argument supplied for foreach() /home/standard_digital/httpdocs/evewoman/application/views/desktop/modules/childCategory.php 21
ERROR - 2017-09-15 22:35:58 --> Severity: Warning --> Invalid argument supplied for foreach() /home/standard_digital/httpdocs/evewoman/application/views/mobile/modules/childCategory.php 12
ERROR - 2017-09-15 22:44:18 --> Severity: Warning --> Invalid argument supplied for foreach() /home/standard_digital/httpdocs/evewoman/application/views/mobile/modules/childCategory.php 12
ERROR - 2017-09-15 22:44:51 --> Severity: Warning --> Invalid argument supplied for foreach() /home/standard_digital/httpdocs/evewoman/application/views/desktop/modules/childCategory.php 21
ERROR - 2017-09-15 22:48:34 --> Severity: Warning --> Invalid argument supplied for foreach() /home/standard_digital/httpdocs/evewoman/application/views/desktop/modules/childCategory.php 21
ERROR - 2017-09-15 22:50:56 --> Severity: Warning --> Invalid argument supplied for foreach() /home/standard_digital/httpdocs/evewoman/application/views/desktop/modules/childCategory.php 21
ERROR - 2017-09-15 22:53:32 --> Severity: Warning --> Invalid argument supplied for foreach() /home/standard_digital/httpdocs/evewoman/application/views/desktop/modules/childCategory.php 21
ERROR - 2017-09-15 22:55:30 --> Severity: Warning --> Invalid argument supplied for foreach() /home/standard_digital/httpdocs/evewoman/application/views/desktop/modules/childCategory.php 21
ERROR - 2017-09-15 23:05:50 --> Severity: Warning --> Invalid argument supplied for foreach() /home/standard_digital/httpdocs/evewoman/application/views/desktop/modules/childCategory.php 21
ERROR - 2017-09-15 23:22:33 --> Severity: Warning --> Invalid argument supplied for foreach() /home/standard_digital/httpdocs/evewoman/application/views/desktop/modules/childCategory.php 21
ERROR - 2017-09-15 23:23:27 --> Severity: Warning --> Invalid argument supplied for foreach() /home/standard_digital/httpdocs/evewoman/application/views/desktop/modules/childCategory.php 21
ERROR - 2017-09-15 23:24:26 --> Severity: Warning --> Invalid argument supplied for foreach() /home/standard_digital/httpdocs/evewoman/application/views/desktop/modules/childCategory.php 21
ERROR - 2017-09-15 23:28:09 --> Severity: Warning --> Invalid argument supplied for foreach() /home/standard_digital/httpdocs/evewoman/application/views/desktop/modules/childCategory.php 21
ERROR - 2017-09-15 23:28:25 --> Severity: Warning --> Invalid argument supplied for foreach() /home/standard_digital/httpdocs/evewoman/application/views/desktop/modules/childCategory.php 21
ERROR - 2017-09-15 23:30:36 --> Severity: Warning --> Invalid argument supplied for foreach() /home/standard_digital/httpdocs/evewoman/application/views/desktop/modules/childCategory.php 21
ERROR - 2017-09-15 23:32:14 --> Severity: Warning --> Invalid argument supplied for foreach() /home/standard_digital/httpdocs/evewoman/application/views/desktop/modules/childCategory.php 21
ERROR - 2017-09-15 23:37:59 --> Severity: Warning --> Invalid argument supplied for foreach() /home/standard_digital/httpdocs/evewoman/application/views/desktop/modules/childCategory.php 21
ERROR - 2017-09-15 23:40:02 --> Severity: Warning --> Invalid argument supplied for foreach() /home/standard_digital/httpdocs/evewoman/application/views/desktop/modules/childCategory.php 21
ERROR - 2017-09-15 23:42:06 --> Severity: Warning --> Invalid argument supplied for foreach() /home/standard_digital/httpdocs/evewoman/application/views/desktop/modules/childCategory.php 21
ERROR - 2017-09-15 23:50:11 --> Severity: Warning --> Invalid argument supplied for foreach() /home/standard_digital/httpdocs/evewoman/application/views/desktop/modules/childCategory.php 21
ERROR - 2017-09-15 23:50:58 --> Severity: Warning --> Invalid argument supplied for foreach() /home/standard_digital/httpdocs/evewoman/application/views/desktop/modules/childCategory.php 21
ERROR - 2017-09-15 23:52:11 --> Severity: Warning --> Invalid argument supplied for foreach() /home/standard_digital/httpdocs/evewoman/application/views/desktop/modules/childCategory.php 21
ERROR - 2017-09-15 23:53:14 --> Severity: Warning --> Invalid argument supplied for foreach() /home/standard_digital/httpdocs/evewoman/application/views/desktop/modules/childCategory.php 21
ERROR - 2017-09-15 23:56:35 --> Severity: Warning --> Invalid argument supplied for foreach() /home/standard_digital/httpdocs/evewoman/application/views/desktop/modules/childCategory.php 21
ERROR - 2017-09-15 23:57:09 --> Severity: Warning --> Invalid argument supplied for foreach() /home/standard_digital/httpdocs/evewoman/application/views/desktop/modules/childCategory.php 21
