ERROR - 2017-09-12 00:00:35 --> Severity: Warning --> Invalid argument supplied for foreach() /home/standard_digital/httpdocs/evewoman/application/views/desktop/modules/childCategory.php 21
ERROR - 2017-09-12 00:13:22 --> Severity: Warning --> Invalid argument supplied for foreach() /home/standard_digital/httpdocs/evewoman/application/views/desktop/modules/childCategory.php 21
ERROR - 2017-09-12 00:14:12 --> Severity: Warning --> Invalid argument supplied for foreach() /home/standard_digital/httpdocs/evewoman/application/views/mobile/modules/childCategory.php 12
ERROR - 2017-09-12 00:20:22 --> Severity: Warning --> Invalid argument supplied for foreach() /home/standard_digital/httpdocs/evewoman/application/views/desktop/modules/childCategory.php 21
ERROR - 2017-09-12 00:23:17 --> Severity: Warning --> Invalid argument supplied for foreach() /home/standard_digital/httpdocs/evewoman/application/views/desktop/modules/childCategory.php 21
ERROR - 2017-09-12 00:41:18 --> Severity: Warning --> Invalid argument supplied for foreach() /home/standard_digital/httpdocs/evewoman/application/views/desktop/modules/childCategory.php 21
ERROR - 2017-09-12 00:43:24 --> Severity: Warning --> Invalid argument supplied for foreach() /home/standard_digital/httpdocs/evewoman/application/views/desktop/modules/childCategory.php 21
ERROR - 2017-09-12 00:47:43 --> Severity: Warning --> Invalid argument supplied for foreach() /home/standard_digital/httpdocs/evewoman/application/views/mobile/modules/childCategory.php 12
ERROR - 2017-09-12 00:51:34 --> Severity: Warning --> Invalid argument supplied for foreach() /home/standard_digital/httpdocs/evewoman/application/views/desktop/modules/childCategory.php 21
ERROR - 2017-09-12 00:54:58 --> Severity: Warning --> Invalid argument supplied for foreach() /home/standard_digital/httpdocs/evewoman/application/views/desktop/modules/childCategory.php 21
ERROR - 2017-09-12 00:55:36 --> Severity: Warning --> Invalid argument supplied for foreach() /home/standard_digital/httpdocs/evewoman/application/views/desktop/modules/childCategory.php 21
ERROR - 2017-09-12 00:55:40 --> Severity: Warning --> Invalid argument supplied for foreach() /home/standard_digital/httpdocs/evewoman/application/views/desktop/modules/childCategory.php 21
ERROR - 2017-09-12 00:55:56 --> Severity: Warning --> Invalid argument supplied for foreach() /home/standard_digital/httpdocs/evewoman/application/views/desktop/modules/childCategory.php 21
ERROR - 2017-09-12 00:56:33 --> Severity: Warning --> Invalid argument supplied for foreach() /home/standard_digital/httpdocs/evewoman/application/views/desktop/modules/childCategory.php 21
ERROR - 2017-09-12 00:57:56 --> Severity: Warning --> Invalid argument supplied for foreach() /home/standard_digital/httpdocs/evewoman/application/views/desktop/modules/childCategory.php 21
ERROR - 2017-09-12 01:02:43 --> Severity: Warning --> Invalid argument supplied for foreach() /home/standard_digital/httpdocs/evewoman/application/views/mobile/modules/childCategory.php 12
ERROR - 2017-09-12 01:03:58 --> Severity: Warning --> Invalid argument supplied for foreach() /home/standard_digital/httpdocs/evewoman/application/views/desktop/modules/childCategory.php 21
ERROR - 2017-09-12 01:04:21 --> Severity: Warning --> Invalid argument supplied for foreach() /home/standard_digital/httpdocs/evewoman/application/views/desktop/modules/childCategory.php 21
ERROR - 2017-09-12 01:07:40 --> Severity: Warning --> Invalid argument supplied for foreach() /home/standard_digital/httpdocs/evewoman/application/views/desktop/modules/childCategory.php 21
ERROR - 2017-09-12 01:13:00 --> Severity: Warning --> Invalid argument supplied for foreach() /home/standard_digital/httpdocs/evewoman/application/views/desktop/modules/childCategory.php 21
ERROR - 2017-09-12 01:14:26 --> Severity: Warning --> Invalid argument supplied for foreach() /home/standard_digital/httpdocs/evewoman/application/views/desktop/modules/childCategory.php 21
ERROR - 2017-09-12 01:14:29 --> Severity: Warning --> Invalid argument supplied for foreach() /home/standard_digital/httpdocs/evewoman/application/views/desktop/modules/childCategory.php 21
ERROR - 2017-09-12 01:14:52 --> Severity: Warning --> Invalid argument supplied for foreach() /home/standard_digital/httpdocs/evewoman/application/views/desktop/modules/childCategory.php 21
ERROR - 2017-09-12 01:21:37 --> Severity: Warning --> Invalid argument supplied for foreach() /home/standard_digital/httpdocs/evewoman/application/views/desktop/modules/childCategory.php 21
ERROR - 2017-09-12 01:22:21 --> Severity: Warning --> Invalid argument supplied for foreach() /home/standard_digital/httpdocs/evewoman/application/views/desktop/modules/childCategory.php 21
ERROR - 2017-09-12 01:26:04 --> Severity: Warning --> Invalid argument supplied for foreach() /home/standard_digital/httpdocs/evewoman/application/views/desktop/modules/childCategory.php 21
ERROR - 2017-09-12 01:32:04 --> Severity: Warning --> Invalid argument supplied for foreach() /home/standard_digital/httpdocs/evewoman/application/views/desktop/modules/childCategory.php 21
ERROR - 2017-09-12 01:56:36 --> Severity: Warning --> Invalid argument supplied for foreach() /home/standard_digital/httpdocs/evewoman/application/views/desktop/modules/childCategory.php 21
ERROR - 2017-09-12 02:05:20 --> Severity: Warning --> Invalid argument supplied for foreach() /home/standard_digital/httpdocs/evewoman/application/views/mobile/modules/childCategory.php 12
ERROR - 2017-09-12 02:06:41 --> Severity: Warning --> Invalid argument supplied for foreach() /home/standard_digital/httpdocs/evewoman/application/views/desktop/modules/childCategory.php 21
ERROR - 2017-09-12 02:09:10 --> Severity: Warning --> Invalid argument supplied for foreach() /home/standard_digital/httpdocs/evewoman/application/views/desktop/modules/childCategory.php 21
ERROR - 2017-09-12 02:09:12 --> Severity: Warning --> Invalid argument supplied for foreach() /home/standard_digital/httpdocs/evewoman/application/views/desktop/modules/childCategory.php 21
ERROR - 2017-09-12 02:09:13 --> Severity: Warning --> Invalid argument supplied for foreach() /home/standard_digital/httpdocs/evewoman/application/views/desktop/modules/childCategory.php 21
ERROR - 2017-09-12 02:09:15 --> Severity: Warning --> Invalid argument supplied for foreach() /home/standard_digital/httpdocs/evewoman/application/views/desktop/modules/childCategory.php 21
ERROR - 2017-09-12 02:09:18 --> Severity: Warning --> Invalid argument supplied for foreach() /home/standard_digital/httpdocs/evewoman/application/views/desktop/modules/childCategory.php 21
ERROR - 2017-09-12 02:11:15 --> Severity: Warning --> Invalid argument supplied for foreach() /home/standard_digital/httpdocs/evewoman/application/views/desktop/modules/childCategory.php 21
ERROR - 2017-09-12 02:20:23 --> Severity: Warning --> Invalid argument supplied for foreach() /home/standard_digital/httpdocs/evewoman/application/views/desktop/modules/childCategory.php 21
ERROR - 2017-09-12 02:27:46 --> Query error: Column 'id' in where clause is ambiguous - Invalid query: SELECT `ktn_video`.`title`, `ktn_video`.`videoURL`, `ktn_video`.`id`, `ktn_video_category`.`name`, `ktn_video`.`publishdate`, `ktn_video`.`description`
FROM `ktn_video`
JOIN `ktn_video_category` ON `ktn_video_category`.`id`=`ktn_video`.`categoryid`
WHERE `id` = '2000104774'
ERROR - 2017-09-12 02:27:46 --> Severity: Error --> Call to a member function num_rows() on a non-object /home/standard_digital/httpdocs/evewoman/application/models/Article_model.php 197
ERROR - 2017-09-12 02:30:52 --> Severity: Warning --> Invalid argument supplied for foreach() /home/standard_digital/httpdocs/evewoman/application/views/desktop/modules/childCategory.php 21
ERROR - 2017-09-12 02:35:04 --> Severity: Warning --> mysqli::query(): (70100/1317): Query execution was interrupted /home/standard_digital/httpdocs/evewoman/system/database/drivers/mysqli/mysqli_driver.php 305
ERROR - 2017-09-12 02:35:04 --> Query error: Query execution was interrupted - Invalid query: SELECT *
FROM `std_article_hits`
WHERE `std_article_hits_article_id` = '2000136280'
AND `std_article_hits_date` = '2017-09-12'
ERROR - 2017-09-12 02:35:04 --> Severity: Error --> Call to a member function num_rows() on a non-object /home/standard_digital/httpdocs/evewoman/application/models/Article_model.php 364
ERROR - 2017-09-12 02:35:04 --> Query error: MySQL server has gone away - Invalid query: SELECT *
FROM `std_article`
WHERE `id` = '2000196178'
AND `inactive` is null
ERROR - 2017-09-12 02:35:04 --> Severity: Error --> Call to a member function num_rows() on a non-object /home/standard_digital/httpdocs/evewoman/application/models/Article_model.php 135
ERROR - 2017-09-12 02:35:04 --> Query error: MySQL server has gone away - Invalid query: SELECT *
FROM `std_article`
WHERE `id` = '2000123111'
AND `inactive` is null
ERROR - 2017-09-12 02:35:04 --> Severity: Error --> Call to a member function num_rows() on a non-object /home/standard_digital/httpdocs/evewoman/application/models/Article_model.php 135
ERROR - 2017-09-12 02:35:04 --> Query error: MySQL server has gone away - Invalid query: SELECT *
FROM `std_category`
WHERE `refer_id` = '11'
AND `refer_id` !=0
AND `site` = 'evewoman'
ERROR - 2017-09-12 02:35:04 --> Severity: Error --> Call to a member function num_rows() on a non-object /home/standard_digital/httpdocs/evewoman/application/models/Category_model.php 65
ERROR - 2017-09-12 02:35:04 --> Query error: MySQL server has gone away - Invalid query: SELECT *
FROM `std_category`
WHERE `refer_id` = '5'
AND `refer_id` !=0
AND `site` = 'evewoman'
ERROR - 2017-09-12 02:35:04 --> Severity: Error --> Call to a member function num_rows() on a non-object /home/standard_digital/httpdocs/evewoman/application/models/Category_model.php 65
ERROR - 2017-09-12 02:35:04 --> Query error: MySQL server has gone away - Invalid query: SELECT *
FROM `std_category`
WHERE `refer_id` = '350'
AND `refer_id` !=0
AND `site` = 'evewoman'
ERROR - 2017-09-12 02:35:04 --> Severity: Error --> Call to a member function num_rows() on a non-object /home/standard_digital/httpdocs/evewoman/application/models/Category_model.php 65
ERROR - 2017-09-12 02:36:49 --> Query error: Sort aborted: Query execution was interrupted - Invalid query: SELECT `id`, `title`, `publishdate`, `thumbURL`, `thumbcaption`, `createdby`, `author`, `author_id`, `categoryid`
FROM `std_article`
JOIN `std_article_hits` ON `std_article`.`id`=`std_article_hits`.`std_article_hits_article_id`
WHERE `source` = 'evewoman'
AND `inactive` is null
ORDER BY `std_article_hits` DESC
 LIMIT 6
ERROR - 2017-09-12 02:36:49 --> Query error: Sort aborted: Query execution was interrupted - Invalid query: SELECT `id`, `title`, `publishdate`, `thumbURL`, `thumbcaption`, `createdby`, `author`, `author_id`, `categoryid`
FROM `std_article`
JOIN `std_article_hits` ON `std_article`.`id`=`std_article_hits`.`std_article_hits_article_id`
WHERE `source` = 'evewoman'
AND `inactive` is null
ORDER BY `std_article_hits` DESC
 LIMIT 8
ERROR - 2017-09-12 02:36:49 --> Query error: Sort aborted: Query execution was interrupted - Invalid query: SELECT `id`, `title`, `publishdate`, `thumbURL`, `thumbcaption`, `createdby`, `author`, `author_id`, `categoryid`
FROM `std_article`
JOIN `std_article_hits` ON `std_article`.`id`=`std_article_hits`.`std_article_hits_article_id`
WHERE `source` = 'evewoman'
AND `inactive` is null
ORDER BY `std_article_hits` DESC
 LIMIT 8
ERROR - 2017-09-12 02:36:49 --> Query error: Query execution was interrupted - Invalid query: DELETE FROM `std_article_trends`
WHERE `std_trend_timestamp` <= '2017-09-12 02:26:00'
ERROR - 2017-09-12 02:36:49 --> Query error: MySQL server has gone away - Invalid query: SELECT *
FROM `std_category`
WHERE `refer_id` =0
AND `parentid` =0
AND `site` = 'evewoman'
AND `inactive` is null
AND `id` = 271
ERROR - 2017-09-12 02:36:49 --> Severity: Error --> Call to a member function num_rows() on a non-object /home/standard_digital/httpdocs/evewoman/application/models/Category_model.php 50
ERROR - 2017-09-12 02:36:49 --> Query error: MySQL server has gone away - Invalid query: SELECT *
FROM `std_category`
WHERE `refer_id` = '11'
AND `refer_id` !=0
AND `site` = 'evewoman'
ERROR - 2017-09-12 02:36:49 --> Severity: Error --> Call to a member function num_rows() on a non-object /home/standard_digital/httpdocs/evewoman/application/models/Category_model.php 65
ERROR - 2017-09-12 02:36:49 --> Query error: MySQL server has gone away - Invalid query: SELECT *
FROM `std_category`
WHERE `refer_id` = '5'
AND `refer_id` !=0
AND `site` = 'evewoman'
ERROR - 2017-09-12 02:36:49 --> Severity: Error --> Call to a member function num_rows() on a non-object /home/standard_digital/httpdocs/evewoman/application/models/Category_model.php 65
ERROR - 2017-09-12 02:36:49 --> Query error: MySQL server has gone away - Invalid query: SELECT *
FROM `std_category`
WHERE `refer_id` = '28'
AND `refer_id` !=0
AND `site` = 'evewoman'
ERROR - 2017-09-12 02:36:49 --> Severity: Error --> Call to a member function num_rows() on a non-object /home/standard_digital/httpdocs/evewoman/application/models/Category_model.php 65
ERROR - 2017-09-12 02:36:49 --> Query error: MySQL server has gone away - Invalid query: SELECT *
FROM `std_category`
WHERE `refer_id` = '34'
AND `refer_id` !=0
AND `site` = 'evewoman'
ERROR - 2017-09-12 02:36:49 --> Severity: Error --> Call to a member function num_rows() on a non-object /home/standard_digital/httpdocs/evewoman/application/models/Category_model.php 65
ERROR - 2017-09-12 02:36:49 --> Query error: MySQL server has gone away - Invalid query: SELECT *
FROM `std_category`
WHERE `refer_id` = '8'
AND `refer_id` !=0
AND `site` = 'evewoman'
ERROR - 2017-09-12 02:36:49 --> Severity: Error --> Call to a member function num_rows() on a non-object /home/standard_digital/httpdocs/evewoman/application/models/Category_model.php 65
ERROR - 2017-09-12 02:36:49 --> Query error: MySQL server has gone away - Invalid query: SELECT *
FROM `std_category`
WHERE `refer_id` = '5'
AND `refer_id` !=0
AND `site` = 'evewoman'
ERROR - 2017-09-12 02:36:49 --> Severity: Error --> Call to a member function num_rows() on a non-object /home/standard_digital/httpdocs/evewoman/application/models/Category_model.php 65
ERROR - 2017-09-12 02:36:49 --> Query error: MySQL server has gone away - Invalid query: SELECT *
FROM `std_category`
WHERE `refer_id` = '11'
AND `refer_id` !=0
AND `site` = 'evewoman'
ERROR - 2017-09-12 02:36:49 --> Severity: Error --> Call to a member function num_rows() on a non-object /home/standard_digital/httpdocs/evewoman/application/models/Category_model.php 65
ERROR - 2017-09-12 02:36:49 --> Query error: MySQL server has gone away - Invalid query: SELECT *
FROM `std_article`
WHERE `id` = '2000163217'
AND `inactive` is null
ERROR - 2017-09-12 02:36:49 --> Severity: Error --> Call to a member function num_rows() on a non-object /home/standard_digital/httpdocs/evewoman/application/models/Article_model.php 135
ERROR - 2017-09-12 02:36:49 --> Query error: MySQL server has gone away - Invalid query: SELECT *
FROM `std_category`
WHERE `refer_id` = '5'
AND `refer_id` !=0
AND `site` = 'evewoman'
ERROR - 2017-09-12 02:36:49 --> Query error: MySQL server has gone away - Invalid query: SELECT *
FROM `std_category`
WHERE `refer_id` = '11'
AND `refer_id` !=0
AND `site` = 'evewoman'
ERROR - 2017-09-12 02:36:49 --> Severity: Error --> Call to a member function num_rows() on a non-object /home/standard_digital/httpdocs/evewoman/application/models/Category_model.php 65
ERROR - 2017-09-12 02:36:49 --> Severity: Error --> Call to a member function num_rows() on a non-object /home/standard_digital/httpdocs/evewoman/application/models/Category_model.php 65
ERROR - 2017-09-12 02:42:14 --> Severity: Warning --> Invalid argument supplied for foreach() /home/standard_digital/httpdocs/evewoman/application/views/desktop/modules/childCategory.php 21
ERROR - 2017-09-12 02:42:18 --> Severity: Warning --> Invalid argument supplied for foreach() /home/standard_digital/httpdocs/evewoman/application/views/desktop/modules/childCategory.php 21
ERROR - 2017-09-12 02:49:19 --> Severity: Warning --> Invalid argument supplied for foreach() /home/standard_digital/httpdocs/evewoman/application/views/desktop/modules/childCategory.php 21
ERROR - 2017-09-12 02:52:19 --> Severity: Warning --> Invalid argument supplied for foreach() /home/standard_digital/httpdocs/evewoman/application/views/desktop/modules/childCategory.php 21
ERROR - 2017-09-12 03:00:05 --> Severity: Warning --> Invalid argument supplied for foreach() /home/standard_digital/httpdocs/evewoman/application/views/desktop/modules/childCategory.php 21
ERROR - 2017-09-12 03:00:23 --> Severity: Warning --> Invalid argument supplied for foreach() /home/standard_digital/httpdocs/evewoman/application/views/mobile/modules/childCategory.php 12
ERROR - 2017-09-12 03:00:37 --> Severity: Warning --> Invalid argument supplied for foreach() /home/standard_digital/httpdocs/evewoman/application/views/mobile/modules/childCategory.php 12
ERROR - 2017-09-12 03:02:10 --> Severity: Warning --> Invalid argument supplied for foreach() /home/standard_digital/httpdocs/evewoman/application/views/desktop/modules/childCategory.php 21
ERROR - 2017-09-12 03:02:50 --> Severity: Warning --> Invalid argument supplied for foreach() /home/standard_digital/httpdocs/evewoman/application/views/desktop/modules/childCategory.php 21
ERROR - 2017-09-12 03:02:52 --> Severity: Warning --> Invalid argument supplied for foreach() /home/standard_digital/httpdocs/evewoman/application/views/desktop/modules/childCategory.php 21
ERROR - 2017-09-12 03:02:54 --> Severity: Warning --> Invalid argument supplied for foreach() /home/standard_digital/httpdocs/evewoman/application/views/desktop/modules/childCategory.php 21
ERROR - 2017-09-12 03:02:56 --> Severity: Warning --> Invalid argument supplied for foreach() /home/standard_digital/httpdocs/evewoman/application/views/desktop/modules/childCategory.php 21
ERROR - 2017-09-12 03:02:57 --> Severity: Warning --> Invalid argument supplied for foreach() /home/standard_digital/httpdocs/evewoman/application/views/desktop/modules/childCategory.php 21
ERROR - 2017-09-12 03:02:59 --> Severity: Warning --> Invalid argument supplied for foreach() /home/standard_digital/httpdocs/evewoman/application/views/desktop/modules/childCategory.php 21
ERROR - 2017-09-12 03:05:18 --> Severity: Warning --> Invalid argument supplied for foreach() /home/standard_digital/httpdocs/evewoman/application/views/mobile/modules/childCategory.php 12
ERROR - 2017-09-12 03:06:15 --> Severity: Warning --> Invalid argument supplied for foreach() /home/standard_digital/httpdocs/evewoman/application/views/mobile/modules/childCategory.php 12
ERROR - 2017-09-12 03:07:02 --> Severity: Warning --> Invalid argument supplied for foreach() /home/standard_digital/httpdocs/evewoman/application/views/desktop/modules/childCategory.php 21
ERROR - 2017-09-12 03:17:10 --> Severity: Warning --> Invalid argument supplied for foreach() /home/standard_digital/httpdocs/evewoman/application/views/desktop/modules/childCategory.php 21
ERROR - 2017-09-12 03:20:33 --> Severity: Warning --> Invalid argument supplied for foreach() /home/standard_digital/httpdocs/evewoman/application/views/desktop/modules/childCategory.php 21
ERROR - 2017-09-12 03:21:33 --> Severity: Warning --> Invalid argument supplied for foreach() /home/standard_digital/httpdocs/evewoman/application/views/desktop/modules/childCategory.php 21
ERROR - 2017-09-12 03:24:49 --> Query error: Column 'id' in where clause is ambiguous - Invalid query: SELECT `ktn_video`.`title`, `ktn_video`.`videoURL`, `ktn_video`.`id`, `ktn_video_category`.`name`, `ktn_video`.`publishdate`, `ktn_video`.`description`
FROM `ktn_video`
JOIN `ktn_video_category` ON `ktn_video_category`.`id`=`ktn_video`.`categoryid`
WHERE `id` = '2000115188'
ERROR - 2017-09-12 03:24:49 --> Severity: Error --> Call to a member function num_rows() on a non-object /home/standard_digital/httpdocs/evewoman/application/models/Article_model.php 197
ERROR - 2017-09-12 03:40:33 --> Severity: Warning --> Invalid argument supplied for foreach() /home/standard_digital/httpdocs/evewoman/application/views/desktop/modules/childCategory.php 21
ERROR - 2017-09-12 03:49:19 --> Severity: Warning --> Invalid argument supplied for foreach() /home/standard_digital/httpdocs/evewoman/application/views/mobile/modules/childCategory.php 12
ERROR - 2017-09-12 03:49:59 --> Severity: Warning --> Invalid argument supplied for foreach() /home/standard_digital/httpdocs/evewoman/application/views/desktop/modules/childCategory.php 21
ERROR - 2017-09-12 03:51:26 --> Severity: Warning --> Invalid argument supplied for foreach() /home/standard_digital/httpdocs/evewoman/application/views/desktop/modules/childCategory.php 21
ERROR - 2017-09-12 03:54:51 --> Severity: Warning --> Invalid argument supplied for foreach() /home/standard_digital/httpdocs/evewoman/application/views/mobile/modules/childCategory.php 12
ERROR - 2017-09-12 03:56:57 --> Severity: Warning --> Invalid argument supplied for foreach() /home/standard_digital/httpdocs/evewoman/application/views/desktop/modules/childCategory.php 21
ERROR - 2017-09-12 03:58:34 --> Severity: Warning --> Invalid argument supplied for foreach() /home/standard_digital/httpdocs/evewoman/application/views/desktop/modules/childCategory.php 21
ERROR - 2017-09-12 03:58:53 --> Severity: Warning --> Invalid argument supplied for foreach() /home/standard_digital/httpdocs/evewoman/application/views/desktop/modules/childCategory.php 21
ERROR - 2017-09-12 03:59:17 --> Severity: Warning --> Invalid argument supplied for foreach() /home/standard_digital/httpdocs/evewoman/application/views/mobile/modules/childCategory.php 12
ERROR - 2017-09-12 04:01:51 --> Severity: Warning --> Invalid argument supplied for foreach() /home/standard_digital/httpdocs/evewoman/application/views/mobile/modules/childCategory.php 12
ERROR - 2017-09-12 04:04:32 --> Severity: Warning --> Invalid argument supplied for foreach() /home/standard_digital/httpdocs/evewoman/application/views/mobile/modules/childCategory.php 12
ERROR - 2017-09-12 04:05:50 --> Severity: Warning --> Invalid argument supplied for foreach() /home/standard_digital/httpdocs/evewoman/application/views/desktop/modules/childCategory.php 21
ERROR - 2017-09-12 04:06:30 --> Severity: Warning --> Invalid argument supplied for foreach() /home/standard_digital/httpdocs/evewoman/application/views/desktop/modules/childCategory.php 21
ERROR - 2017-09-12 04:10:09 --> Severity: Warning --> Invalid argument supplied for foreach() /home/standard_digital/httpdocs/evewoman/application/views/mobile/modules/childCategory.php 12
ERROR - 2017-09-12 04:10:25 --> Severity: Warning --> Invalid argument supplied for foreach() /home/standard_digital/httpdocs/evewoman/application/views/mobile/modules/childCategory.php 12
ERROR - 2017-09-12 04:13:49 --> Severity: Warning --> Invalid argument supplied for foreach() /home/standard_digital/httpdocs/evewoman/application/views/desktop/modules/childCategory.php 21
ERROR - 2017-09-12 04:17:33 --> Severity: Notice --> Undefined index: HTTP_USER_AGENT /home/standard_digital/httpdocs/evewoman/application/libraries/Assist.php 149
ERROR - 2017-09-12 04:18:17 --> Severity: Notice --> Undefined index: HTTP_USER_AGENT /home/standard_digital/httpdocs/evewoman/application/libraries/Assist.php 149
ERROR - 2017-09-12 04:21:16 --> Severity: Notice --> Undefined index: HTTP_USER_AGENT /home/standard_digital/httpdocs/evewoman/application/libraries/Assist.php 149
ERROR - 2017-09-12 04:21:25 --> Severity: Notice --> Undefined index: HTTP_USER_AGENT /home/standard_digital/httpdocs/evewoman/application/libraries/Assist.php 149
ERROR - 2017-09-12 04:21:35 --> Severity: Warning --> Invalid argument supplied for foreach() /home/standard_digital/httpdocs/evewoman/application/views/desktop/modules/childCategory.php 21
ERROR - 2017-09-12 04:26:07 --> Severity: Warning --> Invalid argument supplied for foreach() /home/standard_digital/httpdocs/evewoman/application/views/desktop/modules/childCategory.php 21
ERROR - 2017-09-12 04:29:22 --> Severity: Warning --> Invalid argument supplied for foreach() /home/standard_digital/httpdocs/evewoman/application/views/desktop/modules/childCategory.php 21
ERROR - 2017-09-12 04:32:44 --> Severity: Warning --> Invalid argument supplied for foreach() /home/standard_digital/httpdocs/evewoman/application/views/desktop/modules/childCategory.php 21
ERROR - 2017-09-12 04:35:17 --> Severity: Warning --> Invalid argument supplied for foreach() /home/standard_digital/httpdocs/evewoman/application/views/desktop/modules/childCategory.php 21
ERROR - 2017-09-12 04:37:28 --> Severity: Notice --> Undefined index: HTTP_USER_AGENT /home/standard_digital/httpdocs/evewoman/application/libraries/Assist.php 149
ERROR - 2017-09-12 04:45:38 --> Severity: Warning --> Invalid argument supplied for foreach() /home/standard_digital/httpdocs/evewoman/application/views/desktop/modules/childCategory.php 21
ERROR - 2017-09-12 04:45:45 --> Severity: Warning --> Invalid argument supplied for foreach() /home/standard_digital/httpdocs/evewoman/application/views/desktop/modules/childCategory.php 21
ERROR - 2017-09-12 04:45:58 --> Severity: Warning --> Invalid argument supplied for foreach() /home/standard_digital/httpdocs/evewoman/application/views/desktop/modules/childCategory.php 21
ERROR - 2017-09-12 04:47:14 --> Severity: Warning --> Invalid argument supplied for foreach() /home/standard_digital/httpdocs/evewoman/application/views/desktop/modules/childCategory.php 21
ERROR - 2017-09-12 04:49:54 --> Severity: Warning --> Invalid argument supplied for foreach() /home/standard_digital/httpdocs/evewoman/application/views/desktop/modules/childCategory.php 21
ERROR - 2017-09-12 04:55:09 --> Severity: Warning --> Invalid argument supplied for foreach() /home/standard_digital/httpdocs/evewoman/application/views/desktop/modules/childCategory.php 21
ERROR - 2017-09-12 05:04:50 --> Severity: Warning --> Invalid argument supplied for foreach() /home/standard_digital/httpdocs/evewoman/application/views/desktop/modules/childCategory.php 21
ERROR - 2017-09-12 05:05:51 --> Severity: Warning --> Invalid argument supplied for foreach() /home/standard_digital/httpdocs/evewoman/application/views/desktop/modules/childCategory.php 21
ERROR - 2017-09-12 05:25:13 --> Severity: Warning --> Invalid argument supplied for foreach() /home/standard_digital/httpdocs/evewoman/application/views/desktop/modules/childCategory.php 21
ERROR - 2017-09-12 05:28:20 --> Severity: Warning --> Invalid argument supplied for foreach() /home/standard_digital/httpdocs/evewoman/application/views/desktop/modules/childCategory.php 21
ERROR - 2017-09-12 05:32:52 --> Severity: Warning --> Invalid argument supplied for foreach() /home/standard_digital/httpdocs/evewoman/application/views/desktop/modules/childCategory.php 21
ERROR - 2017-09-12 05:36:33 --> Severity: Warning --> Invalid argument supplied for foreach() /home/standard_digital/httpdocs/evewoman/application/views/desktop/modules/childCategory.php 21
ERROR - 2017-09-12 05:39:46 --> Severity: Warning --> Invalid argument supplied for foreach() /home/standard_digital/httpdocs/evewoman/application/views/desktop/modules/childCategory.php 21
ERROR - 2017-09-12 05:44:29 --> Severity: Warning --> Invalid argument supplied for foreach() /home/standard_digital/httpdocs/evewoman/application/views/desktop/modules/childCategory.php 21
ERROR - 2017-09-12 05:47:19 --> Severity: Warning --> Invalid argument supplied for foreach() /home/standard_digital/httpdocs/evewoman/application/views/desktop/modules/childCategory.php 21
ERROR - 2017-09-12 05:52:21 --> Severity: Warning --> Invalid argument supplied for foreach() /home/standard_digital/httpdocs/evewoman/application/views/desktop/modules/childCategory.php 21
ERROR - 2017-09-12 05:53:17 --> Severity: Warning --> Invalid argument supplied for foreach() /home/standard_digital/httpdocs/evewoman/application/views/desktop/modules/childCategory.php 21
ERROR - 2017-09-12 05:53:26 --> Severity: Warning --> Invalid argument supplied for foreach() /home/standard_digital/httpdocs/evewoman/application/views/desktop/modules/childCategory.php 21
ERROR - 2017-09-12 05:58:07 --> Severity: Warning --> Invalid argument supplied for foreach() /home/standard_digital/httpdocs/evewoman/application/views/desktop/modules/childCategory.php 21
ERROR - 2017-09-12 06:13:13 --> Severity: Warning --> Invalid argument supplied for foreach() /home/standard_digital/httpdocs/evewoman/application/views/mobile/modules/childCategory.php 12
ERROR - 2017-09-12 06:14:23 --> Severity: Warning --> Invalid argument supplied for foreach() /home/standard_digital/httpdocs/evewoman/application/views/desktop/modules/childCategory.php 21
ERROR - 2017-09-12 06:30:17 --> Severity: Warning --> Invalid argument supplied for foreach() /home/standard_digital/httpdocs/evewoman/application/views/desktop/modules/childCategory.php 21
ERROR - 2017-09-12 06:30:20 --> Severity: Warning --> Invalid argument supplied for foreach() /home/standard_digital/httpdocs/evewoman/application/views/desktop/modules/childCategory.php 21
ERROR - 2017-09-12 06:44:29 --> Severity: Warning --> Invalid argument supplied for foreach() /home/standard_digital/httpdocs/evewoman/application/views/desktop/modules/childCategory.php 21
ERROR - 2017-09-12 06:45:27 --> Severity: Warning --> Invalid argument supplied for foreach() /home/standard_digital/httpdocs/evewoman/application/views/desktop/modules/childCategory.php 21
ERROR - 2017-09-12 06:46:15 --> Severity: Warning --> Invalid argument supplied for foreach() /home/standard_digital/httpdocs/evewoman/application/views/desktop/modules/childCategory.php 21
ERROR - 2017-09-12 06:58:14 --> Severity: Warning --> Invalid argument supplied for foreach() /home/standard_digital/httpdocs/evewoman/application/views/desktop/modules/childCategory.php 21
ERROR - 2017-09-12 06:58:33 --> Severity: Warning --> Invalid argument supplied for foreach() /home/standard_digital/httpdocs/evewoman/application/views/desktop/modules/childCategory.php 21
ERROR - 2017-09-12 07:01:39 --> Severity: Warning --> Invalid argument supplied for foreach() /home/standard_digital/httpdocs/evewoman/application/views/desktop/modules/childCategory.php 21
ERROR - 2017-09-12 07:03:07 --> Severity: Warning --> Invalid argument supplied for foreach() /home/standard_digital/httpdocs/evewoman/application/views/desktop/modules/childCategory.php 21
ERROR - 2017-09-12 07:09:24 --> Severity: Warning --> Invalid argument supplied for foreach() /home/standard_digital/httpdocs/evewoman/application/views/desktop/modules/childCategory.php 21
ERROR - 2017-09-12 07:13:19 --> Severity: Warning --> Invalid argument supplied for foreach() /home/standard_digital/httpdocs/evewoman/application/views/desktop/modules/childCategory.php 21
ERROR - 2017-09-12 07:19:25 --> Severity: Warning --> Invalid argument supplied for foreach() /home/standard_digital/httpdocs/evewoman/application/views/desktop/modules/childCategory.php 21
ERROR - 2017-09-12 07:21:02 --> Severity: Warning --> Invalid argument supplied for foreach() /home/standard_digital/httpdocs/evewoman/application/views/desktop/modules/childCategory.php 21
ERROR - 2017-09-12 07:23:09 --> Severity: Warning --> Invalid argument supplied for foreach() /home/standard_digital/httpdocs/evewoman/application/views/desktop/modules/childCategory.php 21
ERROR - 2017-09-12 07:27:44 --> Severity: Warning --> Invalid argument supplied for foreach() /home/standard_digital/httpdocs/evewoman/application/views/desktop/modules/childCategory.php 21
ERROR - 2017-09-12 07:35:07 --> Severity: Warning --> Invalid argument supplied for foreach() /home/standard_digital/httpdocs/evewoman/application/views/mobile/modules/childCategory.php 12
ERROR - 2017-09-12 07:35:07 --> Severity: Warning --> Invalid argument supplied for foreach() /home/standard_digital/httpdocs/evewoman/application/views/mobile/modules/childCategory.php 12
ERROR - 2017-09-12 07:35:07 --> Severity: Warning --> Invalid argument supplied for foreach() /home/standard_digital/httpdocs/evewoman/application/views/mobile/modules/childCategory.php 12
ERROR - 2017-09-12 07:40:19 --> Severity: error --> Exception: /home/standard_digital/httpdocs/evewoman/application/models/Article_model.php exists, but doesn't declare class Article_model /home/standard_digital/httpdocs/evewoman/system/core/Loader.php 336
ERROR - 2017-09-12 07:42:28 --> Severity: Warning --> Invalid argument supplied for foreach() /home/standard_digital/httpdocs/evewoman/application/views/desktop/modules/childCategory.php 21
ERROR - 2017-09-12 07:44:45 --> Severity: Warning --> Invalid argument supplied for foreach() /home/standard_digital/httpdocs/evewoman/application/views/desktop/modules/childCategory.php 21
ERROR - 2017-09-12 07:47:45 --> Severity: Warning --> Invalid argument supplied for foreach() /home/standard_digital/httpdocs/evewoman/application/views/desktop/modules/childCategory.php 21
ERROR - 2017-09-12 07:50:41 --> Severity: Warning --> Invalid argument supplied for foreach() /home/standard_digital/httpdocs/evewoman/application/views/mobile/modules/childCategory.php 12
ERROR - 2017-09-12 07:50:41 --> Severity: Warning --> Invalid argument supplied for foreach() /home/standard_digital/httpdocs/evewoman/application/views/mobile/modules/childCategory.php 12
ERROR - 2017-09-12 08:00:50 --> Severity: Warning --> Invalid argument supplied for foreach() /home/standard_digital/httpdocs/evewoman/application/views/mobile/modules/childCategory.php 12
ERROR - 2017-09-12 08:00:52 --> Severity: Warning --> Invalid argument supplied for foreach() /home/standard_digital/httpdocs/evewoman/application/views/mobile/modules/childCategory.php 12
ERROR - 2017-09-12 08:00:52 --> Severity: Warning --> Invalid argument supplied for foreach() /home/standard_digital/httpdocs/evewoman/application/views/mobile/modules/childCategory.php 12
ERROR - 2017-09-12 08:02:22 --> Severity: Warning --> Invalid argument supplied for foreach() /home/standard_digital/httpdocs/evewoman/application/views/desktop/modules/childCategory.php 21
ERROR - 2017-09-12 08:17:39 --> Severity: Warning --> Invalid argument supplied for foreach() /home/standard_digital/httpdocs/evewoman/application/views/desktop/modules/childCategory.php 21
ERROR - 2017-09-12 08:17:59 --> Severity: Warning --> Invalid argument supplied for foreach() /home/standard_digital/httpdocs/evewoman/application/views/desktop/modules/childCategory.php 21
ERROR - 2017-09-12 08:20:09 --> Severity: Warning --> Invalid argument supplied for foreach() /home/standard_digital/httpdocs/evewoman/application/views/desktop/modules/childCategory.php 21
ERROR - 2017-09-12 08:21:56 --> Severity: Warning --> Invalid argument supplied for foreach() /home/standard_digital/httpdocs/evewoman/application/views/desktop/modules/childCategory.php 21
ERROR - 2017-09-12 08:29:05 --> Severity: Warning --> Invalid argument supplied for foreach() /home/standard_digital/httpdocs/evewoman/application/views/desktop/modules/childCategory.php 21
ERROR - 2017-09-12 08:31:39 --> Severity: Warning --> Invalid argument supplied for foreach() /home/standard_digital/httpdocs/evewoman/application/views/mobile/modules/childCategory.php 12
ERROR - 2017-09-12 08:31:39 --> Severity: Warning --> Invalid argument supplied for foreach() /home/standard_digital/httpdocs/evewoman/application/views/mobile/modules/childCategory.php 12
ERROR - 2017-09-12 08:36:01 --> Severity: Warning --> Invalid argument supplied for foreach() /home/standard_digital/httpdocs/evewoman/application/views/mobile/modules/childCategory.php 12
ERROR - 2017-09-12 08:36:02 --> Severity: Warning --> Invalid argument supplied for foreach() /home/standard_digital/httpdocs/evewoman/application/views/mobile/modules/childCategory.php 12
ERROR - 2017-09-12 08:45:19 --> Severity: Warning --> Invalid argument supplied for foreach() /home/standard_digital/httpdocs/evewoman/application/views/desktop/modules/childCategory.php 21
ERROR - 2017-09-12 08:53:19 --> Severity: Warning --> Invalid argument supplied for foreach() /home/standard_digital/httpdocs/evewoman/application/views/desktop/modules/childCategory.php 21
ERROR - 2017-09-12 08:54:16 --> Severity: Warning --> Invalid argument supplied for foreach() /home/standard_digital/httpdocs/evewoman/application/views/mobile/modules/childCategory.php 12
ERROR - 2017-09-12 08:54:16 --> Severity: Warning --> Invalid argument supplied for foreach() /home/standard_digital/httpdocs/evewoman/application/views/mobile/modules/childCategory.php 12
ERROR - 2017-09-12 08:54:16 --> Severity: Warning --> Invalid argument supplied for foreach() /home/standard_digital/httpdocs/evewoman/application/views/mobile/modules/childCategory.php 12
ERROR - 2017-09-12 08:54:16 --> Severity: Warning --> Invalid argument supplied for foreach() /home/standard_digital/httpdocs/evewoman/application/views/mobile/modules/childCategory.php 12
ERROR - 2017-09-12 08:56:29 --> Severity: Warning --> Invalid argument supplied for foreach() /home/standard_digital/httpdocs/evewoman/application/views/desktop/modules/childCategory.php 21
ERROR - 2017-09-12 09:08:20 --> Severity: Warning --> Invalid argument supplied for foreach() /home/standard_digital/httpdocs/evewoman/application/views/desktop/modules/childCategory.php 21
ERROR - 2017-09-12 09:13:27 --> Severity: Warning --> Invalid argument supplied for foreach() /home/standard_digital/httpdocs/evewoman/application/views/desktop/modules/childCategory.php 21
ERROR - 2017-09-12 09:22:04 --> Severity: Warning --> Invalid argument supplied for foreach() /home/standard_digital/httpdocs/evewoman/application/views/desktop/modules/childCategory.php 21
ERROR - 2017-09-12 09:24:04 --> Severity: Warning --> Invalid argument supplied for foreach() /home/standard_digital/httpdocs/evewoman/application/views/desktop/modules/childCategory.php 21
ERROR - 2017-09-12 09:25:31 --> Severity: Warning --> Invalid argument supplied for foreach() /home/standard_digital/httpdocs/evewoman/application/views/desktop/modules/childCategory.php 21
ERROR - 2017-09-12 09:28:54 --> Severity: Warning --> Invalid argument supplied for foreach() /home/standard_digital/httpdocs/evewoman/application/views/desktop/modules/childCategory.php 21
ERROR - 2017-09-12 09:31:57 --> Severity: Warning --> Invalid argument supplied for foreach() /home/standard_digital/httpdocs/evewoman/application/views/desktop/modules/childCategory.php 21
ERROR - 2017-09-12 09:36:41 --> Severity: Warning --> Invalid argument supplied for foreach() /home/standard_digital/httpdocs/evewoman/application/views/mobile/modules/childCategory.php 12
ERROR - 2017-09-12 09:36:54 --> Severity: Warning --> Invalid argument supplied for foreach() /home/standard_digital/httpdocs/evewoman/application/views/desktop/modules/childCategory.php 21
ERROR - 2017-09-12 09:47:15 --> Severity: Warning --> Invalid argument supplied for foreach() /home/standard_digital/httpdocs/evewoman/application/views/desktop/modules/childCategory.php 21
ERROR - 2017-09-12 09:50:00 --> Severity: Warning --> Invalid argument supplied for foreach() /home/standard_digital/httpdocs/evewoman/application/views/mobile/modules/childCategory.php 12
ERROR - 2017-09-12 09:50:02 --> Severity: Warning --> Invalid argument supplied for foreach() /home/standard_digital/httpdocs/evewoman/application/views/mobile/modules/childCategory.php 12
ERROR - 2017-09-12 09:54:02 --> Severity: Warning --> Invalid argument supplied for foreach() /home/standard_digital/httpdocs/evewoman/application/views/desktop/modules/childCategory.php 21
ERROR - 2017-09-12 09:54:06 --> Severity: Warning --> Invalid argument supplied for foreach() /home/standard_digital/httpdocs/evewoman/application/views/desktop/modules/childCategory.php 21
ERROR - 2017-09-12 10:01:17 --> Severity: Warning --> Invalid argument supplied for foreach() /home/standard_digital/httpdocs/evewoman/application/views/desktop/modules/childCategory.php 21
ERROR - 2017-09-12 10:03:44 --> Severity: Warning --> Invalid argument supplied for foreach() /home/standard_digital/httpdocs/evewoman/application/views/desktop/modules/childCategory.php 21
ERROR - 2017-09-12 10:10:29 --> Severity: Warning --> Invalid argument supplied for foreach() /home/standard_digital/httpdocs/evewoman/application/views/desktop/modules/childCategory.php 21
ERROR - 2017-09-12 10:10:38 --> Severity: Warning --> Invalid argument supplied for foreach() /home/standard_digital/httpdocs/evewoman/application/views/mobile/modules/childCategory.php 12
ERROR - 2017-09-12 10:10:39 --> Severity: Warning --> Invalid argument supplied for foreach() /home/standard_digital/httpdocs/evewoman/application/views/desktop/modules/childCategory.php 21
ERROR - 2017-09-12 10:10:39 --> Severity: Warning --> Invalid argument supplied for foreach() /home/standard_digital/httpdocs/evewoman/application/views/mobile/modules/childCategory.php 12
ERROR - 2017-09-12 10:10:39 --> Severity: Warning --> Invalid argument supplied for foreach() /home/standard_digital/httpdocs/evewoman/application/views/mobile/modules/childCategory.php 12
ERROR - 2017-09-12 10:14:39 --> Severity: Warning --> Invalid argument supplied for foreach() /home/standard_digital/httpdocs/evewoman/application/views/desktop/modules/childCategory.php 21
ERROR - 2017-09-12 10:20:43 --> Severity: Warning --> Invalid argument supplied for foreach() /home/standard_digital/httpdocs/evewoman/application/views/desktop/modules/childCategory.php 21
ERROR - 2017-09-12 10:25:14 --> Severity: Warning --> Invalid argument supplied for foreach() /home/standard_digital/httpdocs/evewoman/application/views/desktop/modules/childCategory.php 21
ERROR - 2017-09-12 10:28:47 --> Severity: Warning --> Invalid argument supplied for foreach() /home/standard_digital/httpdocs/evewoman/application/views/desktop/modules/childCategory.php 21
ERROR - 2017-09-12 10:29:01 --> Severity: Warning --> Invalid argument supplied for foreach() /home/standard_digital/httpdocs/evewoman/application/views/mobile/modules/childCategory.php 12
ERROR - 2017-09-12 10:34:05 --> Severity: Warning --> Invalid argument supplied for foreach() /home/standard_digital/httpdocs/evewoman/application/views/desktop/modules/childCategory.php 21
ERROR - 2017-09-12 10:36:36 --> Severity: Warning --> Invalid argument supplied for foreach() /home/standard_digital/httpdocs/evewoman/application/views/desktop/modules/childCategory.php 21
ERROR - 2017-09-12 10:45:38 --> Severity: Warning --> Invalid argument supplied for foreach() /home/standard_digital/httpdocs/evewoman/application/views/desktop/modules/childCategory.php 21
ERROR - 2017-09-12 10:50:48 --> Severity: Warning --> Invalid argument supplied for foreach() /home/standard_digital/httpdocs/evewoman/application/views/desktop/modules/childCategory.php 21
ERROR - 2017-09-12 10:50:49 --> Severity: Warning --> Invalid argument supplied for foreach() /home/standard_digital/httpdocs/evewoman/application/views/desktop/modules/childCategory.php 21
ERROR - 2017-09-12 10:50:49 --> Severity: Warning --> Invalid argument supplied for foreach() /home/standard_digital/httpdocs/evewoman/application/views/desktop/modules/childCategory.php 21
ERROR - 2017-09-12 10:50:49 --> Severity: Warning --> Invalid argument supplied for foreach() /home/standard_digital/httpdocs/evewoman/application/views/desktop/modules/childCategory.php 21
ERROR - 2017-09-12 10:50:49 --> Severity: Warning --> Invalid argument supplied for foreach() /home/standard_digital/httpdocs/evewoman/application/views/mobile/modules/childCategory.php 12
ERROR - 2017-09-12 10:50:49 --> Severity: Warning --> Invalid argument supplied for foreach() /home/standard_digital/httpdocs/evewoman/application/views/mobile/modules/childCategory.php 12
ERROR - 2017-09-12 10:50:49 --> Severity: Warning --> Invalid argument supplied for foreach() /home/standard_digital/httpdocs/evewoman/application/views/desktop/modules/childCategory.php 21
ERROR - 2017-09-12 10:50:49 --> Severity: Warning --> Invalid argument supplied for foreach() /home/standard_digital/httpdocs/evewoman/application/views/mobile/modules/childCategory.php 12
ERROR - 2017-09-12 10:50:49 --> Severity: Warning --> Invalid argument supplied for foreach() /home/standard_digital/httpdocs/evewoman/application/views/mobile/modules/childCategory.php 12
ERROR - 2017-09-12 10:50:50 --> Severity: Warning --> Invalid argument supplied for foreach() /home/standard_digital/httpdocs/evewoman/application/views/mobile/modules/childCategory.php 12
ERROR - 2017-09-12 10:50:50 --> Severity: Warning --> Invalid argument supplied for foreach() /home/standard_digital/httpdocs/evewoman/application/views/mobile/modules/childCategory.php 12
ERROR - 2017-09-12 10:50:56 --> Severity: Warning --> Invalid argument supplied for foreach() /home/standard_digital/httpdocs/evewoman/application/views/desktop/modules/childCategory.php 21
ERROR - 2017-09-12 10:52:24 --> Severity: Warning --> Invalid argument supplied for foreach() /home/standard_digital/httpdocs/evewoman/application/views/desktop/modules/childCategory.php 21
ERROR - 2017-09-12 10:52:52 --> Severity: Warning --> Invalid argument supplied for foreach() /home/standard_digital/httpdocs/evewoman/application/views/mobile/modules/childCategory.php 12
ERROR - 2017-09-12 10:53:05 --> Severity: Warning --> Invalid argument supplied for foreach() /home/standard_digital/httpdocs/evewoman/application/views/desktop/modules/childCategory.php 21
ERROR - 2017-09-12 10:53:06 --> Severity: Warning --> Invalid argument supplied for foreach() /home/standard_digital/httpdocs/evewoman/application/views/desktop/modules/childCategory.php 21
ERROR - 2017-09-12 10:53:49 --> Severity: Warning --> Invalid argument supplied for foreach() /home/standard_digital/httpdocs/evewoman/application/views/desktop/modules/childCategory.php 21
ERROR - 2017-09-12 10:55:42 --> Severity: Warning --> Invalid argument supplied for foreach() /home/standard_digital/httpdocs/evewoman/application/views/desktop/modules/childCategory.php 21
ERROR - 2017-09-12 11:02:10 --> Severity: Warning --> Invalid argument supplied for foreach() /home/standard_digital/httpdocs/evewoman/application/views/desktop/modules/childCategory.php 21
ERROR - 2017-09-12 11:06:35 --> Severity: Warning --> Invalid argument supplied for foreach() /home/standard_digital/httpdocs/evewoman/application/views/desktop/modules/childCategory.php 21
ERROR - 2017-09-12 11:06:59 --> Severity: Warning --> Invalid argument supplied for foreach() /home/standard_digital/httpdocs/evewoman/application/views/desktop/modules/childCategory.php 21
ERROR - 2017-09-12 11:10:36 --> Severity: Warning --> Invalid argument supplied for foreach() /home/standard_digital/httpdocs/evewoman/application/views/desktop/modules/childCategory.php 21
ERROR - 2017-09-12 11:22:27 --> Severity: Warning --> Invalid argument supplied for foreach() /home/standard_digital/httpdocs/evewoman/application/views/desktop/modules/childCategory.php 21
ERROR - 2017-09-12 11:25:27 --> Severity: Warning --> Invalid argument supplied for foreach() /home/standard_digital/httpdocs/evewoman/application/views/desktop/modules/childCategory.php 21
ERROR - 2017-09-12 11:26:44 --> Severity: Warning --> Invalid argument supplied for foreach() /home/standard_digital/httpdocs/evewoman/application/views/desktop/modules/childCategory.php 21
ERROR - 2017-09-12 11:28:38 --> Severity: Warning --> Invalid argument supplied for foreach() /home/standard_digital/httpdocs/evewoman/application/views/desktop/modules/childCategory.php 21
ERROR - 2017-09-12 11:29:40 --> Severity: Warning --> Invalid argument supplied for foreach() /home/standard_digital/httpdocs/evewoman/application/views/desktop/modules/childCategory.php 21
ERROR - 2017-09-12 11:35:13 --> Severity: Warning --> Invalid argument supplied for foreach() /home/standard_digital/httpdocs/evewoman/application/views/desktop/modules/childCategory.php 21
ERROR - 2017-09-12 11:35:37 --> Severity: Warning --> Invalid argument supplied for foreach() /home/standard_digital/httpdocs/evewoman/application/views/mobile/modules/childCategory.php 12
ERROR - 2017-09-12 11:37:40 --> Severity: Warning --> Invalid argument supplied for foreach() /home/standard_digital/httpdocs/evewoman/application/views/desktop/modules/childCategory.php 21
ERROR - 2017-09-12 11:40:19 --> Severity: Warning --> Invalid argument supplied for foreach() /home/standard_digital/httpdocs/evewoman/application/views/mobile/modules/childCategory.php 12
ERROR - 2017-09-12 11:40:20 --> Severity: Warning --> Invalid argument supplied for foreach() /home/standard_digital/httpdocs/evewoman/application/views/mobile/modules/childCategory.php 12
ERROR - 2017-09-12 11:40:20 --> Severity: Warning --> Invalid argument supplied for foreach() /home/standard_digital/httpdocs/evewoman/application/views/mobile/modules/childCategory.php 12
ERROR - 2017-09-12 11:46:18 --> Severity: Warning --> Invalid argument supplied for foreach() /home/standard_digital/httpdocs/evewoman/application/views/mobile/modules/childCategory.php 12
ERROR - 2017-09-12 11:51:04 --> Severity: Warning --> Invalid argument supplied for foreach() /home/standard_digital/httpdocs/evewoman/application/views/desktop/modules/childCategory.php 21
ERROR - 2017-09-12 11:52:44 --> Query error: Column 'id' in where clause is ambiguous - Invalid query: SELECT `ktn_video`.`title`, `ktn_video`.`videoURL`, `ktn_video`.`id`, `ktn_video_category`.`name`, `ktn_video`.`publishdate`, `ktn_video`.`description`
FROM `ktn_video`
JOIN `ktn_video_category` ON `ktn_video_category`.`id`=`ktn_video`.`categoryid`
WHERE `id` = '2000114481'
ERROR - 2017-09-12 11:52:44 --> Severity: Error --> Call to a member function num_rows() on a non-object /home/standard_digital/httpdocs/evewoman/application/models/Article_model.php 197
ERROR - 2017-09-12 11:57:41 --> Severity: Warning --> Invalid argument supplied for foreach() /home/standard_digital/httpdocs/evewoman/application/views/desktop/modules/childCategory.php 21
ERROR - 2017-09-12 12:00:22 --> Severity: Warning --> Invalid argument supplied for foreach() /home/standard_digital/httpdocs/evewoman/application/views/desktop/modules/childCategory.php 21
ERROR - 2017-09-12 12:03:41 --> Severity: Warning --> Invalid argument supplied for foreach() /home/standard_digital/httpdocs/evewoman/application/views/desktop/modules/childCategory.php 21
ERROR - 2017-09-12 12:04:01 --> Severity: Warning --> Invalid argument supplied for foreach() /home/standard_digital/httpdocs/evewoman/application/views/desktop/modules/childCategory.php 21
ERROR - 2017-09-12 12:04:10 --> Severity: Warning --> Invalid argument supplied for foreach() /home/standard_digital/httpdocs/evewoman/application/views/desktop/modules/childCategory.php 21
ERROR - 2017-09-12 12:05:07 --> Severity: Warning --> Invalid argument supplied for foreach() /home/standard_digital/httpdocs/evewoman/application/views/desktop/modules/childCategory.php 21
ERROR - 2017-09-12 12:19:48 --> Severity: Warning --> Invalid argument supplied for foreach() /home/standard_digital/httpdocs/evewoman/application/views/desktop/modules/childCategory.php 21
ERROR - 2017-09-12 12:20:03 --> Severity: Warning --> Invalid argument supplied for foreach() /home/standard_digital/httpdocs/evewoman/application/views/desktop/modules/childCategory.php 21
ERROR - 2017-09-12 12:30:13 --> Severity: Warning --> Invalid argument supplied for foreach() /home/standard_digital/httpdocs/evewoman/application/views/desktop/modules/childCategory.php 21
ERROR - 2017-09-12 12:32:02 --> Severity: Warning --> Invalid argument supplied for foreach() /home/standard_digital/httpdocs/evewoman/application/views/desktop/modules/childCategory.php 21
ERROR - 2017-09-12 12:35:50 --> Severity: Warning --> Invalid argument supplied for foreach() /home/standard_digital/httpdocs/evewoman/application/views/desktop/modules/childCategory.php 21
ERROR - 2017-09-12 12:38:41 --> Severity: Warning --> Invalid argument supplied for foreach() /home/standard_digital/httpdocs/evewoman/application/views/desktop/modules/childCategory.php 21
ERROR - 2017-09-12 12:43:26 --> Severity: Warning --> Invalid argument supplied for foreach() /home/standard_digital/httpdocs/evewoman/application/views/desktop/modules/childCategory.php 21
ERROR - 2017-09-12 12:45:56 --> Severity: Warning --> Invalid argument supplied for foreach() /home/standard_digital/httpdocs/evewoman/application/views/mobile/modules/childCategory.php 12
ERROR - 2017-09-12 12:47:45 --> Severity: Warning --> Invalid argument supplied for foreach() /home/standard_digital/httpdocs/evewoman/application/views/desktop/modules/childCategory.php 21
ERROR - 2017-09-12 13:03:12 --> Severity: Warning --> Invalid argument supplied for foreach() /home/standard_digital/httpdocs/evewoman/application/views/desktop/modules/childCategory.php 21
ERROR - 2017-09-12 13:05:48 --> Severity: Warning --> Invalid argument supplied for foreach() /home/standard_digital/httpdocs/evewoman/application/views/mobile/modules/childCategory.php 12
ERROR - 2017-09-12 13:06:02 --> Severity: Warning --> Invalid argument supplied for foreach() /home/standard_digital/httpdocs/evewoman/application/views/mobile/modules/childCategory.php 12
ERROR - 2017-09-12 13:10:01 --> Severity: Warning --> Invalid argument supplied for foreach() /home/standard_digital/httpdocs/evewoman/application/views/desktop/modules/childCategory.php 21
ERROR - 2017-09-12 13:19:04 --> Severity: Warning --> Invalid argument supplied for foreach() /home/standard_digital/httpdocs/evewoman/application/views/desktop/modules/childCategory.php 21
ERROR - 2017-09-12 13:23:47 --> Severity: Warning --> Invalid argument supplied for foreach() /home/standard_digital/httpdocs/evewoman/application/views/desktop/modules/childCategory.php 21
ERROR - 2017-09-12 13:23:47 --> Severity: Warning --> Invalid argument supplied for foreach() /home/standard_digital/httpdocs/evewoman/application/views/desktop/modules/childCategory.php 21
ERROR - 2017-09-12 13:26:48 --> Severity: Warning --> Invalid argument supplied for foreach() /home/standard_digital/httpdocs/evewoman/application/views/desktop/modules/childCategory.php 21
ERROR - 2017-09-12 13:29:35 --> Severity: Warning --> Invalid argument supplied for foreach() /home/standard_digital/httpdocs/evewoman/application/views/desktop/modules/childCategory.php 21
ERROR - 2017-09-12 13:29:40 --> Severity: Warning --> Invalid argument supplied for foreach() /home/standard_digital/httpdocs/evewoman/application/views/desktop/modules/childCategory.php 21
ERROR - 2017-09-12 13:50:24 --> Severity: Warning --> Invalid argument supplied for foreach() /home/standard_digital/httpdocs/evewoman/application/views/desktop/modules/childCategory.php 21
ERROR - 2017-09-12 14:02:22 --> Severity: Warning --> Invalid argument supplied for foreach() /home/standard_digital/httpdocs/evewoman/application/views/desktop/modules/childCategory.php 21
ERROR - 2017-09-12 14:14:22 --> Severity: Warning --> Invalid argument supplied for foreach() /home/standard_digital/httpdocs/evewoman/application/views/desktop/modules/childCategory.php 21
ERROR - 2017-09-12 14:20:07 --> Severity: Warning --> Invalid argument supplied for foreach() /home/standard_digital/httpdocs/evewoman/application/views/desktop/modules/childCategory.php 21
ERROR - 2017-09-12 14:36:40 --> Severity: Warning --> Invalid argument supplied for foreach() /home/standard_digital/httpdocs/evewoman/application/views/mobile/modules/childCategory.php 12
ERROR - 2017-09-12 14:36:40 --> Severity: Notice --> Undefined index: HTTP_USER_AGENT /home/standard_digital/httpdocs/evewoman/application/libraries/Assist.php 149
ERROR - 2017-09-12 14:37:08 --> Severity: Notice --> Undefined index: HTTP_USER_AGENT /home/standard_digital/httpdocs/evewoman/application/libraries/Assist.php 149
ERROR - 2017-09-12 14:40:07 --> Severity: Warning --> Invalid argument supplied for foreach() /home/standard_digital/httpdocs/evewoman/application/views/desktop/modules/childCategory.php 21
ERROR - 2017-09-12 14:41:39 --> Severity: Notice --> Undefined index: HTTP_USER_AGENT /home/standard_digital/httpdocs/evewoman/application/libraries/Assist.php 149
ERROR - 2017-09-12 14:44:01 --> Severity: Notice --> Undefined index: HTTP_USER_AGENT /home/standard_digital/httpdocs/evewoman/application/libraries/Assist.php 149
ERROR - 2017-09-12 14:53:02 --> Severity: Warning --> Invalid argument supplied for foreach() /home/standard_digital/httpdocs/evewoman/application/views/desktop/modules/childCategory.php 21
ERROR - 2017-09-12 15:01:51 --> Severity: Warning --> Invalid argument supplied for foreach() /home/standard_digital/httpdocs/evewoman/application/views/mobile/modules/childCategory.php 12
ERROR - 2017-09-12 15:02:00 --> Severity: Warning --> Invalid argument supplied for foreach() /home/standard_digital/httpdocs/evewoman/application/views/mobile/modules/childCategory.php 12
ERROR - 2017-09-12 15:02:22 --> Severity: Warning --> Invalid argument supplied for foreach() /home/standard_digital/httpdocs/evewoman/application/views/mobile/modules/childCategory.php 12
ERROR - 2017-09-12 15:09:06 --> Severity: Warning --> Invalid argument supplied for foreach() /home/standard_digital/httpdocs/evewoman/application/views/desktop/modules/childCategory.php 21
ERROR - 2017-09-12 15:11:40 --> Severity: Warning --> Invalid argument supplied for foreach() /home/standard_digital/httpdocs/evewoman/application/views/mobile/modules/childCategory.php 12
ERROR - 2017-09-12 15:13:13 --> Severity: Warning --> Invalid argument supplied for foreach() /home/standard_digital/httpdocs/evewoman/application/views/mobile/modules/childCategory.php 12
ERROR - 2017-09-12 15:13:17 --> Severity: Warning --> Invalid argument supplied for foreach() /home/standard_digital/httpdocs/evewoman/application/views/mobile/modules/childCategory.php 12
ERROR - 2017-09-12 15:36:24 --> Severity: Warning --> Invalid argument supplied for foreach() /home/standard_digital/httpdocs/evewoman/application/views/desktop/modules/childCategory.php 21
ERROR - 2017-09-12 15:37:32 --> Severity: Warning --> Invalid argument supplied for foreach() /home/standard_digital/httpdocs/evewoman/application/views/mobile/modules/childCategory.php 12
ERROR - 2017-09-12 15:37:33 --> Severity: Warning --> Invalid argument supplied for foreach() /home/standard_digital/httpdocs/evewoman/application/views/mobile/modules/childCategory.php 12
ERROR - 2017-09-12 16:09:38 --> Severity: Warning --> Invalid argument supplied for foreach() /home/standard_digital/httpdocs/evewoman/application/views/desktop/modules/childCategory.php 21
ERROR - 2017-09-12 16:26:15 --> Severity: Warning --> Invalid argument supplied for foreach() /home/standard_digital/httpdocs/evewoman/application/views/desktop/modules/childCategory.php 21
ERROR - 2017-09-12 16:29:44 --> Severity: Warning --> Invalid argument supplied for foreach() /home/standard_digital/httpdocs/evewoman/application/views/desktop/modules/childCategory.php 21
ERROR - 2017-09-12 16:31:04 --> Severity: Warning --> Invalid argument supplied for foreach() /home/standard_digital/httpdocs/evewoman/application/views/desktop/modules/childCategory.php 21
ERROR - 2017-09-12 16:31:12 --> Severity: Warning --> Invalid argument supplied for foreach() /home/standard_digital/httpdocs/evewoman/application/views/desktop/modules/childCategory.php 21
ERROR - 2017-09-12 16:32:35 --> Severity: Warning --> Invalid argument supplied for foreach() /home/standard_digital/httpdocs/evewoman/application/views/mobile/modules/childCategory.php 12
ERROR - 2017-09-12 16:35:42 --> Severity: Warning --> Invalid argument supplied for foreach() /home/standard_digital/httpdocs/evewoman/application/views/desktop/modules/childCategory.php 21
ERROR - 2017-09-12 16:36:07 --> Severity: Warning --> Invalid argument supplied for foreach() /home/standard_digital/httpdocs/evewoman/application/views/desktop/modules/childCategory.php 21
ERROR - 2017-09-12 16:36:22 --> Severity: Warning --> Invalid argument supplied for foreach() /home/standard_digital/httpdocs/evewoman/application/views/desktop/modules/childCategory.php 21
ERROR - 2017-09-12 16:38:37 --> Severity: Warning --> Invalid argument supplied for foreach() /home/standard_digital/httpdocs/evewoman/application/views/mobile/modules/childCategory.php 12
ERROR - 2017-09-12 16:38:39 --> Severity: Warning --> Invalid argument supplied for foreach() /home/standard_digital/httpdocs/evewoman/application/views/mobile/modules/childCategory.php 12
ERROR - 2017-09-12 16:40:24 --> Severity: Warning --> Invalid argument supplied for foreach() /home/standard_digital/httpdocs/evewoman/application/views/desktop/modules/childCategory.php 21
ERROR - 2017-09-12 16:42:00 --> Severity: Warning --> Invalid argument supplied for foreach() /home/standard_digital/httpdocs/evewoman/application/views/desktop/modules/childCategory.php 21
ERROR - 2017-09-12 16:42:06 --> Severity: Warning --> Invalid argument supplied for foreach() /home/standard_digital/httpdocs/evewoman/application/views/mobile/modules/childCategory.php 12
ERROR - 2017-09-12 16:45:29 --> Severity: Warning --> Invalid argument supplied for foreach() /home/standard_digital/httpdocs/evewoman/application/views/mobile/modules/childCategory.php 12
ERROR - 2017-09-12 16:45:32 --> Severity: Warning --> Invalid argument supplied for foreach() /home/standard_digital/httpdocs/evewoman/application/views/mobile/modules/childCategory.php 12
ERROR - 2017-09-12 16:45:32 --> Severity: Warning --> Invalid argument supplied for foreach() /home/standard_digital/httpdocs/evewoman/application/views/mobile/modules/childCategory.php 12
ERROR - 2017-09-12 16:45:32 --> Severity: Warning --> Invalid argument supplied for foreach() /home/standard_digital/httpdocs/evewoman/application/views/mobile/modules/childCategory.php 12
ERROR - 2017-09-12 16:46:03 --> Severity: Warning --> Invalid argument supplied for foreach() /home/standard_digital/httpdocs/evewoman/application/views/desktop/modules/childCategory.php 21
ERROR - 2017-09-12 16:47:21 --> Severity: Warning --> Invalid argument supplied for foreach() /home/standard_digital/httpdocs/evewoman/application/views/desktop/modules/childCategory.php 21
ERROR - 2017-09-12 16:49:39 --> Severity: Warning --> Invalid argument supplied for foreach() /home/standard_digital/httpdocs/evewoman/application/views/desktop/modules/childCategory.php 21
ERROR - 2017-09-12 16:51:57 --> Severity: Warning --> Invalid argument supplied for foreach() /home/standard_digital/httpdocs/evewoman/application/views/mobile/modules/childCategory.php 12
ERROR - 2017-09-12 16:51:58 --> Severity: Warning --> Invalid argument supplied for foreach() /home/standard_digital/httpdocs/evewoman/application/views/mobile/modules/childCategory.php 12
ERROR - 2017-09-12 16:52:51 --> Severity: Warning --> Invalid argument supplied for foreach() /home/standard_digital/httpdocs/evewoman/application/views/desktop/modules/childCategory.php 21
ERROR - 2017-09-12 16:54:52 --> Severity: Warning --> Invalid argument supplied for foreach() /home/standard_digital/httpdocs/evewoman/application/views/desktop/modules/childCategory.php 21
ERROR - 2017-09-12 16:59:18 --> Severity: Warning --> Invalid argument supplied for foreach() /home/standard_digital/httpdocs/evewoman/application/views/desktop/modules/childCategory.php 21
ERROR - 2017-09-12 17:07:16 --> Severity: Warning --> Invalid argument supplied for foreach() /home/standard_digital/httpdocs/evewoman/application/views/mobile/modules/childCategory.php 12
ERROR - 2017-09-12 17:17:52 --> Severity: Warning --> Invalid argument supplied for foreach() /home/standard_digital/httpdocs/evewoman/application/views/desktop/modules/childCategory.php 21
ERROR - 2017-09-12 17:20:00 --> Severity: Warning --> Invalid argument supplied for foreach() /home/standard_digital/httpdocs/evewoman/application/views/desktop/modules/childCategory.php 21
ERROR - 2017-09-12 17:21:36 --> Severity: Warning --> Invalid argument supplied for foreach() /home/standard_digital/httpdocs/evewoman/application/views/desktop/modules/childCategory.php 21
ERROR - 2017-09-12 17:22:06 --> Severity: Warning --> Invalid argument supplied for foreach() /home/standard_digital/httpdocs/evewoman/application/views/mobile/modules/childCategory.php 12
ERROR - 2017-09-12 17:22:07 --> Severity: Warning --> Invalid argument supplied for foreach() /home/standard_digital/httpdocs/evewoman/application/views/mobile/modules/childCategory.php 12
ERROR - 2017-09-12 17:22:07 --> Severity: Warning --> Invalid argument supplied for foreach() /home/standard_digital/httpdocs/evewoman/application/views/mobile/modules/childCategory.php 12
ERROR - 2017-09-12 17:24:23 --> Severity: Warning --> Invalid argument supplied for foreach() /home/standard_digital/httpdocs/evewoman/application/views/desktop/modules/childCategory.php 21
ERROR - 2017-09-12 17:33:05 --> Severity: Warning --> Invalid argument supplied for foreach() /home/standard_digital/httpdocs/evewoman/application/views/desktop/modules/childCategory.php 21
ERROR - 2017-09-12 17:38:08 --> Severity: Warning --> Invalid argument supplied for foreach() /home/standard_digital/httpdocs/evewoman/application/views/mobile/modules/childCategory.php 12
ERROR - 2017-09-12 17:41:05 --> Severity: Warning --> Invalid argument supplied for foreach() /home/standard_digital/httpdocs/evewoman/application/views/mobile/modules/childCategory.php 12
ERROR - 2017-09-12 17:41:06 --> Severity: Warning --> Invalid argument supplied for foreach() /home/standard_digital/httpdocs/evewoman/application/views/mobile/modules/childCategory.php 12
ERROR - 2017-09-12 17:41:08 --> Severity: Warning --> Invalid argument supplied for foreach() /home/standard_digital/httpdocs/evewoman/application/views/mobile/modules/childCategory.php 12
ERROR - 2017-09-12 17:41:09 --> Severity: Warning --> Invalid argument supplied for foreach() /home/standard_digital/httpdocs/evewoman/application/views/mobile/modules/childCategory.php 12
ERROR - 2017-09-12 17:41:10 --> Severity: Warning --> Invalid argument supplied for foreach() /home/standard_digital/httpdocs/evewoman/application/views/desktop/modules/childCategory.php 21
ERROR - 2017-09-12 17:41:16 --> Severity: Warning --> Invalid argument supplied for foreach() /home/standard_digital/httpdocs/evewoman/application/views/mobile/modules/childCategory.php 12
ERROR - 2017-09-12 17:41:35 --> Severity: Warning --> Invalid argument supplied for foreach() /home/standard_digital/httpdocs/evewoman/application/views/mobile/modules/childCategory.php 12
ERROR - 2017-09-12 17:41:54 --> Severity: Warning --> Invalid argument supplied for foreach() /home/standard_digital/httpdocs/evewoman/application/views/mobile/modules/childCategory.php 12
ERROR - 2017-09-12 17:42:05 --> Severity: Warning --> Invalid argument supplied for foreach() /home/standard_digital/httpdocs/evewoman/application/views/desktop/modules/childCategory.php 21
ERROR - 2017-09-12 17:55:59 --> Severity: Warning --> Invalid argument supplied for foreach() /home/standard_digital/httpdocs/evewoman/application/views/mobile/modules/childCategory.php 12
ERROR - 2017-09-12 17:56:59 --> Severity: Warning --> Invalid argument supplied for foreach() /home/standard_digital/httpdocs/evewoman/application/views/desktop/modules/childCategory.php 21
ERROR - 2017-09-12 18:11:11 --> Severity: Warning --> Invalid argument supplied for foreach() /home/standard_digital/httpdocs/evewoman/application/views/desktop/modules/childCategory.php 21
ERROR - 2017-09-12 18:11:49 --> Severity: Warning --> Invalid argument supplied for foreach() /home/standard_digital/httpdocs/evewoman/application/views/desktop/modules/childCategory.php 21
ERROR - 2017-09-12 18:17:02 --> Severity: Warning --> Invalid argument supplied for foreach() /home/standard_digital/httpdocs/evewoman/application/views/desktop/modules/childCategory.php 21
ERROR - 2017-09-12 18:24:57 --> Severity: Warning --> Invalid argument supplied for foreach() /home/standard_digital/httpdocs/evewoman/application/views/mobile/modules/childCategory.php 12
ERROR - 2017-09-12 18:29:55 --> Severity: Warning --> Invalid argument supplied for foreach() /home/standard_digital/httpdocs/evewoman/application/views/desktop/modules/childCategory.php 21
ERROR - 2017-09-12 18:32:42 --> Severity: Warning --> Invalid argument supplied for foreach() /home/standard_digital/httpdocs/evewoman/application/views/mobile/modules/childCategory.php 12
ERROR - 2017-09-12 18:32:42 --> Severity: Warning --> Invalid argument supplied for foreach() /home/standard_digital/httpdocs/evewoman/application/views/mobile/modules/childCategory.php 12
ERROR - 2017-09-12 18:42:22 --> Severity: Warning --> Invalid argument supplied for foreach() /home/standard_digital/httpdocs/evewoman/application/views/mobile/modules/childCategory.php 12
ERROR - 2017-09-12 18:46:34 --> Severity: Warning --> Invalid argument supplied for foreach() /home/standard_digital/httpdocs/evewoman/application/views/mobile/modules/childCategory.php 12
ERROR - 2017-09-12 18:46:35 --> Severity: Warning --> Invalid argument supplied for foreach() /home/standard_digital/httpdocs/evewoman/application/views/mobile/modules/childCategory.php 12
ERROR - 2017-09-12 18:48:10 --> Severity: Warning --> Invalid argument supplied for foreach() /home/standard_digital/httpdocs/evewoman/application/views/desktop/modules/childCategory.php 21
ERROR - 2017-09-12 18:56:46 --> Severity: Warning --> Invalid argument supplied for foreach() /home/standard_digital/httpdocs/evewoman/application/views/desktop/modules/childCategory.php 21
ERROR - 2017-09-12 18:58:27 --> Severity: Warning --> Invalid argument supplied for foreach() /home/standard_digital/httpdocs/evewoman/application/views/desktop/modules/childCategory.php 21
ERROR - 2017-09-12 19:00:36 --> Severity: Warning --> Invalid argument supplied for foreach() /home/standard_digital/httpdocs/evewoman/application/views/desktop/modules/childCategory.php 21
ERROR - 2017-09-12 19:00:37 --> Severity: Warning --> Invalid argument supplied for foreach() /home/standard_digital/httpdocs/evewoman/application/views/desktop/modules/childCategory.php 21
ERROR - 2017-09-12 19:04:09 --> Severity: Warning --> Invalid argument supplied for foreach() /home/standard_digital/httpdocs/evewoman/application/views/desktop/modules/childCategory.php 21
ERROR - 2017-09-12 19:05:37 --> Severity: Warning --> Invalid argument supplied for foreach() /home/standard_digital/httpdocs/evewoman/application/views/mobile/modules/childCategory.php 12
ERROR - 2017-09-12 19:05:37 --> Severity: Warning --> Invalid argument supplied for foreach() /home/standard_digital/httpdocs/evewoman/application/views/mobile/modules/childCategory.php 12
ERROR - 2017-09-12 19:07:52 --> Severity: Warning --> Invalid argument supplied for foreach() /home/standard_digital/httpdocs/evewoman/application/views/desktop/modules/childCategory.php 21
ERROR - 2017-09-12 19:15:05 --> Severity: Warning --> Invalid argument supplied for foreach() /home/standard_digital/httpdocs/evewoman/application/views/desktop/modules/childCategory.php 21
ERROR - 2017-09-12 19:16:27 --> Severity: Warning --> Invalid argument supplied for foreach() /home/standard_digital/httpdocs/evewoman/application/views/desktop/modules/childCategory.php 21
ERROR - 2017-09-12 19:24:18 --> Severity: Warning --> Invalid argument supplied for foreach() /home/standard_digital/httpdocs/evewoman/application/views/desktop/modules/childCategory.php 21
ERROR - 2017-09-12 19:25:50 --> Severity: Warning --> Invalid argument supplied for foreach() /home/standard_digital/httpdocs/evewoman/application/views/desktop/modules/childCategory.php 21
ERROR - 2017-09-12 19:28:48 --> Severity: Warning --> Invalid argument supplied for foreach() /home/standard_digital/httpdocs/evewoman/application/views/desktop/modules/childCategory.php 21
ERROR - 2017-09-12 19:32:06 --> Severity: Warning --> Invalid argument supplied for foreach() /home/standard_digital/httpdocs/evewoman/application/views/desktop/modules/childCategory.php 21
ERROR - 2017-09-12 19:32:12 --> Severity: Warning --> Invalid argument supplied for foreach() /home/standard_digital/httpdocs/evewoman/application/views/desktop/modules/childCategory.php 21
ERROR - 2017-09-12 19:34:45 --> Severity: Warning --> Invalid argument supplied for foreach() /home/standard_digital/httpdocs/evewoman/application/views/desktop/modules/childCategory.php 21
ERROR - 2017-09-12 19:35:31 --> Severity: Warning --> Invalid argument supplied for foreach() /home/standard_digital/httpdocs/evewoman/application/views/desktop/modules/childCategory.php 21
ERROR - 2017-09-12 19:38:19 --> Severity: Warning --> Invalid argument supplied for foreach() /home/standard_digital/httpdocs/evewoman/application/views/desktop/modules/childCategory.php 21
ERROR - 2017-09-12 19:42:11 --> Severity: Warning --> Invalid argument supplied for foreach() /home/standard_digital/httpdocs/evewoman/application/views/desktop/modules/childCategory.php 21
ERROR - 2017-09-12 19:42:11 --> Severity: Warning --> Invalid argument supplied for foreach() /home/standard_digital/httpdocs/evewoman/application/views/desktop/modules/childCategory.php 21
ERROR - 2017-09-12 19:42:22 --> Severity: Warning --> Invalid argument supplied for foreach() /home/standard_digital/httpdocs/evewoman/application/views/desktop/modules/childCategory.php 21
ERROR - 2017-09-12 19:42:55 --> Severity: Warning --> Invalid argument supplied for foreach() /home/standard_digital/httpdocs/evewoman/application/views/desktop/modules/childCategory.php 21
ERROR - 2017-09-12 19:42:56 --> Severity: Warning --> Invalid argument supplied for foreach() /home/standard_digital/httpdocs/evewoman/application/views/desktop/modules/childCategory.php 21
ERROR - 2017-09-12 19:42:56 --> Severity: Warning --> Invalid argument supplied for foreach() /home/standard_digital/httpdocs/evewoman/application/views/desktop/modules/childCategory.php 21
ERROR - 2017-09-12 19:43:18 --> Severity: Warning --> Invalid argument supplied for foreach() /home/standard_digital/httpdocs/evewoman/application/views/desktop/modules/childCategory.php 21
ERROR - 2017-09-12 19:43:28 --> Severity: Warning --> Invalid argument supplied for foreach() /home/standard_digital/httpdocs/evewoman/application/views/desktop/modules/childCategory.php 21
ERROR - 2017-09-12 19:43:39 --> Severity: Warning --> Invalid argument supplied for foreach() /home/standard_digital/httpdocs/evewoman/application/views/desktop/modules/childCategory.php 21
ERROR - 2017-09-12 19:44:02 --> Severity: Warning --> Invalid argument supplied for foreach() /home/standard_digital/httpdocs/evewoman/application/views/desktop/modules/childCategory.php 21
ERROR - 2017-09-12 19:44:13 --> Severity: Warning --> Invalid argument supplied for foreach() /home/standard_digital/httpdocs/evewoman/application/views/desktop/modules/childCategory.php 21
ERROR - 2017-09-12 19:44:45 --> Severity: Warning --> Invalid argument supplied for foreach() /home/standard_digital/httpdocs/evewoman/application/views/desktop/modules/childCategory.php 21
ERROR - 2017-09-12 19:44:54 --> Severity: Warning --> Invalid argument supplied for foreach() /home/standard_digital/httpdocs/evewoman/application/views/desktop/modules/childCategory.php 21
ERROR - 2017-09-12 19:46:07 --> Severity: Warning --> Invalid argument supplied for foreach() /home/standard_digital/httpdocs/evewoman/application/views/desktop/modules/childCategory.php 21
ERROR - 2017-09-12 19:49:44 --> Severity: Warning --> Invalid argument supplied for foreach() /home/standard_digital/httpdocs/evewoman/application/views/desktop/modules/childCategory.php 21
ERROR - 2017-09-12 19:50:16 --> Severity: Warning --> Invalid argument supplied for foreach() /home/standard_digital/httpdocs/evewoman/application/views/desktop/modules/childCategory.php 21
ERROR - 2017-09-12 19:50:49 --> Severity: Warning --> Invalid argument supplied for foreach() /home/standard_digital/httpdocs/evewoman/application/views/desktop/modules/childCategory.php 21
ERROR - 2017-09-12 19:50:49 --> Severity: Warning --> Invalid argument supplied for foreach() /home/standard_digital/httpdocs/evewoman/application/views/desktop/modules/childCategory.php 21
ERROR - 2017-09-12 19:51:01 --> Severity: Warning --> Invalid argument supplied for foreach() /home/standard_digital/httpdocs/evewoman/application/views/desktop/modules/childCategory.php 21
ERROR - 2017-09-12 19:51:01 --> Severity: Warning --> Invalid argument supplied for foreach() /home/standard_digital/httpdocs/evewoman/application/views/desktop/modules/childCategory.php 21
ERROR - 2017-09-12 19:51:10 --> Severity: Warning --> Invalid argument supplied for foreach() /home/standard_digital/httpdocs/evewoman/application/views/desktop/modules/childCategory.php 21
ERROR - 2017-09-12 19:52:06 --> Severity: Warning --> Invalid argument supplied for foreach() /home/standard_digital/httpdocs/evewoman/application/views/desktop/modules/childCategory.php 21
ERROR - 2017-09-12 19:57:52 --> Severity: Warning --> Invalid argument supplied for foreach() /home/standard_digital/httpdocs/evewoman/application/views/desktop/modules/childCategory.php 21
ERROR - 2017-09-12 19:58:56 --> Severity: Warning --> Invalid argument supplied for foreach() /home/standard_digital/httpdocs/evewoman/application/views/desktop/modules/childCategory.php 21
ERROR - 2017-09-12 19:59:39 --> Severity: Warning --> Invalid argument supplied for foreach() /home/standard_digital/httpdocs/evewoman/application/views/mobile/modules/childCategory.php 12
ERROR - 2017-09-12 19:59:40 --> Severity: Warning --> Invalid argument supplied for foreach() /home/standard_digital/httpdocs/evewoman/application/views/mobile/modules/childCategory.php 12
ERROR - 2017-09-12 20:01:43 --> Severity: Warning --> Invalid argument supplied for foreach() /home/standard_digital/httpdocs/evewoman/application/views/desktop/modules/childCategory.php 21
ERROR - 2017-09-12 20:12:05 --> Severity: Warning --> Invalid argument supplied for foreach() /home/standard_digital/httpdocs/evewoman/application/views/desktop/modules/childCategory.php 21
ERROR - 2017-09-12 20:12:27 --> Query error: Column 'id' in where clause is ambiguous - Invalid query: SELECT `ktn_video`.`title`, `ktn_video`.`videoURL`, `ktn_video`.`id`, `ktn_video_category`.`name`, `ktn_video`.`publishdate`, `ktn_video`.`description`
FROM `ktn_video`
JOIN `ktn_video_category` ON `ktn_video_category`.`id`=`ktn_video`.`categoryid`
WHERE `id` = '2000114480'
ERROR - 2017-09-12 20:12:27 --> Severity: Error --> Call to a member function num_rows() on a non-object /home/standard_digital/httpdocs/evewoman/application/models/Article_model.php 197
ERROR - 2017-09-12 20:18:49 --> Severity: Warning --> Invalid argument supplied for foreach() /home/standard_digital/httpdocs/evewoman/application/views/desktop/modules/childCategory.php 21
ERROR - 2017-09-12 20:23:24 --> Severity: Warning --> Invalid argument supplied for foreach() /home/standard_digital/httpdocs/evewoman/application/views/mobile/modules/childCategory.php 12
ERROR - 2017-09-12 20:24:56 --> Severity: Warning --> Invalid argument supplied for foreach() /home/standard_digital/httpdocs/evewoman/application/views/desktop/modules/childCategory.php 21
ERROR - 2017-09-12 20:26:59 --> Severity: Warning --> Invalid argument supplied for foreach() /home/standard_digital/httpdocs/evewoman/application/views/desktop/modules/childCategory.php 21
ERROR - 2017-09-12 20:27:52 --> Severity: Warning --> Invalid argument supplied for foreach() /home/standard_digital/httpdocs/evewoman/application/views/desktop/modules/childCategory.php 21
ERROR - 2017-09-12 20:30:52 --> Severity: Warning --> Invalid argument supplied for foreach() /home/standard_digital/httpdocs/evewoman/application/views/mobile/modules/childCategory.php 12
ERROR - 2017-09-12 20:33:01 --> Severity: Warning --> Invalid argument supplied for foreach() /home/standard_digital/httpdocs/evewoman/application/views/desktop/modules/childCategory.php 21
ERROR - 2017-09-12 20:39:38 --> Severity: Warning --> Invalid argument supplied for foreach() /home/standard_digital/httpdocs/evewoman/application/views/mobile/modules/childCategory.php 12
ERROR - 2017-09-12 20:40:02 --> Severity: Warning --> Invalid argument supplied for foreach() /home/standard_digital/httpdocs/evewoman/application/views/desktop/modules/childCategory.php 21
ERROR - 2017-09-12 20:40:43 --> Severity: Warning --> Invalid argument supplied for foreach() /home/standard_digital/httpdocs/evewoman/application/views/desktop/modules/childCategory.php 21
ERROR - 2017-09-12 20:41:56 --> Severity: Warning --> Invalid argument supplied for foreach() /home/standard_digital/httpdocs/evewoman/application/views/desktop/modules/childCategory.php 21
ERROR - 2017-09-12 20:48:30 --> Severity: Warning --> Invalid argument supplied for foreach() /home/standard_digital/httpdocs/evewoman/application/views/desktop/modules/childCategory.php 21
ERROR - 2017-09-12 20:49:16 --> Severity: Warning --> Invalid argument supplied for foreach() /home/standard_digital/httpdocs/evewoman/application/views/desktop/modules/childCategory.php 21
ERROR - 2017-09-12 20:51:29 --> Severity: Warning --> Invalid argument supplied for foreach() /home/standard_digital/httpdocs/evewoman/application/views/desktop/modules/childCategory.php 21
ERROR - 2017-09-12 20:53:54 --> Severity: Warning --> Invalid argument supplied for foreach() /home/standard_digital/httpdocs/evewoman/application/views/desktop/modules/childCategory.php 21
ERROR - 2017-09-12 21:02:19 --> Severity: Warning --> Invalid argument supplied for foreach() /home/standard_digital/httpdocs/evewoman/application/views/desktop/modules/childCategory.php 21
ERROR - 2017-09-12 21:05:54 --> Severity: Warning --> Invalid argument supplied for foreach() /home/standard_digital/httpdocs/evewoman/application/views/desktop/modules/childCategory.php 21
ERROR - 2017-09-12 21:12:29 --> Severity: Warning --> Invalid argument supplied for foreach() /home/standard_digital/httpdocs/evewoman/application/views/desktop/modules/childCategory.php 21
ERROR - 2017-09-12 21:13:32 --> Severity: Warning --> Invalid argument supplied for foreach() /home/standard_digital/httpdocs/evewoman/application/views/desktop/modules/childCategory.php 21
ERROR - 2017-09-12 21:14:59 --> Severity: Warning --> Invalid argument supplied for foreach() /home/standard_digital/httpdocs/evewoman/application/views/desktop/modules/childCategory.php 21
ERROR - 2017-09-12 21:19:09 --> Severity: Warning --> Invalid argument supplied for foreach() /home/standard_digital/httpdocs/evewoman/application/views/desktop/modules/childCategory.php 21
ERROR - 2017-09-12 21:23:22 --> Severity: Warning --> Invalid argument supplied for foreach() /home/standard_digital/httpdocs/evewoman/application/views/desktop/modules/childCategory.php 21
ERROR - 2017-09-12 21:24:11 --> Severity: Warning --> Invalid argument supplied for foreach() /home/standard_digital/httpdocs/evewoman/application/views/desktop/modules/childCategory.php 21
ERROR - 2017-09-12 21:24:27 --> Severity: Warning --> Invalid argument supplied for foreach() /home/standard_digital/httpdocs/evewoman/application/views/desktop/modules/childCategory.php 21
ERROR - 2017-09-12 21:27:45 --> Query error: Column 'id' in where clause is ambiguous - Invalid query: SELECT `ktn_video`.`title`, `ktn_video`.`videoURL`, `ktn_video`.`id`, `ktn_video_category`.`name`, `ktn_video`.`publishdate`, `ktn_video`.`description`
FROM `ktn_video`
JOIN `ktn_video_category` ON `ktn_video_category`.`id`=`ktn_video`.`categoryid`
WHERE `id` = '2000112099'
ERROR - 2017-09-12 21:27:45 --> Severity: Error --> Call to a member function num_rows() on a non-object /home/standard_digital/httpdocs/evewoman/application/models/Article_model.php 197
ERROR - 2017-09-12 21:28:00 --> Severity: Warning --> Invalid argument supplied for foreach() /home/standard_digital/httpdocs/evewoman/application/views/desktop/modules/childCategory.php 21
ERROR - 2017-09-12 21:38:15 --> Severity: Warning --> Invalid argument supplied for foreach() /home/standard_digital/httpdocs/evewoman/application/views/desktop/modules/childCategory.php 21
ERROR - 2017-09-12 21:38:35 --> Severity: Warning --> Invalid argument supplied for foreach() /home/standard_digital/httpdocs/evewoman/application/views/desktop/modules/childCategory.php 21
ERROR - 2017-09-12 21:40:55 --> Severity: Warning --> Invalid argument supplied for foreach() /home/standard_digital/httpdocs/evewoman/application/views/desktop/modules/childCategory.php 21
ERROR - 2017-09-12 21:47:39 --> Severity: Warning --> Invalid argument supplied for foreach() /home/standard_digital/httpdocs/evewoman/application/views/desktop/modules/childCategory.php 21
ERROR - 2017-09-12 21:48:02 --> Severity: Warning --> Invalid argument supplied for foreach() /home/standard_digital/httpdocs/evewoman/application/views/mobile/modules/childCategory.php 12
ERROR - 2017-09-12 21:48:03 --> Severity: Warning --> Invalid argument supplied for foreach() /home/standard_digital/httpdocs/evewoman/application/views/mobile/modules/childCategory.php 12
ERROR - 2017-09-12 21:48:04 --> Severity: Warning --> Invalid argument supplied for foreach() /home/standard_digital/httpdocs/evewoman/application/views/mobile/modules/childCategory.php 12
ERROR - 2017-09-12 21:51:21 --> Query error: Column 'id' in where clause is ambiguous - Invalid query: SELECT `ktn_video`.`title`, `ktn_video`.`videoURL`, `ktn_video`.`id`, `ktn_video_category`.`name`, `ktn_video`.`publishdate`, `ktn_video`.`description`
FROM `ktn_video`
JOIN `ktn_video_category` ON `ktn_video_category`.`id`=`ktn_video`.`categoryid`
WHERE `id` = '2000112099'
ERROR - 2017-09-12 21:51:21 --> Severity: Error --> Call to a member function num_rows() on a non-object /home/standard_digital/httpdocs/evewoman/application/models/Article_model.php 197
ERROR - 2017-09-12 21:52:32 --> Severity: Warning --> Invalid argument supplied for foreach() /home/standard_digital/httpdocs/evewoman/application/views/mobile/modules/childCategory.php 12
ERROR - 2017-09-12 21:52:33 --> Severity: Warning --> Invalid argument supplied for foreach() /home/standard_digital/httpdocs/evewoman/application/views/desktop/modules/childCategory.php 21
ERROR - 2017-09-12 21:52:34 --> Severity: Warning --> Invalid argument supplied for foreach() /home/standard_digital/httpdocs/evewoman/application/views/desktop/modules/childCategory.php 21
ERROR - 2017-09-12 21:52:35 --> Severity: Warning --> Invalid argument supplied for foreach() /home/standard_digital/httpdocs/evewoman/application/views/desktop/modules/childCategory.php 21
ERROR - 2017-09-12 21:52:50 --> Severity: Warning --> Invalid argument supplied for foreach() /home/standard_digital/httpdocs/evewoman/application/views/mobile/modules/childCategory.php 12
ERROR - 2017-09-12 21:52:53 --> Severity: Warning --> Invalid argument supplied for foreach() /home/standard_digital/httpdocs/evewoman/application/views/mobile/modules/childCategory.php 12
ERROR - 2017-09-12 21:52:54 --> Severity: Warning --> Invalid argument supplied for foreach() /home/standard_digital/httpdocs/evewoman/application/views/mobile/modules/childCategory.php 12
ERROR - 2017-09-12 21:53:00 --> Severity: Warning --> Invalid argument supplied for foreach() /home/standard_digital/httpdocs/evewoman/application/views/mobile/modules/childCategory.php 12
ERROR - 2017-09-12 21:53:17 --> Severity: Warning --> Invalid argument supplied for foreach() /home/standard_digital/httpdocs/evewoman/application/views/mobile/modules/childCategory.php 12
ERROR - 2017-09-12 21:53:24 --> Severity: Warning --> Invalid argument supplied for foreach() /home/standard_digital/httpdocs/evewoman/application/views/mobile/modules/childCategory.php 12
ERROR - 2017-09-12 21:53:56 --> Severity: Warning --> Invalid argument supplied for foreach() /home/standard_digital/httpdocs/evewoman/application/views/mobile/modules/childCategory.php 12
ERROR - 2017-09-12 21:54:07 --> Severity: Warning --> Invalid argument supplied for foreach() /home/standard_digital/httpdocs/evewoman/application/views/mobile/modules/childCategory.php 12
ERROR - 2017-09-12 21:54:16 --> Severity: Warning --> Invalid argument supplied for foreach() /home/standard_digital/httpdocs/evewoman/application/views/mobile/modules/childCategory.php 12
ERROR - 2017-09-12 21:54:21 --> Severity: Warning --> Invalid argument supplied for foreach() /home/standard_digital/httpdocs/evewoman/application/views/mobile/modules/childCategory.php 12
ERROR - 2017-09-12 21:54:31 --> Severity: Warning --> Invalid argument supplied for foreach() /home/standard_digital/httpdocs/evewoman/application/views/mobile/modules/childCategory.php 12
ERROR - 2017-09-12 21:54:47 --> Severity: Warning --> Invalid argument supplied for foreach() /home/standard_digital/httpdocs/evewoman/application/views/mobile/modules/childCategory.php 12
ERROR - 2017-09-12 21:54:51 --> Severity: Warning --> Invalid argument supplied for foreach() /home/standard_digital/httpdocs/evewoman/application/views/mobile/modules/childCategory.php 12
ERROR - 2017-09-12 21:54:53 --> Severity: Warning --> Invalid argument supplied for foreach() /home/standard_digital/httpdocs/evewoman/application/views/mobile/modules/childCategory.php 12
ERROR - 2017-09-12 21:54:54 --> Severity: Warning --> Invalid argument supplied for foreach() /home/standard_digital/httpdocs/evewoman/application/views/mobile/modules/childCategory.php 12
ERROR - 2017-09-12 21:55:00 --> Severity: Warning --> Invalid argument supplied for foreach() /home/standard_digital/httpdocs/evewoman/application/views/mobile/modules/childCategory.php 12
ERROR - 2017-09-12 21:55:02 --> Severity: Warning --> Invalid argument supplied for foreach() /home/standard_digital/httpdocs/evewoman/application/views/mobile/modules/childCategory.php 12
ERROR - 2017-09-12 21:55:38 --> Severity: Warning --> Invalid argument supplied for foreach() /home/standard_digital/httpdocs/evewoman/application/views/mobile/modules/childCategory.php 12
ERROR - 2017-09-12 21:58:45 --> Severity: Warning --> Invalid argument supplied for foreach() /home/standard_digital/httpdocs/evewoman/application/views/mobile/modules/childCategory.php 12
ERROR - 2017-09-12 21:58:45 --> Severity: Warning --> Invalid argument supplied for foreach() /home/standard_digital/httpdocs/evewoman/application/views/mobile/modules/childCategory.php 12
ERROR - 2017-09-12 22:07:49 --> Severity: Warning --> Invalid argument supplied for foreach() /home/standard_digital/httpdocs/evewoman/application/views/desktop/modules/childCategory.php 21
ERROR - 2017-09-12 22:16:23 --> Severity: Warning --> Invalid argument supplied for foreach() /home/standard_digital/httpdocs/evewoman/application/views/desktop/modules/childCategory.php 21
ERROR - 2017-09-12 22:22:10 --> Severity: Warning --> Invalid argument supplied for foreach() /home/standard_digital/httpdocs/evewoman/application/views/mobile/modules/childCategory.php 12
ERROR - 2017-09-12 22:22:42 --> Severity: Warning --> Invalid argument supplied for foreach() /home/standard_digital/httpdocs/evewoman/application/views/mobile/modules/childCategory.php 12
ERROR - 2017-09-12 22:22:45 --> Severity: Warning --> Invalid argument supplied for foreach() /home/standard_digital/httpdocs/evewoman/application/views/mobile/modules/childCategory.php 12
ERROR - 2017-09-12 22:23:00 --> Severity: Warning --> Invalid argument supplied for foreach() /home/standard_digital/httpdocs/evewoman/application/views/mobile/modules/childCategory.php 12
ERROR - 2017-09-12 22:23:45 --> Severity: Warning --> Invalid argument supplied for foreach() /home/standard_digital/httpdocs/evewoman/application/views/mobile/modules/childCategory.php 12
ERROR - 2017-09-12 22:23:46 --> Severity: Warning --> Invalid argument supplied for foreach() /home/standard_digital/httpdocs/evewoman/application/views/mobile/modules/childCategory.php 12
ERROR - 2017-09-12 22:29:24 --> Severity: Warning --> Invalid argument supplied for foreach() /home/standard_digital/httpdocs/evewoman/application/views/mobile/modules/childCategory.php 12
ERROR - 2017-09-12 22:29:47 --> Severity: Warning --> Invalid argument supplied for foreach() /home/standard_digital/httpdocs/evewoman/application/views/desktop/modules/childCategory.php 21
ERROR - 2017-09-12 22:32:31 --> Severity: Warning --> Invalid argument supplied for foreach() /home/standard_digital/httpdocs/evewoman/application/views/desktop/modules/childCategory.php 21
ERROR - 2017-09-12 22:44:47 --> Severity: Warning --> Invalid argument supplied for foreach() /home/standard_digital/httpdocs/evewoman/application/views/desktop/modules/childCategory.php 21
ERROR - 2017-09-12 22:53:43 --> Severity: Warning --> Invalid argument supplied for foreach() /home/standard_digital/httpdocs/evewoman/application/views/desktop/modules/childCategory.php 21
ERROR - 2017-09-12 23:07:02 --> Severity: Warning --> Invalid argument supplied for foreach() /home/standard_digital/httpdocs/evewoman/application/views/desktop/modules/childCategory.php 21
ERROR - 2017-09-12 23:11:44 --> Severity: Warning --> Invalid argument supplied for foreach() /home/standard_digital/httpdocs/evewoman/application/views/desktop/modules/childCategory.php 21
ERROR - 2017-09-12 23:13:08 --> Severity: Warning --> Invalid argument supplied for foreach() /home/standard_digital/httpdocs/evewoman/application/views/mobile/modules/childCategory.php 12
ERROR - 2017-09-12 23:24:32 --> Severity: Warning --> Invalid argument supplied for foreach() /home/standard_digital/httpdocs/evewoman/application/views/desktop/modules/childCategory.php 21
ERROR - 2017-09-12 23:34:39 --> Severity: Warning --> Invalid argument supplied for foreach() /home/standard_digital/httpdocs/evewoman/application/views/desktop/modules/childCategory.php 21
ERROR - 2017-09-12 23:42:59 --> Severity: Warning --> Invalid argument supplied for foreach() /home/standard_digital/httpdocs/evewoman/application/views/mobile/modules/childCategory.php 12
ERROR - 2017-09-12 23:46:32 --> Severity: Warning --> Invalid argument supplied for foreach() /home/standard_digital/httpdocs/evewoman/application/views/desktop/modules/childCategory.php 21
ERROR - 2017-09-12 23:50:44 --> Severity: Warning --> Invalid argument supplied for foreach() /home/standard_digital/httpdocs/evewoman/application/views/mobile/modules/childCategory.php 12
ERROR - 2017-09-12 23:50:45 --> Severity: Warning --> Invalid argument supplied for foreach() /home/standard_digital/httpdocs/evewoman/application/views/mobile/modules/childCategory.php 12
ERROR - 2017-09-12 23:53:14 --> Severity: Warning --> Invalid argument supplied for foreach() /home/standard_digital/httpdocs/evewoman/application/views/desktop/modules/childCategory.php 21
